{'model_params': [{'N': 1, 'isfree': False, 'init': 0.0813, 'units': 'redshift', 'prior': b'\x80\x02cprospect.models.priors\nTopHat\nq\x00)\x81q\x01}q\x02(X\x05\x00\x00\x00aliasq\x03}q\x04(X\x04\x00\x00\x00miniq\x05h\x05X\x04\x00\x00\x00maxiq\x06h\x06uX\x06\x00\x00\x00paramsq\x07}q\x08(h\x05G\x00\x00\x00\x00\x00\x00\x00\x00h\x06G@\x10\x00\x00\x00\x00\x00\x00uX\x04\x00\x00\x00nameq\tX\x00\x00\x00\x00q\nub.', 'name': 'zred'}, {'N': 1, 'isfree': True, 'init': 10000000000.0, 'units': 'Solar masses formed', 'prior': b'\x80\x02cprospect.models.priors\nLogUniform\nq\x00)\x81q\x01}q\x02(X\x05\x00\x00\x00aliasq\x03}q\x04(X\x04\x00\x00\x00miniq\x05h\x05X\x04\x00\x00\x00maxiq\x06h\x06uX\x06\x00\x00\x00paramsq\x07}q\x08(h\x05GA\x97\xd7\x84\x00\x00\x00\x00h\x06GBm\x1a\x94\xa2\x00\x00\x00uX\x04\x00\x00\x00nameq\tX\x00\x00\x00\x00q\nub.', 'init_disp': 10000000.0, 'name': 'mass'}, {'N': 1, 'isfree': True, 'init': -0.3, 'units': '$\\log (Z/Z_\\odot)$', 'prior': b'\x80\x02cprospect.models.priors\nTopHat\nq\x00)\x81q\x01}q\x02(X\x05\x00\x00\x00aliasq\x03}q\x04(X\x04\x00\x00\x00miniq\x05h\x05X\x04\x00\x00\x00maxiq\x06h\x06uX\x06\x00\x00\x00paramsq\x07}q\x08(h\x05G\xbf\xfc\xcc\xcc\xcc\xcc\xcc\xcdh\x06G?\xc9\x99\x99\x99\x99\x99\x9auX\x04\x00\x00\x00nameq\tX\x00\x00\x00\x00q\nub.', 'name': 'logzsol'}, {'N': 1, 'isfree': True, 'init': 0.4, 'units': 'optical depth at 5500AA', 'prior': b'\x80\x02cprospect.models.priors\nTopHat\nq\x00)\x81q\x01}q\x02(X\x05\x00\x00\x00aliasq\x03}q\x04(X\x04\x00\x00\x00miniq\x05h\x05X\x04\x00\x00\x00maxiq\x06h\x06uX\x06\x00\x00\x00paramsq\x07}q\x08(h\x05G\x00\x00\x00\x00\x00\x00\x00\x00h\x06G?\xf0\x00\x00\x00\x00\x00\x00uX\x04\x00\x00\x00nameq\tX\x00\x00\x00\x00q\nub.', 'name': 'dust2'}, {'N': 1, 'isfree': False, 'init': 4, 'units': 'FSPS index', 'name': 'sfh'}, {'N': 1, 'isfree': True, 'init': 5000000000.0, 'units': 'Gyr', 'prior': b'\x80\x02cprospect.models.priors\nLogUniform\nq\x00)\x81q\x01}q\x02(X\x05\x00\x00\x00aliasq\x03}q\x04(X\x04\x00\x00\x00miniq\x05h\x05X\x04\x00\x00\x00maxiq\x06h\x06uX\x06\x00\x00\x00paramsq\x07}q\x08(h\x05G?\xb9\x99\x99\x99\x99\x99\x9ah\x06G@)-\xb2\xb7;/\x7fuX\x04\x00\x00\x00nameq\tX\x00\x00\x00\x00q\nub.', 'init_disp': 5.0, 'name': 'tage'}, {'N': 1, 'isfree': False, 'init': 1, 'name': 'imf_type'}, {'N': 1, 'isfree': False, 'init': 2, 'name': 'dust_type'}, {'N': 1, 'isfree': True, 'init': 1, 'units': 'Gyr^{-1}', 'prior': b'\x80\x02cprospect.models.priors\nLogUniform\nq\x00)\x81q\x01}q\x02(X\x05\x00\x00\x00aliasq\x03}q\x04(X\x04\x00\x00\x00miniq\x05h\x05X\x04\x00\x00\x00maxiq\x06h\x06uX\x06\x00\x00\x00paramsq\x07}q\x08(h\x05G?\xb9\x99\x99\x99\x99\x99\x9ah\x06G@$\x00\x00\x00\x00\x00\x00uX\x04\x00\x00\x00nameq\tX\x00\x00\x00\x00q\nub.', 'init_disp': 3.0, 'name': 'tau'}], 'optimizer_duration': 0.0, 'paramfile_text': '', 'prospector_version': "Can't get version number.", 'run_params': {'verbose': True, 'data': {'maggies': [0.0, 0.0, 2.56264226388801e-09, 8.024653519887875e-09, 1.39612740601076e-08, 1.918811126051904e-08, 2.2594474054891662e-08, 1.348962882591656e-08, 9.221466651242648e-09, 0.0], 'maggies_unc': [7.204257709980802e-10, 7.726511563852006e-10, 2.832336900242422e-10, 3.695489514267204e-10, 6.429404306001644e-10, 8.836451790236466e-10, 1.2486167794280225e-09, 1.453655653846262e-09, 2.8962100686089316e-09, 4.890688521614922e-08], 'mags': [21.108601889250423, 21.032616341855423, 21.478280039029215, 20.238934275080076, 19.637687369033824, 19.292419429954403, 19.114994408869876, 19.674999999999997, 20.087999999999997, 17.524], 'mags_unc': [0.05, 0.05, 0.12, 0.05, 0.05, 0.05, 0.06, 0.117, 0.341, 0.05], 'filternames': ['galex_FUV', 'galex_NUV', 'sdss_u0', 'sdss_g0', 'sdss_r0', 'sdss_i0', 'sdss_z0', 'wise_w1', 'wise_w2', 'wise_w3'], 'photmask': [True, True, True, True, True, True, True, False, False, False], 'redshift': 0.0813}, 'tdename': 'AT2019eve', 'nwalkers': 100, 'nburn': [500], 'niter': 500, 'object_redshift': 0.0813}, 'acceptance': array([0.2  , 0.2  , 0.278, 0.31 , 0.276, 0.178, 0.302, 0.326, 0.296,
       0.32 , 0.284, 0.208, 0.312, 0.326, 0.2  , 0.376, 0.24 , 0.194,
       0.292, 0.282, 0.184, 0.192, 0.324, 0.19 , 0.252, 0.318, 0.314,
       0.294, 0.314, 0.228, 0.102, 0.214, 0.242, 0.292, 0.28 , 0.174,
       0.322, 0.324, 0.288, 0.322, 0.2  , 0.276, 0.146, 0.232, 0.19 ,
       0.248, 0.19 , 0.25 , 0.34 , 0.26 , 0.256, 0.246, 0.108, 0.274,
       0.31 , 0.284, 0.312, 0.34 , 0.298, 0.298, 0.32 , 0.282, 0.28 ,
       0.284, 0.264, 0.24 , 0.37 , 0.248, 0.148, 0.354, 0.29 , 0.254,
       0.296, 0.286, 0.292, 0.234, 0.278, 0.286, 0.17 , 0.188, 0.244,
       0.346, 0.236, 0.232, 0.312, 0.132, 0.146, 0.238, 0.214, 0.352,
       0.242, 0.298, 0.256, 0.292, 0.208, 0.232, 0.28 , 0.286, 0.268,
       0.218]), 'chain': array([[[ 1.78830235e+09, -1.04005336e+00,  2.78523011e-01,
          2.35620431e+00,  1.10767117e-01],
        [ 1.78830235e+09, -1.04005336e+00,  2.78523011e-01,
          2.35620431e+00,  1.10767117e-01],
        [ 1.78830235e+09, -1.04005336e+00,  2.78523011e-01,
          2.35620431e+00,  1.10767117e-01],
        ...,
        [ 1.41708684e+09, -7.20189835e-01,  3.82409018e-01,
          1.96914768e+00,  2.71986522e-01],
        [ 1.41708684e+09, -7.20189835e-01,  3.82409018e-01,
          1.96914768e+00,  2.71986522e-01],
        [ 1.41708684e+09, -7.20189835e-01,  3.82409018e-01,
          1.96914768e+00,  2.71986522e-01]],

       [[ 4.05816979e+09, -1.16144825e+00,  6.16275546e-02,
          1.01357692e+01,  1.14509454e+00],
        [ 4.05816979e+09, -1.16144825e+00,  6.16275546e-02,
          1.01357692e+01,  1.14509454e+00],
        [ 4.05816979e+09, -1.16144825e+00,  6.16275546e-02,
          1.01357692e+01,  1.14509454e+00],
        ...,
        [ 1.71476998e+09,  1.08681056e-01,  4.18141339e-01,
          1.33427255e+00,  1.53804983e-01],
        [ 1.71476998e+09,  1.08681056e-01,  4.18141339e-01,
          1.33427255e+00,  1.53804983e-01],
        [ 1.71476998e+09,  1.08681056e-01,  4.18141339e-01,
          1.33427255e+00,  1.53804983e-01]],

       [[ 3.68338126e+09, -1.69805624e+00,  4.04040229e-01,
          5.05193700e+00,  1.00902420e-01],
        [ 3.52810114e+09, -1.66162639e+00,  4.32748091e-01,
          4.71285689e+00,  1.14239267e-01],
        [ 3.52810114e+09, -1.66162639e+00,  4.32748091e-01,
          4.71285689e+00,  1.14239267e-01],
        ...,
        [ 2.90919961e+09, -9.87178582e-01,  6.24671981e-01,
          6.15544868e+00,  1.49440219e+00],
        [ 2.90731632e+09, -9.87514549e-01,  6.24669014e-01,
          6.14939948e+00,  1.49269746e+00],
        [ 2.90731632e+09, -9.87514549e-01,  6.24669014e-01,
          6.14939948e+00,  1.49269746e+00]],

       ...,

       [[ 3.59788579e+09, -1.25539859e+00,  9.93143153e-01,
          7.62527495e+00,  2.86810645e+00],
        [ 3.59788579e+09, -1.25539859e+00,  9.93143153e-01,
          7.62527495e+00,  2.86810645e+00],
        [ 3.59788579e+09, -1.25539859e+00,  9.93143153e-01,
          7.62527495e+00,  2.86810645e+00],
        ...,
        [ 2.69734198e+09, -1.21274391e+00,  7.13002067e-01,
          4.12748817e+00,  8.44667373e-01],
        [ 2.85237023e+09, -1.25001596e+00,  6.73616139e-01,
          4.83010161e+00,  9.49376200e-01],
        [ 2.87125454e+09, -1.27305340e+00,  6.95721041e-01,
          4.84395632e+00,  9.67263085e-01]],

       [[ 2.13417055e+09, -1.21470465e+00,  6.72286065e-01,
          2.94883575e+00,  4.96459502e-01],
        [ 2.13417055e+09, -1.21470465e+00,  6.72286065e-01,
          2.94883575e+00,  4.96459502e-01],
        [ 2.13414983e+09, -1.21468078e+00,  6.72301986e-01,
          2.94885631e+00,  4.96488913e-01],
        ...,
        [ 2.95411538e+09, -1.48362509e+00,  6.51092799e-01,
          4.98025392e+00,  8.88388918e-01],
        [ 2.83329995e+09, -1.43192137e+00,  8.16618098e-01,
          4.91467229e+00,  1.20881741e+00],
        [ 2.92900439e+09, -1.41434808e+00,  7.87152612e-01,
          5.45192817e+00,  1.37912619e+00]],

       [[ 2.44590189e+09, -1.22894396e+00,  6.95215002e-01,
          2.12893362e+00,  1.16780283e-01],
        [ 2.44590189e+09, -1.22894396e+00,  6.95215002e-01,
          2.12893362e+00,  1.16780283e-01],
        [ 2.46409743e+09, -1.25576216e+00,  7.06302525e-01,
          2.20593535e+00,  1.47799196e-01],
        ...,
        [ 4.47760162e+09, -1.47319067e+00,  8.30055772e-01,
          1.22491926e+01,  4.13082979e+00],
        [ 4.47760162e+09, -1.47319067e+00,  8.30055772e-01,
          1.22491926e+01,  4.13082979e+00],
        [ 4.47760162e+09, -1.47319067e+00,  8.30055772e-01,
          1.22491926e+01,  4.13082979e+00]]]), 'initial_theta': array([ 1.e+10, -3.e-01,  4.e-01,  5.e+09,  1.e+00]), 'lnprobability': array([[110.77846076, 110.77846076, 110.77846076, ..., 111.67953545,
        111.67953545, 111.67953545],
       [109.18132379, 109.18132379, 109.18132379, ..., 112.0737557 ,
        112.0737557 , 112.0737557 ],
       [111.63319274, 111.50022828, 111.50022828, ..., 109.11987762,
        109.12124483, 109.12124483],
       ...,
       [107.64377583, 107.64377583, 107.64377583, ..., 108.71958088,
        110.65060312, 110.61259457],
       [111.35848582, 111.35848582, 111.35837663, ..., 110.59344608,
        109.74411151, 109.2443195 ],
       [109.70740522, 109.70740522, 109.57107314, ..., 107.21734535,
        107.21734535, 107.21734535]]), 'sampling_initial_center': array([], dtype=float64), 'rstate': ('MT19937', array([2263355690, 2886457260, 3670245136, 2390748867, 3193737165,
       1467845433, 2071088611, 1877952101, 3145707972, 2736019207,
       3484203920, 2650476218, 2235127665, 1519213460,  887897646,
        297063795, 2532646476, 2290366104,  119350192, 1095301062,
       3355528947, 3378484053, 1251900590,  112249994, 1511152227,
        623870071, 2413747153, 3063451528, 2348982291, 2017109720,
        698554809,  389641774, 3662226648, 3771088798, 3174755787,
       3545877010, 3057112983,  612578905,  470650088, 2393366763,
       1380174781, 2940072721, 2528998036, 3777883378, 2479323148,
       2280216765,  866562545, 1253933526, 2049519603, 2281099012,
       1152805083, 2585371363, 1616237115,  789789190, 1863791962,
        657333628,  544535984, 1552753817,   93197198, 1215682095,
       3322036768, 3413974809, 3552430984, 1169684408, 2847669371,
       3696702968, 1984502380,  760362733, 3026867432, 1176221107,
       3106982873, 1447626159, 3193553773, 2978904048, 1552528373,
        293297665, 3840520448,  554519199, 4148825067, 2588464875,
       1713314999, 3066838316, 1347499202,   78376363, 3046853238,
       1433379245, 3088666556, 2013874334, 2316553858, 1980280202,
       1673161429,  976342006, 1480129071,  320795033, 1081760470,
       2041401152, 3483183215, 1675873306,  787246133, 4008984223,
       4077161618,  696241099, 2000939286,  510198363, 2422093966,
       1168989235, 3045759053,  348045894, 2527409980,  552001003,
        401528657, 1414081523, 3698129061,  227491810, 2573135768,
       3160521244, 3605636410, 1899256201, 1221991100, 1148777451,
        179659537,  505451649, 1743218328, 2148660235,  489822690,
       1648551616, 2115630455, 2196895916,  389987015,  679255547,
       2384322520, 2394527834, 2821569158, 1156211782, 3447740224,
       3071548496, 1164144941, 1514027883, 2126403133,  471557584,
       2474770609,  425708821, 2255793337, 4120361225, 3184320957,
        138508879, 3954162699, 2955562644, 4080142937, 1783743975,
        938024224, 4141294616, 3951479823, 3510897860, 2134295408,
       4118373609, 1656133402, 2235876787, 3574727640, 3344930003,
       4245584701, 2368607468, 3953037489,   91258313, 3287155970,
       1642790593, 2947065388, 2165183936, 1685229132, 2372522335,
       3031075099, 1913942989,  652727647,  332512203,  651455009,
        281810276, 3819307843, 1116503922, 1815892230,   81164176,
       3328725104, 3020666895, 3564253092, 2885403862, 3363774242,
       2187502067,  325778167,  141024651, 4272801202, 2297472410,
       1203408577, 2965082738, 4198467789, 2826223586, 1814856439,
       2269203231,  379180876,  654388121, 3736345627, 1341430611,
       3726082122, 1749522460, 2181947575, 2884398075, 1309898129,
        735329361,  986358018, 2269811487,  340066305, 3437696129,
        305804562, 2093861028, 3896988659, 3002833641, 2588059073,
       4040008361, 1492216100, 3946592394,  276609418, 2912168358,
       3244122687, 1376677954, 2392477583, 2651629719, 3036240926,
       2853507730, 3093338293, 2360296288,  593570188,   47405760,
       3559247504, 4268626789, 3651432592,  929169340,  369173432,
       2435053774, 1313202497, 1325123011, 3823737890, 2511172645,
       2853647315, 2862710398, 1725180674,  800005116, 1831395551,
       3960318500, 1218752059,  996970550, 1288108135, 2897021723,
       2362741318, 2580101945,  958598148, 2697323749, 1686254958,
        541617599, 1867523399, 2090051256, 1172589265, 2685986280,
       3785391948,  354912248,  142072495, 3587566147, 1751444094,
       3834830850, 3758606519, 1168860442,  471425292, 1823438533,
       2254452369, 4109249315, 1202984521,  326447198, 3704891656,
        940663969,  318282819, 1030330823, 3429472989, 2835436950,
       1782467982, 1782247795, 1159274726, 2372210690,  841838073,
       2415079692, 1219542247,  661219237, 1149462227,  192492004,
       2166626491, 3292931299, 1602506185, 1352252164, 3667009017,
       2279050742, 3881769641, 2955530771, 1099879354, 3842847888,
       3695194133, 2102240132, 2440401990,  704470439,  422124529,
       4107527342, 2824661527, 2436503191, 3197500422, 3718206178,
       4181204604, 3053338817,  917119779,   98433285, 1553919220,
       3678779500, 2232681830, 2793893947, 3906537605,  194843389,
       2132188965, 2555213231, 2623706397, 1240048078,  617517917,
        566206842, 1028815494, 3483580043, 1782689342, 3060024040,
       2416394989, 4258857239, 1183958662, 2992637123,  148363033,
       4042398742, 2776274076,  930207788, 1717880870, 2374779466,
       2908387753, 2332983454,   20624627, 2397264427, 2342459316,
       3908232796,  137762103, 1835054610, 1145590247,  262910882,
       3512762535,  945848843, 3196527630, 2251312445, 3253093668,
       3191375396, 2000634716, 2237974433, 1759331720, 4021407655,
       3361883788, 1652993911, 1616419436, 2677540723, 1369402410,
       2099700202, 3339583653, 1752250130, 2737821716, 1707476961,
       3585717608, 2438925668, 2891276342, 2012380843, 3600557102,
       3676848428, 2285538697, 1840081368,  981464319, 3458248052,
       3122104177, 3853437761, 1677878719, 1511566547,  260982633,
        784752189, 4276309319, 2348723996, 3622586666, 4024775182,
       2844165089, 3415011834, 1323053286, 3673067010, 2877173850,
        373958805,  215754969, 3219037552,  790687779, 3015936280,
       4259514258,  290284037, 1053822072, 3767635803, 1108162117,
       4161851788, 1082356669, 3361039749, 3045670026, 2917192456,
       1221315821, 2585339633, 2326934655, 3956753003,   34071661,
       3909589379,  352260204, 4185985727, 2625132240, 2469757549,
       3375106791, 1705462672,  740710554,  486462728,  472672512,
       4062944110, 3597663442, 3800964411, 2290842447,  433994184,
       1533333666, 1329915277, 1414997637,  894858130, 1930571818,
       2902279868, 3387504492,  425705998, 1918479018, 2291116696,
        394359313, 2251954556, 3784049674, 2512348386,  373085559,
       1781980254, 2487212589, 1953076975, 4138833527, 2073376534,
       1781212703, 1893698534, 3927933732, 2329986336, 1277499521,
       2433578039, 3726892910, 1759054310, 1324236554, 1261716712,
       1360141487,  666047793, 1820578496,  590646666, 1231975118,
       2014555897,  606884772, 1051477309,  503894173,  526422550,
       2856574714,  741999243, 2859557428,  616220044, 2272539401,
       3138317067, 2490444934, 1649409107,  401522530,  494521807,
       3570988472,  866368204, 1780625871,   37301243, 1606533762,
       3754205665, 1470800793, 2667694280, 1797576413, 1103865675,
       3662455028,  671121760, 1719300305, 3537160519, 2178492490,
       1721567911, 4099038101,  372133430, 3353951123,  989109542,
       1547811840, 2915677065,  466231091, 2646925901, 1295988382,
       4058149242, 1333485846, 2605678878, 2625982347,   24099305,
        974351743, 1331697165, 4043792240, 1936077304, 3668602102,
       1340447581, 3950844934,  894269464,  550881417, 1347311431,
        764575791, 2055978812, 2896336220, 1457931570, 3177992926,
        231979513, 4150711275, 1800678440, 1811848093, 1385435534,
       1622374397, 2733871171,  966805247, 2056544813, 3501681094,
       1956206581, 3391439825,  489546705,  566046910,  608498284,
        717956657,  105017164, 2060406735, 3142576391,  881873586,
       3895307510, 2001431279,  992845797, 2091138116, 1190729841,
        766701739, 4114881205, 3140501620,  950447111, 3110744731,
       3147612268, 4249645973,  163869789, 3633670638, 3968582343,
       3975749757,  277231158, 1359578622, 1182442582, 2762475640,
       2216400079, 1233128525, 3926006197, 1589903084,  643077841,
       2256366414, 3603918098, 3943711015,  885747793, 2653172252,
       4059026504, 2272486024, 1334390883, 1386059080, 1201485415,
       3244566379, 1259887932,  275291265, 2194085347, 1379462092,
        441948834, 1678051632,  873128856, 2086655892,  487405664,
       1795781402, 2617838520, 4122298128, 2414771844, 4218546730,
       3183743764, 2484444186, 3246086291, 2868977976, 1499219176,
       3673586041, 3468191246,  895448994,   29889798, 1707601148,
       3923262395, 1794582570,  923116694,   97003949, 2876635876,
       2273793449, 2854059603, 1290947254, 2092010945, 2899701362,
        924834666, 2925134319, 3195577538, 2424209302, 4276633043,
        718373752, 1993724435, 1443738183,  262676556], dtype=uint32), 255, 0, 0.0), 'sampling_duration': 1083.9177181720734, 'theta_labels': ['mass', 'logzsol', 'dust2', 'tage', 'tau'], 'bestfit': {'parameter': array([ 1.42869198e+09, -1.31681377e+00,  6.46960314e-01,  1.30642054e+00,
        1.26489572e-01]), 'photometry': array([2.65511176e-10, 6.87735306e-10, 2.23576289e-09, 8.39841559e-09,
       1.41574758e-08, 1.80978537e-08, 2.23106083e-08, 1.59903289e-08,
       9.14310423e-09, 4.80427750e-08]), 'restframe_wavelengths': array([9.100e+01, 9.400e+01, 9.600e+01, ..., 9.817e+07, 9.908e+07,
       1.000e+08]), 'spectrum': array([ 1.04703401e-12, -1.17016359e-15, -1.97175957e-17, ...,
        3.68320201e-11,  3.58603884e-11,  3.38848592e-11]), 'mfrac': 0.6420286646828102}, 'optimization': {}, 'obs': {'maggies': array([0.00000000e+00, 0.00000000e+00, 2.56264226e-09, 8.02465352e-09,
       1.39612741e-08, 1.91881113e-08, 2.25944741e-08, 1.34896288e-08,
       9.22146665e-09, 0.00000000e+00]), 'maggies_unc': array([7.20425771e-10, 7.72651156e-10, 2.83233690e-10, 3.69548951e-10,
       6.42940431e-10, 8.83645179e-10, 1.24861678e-09, 1.45365565e-09,
       2.89621007e-09, 4.89068852e-08]), 'phot_mask': array([ True,  True,  True,  True,  True,  True,  True, False, False,
       False]), 'filternames': ['galex_FUV', 'galex_NUV', 'sdss_u0', 'sdss_g0', 'sdss_r0', 'sdss_i0', 'sdss_z0', 'wise_w1', 'wise_w2', 'wise_w3'], 'filters': [<class 'sedpy.observate.Filter'>(galex_FUV), <class 'sedpy.observate.Filter'>(galex_NUV), <class 'sedpy.observate.Filter'>(sdss_u0), <class 'sedpy.observate.Filter'>(sdss_g0), <class 'sedpy.observate.Filter'>(sdss_r0), <class 'sedpy.observate.Filter'>(sdss_i0), <class 'sedpy.observate.Filter'>(sdss_z0), <class 'sedpy.observate.Filter'>(wise_w1), <class 'sedpy.observate.Filter'>(wise_w2), <class 'sedpy.observate.Filter'>(wise_w3)], 'logify_spectrum': False, 'ndof': 7, 'objid': 'AT2019eve', 'spectrum': None, 'unc': None, 'wavelength': None}, 'model': None} {'maggies': array([0.00000000e+00, 0.00000000e+00, 2.56264226e-09, 8.02465352e-09,
       1.39612741e-08, 1.91881113e-08, 2.25944741e-08, 1.34896288e-08,
       9.22146665e-09, 0.00000000e+00]), 'maggies_unc': array([7.20425771e-10, 7.72651156e-10, 2.83233690e-10, 3.69548951e-10,
       6.42940431e-10, 8.83645179e-10, 1.24861678e-09, 1.45365565e-09,
       2.89621007e-09, 4.89068852e-08]), 'phot_mask': array([ True,  True,  True,  True,  True,  True,  True, False, False,
       False]), 'filternames': ['galex_FUV', 'galex_NUV', 'sdss_u0', 'sdss_g0', 'sdss_r0', 'sdss_i0', 'sdss_z0', 'wise_w1', 'wise_w2', 'wise_w3'], 'filters': [<class 'sedpy.observate.Filter'>(galex_FUV), <class 'sedpy.observate.Filter'>(galex_NUV), <class 'sedpy.observate.Filter'>(sdss_u0), <class 'sedpy.observate.Filter'>(sdss_g0), <class 'sedpy.observate.Filter'>(sdss_r0), <class 'sedpy.observate.Filter'>(sdss_i0), <class 'sedpy.observate.Filter'>(sdss_z0), <class 'sedpy.observate.Filter'>(wise_w1), <class 'sedpy.observate.Filter'>(wise_w2), <class 'sedpy.observate.Filter'>(wise_w3)], 'logify_spectrum': False, 'ndof': 7, 'objid': 'AT2019eve', 'spectrum': None, 'unc': None, 'wavelength': None} None

Detailed performance metrics for this job will be available at https://metrics.hpc.arizona.edu/#job_viewer?action=show&realm=SUPREMM&resource_id=73&local_job_id=8533481 by 8am on 2023/11/08.
