{'model_params': [{'N': 1, 'isfree': False, 'init': 0.212, 'units': 'redshift', 'prior': b'\x80\x02cprospect.models.priors\nTopHat\nq\x00)\x81q\x01}q\x02(X\x05\x00\x00\x00aliasq\x03}q\x04(X\x04\x00\x00\x00miniq\x05h\x05X\x04\x00\x00\x00maxiq\x06h\x06uX\x06\x00\x00\x00paramsq\x07}q\x08(h\x05G\x00\x00\x00\x00\x00\x00\x00\x00h\x06G@\x10\x00\x00\x00\x00\x00\x00uX\x04\x00\x00\x00nameq\tX\x00\x00\x00\x00q\nub.', 'name': 'zred'}, {'N': 1, 'isfree': True, 'init': 10000000000.0, 'units': 'Solar masses formed', 'prior': b'\x80\x02cprospect.models.priors\nLogUniform\nq\x00)\x81q\x01}q\x02(X\x05\x00\x00\x00aliasq\x03}q\x04(X\x04\x00\x00\x00miniq\x05h\x05X\x04\x00\x00\x00maxiq\x06h\x06uX\x06\x00\x00\x00paramsq\x07}q\x08(h\x05GA\x97\xd7\x84\x00\x00\x00\x00h\x06GBm\x1a\x94\xa2\x00\x00\x00uX\x04\x00\x00\x00nameq\tX\x00\x00\x00\x00q\nub.', 'init_disp': 10000000.0, 'name': 'mass'}, {'N': 1, 'isfree': True, 'init': -0.3, 'units': '$\\log (Z/Z_\\odot)$', 'prior': b'\x80\x02cprospect.models.priors\nTopHat\nq\x00)\x81q\x01}q\x02(X\x05\x00\x00\x00aliasq\x03}q\x04(X\x04\x00\x00\x00miniq\x05h\x05X\x04\x00\x00\x00maxiq\x06h\x06uX\x06\x00\x00\x00paramsq\x07}q\x08(h\x05G\xbf\xfc\xcc\xcc\xcc\xcc\xcc\xcdh\x06G?\xc9\x99\x99\x99\x99\x99\x9auX\x04\x00\x00\x00nameq\tX\x00\x00\x00\x00q\nub.', 'name': 'logzsol'}, {'N': 1, 'isfree': True, 'init': 0.4, 'units': 'optical depth at 5500AA', 'prior': b'\x80\x02cprospect.models.priors\nTopHat\nq\x00)\x81q\x01}q\x02(X\x05\x00\x00\x00aliasq\x03}q\x04(X\x04\x00\x00\x00miniq\x05h\x05X\x04\x00\x00\x00maxiq\x06h\x06uX\x06\x00\x00\x00paramsq\x07}q\x08(h\x05G\x00\x00\x00\x00\x00\x00\x00\x00h\x06G?\xf0\x00\x00\x00\x00\x00\x00uX\x04\x00\x00\x00nameq\tX\x00\x00\x00\x00q\nub.', 'name': 'dust2'}, {'N': 1, 'isfree': False, 'init': 4, 'units': 'FSPS index', 'name': 'sfh'}, {'N': 1, 'isfree': True, 'init': 5000000000.0, 'units': 'Gyr', 'prior': b'\x80\x02cprospect.models.priors\nLogUniform\nq\x00)\x81q\x01}q\x02(X\x05\x00\x00\x00aliasq\x03}q\x04(X\x04\x00\x00\x00miniq\x05h\x05X\x04\x00\x00\x00maxiq\x06h\x06uX\x06\x00\x00\x00paramsq\x07}q\x08(h\x05G?\xb9\x99\x99\x99\x99\x99\x9ah\x06G@)-\xb2\xb7;/\x7fuX\x04\x00\x00\x00nameq\tX\x00\x00\x00\x00q\nub.', 'init_disp': 5.0, 'name': 'tage'}, {'N': 1, 'isfree': False, 'init': 1, 'name': 'imf_type'}, {'N': 1, 'isfree': False, 'init': 2, 'name': 'dust_type'}, {'N': 1, 'isfree': True, 'init': 1, 'units': 'Gyr^{-1}', 'prior': b'\x80\x02cprospect.models.priors\nLogUniform\nq\x00)\x81q\x01}q\x02(X\x05\x00\x00\x00aliasq\x03}q\x04(X\x04\x00\x00\x00miniq\x05h\x05X\x04\x00\x00\x00maxiq\x06h\x06uX\x06\x00\x00\x00paramsq\x07}q\x08(h\x05G?\xb9\x99\x99\x99\x99\x99\x9ah\x06G@$\x00\x00\x00\x00\x00\x00uX\x04\x00\x00\x00nameq\tX\x00\x00\x00\x00q\nub.', 'init_disp': 3.0, 'name': 'tau'}], 'optimizer_duration': 0.0, 'paramfile_text': '', 'prospector_version': "Can't get version number.", 'run_params': {'verbose': True, 'data': {'maggies': [0.0, 0.0, 1.1464144330146263e-09, 8.170810761566183e-09, 2.6461255682499325e-08, 4.0864227392552434e-08, 5.26088531817272e-08, 5.8808509735961e-08, 3.795176493780581e-08, 1.5105383171123474e-10], 'maggies_unc': [5.801595660503299e-10, 4.532228097109461e-10, 3.484426154685564e-10, 3.762797411451524e-10, 1.2185858575285386e-09, 1.8818672166162037e-09, 2.4227272219151485e-09, 2.70823195718438e-09, 1.7477433639721152e-09, 1.3912572045516816e-09], 'mags': [21.343706345233667, 21.611795592082277, 22.35164588734684, 20.219337119438713, 18.94347387703029, 18.471641769351212, 18.19735291316896, 18.076399564743042, 18.55192005634308, 24.552170634269714], 'mags_unc': [0.05, 0.05, 0.33, 0.05, 0.05, 0.05, 0.05, 0.05, 0.05, 10.0], 'filternames': ['galex_FUV', 'galex_NUV', 'sdss_u0', 'sdss_g0', 'sdss_r0', 'sdss_i0', 'sdss_z0', 'wise_w1', 'wise_w2', 'wise_w3'], 'photmask': [True, True, True, True, True, True, True, False, False, False], 'redshift': 0.212}, 'tdename': 'AT2018iih', 'nwalkers': 100, 'nburn': [500], 'niter': 500, 'object_redshift': 0.212}, 'acceptance': array([0.288, 0.354, 0.38 , 0.372, 0.356, 0.386, 0.394, 0.372, 0.222,
       0.322, 0.278, 0.338, 0.374, 0.314, 0.27 , 0.286, 0.322, 0.306,
       0.242, 0.178, 0.292, 0.35 , 0.374, 0.428, 0.41 , 0.286, 0.298,
       0.396, 0.32 , 0.26 , 0.342, 0.362, 0.374, 0.356, 0.412, 0.344,
       0.41 , 0.228, 0.38 , 0.22 , 0.258, 0.354, 0.334, 0.348, 0.18 ,
       0.378, 0.326, 0.36 , 0.33 , 0.388, 0.294, 0.358, 0.34 , 0.354,
       0.342, 0.04 , 0.332, 0.38 , 0.406, 0.314, 0.372, 0.292, 0.328,
       0.248, 0.26 , 0.24 , 0.262, 0.394, 0.35 , 0.32 , 0.256, 0.39 ,
       0.376, 0.292, 0.376, 0.294, 0.238, 0.324, 0.356, 0.242, 0.296,
       0.264, 0.264, 0.314, 0.25 , 0.382, 0.374, 0.376, 0.322, 0.256,
       0.296, 0.276, 0.382, 0.39 , 0.302, 0.288, 0.398, 0.228, 0.366,
       0.382]), 'chain': array([[[ 1.11039626e+11, -7.67421620e-01,  6.28326722e-01,
          1.02459965e+01,  1.41645639e+00],
        [ 1.14670851e+11, -8.18123923e-01,  6.18677852e-01,
          1.03465343e+01,  1.31170253e+00],
        [ 1.14670851e+11, -8.18123923e-01,  6.18677852e-01,
          1.03465343e+01,  1.31170253e+00],
        ...,
        [ 7.70078023e+10,  1.24951182e-02,  6.80654051e-01,
          2.84032745e+00,  2.49928295e-01],
        [ 7.70078023e+10,  1.24951182e-02,  6.80654051e-01,
          2.84032745e+00,  2.49928295e-01],
        [ 7.70078023e+10,  1.24951182e-02,  6.80654051e-01,
          2.84032745e+00,  2.49928295e-01]],

       [[ 1.10004190e+11, -1.05433663e+00,  5.88040285e-01,
          8.14115794e+00,  5.51794248e-01],
        [ 1.10004190e+11, -1.05433663e+00,  5.88040285e-01,
          8.14115794e+00,  5.51794248e-01],
        [ 1.06479450e+11, -9.76087340e-01,  5.81965276e-01,
          7.72350844e+00,  5.25035963e-01],
        ...,
        [ 1.46056665e+11, -6.59593870e-01,  3.95148328e-01,
          1.17015036e+01,  5.27356383e-01],
        [ 1.46056665e+11, -6.59593870e-01,  3.95148328e-01,
          1.17015036e+01,  5.27356383e-01],
        [ 1.51171947e+11, -7.02308796e-01,  4.14187234e-01,
          1.22427069e+01,  5.62262833e-01]],

       [[ 9.29574677e+10, -7.01769221e-01,  5.84293920e-01,
          5.71257402e+00,  3.35939084e-01],
        [ 9.29574677e+10, -7.01769221e-01,  5.84293920e-01,
          5.71257402e+00,  3.35939084e-01],
        [ 9.47937677e+10, -7.16664999e-01,  5.61824608e-01,
          6.33886196e+00,  4.36323382e-01],
        ...,
        [ 1.04249521e+11, -9.83062354e-01,  6.68305796e-01,
          7.20326965e+00,  4.09988920e-01],
        [ 1.04249521e+11, -9.83062354e-01,  6.68305796e-01,
          7.20326965e+00,  4.09988920e-01],
        [ 1.04249521e+11, -9.83062354e-01,  6.68305796e-01,
          7.20326965e+00,  4.09988920e-01]],

       ...,

       [[ 1.14021753e+11, -1.07119178e+00,  4.76196612e-01,
          1.01888425e+01,  7.97478217e-01],
        [ 1.14021753e+11, -1.07119178e+00,  4.76196612e-01,
          1.01888425e+01,  7.97478217e-01],
        [ 1.12672155e+11, -1.03554346e+00,  4.82369289e-01,
          1.00048488e+01,  8.02744178e-01],
        ...,
        [ 7.45445313e+10,  1.58521352e-01,  1.53187174e-01,
          3.74762565e+00,  2.19159294e-01],
        [ 7.37514528e+10,  1.02658854e-01,  2.02526047e-01,
          3.69620153e+00,  2.16979011e-01],
        [ 7.15245054e+10,  8.63552501e-02,  1.88345944e-01,
          3.64814507e+00,  1.94170576e-01]],

       [[ 1.15356788e+11, -9.02629150e-01,  6.59969042e-01,
          6.85631770e+00,  2.40696169e-01],
        [ 1.15356788e+11, -9.02629150e-01,  6.59969042e-01,
          6.85631770e+00,  2.40696169e-01],
        [ 1.15356788e+11, -9.02629150e-01,  6.59969042e-01,
          6.85631770e+00,  2.40696169e-01],
        ...,
        [ 6.46004822e+10, -2.52424816e-01,  5.51787394e-01,
          3.63836749e+00,  3.90514638e-01],
        [ 6.46004822e+10, -2.52424816e-01,  5.51787394e-01,
          3.63836749e+00,  3.90514638e-01],
        [ 6.46004822e+10, -2.52424816e-01,  5.51787394e-01,
          3.63836749e+00,  3.90514638e-01]],

       [[ 1.06848223e+11, -4.04637678e-01,  2.14505860e-01,
          1.04143202e+01,  1.16568084e+00],
        [ 1.01469063e+11, -4.08762589e-01,  2.72861521e-01,
          9.19233664e+00,  9.69879205e-01],
        [ 1.01469063e+11, -4.08762589e-01,  2.72861521e-01,
          9.19233664e+00,  9.69879205e-01],
        ...,
        [ 1.53148315e+11, -9.50033949e-01,  5.26240256e-01,
          1.06680458e+01,  1.32440458e-01],
        [ 1.53148315e+11, -9.50033949e-01,  5.26240256e-01,
          1.06680458e+01,  1.32440458e-01],
        [ 1.53148315e+11, -9.50033949e-01,  5.26240256e-01,
          1.06680458e+01,  1.32440458e-01]]]), 'initial_theta': array([ 1.e+10, -3.e-01,  4.e-01,  5.e+09,  1.e+00]), 'lnprobability': array([[100.44705094, 101.22687603, 101.22687603, ..., 106.10668868,
        106.10668868, 106.10668868],
       [103.50263539, 103.50263539, 104.46515945, ..., 103.45719601,
        103.45719601, 103.52709638],
       [106.21944425, 106.21944425, 106.05338148, ..., 103.81263497,
        103.81263497, 103.81263497],
       ...,
       [102.60334475, 102.60334475, 103.38902043, ..., 108.22442384,
        108.15291194, 108.27555267],
       [105.58247457, 105.58247457, 105.58247457, ..., 105.74975381,
        105.74975381, 105.74975381],
       [103.5027373 , 104.5692788 , 104.5692788 , ..., 106.54139961,
        106.54139961, 106.54139961]]), 'sampling_initial_center': array([], dtype=float64), 'rstate': ('MT19937', array([3252872521, 2457403592, 1011328985, 1972762170, 3576662451,
        312616729, 3927148572,  187290816,  768037129, 2205001404,
       1966561066, 2280261601, 2953371543, 2929906410, 4148188463,
       3438179148, 3748142975, 1371539256, 1654371532,  752671325,
       3092361331, 3156624114, 3580437246, 1895146512, 4243801332,
       1063277057, 2103368012,  804093654, 1084112199, 1321282474,
       3529891588, 3277416036, 1784035469,   21523914,  381331861,
       2349918451, 2863660911,  320560125, 2909906909,  301991842,
       3193632788, 3369363500, 1713964777, 1917984607, 1762175302,
        639047557, 1114165411, 1934490759,  940076995, 1810712012,
       1099245875, 1456859329, 1224588577, 2087097962, 2445962222,
       2472548411, 2035425337, 2896014318, 2618901791, 4025367815,
        406351318, 1855658680, 3462230415,  482231503, 1444602290,
        795208069,  547861008, 2985830123, 1349915315,  158933072,
       3405592321, 2200463415, 1506447260, 4271469563, 1964141143,
        855217140, 2168307183, 2440041407, 3218917007, 3073506844,
         22794157,  481409742, 1328828498,  709653362,  233160056,
        898109748, 3618389048, 3221585159, 4147690354, 2833051343,
       2529982812, 3279420433, 4035637362, 4070159271,  264312961,
       2311846637,   19438497, 3406338850, 3028911720, 3275526724,
       1206958000, 3570040292,  615416087, 3626243312, 1673346069,
       2497590198, 1496989769, 3067720950, 3488196163, 3125709095,
       3761615819, 3631453482,  648849148, 1838142521, 1637755599,
       3893071089,  536266621, 3461603858, 1871515639, 3150725019,
       2696468222, 2441058946, 2513615579, 3817687123, 2252218640,
        895299286, 1923568736,  633679529, 2391395757,  439886898,
        959989660, 1497296058, 1314106260, 1676983834, 2729061600,
       2434537440, 1857967405, 1259548285, 4170111037, 1890148481,
       4168457326, 1681674633, 3345692202,  360241023, 3136827136,
       1028077560, 2254925432, 2333399106, 3865132346, 2061562887,
       3202815252,   67882095,  619333067,   83535338, 1564187519,
       2846436884, 1737115823, 1818590661, 2360616670,  201478166,
        911906428, 1855123428, 2495653491,  663673727, 3935139876,
       1654908914, 1356040024, 3502855090,  905180731, 3207448840,
       3804616044, 1664965543, 4142799166,  485751499, 2271895830,
       1733420171, 1028908421, 3397210561,  215748731,  546182484,
       2044708822, 3089242689, 2064816001, 1947501105, 4271596321,
       3543120898, 4037688218, 2056496731, 1094603517, 1527745560,
       4185470240,  224214856, 2474458972, 2619872887,  433006756,
       3687393154, 2132382444, 3862961295, 3405604430,  520383626,
       3719162596,  568518597, 1029899040, 1652259933, 4074577029,
       3928316139,  194600303, 3251126560, 2372248634, 4050063140,
        745678783, 1961281059, 3692415195,  231108196,  846122768,
        161167222, 1417341828, 1144276165, 2338314458, 3966082263,
        304244327, 1068030014, 2323169037, 3950287493,  911217996,
        830491546, 3623915226, 3129532468, 3523737011,  761103134,
       4183963495, 2319152392,   25382222, 2223995622, 3152482379,
       1530912740,  185193507,  317619494,  981423279, 3060038478,
       2320895125, 2555797660, 1482151287, 4248011579,  489138078,
       2108127255,  542324015, 2675042894, 1295358078,  863652921,
       3550420866, 1396084947, 4273320743, 3976370469, 1929629443,
       1410429561,  275865989,  599071757, 1206980983, 1686271257,
       3916776532, 3049343807, 3879441411,  112791434, 4188326202,
       4079889801, 2190847951, 1716277242, 1782555270, 2696513738,
       3073660338, 1899304696, 2403795435, 1631097196,  768628367,
        508583014, 1924015163, 2600577000, 1285243317,  234405191,
       2033371541,  600932135,  922502343, 3046507143,  678424761,
       3044844917, 3784119463, 4003131299,  240351458, 1078525279,
        428190920, 3551549231, 3158636174, 3012808126,  506930895,
       1899796881, 1785161227,  831110291, 2654091429, 3650602433,
       2980672567,  237917813, 3508232842, 2460478478, 3979691848,
        931630722, 1632995042, 3690857327, 1365107757, 2083335858,
       2598962577, 3482250157, 1094471288, 3559509509, 3942629094,
       1371886808, 1700365417,  285540521, 4086679644,   29321219,
       1894307934, 1515073300, 1075689107, 1624668685, 3970328736,
       1652457813, 1276894131, 2836939966,  999885286,  219762160,
       3771295788,  261284865,  458408263, 3145004067,  192090094,
       1120848404, 2957293530, 1182275601, 2797156285, 2794103669,
        336207613,  268404485,  762357262,  364605006, 1099768000,
       1131712362, 2223572612, 3513330282,  204788829, 2115153958,
       3023228191, 3452250782,  819297627, 3163190919, 1811539491,
       3125380614, 2616403081,  902101403, 1621724287, 4056437405,
       2388665776, 1058546902, 1558130294, 3110380128, 3379896502,
       2660389473, 1321944523, 3861347896, 2892340736, 3454166455,
       1529256955, 3590997158,  709832894, 1887199549, 1131944085,
       4276117828,  219063330, 3514140192, 2063439520,   93981191,
        737738140, 4108423702, 3920778494, 3805648511,  843240342,
       2174396717, 1888586327, 2389488385, 3230969722, 2760091511,
       1174371267, 1913603694, 3781012687, 2936743070, 3011053449,
       2784646132, 1395459571,  317426935,  565825239, 1214868687,
        605543236, 2795808781,  139829780, 1571882658, 4087903642,
        224097709,  723213236,  754639624, 1135403280, 3051221953,
       1889297722, 2647683425,  210161776, 2313641490, 4214458542,
       1351602454, 3488832165, 3834250995, 3166110241, 4242826626,
       2959242422, 3359848954, 3524067567, 1597313351, 3193694676,
        486532342,  358484073,  792813416, 1246534293, 2763533010,
       2127769574, 1316308318, 1975247082, 2055535286, 2938446129,
       2220254505, 3101217950,  483768399, 1230442320, 2074736303,
       2227569256, 3046666135, 4063173764,  620281235,   56896071,
        146858628, 2880013994,  279207979, 2667515221, 3047175707,
        456667260,  177967286, 3834289192,  356707871, 4091007751,
       1367957883,  509160445, 3480525296, 3351479774, 1614155730,
       2922823079, 3426399069, 1286684890,  804010564, 4087485501,
       2817991283, 3377208169, 1242077768,  952809654, 2981074599,
       1020647260, 3977117635, 3502999138, 1794884244,  709930331,
       3856569956, 2759364158,  337720981, 1555188773, 2458040475,
        247629748,  604821877, 3590750917, 3751358762, 3841773539,
        860240944, 2238431339, 2694027325,  136014239, 3138348661,
       3859698604,  307408580, 2342827848, 3728661008, 1579290096,
       2193393365, 2508123830,  850527309, 1197465795, 3356447626,
       3479424965, 1222730283, 2211455353, 2730215105,  451221011,
       2404629141, 2395004568, 1114591962, 1399193709, 1651280906,
       3212311991, 1049074797,  543728164, 2355297055, 2349776385,
       3052270237,  899659094, 2366719851,  312432653, 3451085183,
       1374918856, 1013941790, 2969261882, 1056888304, 3432190603,
       1620117112, 1195849595, 2109339200, 3925901864, 3388212760,
       1127655644, 2872433636, 3404062159,  339699109, 2053936613,
       2337908175,  257328639, 1137897707, 3733772729, 1143884576,
       3048489755, 1782655476, 2470748428,  879329147, 1086670126,
       2831294650, 4103005255,  274037127, 2418401188, 2609457583,
       1034800781, 1816150616, 1641464916, 2557345495, 2632668483,
       2525214684, 1894463344, 1032304812, 4127806356, 1045628456,
       1721012398, 3753113116, 2218909896, 1281889764,  536538819,
        389235947,  850635306,  340379091, 4238480191, 3095643040,
       2118005215,  560333561, 1262025000, 2799527479, 2408866226,
       1981694522,  398610533, 3482912757, 1493910112,  563667349,
       1162085508,  323040005, 2870559527, 2621226741, 3951385922,
       3138005223,  232707687,   38940052, 1669487305, 4199146030,
       1623930040, 3404883178, 3617328079, 3244216149, 2648011914,
       3001534872, 1958021465, 3780432037, 3470146049, 2029689742,
       4042742046,  280763965, 3056561050, 2129119209,  351824024,
       1615868412,  482930621, 3304526266,  192468304, 3581893218,
       2358959585, 4272715224, 2623462531, 1300075934, 1782494215,
       2241594106, 3719824453, 1400662503, 2602557211, 1588355400,
       2074911703, 4044261870,  402447540, 2866071432], dtype=uint32), 408, 0, 0.0), 'sampling_duration': 1171.287905216217, 'theta_labels': ['mass', 'logzsol', 'dust2', 'tage', 'tau'], 'bestfit': {'parameter': array([7.42528273e+10, 1.64409364e-01, 2.46025268e-01, 3.18264103e+00,
       1.05061167e-01]), 'photometry': array([4.98855146e-12, 3.74903193e-11, 1.41925668e-09, 8.29091600e-09,
       2.62568688e-08, 3.98864162e-08, 5.47065515e-08, 7.14608265e-08,
       5.34376954e-08, 4.47520146e-08]), 'restframe_wavelengths': array([9.100e+01, 9.400e+01, 9.600e+01, ..., 9.817e+07, 9.908e+07,
       1.000e+08]), 'spectrum': array([ 6.08235007e-13, -7.45076497e-16, -1.18601707e-17, ...,
        2.13932154e-11,  2.08288997e-11,  1.96814347e-11]), 'mfrac': 0.6206270904887412}, 'optimization': {}, 'obs': {'maggies': array([0.00000000e+00, 0.00000000e+00, 1.14641443e-09, 8.17081076e-09,
       2.64612557e-08, 4.08642274e-08, 5.26088532e-08, 5.88085097e-08,
       3.79517649e-08, 1.51053832e-10]), 'maggies_unc': array([5.80159566e-10, 4.53222810e-10, 3.48442615e-10, 3.76279741e-10,
       1.21858586e-09, 1.88186722e-09, 2.42272722e-09, 2.70823196e-09,
       1.74774336e-09, 1.39125720e-09]), 'phot_mask': array([ True,  True,  True,  True,  True,  True,  True, False, False,
       False]), 'filternames': ['galex_FUV', 'galex_NUV', 'sdss_u0', 'sdss_g0', 'sdss_r0', 'sdss_i0', 'sdss_z0', 'wise_w1', 'wise_w2', 'wise_w3'], 'filters': [<class 'sedpy.observate.Filter'>(galex_FUV), <class 'sedpy.observate.Filter'>(galex_NUV), <class 'sedpy.observate.Filter'>(sdss_u0), <class 'sedpy.observate.Filter'>(sdss_g0), <class 'sedpy.observate.Filter'>(sdss_r0), <class 'sedpy.observate.Filter'>(sdss_i0), <class 'sedpy.observate.Filter'>(sdss_z0), <class 'sedpy.observate.Filter'>(wise_w1), <class 'sedpy.observate.Filter'>(wise_w2), <class 'sedpy.observate.Filter'>(wise_w3)], 'logify_spectrum': False, 'ndof': 7, 'objid': 'AT2018iih', 'spectrum': None, 'unc': None, 'wavelength': None}, 'model': None} {'maggies': array([0.00000000e+00, 0.00000000e+00, 1.14641443e-09, 8.17081076e-09,
       2.64612557e-08, 4.08642274e-08, 5.26088532e-08, 5.88085097e-08,
       3.79517649e-08, 1.51053832e-10]), 'maggies_unc': array([5.80159566e-10, 4.53222810e-10, 3.48442615e-10, 3.76279741e-10,
       1.21858586e-09, 1.88186722e-09, 2.42272722e-09, 2.70823196e-09,
       1.74774336e-09, 1.39125720e-09]), 'phot_mask': array([ True,  True,  True,  True,  True,  True,  True, False, False,
       False]), 'filternames': ['galex_FUV', 'galex_NUV', 'sdss_u0', 'sdss_g0', 'sdss_r0', 'sdss_i0', 'sdss_z0', 'wise_w1', 'wise_w2', 'wise_w3'], 'filters': [<class 'sedpy.observate.Filter'>(galex_FUV), <class 'sedpy.observate.Filter'>(galex_NUV), <class 'sedpy.observate.Filter'>(sdss_u0), <class 'sedpy.observate.Filter'>(sdss_g0), <class 'sedpy.observate.Filter'>(sdss_r0), <class 'sedpy.observate.Filter'>(sdss_i0), <class 'sedpy.observate.Filter'>(sdss_z0), <class 'sedpy.observate.Filter'>(wise_w1), <class 'sedpy.observate.Filter'>(wise_w2), <class 'sedpy.observate.Filter'>(wise_w3)], 'logify_spectrum': False, 'ndof': 7, 'objid': 'AT2018iih', 'spectrum': None, 'unc': None, 'wavelength': None} None

Detailed performance metrics for this job will be available at https://metrics.hpc.arizona.edu/#job_viewer?action=show&realm=SUPREMM&resource_id=73&local_job_id=8533473 by 8am on 2023/11/08.
