{'model_params': [{'N': 1, 'isfree': False, 'init': 0.074, 'units': 'redshift', 'prior': b'\x80\x02cprospect.models.priors\nTopHat\nq\x00)\x81q\x01}q\x02(X\x05\x00\x00\x00aliasq\x03}q\x04(X\x04\x00\x00\x00miniq\x05h\x05X\x04\x00\x00\x00maxiq\x06h\x06uX\x06\x00\x00\x00paramsq\x07}q\x08(h\x05G\x00\x00\x00\x00\x00\x00\x00\x00h\x06G@\x10\x00\x00\x00\x00\x00\x00uX\x04\x00\x00\x00nameq\tX\x00\x00\x00\x00q\nub.', 'name': 'zred'}, {'N': 1, 'isfree': True, 'init': 10000000000.0, 'units': 'Solar masses formed', 'prior': b'\x80\x02cprospect.models.priors\nLogUniform\nq\x00)\x81q\x01}q\x02(X\x05\x00\x00\x00aliasq\x03}q\x04(X\x04\x00\x00\x00miniq\x05h\x05X\x04\x00\x00\x00maxiq\x06h\x06uX\x06\x00\x00\x00paramsq\x07}q\x08(h\x05GA\x97\xd7\x84\x00\x00\x00\x00h\x06GBm\x1a\x94\xa2\x00\x00\x00uX\x04\x00\x00\x00nameq\tX\x00\x00\x00\x00q\nub.', 'init_disp': 10000000.0, 'name': 'mass'}, {'N': 1, 'isfree': True, 'init': -0.3, 'units': '$\\log (Z/Z_\\odot)$', 'prior': b'\x80\x02cprospect.models.priors\nTopHat\nq\x00)\x81q\x01}q\x02(X\x05\x00\x00\x00aliasq\x03}q\x04(X\x04\x00\x00\x00miniq\x05h\x05X\x04\x00\x00\x00maxiq\x06h\x06uX\x06\x00\x00\x00paramsq\x07}q\x08(h\x05G\xbf\xfc\xcc\xcc\xcc\xcc\xcc\xcdh\x06G?\xc9\x99\x99\x99\x99\x99\x9auX\x04\x00\x00\x00nameq\tX\x00\x00\x00\x00q\nub.', 'name': 'logzsol'}, {'N': 1, 'isfree': True, 'init': 0.4, 'units': 'optical depth at 5500AA', 'prior': b'\x80\x02cprospect.models.priors\nTopHat\nq\x00)\x81q\x01}q\x02(X\x05\x00\x00\x00aliasq\x03}q\x04(X\x04\x00\x00\x00miniq\x05h\x05X\x04\x00\x00\x00maxiq\x06h\x06uX\x06\x00\x00\x00paramsq\x07}q\x08(h\x05G\x00\x00\x00\x00\x00\x00\x00\x00h\x06G?\xf0\x00\x00\x00\x00\x00\x00uX\x04\x00\x00\x00nameq\tX\x00\x00\x00\x00q\nub.', 'name': 'dust2'}, {'N': 1, 'isfree': False, 'init': 4, 'units': 'FSPS index', 'name': 'sfh'}, {'N': 1, 'isfree': True, 'init': 5000000000.0, 'units': 'Gyr', 'prior': b'\x80\x02cprospect.models.priors\nLogUniform\nq\x00)\x81q\x01}q\x02(X\x05\x00\x00\x00aliasq\x03}q\x04(X\x04\x00\x00\x00miniq\x05h\x05X\x04\x00\x00\x00maxiq\x06h\x06uX\x06\x00\x00\x00paramsq\x07}q\x08(h\x05G?\xb9\x99\x99\x99\x99\x99\x9ah\x06G@)-\xb2\xb7;/\x7fuX\x04\x00\x00\x00nameq\tX\x00\x00\x00\x00q\nub.', 'init_disp': 5.0, 'name': 'tage'}, {'N': 1, 'isfree': False, 'init': 1, 'name': 'imf_type'}, {'N': 1, 'isfree': False, 'init': 2, 'name': 'dust_type'}, {'N': 1, 'isfree': True, 'init': 1, 'units': 'Gyr^{-1}', 'prior': b'\x80\x02cprospect.models.priors\nLogUniform\nq\x00)\x81q\x01}q\x02(X\x05\x00\x00\x00aliasq\x03}q\x04(X\x04\x00\x00\x00miniq\x05h\x05X\x04\x00\x00\x00maxiq\x06h\x06uX\x06\x00\x00\x00paramsq\x07}q\x08(h\x05G?\xb9\x99\x99\x99\x99\x99\x9ah\x06G@$\x00\x00\x00\x00\x00\x00uX\x04\x00\x00\x00nameq\tX\x00\x00\x00\x00q\nub.', 'init_disp': 3.0, 'name': 'tau'}], 'optimizer_duration': 0.0, 'paramfile_text': '', 'prospector_version': "Can't get version number.", 'run_params': {'verbose': True, 'data': {'maggies': [5.188379516648567e-10, 4.818442237752729e-09, 2.1025233350093536e-08, 4.05969627267366e-08, 5.2541994445469886e-08, 6.149889362180868e-08, 3.232957533680941e-08, 1.796387399063893e-08, 0.0], 'maggies_unc': [1.479583361625556e-10, 6.213129030137292e-10, 9.682477777729327e-10, 1.869559223908372e-09, 2.4196482633262985e-09, 2.8321287137840656e-09, 1.4888319646673062e-09, 2.0847127625487406e-09, 3.906339672758019e-08], 'mags': [23.212420659747668, 20.792733357148823, 19.1931479386354, 18.478766142680193, 18.198733614551394, 18.027831743011273, 18.726, 19.363999999999997, 17.768], 'mags_unc': [0.30962215052307585, 0.14, 0.05, 0.05, 0.05, 0.05, 0.05, 0.126, 0.05], 'filternames': ['galex_NUV', 'sdss_u0', 'sdss_g0', 'sdss_r0', 'sdss_i0', 'sdss_z0', 'wise_w1', 'wise_w2', 'wise_w3'], 'photmask': [True, True, True, True, True, True, False, False, False], 'redshift': 0.074}, 'tdename': 'AT2019ehz', 'nwalkers': 100, 'nburn': [500], 'niter': 500, 'object_redshift': 0.074}, 'acceptance': array([0.392, 0.398, 0.336, 0.37 , 0.352, 0.412, 0.416, 0.256, 0.324,
       0.43 , 0.362, 0.336, 0.362, 0.382, 0.352, 0.418, 0.368, 0.392,
       0.402, 0.354, 0.368, 0.424, 0.258, 0.368, 0.316, 0.404, 0.386,
       0.442, 0.346, 0.448, 0.354, 0.374, 0.298, 0.318, 0.338, 0.348,
       0.302, 0.426, 0.336, 0.362, 0.332, 0.368, 0.408, 0.278, 0.332,
       0.372, 0.372, 0.334, 0.278, 0.358, 0.394, 0.336, 0.178, 0.214,
       0.34 , 0.364, 0.446, 0.444, 0.37 , 0.43 , 0.298, 0.3  , 0.39 ,
       0.392, 0.46 , 0.494, 0.386, 0.342, 0.37 , 0.406, 0.396, 0.366,
       0.316, 0.282, 0.376, 0.352, 0.358, 0.368, 0.36 , 0.284, 0.358,
       0.426, 0.366, 0.396, 0.384, 0.38 , 0.428, 0.368, 0.24 , 0.396,
       0.414, 0.358, 0.33 , 0.306, 0.424, 0.306, 0.446, 0.42 , 0.374,
       0.446]), 'chain': array([[[ 8.30246520e+09, -1.64384524e+00,  3.79789930e-01,
          5.81143533e+00,  2.03505658e-01],
        [ 8.22722302e+09, -1.63362518e+00,  2.72874469e-01,
          6.46234220e+00,  2.27247182e-01],
        [ 8.27691388e+09, -1.62811442e+00,  2.70728808e-01,
          6.50912370e+00,  2.25906949e-01],
        ...,
        [ 8.84179010e+09, -1.09373553e+00,  1.07419789e-01,
          6.70170812e+00,  1.23785003e-01],
        [ 8.84179010e+09, -1.09373553e+00,  1.07419789e-01,
          6.70170812e+00,  1.23785003e-01],
        [ 8.84179010e+09, -1.09373553e+00,  1.07419789e-01,
          6.70170812e+00,  1.23785003e-01]],

       [[ 8.04256141e+09, -1.71317877e+00,  7.69947019e-01,
          3.94064065e+00,  3.63850811e-01],
        [ 8.02790918e+09, -1.71708749e+00,  7.91942355e-01,
          3.83517349e+00,  3.72890364e-01],
        [ 8.02790918e+09, -1.71708749e+00,  7.91942355e-01,
          3.83517349e+00,  3.72890364e-01],
        ...,
        [ 9.43713533e+09, -1.71608287e+00,  3.34314205e-01,
          7.88354554e+00,  6.71352017e-01],
        [ 9.20173606e+09, -1.70775862e+00,  2.74625102e-01,
          8.43828181e+00,  8.15558350e-01],
        [ 9.20173606e+09, -1.70775862e+00,  2.74625102e-01,
          8.43828181e+00,  8.15558350e-01]],

       [[ 9.17535611e+09, -1.08187181e+00,  1.59977584e-01,
          7.51751781e+00,  3.91832593e-01],
        [ 8.90065930e+09, -1.04927655e+00,  1.50609651e-01,
          7.28538112e+00,  3.97332534e-01],
        [ 8.90065930e+09, -1.04927655e+00,  1.50609651e-01,
          7.28538112e+00,  3.97332534e-01],
        ...,
        [ 1.14241408e+10, -1.53467138e+00,  6.19801700e-01,
          6.23568217e+00,  2.44688105e-01],
        [ 1.15718003e+10, -1.57595815e+00,  6.84602229e-01,
          5.93857048e+00,  2.56730061e-01],
        [ 1.15718003e+10, -1.57595815e+00,  6.84602229e-01,
          5.93857048e+00,  2.56730061e-01]],

       ...,

       [[ 9.73050255e+09, -8.24422676e-01,  2.98970248e-02,
          8.02203589e+00,  2.35219306e-01],
        [ 9.73050255e+09, -8.24422676e-01,  2.98970248e-02,
          8.02203589e+00,  2.35219306e-01],
        [ 9.73050255e+09, -8.24422676e-01,  2.98970248e-02,
          8.02203589e+00,  2.35219306e-01],
        ...,
        [ 1.06164711e+10, -1.05332182e+00,  1.33379595e-01,
          7.96590841e+00,  1.81512476e-01],
        [ 1.06164711e+10, -1.05332182e+00,  1.33379595e-01,
          7.96590841e+00,  1.81512476e-01],
        [ 9.69037015e+09, -9.74761264e-01,  1.42237345e-01,
          7.06952375e+00,  1.79086668e-01]],

       [[ 8.74213005e+09, -9.62695000e-01,  5.40930330e-02,
          7.46924084e+00,  3.02155717e-01],
        [ 9.09649031e+09, -1.01899351e+00,  5.40616776e-02,
          7.90564202e+00,  2.81048404e-01],
        [ 9.09649031e+09, -1.01899351e+00,  5.40616776e-02,
          7.90564202e+00,  2.81048404e-01],
        ...,
        [ 7.49106372e+09, -1.68585713e+00,  6.31890668e-01,
          3.70288497e+00,  1.33895760e-01],
        [ 7.49106372e+09, -1.68585713e+00,  6.31890668e-01,
          3.70288497e+00,  1.33895760e-01],
        [ 7.49106372e+09, -1.68585713e+00,  6.31890668e-01,
          3.70288497e+00,  1.33895760e-01]],

       [[ 1.14137440e+10, -1.43384852e+00,  3.20967719e-01,
          9.11916816e+00,  5.67454540e-01],
        [ 1.14137440e+10, -1.43384852e+00,  3.20967719e-01,
          9.11916816e+00,  5.67454540e-01],
        [ 1.14137440e+10, -1.43384852e+00,  3.20967719e-01,
          9.11916816e+00,  5.67454540e-01],
        ...,
        [ 9.99730539e+09, -1.72012614e+00,  4.58493189e-01,
          6.72059052e+00,  3.61026325e-01],
        [ 1.10929210e+10, -1.73262043e+00,  4.63175945e-01,
          7.38380023e+00,  3.10626100e-01],
        [ 1.10929210e+10, -1.73262043e+00,  4.63175945e-01,
          7.38380023e+00,  3.10626100e-01]]]), 'initial_theta': array([ 1.e+10, -3.e-01,  4.e-01,  5.e+09,  1.e+00]), 'lnprobability': array([[86.61805304, 85.41242007, 85.51762673, ..., 88.10534742,
        88.10534742, 88.10534742],
       [85.65755238, 85.03952892, 85.03952892, ..., 86.09830662,
        83.73531187, 83.73531187],
       [88.02757227, 88.1464126 , 88.1464126 , ..., 85.35503009,
        84.2935083 , 84.2935083 ],
       ...,
       [87.52052219, 87.52052219, 87.52052219, ..., 86.88082373,
        86.88082373, 87.64985208],
       [88.24364162, 88.04599956, 88.04599956, ..., 86.90188588,
        86.90188588, 86.90188588],
       [86.95499933, 86.95499933, 86.95499933, ..., 88.13112845,
        87.97926649, 87.97926649]]), 'sampling_initial_center': array([], dtype=float64), 'rstate': ('MT19937', array([3984963073, 1008615640, 3975847023, 1387405035, 2040689275,
       2625240074, 1870242896,  487535442, 2615088123, 1214776145,
       2383503047, 3210087515, 1020199747,  966837977, 3942869064,
         37105304,  620194043, 1873679574, 3058938431, 3379477856,
       1600486141, 3002846509, 2772310453, 3406426338, 1795133359,
       3331963610,  212443970,  395617119, 3295318225, 2684258816,
       3607166444, 2279513659,   50320991, 3841156482, 2089427626,
       1511111818, 3435562635, 3507176090, 2376872617, 3986717231,
       3048024344, 1460500757, 2260915929, 2969527639, 4117724987,
       3875343459, 1173992478, 3753170171, 3677253305, 1734099751,
       2259218873, 4172250298, 2294108094,  190087299, 3400831504,
       1332754330,  132312321, 1615343439, 3340167463, 2744803732,
       4180399310, 2757454999, 3292098832, 2452281175, 4188917443,
       3004250007, 3887413489, 3147743132,  638022454, 1998101300,
       4263403183, 1798450677, 1352273570, 1734223096, 4172218591,
       3699707757, 2487670463,  284890606, 3160325769, 2172652385,
       4164357176,  985624571,  610467910,  206390539, 2633739113,
       3036012601, 3700490290, 3351933512,  912967669, 2471374793,
       1800190264, 1692394968, 2445286512, 2033787598, 1064384191,
       3961045215, 1323610975, 2973999167, 1246147799, 1301105502,
       3114418896, 1309049874, 2312148468, 4117521712, 3356166578,
       1673832241, 2739539884, 3902987775, 1057724869, 1844454807,
       1352059738,  795840676, 1474967027, 2805324443, 3111568276,
       2682955331, 1615316323,  113034690, 3056775983, 4143987564,
       2970627498,  954254800, 1206796771, 2752485995, 2501381927,
         12759317,     415983, 4183118800,  516162877, 3211441340,
       3400489864, 2420209021, 3445382183, 3363799578, 1969867684,
       3523084565, 1131000267, 3616158549, 1700425442, 2929041134,
       1189692356, 3320547323, 3814708192,  700996938, 3956989876,
       1739868414, 3636219127, 2547736750, 2097006491,  919615423,
       3279959586, 1855420464, 3433610887, 1179685056, 2847891895,
        227215933, 2383823002,  502162887, 1177832544,  419762217,
       2594858325, 2512662743, 2458041606, 2774003142, 3593961734,
       2877307727, 3924319688, 2489437166,  495228018, 2413518364,
       2678710327, 1229135604, 3655784700, 3426420011, 3508778594,
       3651595024, 2240613145, 1883942801, 2515046480, 2287729278,
        623343570, 1450152976, 3681116152, 1513332064, 3995278426,
        264144597,  265498215, 2037695627, 2143909459, 2015419152,
        762022480, 1513913680, 1742529796,  332131687, 1692675796,
       1669936392, 3724263280, 3841467205, 3439814757, 3492493264,
       3516005708, 2088514887, 2883281613, 3444652524, 1399540796,
       2663154106, 2890323356, 1499268690, 2985819971,  421276416,
       1982959062,  481445218, 2151973371, 2271160730,  193229468,
        410719122,  316326399, 2254450186, 1462512179,  360520210,
        431116570, 2610637545,  662676020,  674957949, 2826203795,
       1848858976,  831350500, 3751147268, 1737473947, 2610450092,
       4121070014,    5725981, 2287747267, 2387794590, 3051825526,
       2848474503, 2717922384,   73770772, 2205972505, 2240850112,
       3172047123,   11137596, 1821215216, 2765008483, 3070025484,
        374184088,  939090526, 1316808296, 1181192299, 2326611969,
       1915297869, 1681185383, 4283212478, 2665519770,  552528870,
       3122095299, 3230480354, 4179128054,  642980026,  119358853,
       1087581861,  214112042, 1647806761, 1042200928, 3389742394,
       2605345313, 1960408473, 1309317389, 2235037682, 3713628525,
       4035393465, 1814592965, 2171213400, 1017652184, 1054420276,
         81360371, 3316571925,  599831441, 3032040457, 3217038871,
       2832063397, 3640194250, 1255210661, 1186469572, 1677851274,
        561995219, 2468698281,  181704305, 4264525585, 2087928372,
        733280558, 2516253288, 3603056818, 1849565990, 2870865299,
       1700126908, 3117087559,  538649858, 4206685615, 3567576198,
       3363417858,  862270788,   71940786, 2372249322, 1469529707,
       1259897134, 2398444980, 3174584004,  882448588, 1683796298,
       4123469503, 1533855728, 1840393416, 1178764317, 2405259089,
       2520388711, 2395558308, 2740576189, 2568777588, 3233127899,
       4106649934, 1490222724,   47242941, 4147413298, 2732051402,
       4184350654, 2862209457, 4269848770,  906603845, 2551193950,
        863747720, 3384410542, 3154086798, 2183617243, 1183536661,
       1637860334, 3818848022, 2795120886, 4035997742, 3506556165,
       1309584300, 2655015486, 3197197227,  747219742, 2393589205,
       2496592398, 4290860482, 1237265584,  814461796,  937583205,
       3795061840,  107700383, 2874865847, 2711156276, 3052123136,
       1824615994, 3761954877, 1258962090, 1329837916,  185133571,
       2199217264, 2982005888, 1937845772, 2759230765, 3269905020,
        595285426, 1163534214, 3804553469, 3441234822, 3420845072,
        638402651, 2358069170, 3096031869, 3022360836, 2882277410,
       1524973272, 3295951626,  179260011, 3004126210, 1678167472,
       3489585256, 2413325195, 1555032430, 3029481842,  303785180,
       3120990812,  498489626, 1178330769, 4239953199,  330688275,
        440595249, 4256785422,  310692820, 1677947147, 2331703306,
       3082065848,  898061890, 3116174808, 2812620722, 2732617028,
       1868212948, 1912149349,  675373028, 1375150205, 2758608128,
       3233059241, 1293226753,   26699165, 1923674697, 2450798337,
       3093214572, 2394943859, 2725085328,  733609072, 1372686346,
        761398340, 1113054158, 2454445862,  512137809, 2947688192,
        636319428,  922932046,  933323430, 2677063838, 2791109725,
       1190337098,  699221340,  339844296, 2866501625, 3711664249,
       3453614052, 2753526735, 3645883658, 2263196763,   30844918,
         43297609, 1476911518, 1032416040, 2595802945, 2103762346,
       2197209734, 3285068075,  127975348,  323850539,  657263667,
        294159659, 3711960629, 3526589743, 1689555570, 2590801337,
       2119600569, 1078174634, 2750260831,  436910757, 4117711485,
       3060702468, 1279610030, 2934374860,  895902114, 3776776332,
       3008334488, 4065456174, 3422065560, 1587520100, 3373362671,
        191148845,   40684409, 2761275741, 3600201191, 1363421049,
       2455238757, 4158283010, 3878506192,  127022403,  529923554,
       3045426018, 1167812914,  186551008,  220235054, 2026549858,
        335735988, 2238032749, 2302335172, 2985473846,  288457665,
       2855307634, 3590463200, 1372391713,  867542410, 2293410890,
       1720218339,  760617000, 3971478677, 3287229571, 3958165587,
        805503864,  487472189, 2219683693,  110843051, 1407168697,
        959735589,  405200434,  334500470,  983365646,  991002042,
       2286301902, 3172655024,  474805827,  528180907, 4234047672,
       1943356582, 2638203121, 4163617185, 1771485917, 3608179825,
        451165608, 1395274651, 3129119522, 2887576721,   57878144,
        852507655,   53010237, 2391818673, 3560451635, 1794937989,
       2619702531, 1834589325, 2441627449, 4154588594,  407781788,
       2376731465, 1893017983, 2989139448, 3369855638, 1391594490,
        659643095, 1198050710, 3623782292,  953533269, 1847107521,
       3376573933, 2282874076, 1272918907, 2828612984,  637455901,
        273437243, 2291090408,  458339690, 2263423966, 3592501599,
       1257777141, 1615359830, 4059198625, 3074755934, 2639008338,
       3209472230, 3478375893, 3591564804, 3664002809, 2004757795,
       2385862768,  933671029, 2289945591, 3420263562, 2784547408,
       3577220986, 2962490095, 2164863344, 2000613518, 3281806676,
       1503455882, 3508541292, 3917266137, 4097696548, 4125669297,
       2693073448, 2972947489, 3126686618, 2896093909, 2466932055,
       2543567418, 4151764107, 2023305342, 4181007093, 4089401326,
       3857474893, 3674825185, 2639190151, 3018123802,  600132268,
       2070687219,  742085349,  913179776, 3974059418,  714590607,
        549914058, 4210794894,  851866678, 2813318796, 3535604595,
       1349296898, 3772237953, 2590978001, 1949777852, 2542738940,
       1848744400, 3042262239,  112047474,  401458879, 2623650250,
       3936378730, 1557890074,  634884986, 1322375384, 2124289307,
       2703046306, 3284598219,   10222523, 1637991148,  813737833,
       1368864908, 1695156244,  880586318, 2588753309], dtype=uint32), 15, 0, 0.0), 'sampling_duration': 1141.4210715293884, 'theta_labels': ['mass', 'logzsol', 'dust2', 'tage', 'tau'], 'bestfit': {'parameter': array([ 4.10471234e+09, -4.70139102e-01,  1.95528446e-01,  2.09644280e+00,
        1.10347616e-01]), 'photometry': array([6.33664821e-10, 5.10243400e-09, 2.13535713e-08, 3.90887908e-08,
       5.05668518e-08, 6.35800737e-08, 4.31998296e-08, 2.43341570e-08,
       2.90003021e-08]), 'restframe_wavelengths': array([9.100e+01, 9.400e+01, 9.600e+01, ..., 9.817e+07, 9.908e+07,
       1.000e+08]), 'spectrum': array([ 5.21643861e-13, -6.29752387e-16, -1.01141187e-17, ...,
        1.83480457e-11,  1.78640268e-11,  1.68798778e-11]), 'mfrac': 0.623538778934756}, 'optimization': {}, 'obs': {'maggies': array([5.18837952e-10, 4.81844224e-09, 2.10252334e-08, 4.05969627e-08,
       5.25419944e-08, 6.14988936e-08, 3.23295753e-08, 1.79638740e-08,
       0.00000000e+00]), 'maggies_unc': array([1.47958336e-10, 6.21312903e-10, 9.68247778e-10, 1.86955922e-09,
       2.41964826e-09, 2.83212871e-09, 1.48883196e-09, 2.08471276e-09,
       3.90633967e-08]), 'phot_mask': array([ True,  True,  True,  True,  True,  True, False, False, False]), 'filternames': ['galex_NUV', 'sdss_u0', 'sdss_g0', 'sdss_r0', 'sdss_i0', 'sdss_z0', 'wise_w1', 'wise_w2', 'wise_w3'], 'filters': [<class 'sedpy.observate.Filter'>(galex_NUV), <class 'sedpy.observate.Filter'>(sdss_u0), <class 'sedpy.observate.Filter'>(sdss_g0), <class 'sedpy.observate.Filter'>(sdss_r0), <class 'sedpy.observate.Filter'>(sdss_i0), <class 'sedpy.observate.Filter'>(sdss_z0), <class 'sedpy.observate.Filter'>(wise_w1), <class 'sedpy.observate.Filter'>(wise_w2), <class 'sedpy.observate.Filter'>(wise_w3)], 'logify_spectrum': False, 'ndof': 6, 'objid': 'AT2019ehz', 'spectrum': None, 'unc': None, 'wavelength': None}, 'model': None} {'maggies': array([5.18837952e-10, 4.81844224e-09, 2.10252334e-08, 4.05969627e-08,
       5.25419944e-08, 6.14988936e-08, 3.23295753e-08, 1.79638740e-08,
       0.00000000e+00]), 'maggies_unc': array([1.47958336e-10, 6.21312903e-10, 9.68247778e-10, 1.86955922e-09,
       2.41964826e-09, 2.83212871e-09, 1.48883196e-09, 2.08471276e-09,
       3.90633967e-08]), 'phot_mask': array([ True,  True,  True,  True,  True,  True, False, False, False]), 'filternames': ['galex_NUV', 'sdss_u0', 'sdss_g0', 'sdss_r0', 'sdss_i0', 'sdss_z0', 'wise_w1', 'wise_w2', 'wise_w3'], 'filters': [<class 'sedpy.observate.Filter'>(galex_NUV), <class 'sedpy.observate.Filter'>(sdss_u0), <class 'sedpy.observate.Filter'>(sdss_g0), <class 'sedpy.observate.Filter'>(sdss_r0), <class 'sedpy.observate.Filter'>(sdss_i0), <class 'sedpy.observate.Filter'>(sdss_z0), <class 'sedpy.observate.Filter'>(wise_w1), <class 'sedpy.observate.Filter'>(wise_w2), <class 'sedpy.observate.Filter'>(wise_w3)], 'logify_spectrum': False, 'ndof': 6, 'objid': 'AT2019ehz', 'spectrum': None, 'unc': None, 'wavelength': None} None

Detailed performance metrics for this job will be available at https://metrics.hpc.arizona.edu/#job_viewer?action=show&realm=SUPREMM&resource_id=73&local_job_id=8533480 by 8am on 2023/11/08.
