{'model_params': [{'N': 1, 'isfree': False, 'init': 0.0151, 'units': 'redshift', 'prior': b'\x80\x02cprospect.models.priors\nTopHat\nq\x00)\x81q\x01}q\x02(X\x05\x00\x00\x00aliasq\x03}q\x04(X\x04\x00\x00\x00miniq\x05h\x05X\x04\x00\x00\x00maxiq\x06h\x06uX\x06\x00\x00\x00paramsq\x07}q\x08(h\x05G\x00\x00\x00\x00\x00\x00\x00\x00h\x06G@\x10\x00\x00\x00\x00\x00\x00uX\x04\x00\x00\x00nameq\tX\x00\x00\x00\x00q\nub.', 'name': 'zred'}, {'N': 1, 'isfree': True, 'init': 10000000000.0, 'units': 'Solar masses formed', 'prior': b'\x80\x02cprospect.models.priors\nLogUniform\nq\x00)\x81q\x01}q\x02(X\x05\x00\x00\x00aliasq\x03}q\x04(X\x04\x00\x00\x00miniq\x05h\x05X\x04\x00\x00\x00maxiq\x06h\x06uX\x06\x00\x00\x00paramsq\x07}q\x08(h\x05GA\x97\xd7\x84\x00\x00\x00\x00h\x06GBm\x1a\x94\xa2\x00\x00\x00uX\x04\x00\x00\x00nameq\tX\x00\x00\x00\x00q\nub.', 'init_disp': 10000000.0, 'name': 'mass'}, {'N': 1, 'isfree': True, 'init': -0.3, 'units': '$\\log (Z/Z_\\odot)$', 'prior': b'\x80\x02cprospect.models.priors\nTopHat\nq\x00)\x81q\x01}q\x02(X\x05\x00\x00\x00aliasq\x03}q\x04(X\x04\x00\x00\x00miniq\x05h\x05X\x04\x00\x00\x00maxiq\x06h\x06uX\x06\x00\x00\x00paramsq\x07}q\x08(h\x05G\xbf\xfc\xcc\xcc\xcc\xcc\xcc\xcdh\x06G?\xc9\x99\x99\x99\x99\x99\x9auX\x04\x00\x00\x00nameq\tX\x00\x00\x00\x00q\nub.', 'name': 'logzsol'}, {'N': 1, 'isfree': True, 'init': 0.4, 'units': 'optical depth at 5500AA', 'prior': b'\x80\x02cprospect.models.priors\nTopHat\nq\x00)\x81q\x01}q\x02(X\x05\x00\x00\x00aliasq\x03}q\x04(X\x04\x00\x00\x00miniq\x05h\x05X\x04\x00\x00\x00maxiq\x06h\x06uX\x06\x00\x00\x00paramsq\x07}q\x08(h\x05G\x00\x00\x00\x00\x00\x00\x00\x00h\x06G?\xf0\x00\x00\x00\x00\x00\x00uX\x04\x00\x00\x00nameq\tX\x00\x00\x00\x00q\nub.', 'name': 'dust2'}, {'N': 1, 'isfree': False, 'init': 4, 'units': 'FSPS index', 'name': 'sfh'}, {'N': 1, 'isfree': True, 'init': 5000000000.0, 'units': 'Gyr', 'prior': b'\x80\x02cprospect.models.priors\nLogUniform\nq\x00)\x81q\x01}q\x02(X\x05\x00\x00\x00aliasq\x03}q\x04(X\x04\x00\x00\x00miniq\x05h\x05X\x04\x00\x00\x00maxiq\x06h\x06uX\x06\x00\x00\x00paramsq\x07}q\x08(h\x05G?\xb9\x99\x99\x99\x99\x99\x9ah\x06G@)-\xb2\xb7;/\x7fuX\x04\x00\x00\x00nameq\tX\x00\x00\x00\x00q\nub.', 'init_disp': 5.0, 'name': 'tage'}, {'N': 1, 'isfree': False, 'init': 1, 'name': 'imf_type'}, {'N': 1, 'isfree': False, 'init': 2, 'name': 'dust_type'}, {'N': 1, 'isfree': True, 'init': 1, 'units': 'Gyr^{-1}', 'prior': b'\x80\x02cprospect.models.priors\nLogUniform\nq\x00)\x81q\x01}q\x02(X\x05\x00\x00\x00aliasq\x03}q\x04(X\x04\x00\x00\x00miniq\x05h\x05X\x04\x00\x00\x00maxiq\x06h\x06uX\x06\x00\x00\x00paramsq\x07}q\x08(h\x05G?\xb9\x99\x99\x99\x99\x99\x9ah\x06G@$\x00\x00\x00\x00\x00\x00uX\x04\x00\x00\x00nameq\tX\x00\x00\x00\x00q\nub.', 'init_disp': 3.0, 'name': 'tau'}], 'optimizer_duration': 0.0, 'paramfile_text': '', 'prospector_version': "Can't get version number.", 'run_params': {'verbose': True, 'data': {'maggies': [2.3812443461213817e-07, 8.82159770790266e-07, 1.655413361927174e-06, 1.2024931749414919e-06, 2.1457998236184947e-06, 2.891718882643349e-06, 2.922005944838831e-06, 2.3906093639332726e-06, 1.3050667231000008e-06, 1.224616199265049e-06], 'maggies_unc': [1.4036525399437947e-08, 4.062495875721422e-08, 7.623460259833336e-08, 5.537685718094721e-08, 9.881773372826398e-08, 1.3316857584607947e-07, 1.3456334660451748e-07, 2.2018325938258924e-07, 1.20201087278906e-07, 1.1279132020266911e-07], 'mags': [16.557990095352284, 15.136131878188875, 14.45273385911842, 14.799793449742207, 14.17102698685803, 13.847109822747816, 13.835797262065158, 14.05372845928012, 14.710918209830764, 14.78], 'mags_unc': [0.064, 0.05, 0.05, 0.05, 0.05, 0.05, 0.05, 0.1, 0.1, 0.1], 'filternames': ['uvot_u', 'uvot_b', 'uvot_v', 'ps_g', 'ps_r', 'ps_i', 'ps_z', 'wise_w1', 'wise_w2', 'wise_w3'], 'photmask': [True, True, True, True, True, True, True, False, False, False], 'redshift': 0.0151}, 'tdename': 'AT2019qiz', 'nwalkers': 100, 'nburn': [500], 'niter': 500, 'object_redshift': 0.0151}, 'acceptance': array([0.204, 0.326, 0.324, 0.372, 0.044, 0.362, 0.264, 0.314, 0.384,
       0.062, 0.376, 0.286, 0.312, 0.288, 0.346, 0.31 , 0.33 , 0.41 ,
       0.328, 0.292, 0.044, 0.332, 0.34 , 0.258, 0.302, 0.352, 0.324,
       0.312, 0.23 , 0.288, 0.296, 0.292, 0.294, 0.268, 0.332, 0.248,
       0.334, 0.296, 0.292, 0.332, 0.378, 0.274, 0.336, 0.326, 0.324,
       0.386, 0.34 , 0.198, 0.194, 0.32 , 0.358, 0.042, 0.082, 0.376,
       0.368, 0.368, 0.25 , 0.29 , 0.348, 0.382, 0.302, 0.288, 0.364,
       0.306, 0.274, 0.256, 0.398, 0.278, 0.276, 0.032, 0.266, 0.362,
       0.302, 0.334, 0.288, 0.188, 0.31 , 0.404, 0.302, 0.366, 0.338,
       0.344, 0.248, 0.32 , 0.242, 0.322, 0.274, 0.332, 0.308, 0.314,
       0.356, 0.264, 0.356, 0.24 , 0.362, 0.34 , 0.032, 0.314, 0.246,
       0.284]), 'chain': array([[[ 1.44203606e+10, -1.51921956e+00,  8.12969747e-01,
          3.79359629e+00,  4.38878887e-01],
        [ 1.54495760e+10, -1.55655891e+00,  8.03064885e-01,
          3.73975297e+00,  3.18759121e-01],
        [ 1.54495760e+10, -1.55655891e+00,  8.03064885e-01,
          3.73975297e+00,  3.18759121e-01],
        ...,
        [ 1.27151210e+10, -1.26027363e+00,  7.56213602e-01,
          2.73413122e+00,  1.45653957e-01],
        [ 1.27151210e+10, -1.26027363e+00,  7.56213602e-01,
          2.73413122e+00,  1.45653957e-01],
        [ 1.27151210e+10, -1.26027363e+00,  7.56213602e-01,
          2.73413122e+00,  1.45653957e-01]],

       [[ 1.00201000e+10, -7.65412275e-01,  4.82721035e-01,
          2.80387793e+00,  2.67914441e-01],
        [ 1.00201000e+10, -7.65412275e-01,  4.82721035e-01,
          2.80387793e+00,  2.67914441e-01],
        [ 1.00201000e+10, -7.65412275e-01,  4.82721035e-01,
          2.80387793e+00,  2.67914441e-01],
        ...,
        [ 3.19289986e+10, -1.30323162e+00,  3.86597725e-01,
          1.25582828e+01,  5.90160632e-01],
        [ 3.19289986e+10, -1.30323162e+00,  3.86597725e-01,
          1.25582828e+01,  5.90160632e-01],
        [ 3.19289986e+10, -1.30323162e+00,  3.86597725e-01,
          1.25582828e+01,  5.90160632e-01]],

       [[ 1.02366297e+10, -6.76857657e-01,  7.76443196e-01,
          2.58486610e+00,  4.12630710e-01],
        [ 1.02366297e+10, -6.76857657e-01,  7.76443196e-01,
          2.58486610e+00,  4.12630710e-01],
        [ 1.02366297e+10, -6.76857657e-01,  7.76443196e-01,
          2.58486610e+00,  4.12630710e-01],
        ...,
        [ 2.74397143e+10, -1.28767138e+00,  3.83921699e-01,
          9.59682383e+00,  1.39802641e-01],
        [ 2.63403040e+10, -1.34767071e+00,  4.09217827e-01,
          9.30851607e+00,  2.27442224e-01],
        [ 2.63403040e+10, -1.34767071e+00,  4.09217827e-01,
          9.30851607e+00,  2.27442224e-01]],

       ...,

       [[ 1.78915155e+10, -7.66973805e-01,  9.73417816e-02,
          7.19437962e+00,  2.22125098e-01],
        [ 1.78915155e+10, -7.66973805e-01,  9.73417816e-02,
          7.19437962e+00,  2.22125098e-01],
        [ 1.78915155e+10, -7.66973805e-01,  9.73417816e-02,
          7.19437962e+00,  2.22125098e-01],
        ...,
        [ 2.31229460e+10, -8.17111233e-01,  6.54319169e-02,
          1.13047353e+01,  9.76480914e-01],
        [ 2.31229460e+10, -8.17111233e-01,  6.54319169e-02,
          1.13047353e+01,  9.76480914e-01],
        [ 2.31229460e+10, -8.17111233e-01,  6.54319169e-02,
          1.13047353e+01,  9.76480914e-01]],

       [[ 1.23194842e+10, -1.00382366e+00,  6.58010688e-01,
          2.73143710e+00,  1.35093666e-01],
        [ 1.23194842e+10, -1.00382366e+00,  6.58010688e-01,
          2.73143710e+00,  1.35093666e-01],
        [ 1.23194842e+10, -1.00382366e+00,  6.58010688e-01,
          2.73143710e+00,  1.35093666e-01],
        ...,
        [ 2.73479297e+10, -1.01726759e+00,  1.57627879e-01,
          1.14958875e+01,  3.76899632e-01],
        [ 2.48779575e+10, -1.17245407e+00,  3.16223465e-01,
          9.62902348e+00,  4.33650623e-01],
        [ 2.53352067e+10, -1.12398822e+00,  2.60325075e-01,
          1.05467131e+01,  5.63719303e-01]],

       [[ 2.32316129e+10, -1.13494139e+00,  1.94400185e-01,
          9.34628692e+00,  1.12523556e-01],
        [ 2.32316129e+10, -1.13494139e+00,  1.94400185e-01,
          9.34628692e+00,  1.12523556e-01],
        [ 2.27569801e+10, -1.32945586e+00,  4.02274364e-01,
          7.86241791e+00,  1.29242444e-01],
        ...,
        [ 1.54873514e+10, -7.84593012e-01,  4.23711939e-01,
          5.14502511e+00,  4.73307385e-01],
        [ 1.54873514e+10, -7.84593012e-01,  4.23711939e-01,
          5.14502511e+00,  4.73307385e-01],
        [ 1.54873514e+10, -7.84593012e-01,  4.23711939e-01,
          5.14502511e+00,  4.73307385e-01]]]), 'initial_theta': array([ 1.e+10, -3.e-01,  4.e-01,  5.e+09,  1.e+00]), 'lnprobability': array([[72.95878757, 74.29060398, 74.29060398, ..., 74.54074153,
        74.54074153, 74.54074153],
       [74.96943662, 74.96943662, 74.96943662, ..., 71.81494193,
        71.81494193, 71.81494193],
       [70.07190027, 70.07190027, 70.07190027, ..., 74.43299965,
        73.9215229 , 73.9215229 ],
       ...,
       [74.27587986, 74.27587986, 74.27587986, ..., 72.20563945,
        72.20563945, 72.20563945],
       [75.69185353, 75.69185353, 75.69185353, ..., 73.98091563,
        73.73816033, 73.50866585],
       [74.36205549, 74.36205549, 74.5325735 , ..., 71.37285794,
        71.37285794, 71.37285794]]), 'sampling_initial_center': array([], dtype=float64), 'rstate': ('MT19937', array([4135069394,  756164017, 2669534767, 1096925879, 2177641968,
        732040352, 2811284820, 3349125772, 2727353221, 2792134967,
       2119528639, 1074986062,  726299139,  209573882,  479852465,
       3535987316,   15335852, 1444160571, 1709761198, 1890070946,
       1915507997, 2025170024, 1836775491,   54454788,  837669968,
       2650788137, 2078894141, 2870978467, 4175783350, 3580311313,
       1177282682, 4159261952,  464977084, 1348373862, 4251343467,
       1765885285, 3752776710, 1715823531, 1301879214, 3409092433,
       4130783651, 2752348337, 3963590190, 1552361527, 3104481986,
       3355939319, 4031298403, 4153101686, 2235771237, 3966486679,
       3933046555, 2582706805, 2922365257, 3720127327, 1715762686,
        773944836, 2861279520,  505345785, 3756717022, 3225976676,
        580391980, 3522485724, 1230337290, 2632658626, 1645135015,
       3578025635, 2985028374, 2631669998, 2926052422, 1925155668,
       4155112083, 2954857166, 2310099870, 1493708744, 1628242328,
         59377460, 2230201949, 3581515564, 2056126133,  413276675,
       3788922455, 3225464174, 2819936769, 4195695591,  238374841,
       3250935096,  518446000,  113510392, 3612353990, 3936620461,
        111267236, 3280240232,  825404933,  699445811,   14754702,
       3553134637,  586357673,  606571702, 3582342520, 2785335745,
        878584408,  559728830,  254464114, 3525586243,  478602662,
       2523165682,  837296606,  450454790, 1710548779, 1287465684,
       3383721156, 2698964193, 1248869480, 3964102627, 4043916981,
       2914138030, 3409045508, 1564271044, 3479793052, 2127051143,
        228471565,  502206326,  296075660,  679877656, 4020529588,
        516808021, 1520453088, 1815813834, 2977531741, 1473491545,
       2101104480,  903231639, 1745573879,  370917227, 1853918301,
       1139572826, 3417165508,  136961901,  832599161, 3355068779,
       2431931449, 2098318866,  877561587,  214422596,  602222508,
        652253754, 4245902440, 1618886328, 4001550960,  674350715,
       2262661320, 1512870765, 2574137182, 4013608327, 4168746079,
        650192688, 4164091415, 2559132930, 1018743189,  571889366,
       1466638035, 1777586012,   52690436, 4015249705, 3130963285,
       2929194025, 1574936691,  285100693,  416265410, 3709209171,
       2759906500, 3022666129,  333757004,  396035986, 3896034065,
       1116334944,  296017730, 4051187888, 2126887523,  995660294,
         82519753,  384933947,  498006387, 2938974947,  861653511,
       3985220735, 3293878209,  421790343, 2284021435, 1905597198,
       2757584325, 2278947560, 3905440040, 3758441791, 3790679772,
       1071417065, 2508869105, 1840767084, 1899314309, 3524497151,
       1305239839, 1860101326, 1744093078, 2185467432, 2229115060,
          4346387,  390755476, 3669947005, 3544039972, 1517230392,
       2217474650, 3857759117, 2993529534, 2541407666, 4134824861,
       3271903495, 3500858145, 4093576789,  607176784, 3297728057,
       3526272648, 2669288278,  341538306, 2367781721,  260900485,
       3831343704, 1730164413,   70403027, 2403085167, 4072730782,
       2712384308,  311284822, 1816452376,  882357525, 1223910308,
       1897859750, 2322229236, 4078860829, 2711111704,  762772347,
       2240515359, 2743497283, 2881748577, 3620992157, 3742211671,
       1512027819, 3836363280, 2855228407, 2270463815, 2609026054,
       3327657165, 1572344020, 2651792210,  706245266, 3022158502,
        937303252,  723953621,  609133370,  319486922, 3757067020,
       3109102633, 3030792538,  422229062, 1851415402, 3252474048,
        268116006, 3918326125, 3993035317, 2761343108, 2523001877,
         87752989,  532027744,  905545502, 2076898435,  313985006,
        384293147,  470381214,  927342943, 1996724896,  315646900,
       1133026993, 1964870388, 2880038377, 2928553156, 3299279750,
       3306779775, 1546622279,  916433873, 2388458801, 2051643732,
       1605831111, 1866183256, 2860479021, 1324808845,   85812146,
       1903646330, 3466474228, 3953509918, 1013163463, 1916985500,
       2450278220, 3894585433, 1353923820, 3123658944,  273007126,
        985389751, 2169269685, 1493866550,  999018677,  831716935,
        856474434, 1102071333, 3582712606,  837248002, 1223591968,
       3084212649, 3500817094, 2639894996, 2603605598,  426211055,
        440901265, 2086883913,  978330450,  717313159, 2120792988,
        684062885, 2532077080,   78512512,  642913006, 2775303407,
        293950778, 2688302839, 3703873348,  969366750,  223431999,
        904062679, 1886425829, 3957434930, 2830899761,  126936345,
       2767495177, 2153667490, 2664630371,  488129710, 1469805845,
        452962462, 3882852845, 3828305699, 2578247088, 1847561646,
        102052796, 3020583951, 3700671402, 1068105674, 3642507525,
       3179363062, 3673267413,  975379797,  485930126, 2114007223,
       3963975349, 2349788993, 1222563194, 2911809359, 4131881001,
       2210389769, 1881411871, 1413606271, 3824674060, 3900343916,
       1534433921, 3177813178, 1469837165,  778314424, 1408788409,
       1657173244, 3415921097, 1713642510, 3153857650, 3096729542,
       1979352692, 1342692388,  545619487, 1101959460, 4156265258,
       2704190074,  123403075, 1953263827, 2987044007, 1110029144,
       2021808106, 4247755790, 1330667518, 1627387456,  878248543,
        431637414, 2478801604, 3126592469,  871970451, 2198645336,
       2360272270, 1958487259,  998952811, 3325209638, 4020750928,
       2730151316,  532859305, 1935874055, 3806983007,  485374140,
       3684703932, 2308356546, 1689673553, 1294076327, 3904692011,
       4240157989, 2688908891, 2412039154,  890766609, 3503983230,
       3747827142, 4211808139, 2010900429, 1390011953, 1112414881,
       1299756737, 3109247276, 2414075048, 1133949946, 2849087091,
       2975715908, 1103125517, 1221313955, 2016331923, 2785552393,
       1068059730, 3493463477,  669859294,  843900765, 3569841034,
       2878393375, 1512712904, 4033166409,  785269690, 2470241617,
       3580048592, 3087594505,  907475482, 3590967027, 1870491149,
        873396420,  187447656, 4219265956, 3763816996, 1753434308,
       3260154728, 2440617488, 2466782471,  973049706, 1870698501,
        199825888, 1113391245, 2984560939,  814284512,  461354691,
       2932973760, 2997266706, 1240382261, 2849551664, 4037496764,
       2670694820, 2900654247, 1732176019, 3309697485,  341020185,
       2877434621, 1777548785, 1934824662, 1591984277, 2070579673,
       3460123775, 4192082067, 2246681906, 2635384201,  729604813,
       3981303478, 2338222735, 2551496643,   65045762, 2591246861,
       1860228668,  435873832,  874309294, 2556068812, 1682124932,
       3632295166, 2129062500, 1769162394, 3055898007,   34061451,
       4116256512, 2851435545, 3321727163, 4190726542, 1749992949,
       2526005840,  908253540, 2137479991, 2496155266, 2742948147,
       1455742160, 3179215105, 3446253948, 3768729650, 2714823903,
        883313609, 1159082689, 2192338909, 3640804909,  140046268,
       2769693955, 1846234078, 4282131540,  888229516, 4235269021,
       3460470498, 1065253685,  912775538, 2833463535, 3194938076,
       1668305554,   22894638,  448834972,  185476056, 1496012822,
       3193393782,  843849375,  568446863, 2743264313, 3863974417,
       4244534846, 2991625719, 1973832640, 4115292948, 2052561116,
        909250969, 1630479509,  529604905, 3563728995, 3293656183,
       2088975703, 1194468862, 1750657958,  438261896, 2084970345,
       3158949016, 2616342268, 3893855207, 3904744326, 3743206901,
       1103145946, 3085587195, 1386108627, 2607966778, 2988541864,
        822159149, 2425398483, 4266219005, 1778438822, 4163949923,
       1975902037,    6665479,  160952938,  311165728, 3257539240,
         26978511,  912392120, 3134488987, 2514222122, 1689898834,
       2415097376,  323413997, 3977639955, 3428166001, 1406271631,
        102477777, 3632802417,  891502686, 1160428866, 3575958525,
       1957225697, 4142069904,  267538827, 2304168200, 1012995306,
        554645361,  560471551,  960982003, 3407858163,  550768015,
        269550109, 2995059897, 1478266735, 1292160987, 2643422881,
       3407183191, 3957821349, 2627390498, 2928034710, 2979235400,
       1644681631, 3631885350,  932199952, 1676562854,  737100381,
       1569664976, 3419949627, 3978164563, 4088135484, 2770207882,
       1719501521, 1025302002,  442715227, 3900936621], dtype=uint32), 73, 1, 0.41173928676847604), 'sampling_duration': 1113.7692241668701, 'theta_labels': ['mass', 'logzsol', 'dust2', 'tage', 'tau'], 'bestfit': {'parameter': array([ 1.33366456e+10, -1.00337129e+00,  5.52528249e-01,  3.22025671e+00,
        1.07777529e-01]), 'photometry': array([2.47053322e-07, 9.01313849e-07, 1.59757228e-06, 1.21919930e-06,
       2.02022223e-06, 2.72865901e-06, 3.20321217e-06, 2.10200712e-06,
       1.14230508e-06, 3.82595071e-06]), 'restframe_wavelengths': array([9.100e+01, 9.400e+01, 9.600e+01, ..., 9.817e+07, 9.908e+07,
       1.000e+08]), 'spectrum': array([ 8.22550781e-11, -9.26778424e-14, -1.55377328e-15, ...,
        2.89349234e-09,  2.81716226e-09,  2.66196622e-09]), 'mfrac': 0.5959271502657123}, 'optimization': {}, 'obs': {'maggies': array([2.38124435e-07, 8.82159771e-07, 1.65541336e-06, 1.20249317e-06,
       2.14579982e-06, 2.89171888e-06, 2.92200594e-06, 2.39060936e-06,
       1.30506672e-06, 1.22461620e-06]), 'maggies_unc': array([1.40365254e-08, 4.06249588e-08, 7.62346026e-08, 5.53768572e-08,
       9.88177337e-08, 1.33168576e-07, 1.34563347e-07, 2.20183259e-07,
       1.20201087e-07, 1.12791320e-07]), 'phot_mask': array([ True,  True,  True,  True,  True,  True,  True, False, False,
       False]), 'filternames': ['uvot_u', 'uvot_b', 'uvot_v', 'ps_g', 'ps_r', 'ps_i', 'ps_z', 'wise_w1', 'wise_w2', 'wise_w3'], 'filters': [<class 'sedpy.observate.Filter'>(uvot_u), <class 'sedpy.observate.Filter'>(uvot_b), <class 'sedpy.observate.Filter'>(uvot_v), <class 'sedpy.observate.Filter'>(ps_g), <class 'sedpy.observate.Filter'>(ps_r), <class 'sedpy.observate.Filter'>(ps_i), <class 'sedpy.observate.Filter'>(ps_z), <class 'sedpy.observate.Filter'>(wise_w1), <class 'sedpy.observate.Filter'>(wise_w2), <class 'sedpy.observate.Filter'>(wise_w3)], 'logify_spectrum': False, 'ndof': 7, 'objid': 'AT2019qiz', 'spectrum': None, 'unc': None, 'wavelength': None}, 'model': None} {'maggies': array([2.38124435e-07, 8.82159771e-07, 1.65541336e-06, 1.20249317e-06,
       2.14579982e-06, 2.89171888e-06, 2.92200594e-06, 2.39060936e-06,
       1.30506672e-06, 1.22461620e-06]), 'maggies_unc': array([1.40365254e-08, 4.06249588e-08, 7.62346026e-08, 5.53768572e-08,
       9.88177337e-08, 1.33168576e-07, 1.34563347e-07, 2.20183259e-07,
       1.20201087e-07, 1.12791320e-07]), 'phot_mask': array([ True,  True,  True,  True,  True,  True,  True, False, False,
       False]), 'filternames': ['uvot_u', 'uvot_b', 'uvot_v', 'ps_g', 'ps_r', 'ps_i', 'ps_z', 'wise_w1', 'wise_w2', 'wise_w3'], 'filters': [<class 'sedpy.observate.Filter'>(uvot_u), <class 'sedpy.observate.Filter'>(uvot_b), <class 'sedpy.observate.Filter'>(uvot_v), <class 'sedpy.observate.Filter'>(ps_g), <class 'sedpy.observate.Filter'>(ps_r), <class 'sedpy.observate.Filter'>(ps_i), <class 'sedpy.observate.Filter'>(ps_z), <class 'sedpy.observate.Filter'>(wise_w1), <class 'sedpy.observate.Filter'>(wise_w2), <class 'sedpy.observate.Filter'>(wise_w3)], 'logify_spectrum': False, 'ndof': 7, 'objid': 'AT2019qiz', 'spectrum': None, 'unc': None, 'wavelength': None} None

Detailed performance metrics for this job will be available at https://metrics.hpc.arizona.edu/#job_viewer?action=show&realm=SUPREMM&resource_id=73&local_job_id=8533485 by 8am on 2023/11/08.
