{'model_params': [{'N': 1, 'isfree': False, 'init': 0.0458, 'units': 'redshift', 'prior': b'\x80\x02cprospect.models.priors\nTopHat\nq\x00)\x81q\x01}q\x02(X\x05\x00\x00\x00aliasq\x03}q\x04(X\x04\x00\x00\x00miniq\x05h\x05X\x04\x00\x00\x00maxiq\x06h\x06uX\x06\x00\x00\x00paramsq\x07}q\x08(h\x05G\x00\x00\x00\x00\x00\x00\x00\x00h\x06G@\x10\x00\x00\x00\x00\x00\x00uX\x04\x00\x00\x00nameq\tX\x00\x00\x00\x00q\nub.', 'name': 'zred'}, {'N': 1, 'isfree': True, 'init': 10000000000.0, 'units': 'Solar masses formed', 'prior': b'\x80\x02cprospect.models.priors\nLogUniform\nq\x00)\x81q\x01}q\x02(X\x05\x00\x00\x00aliasq\x03}q\x04(X\x04\x00\x00\x00miniq\x05h\x05X\x04\x00\x00\x00maxiq\x06h\x06uX\x06\x00\x00\x00paramsq\x07}q\x08(h\x05GA\x97\xd7\x84\x00\x00\x00\x00h\x06GBm\x1a\x94\xa2\x00\x00\x00uX\x04\x00\x00\x00nameq\tX\x00\x00\x00\x00q\nub.', 'init_disp': 10000000.0, 'name': 'mass'}, {'N': 1, 'isfree': True, 'init': -0.3, 'units': '$\\log (Z/Z_\\odot)$', 'prior': b'\x80\x02cprospect.models.priors\nTopHat\nq\x00)\x81q\x01}q\x02(X\x05\x00\x00\x00aliasq\x03}q\x04(X\x04\x00\x00\x00miniq\x05h\x05X\x04\x00\x00\x00maxiq\x06h\x06uX\x06\x00\x00\x00paramsq\x07}q\x08(h\x05G\xbf\xfc\xcc\xcc\xcc\xcc\xcc\xcdh\x06G?\xc9\x99\x99\x99\x99\x99\x9auX\x04\x00\x00\x00nameq\tX\x00\x00\x00\x00q\nub.', 'name': 'logzsol'}, {'N': 1, 'isfree': True, 'init': 0.4, 'units': 'optical depth at 5500AA', 'prior': b'\x80\x02cprospect.models.priors\nTopHat\nq\x00)\x81q\x01}q\x02(X\x05\x00\x00\x00aliasq\x03}q\x04(X\x04\x00\x00\x00miniq\x05h\x05X\x04\x00\x00\x00maxiq\x06h\x06uX\x06\x00\x00\x00paramsq\x07}q\x08(h\x05G\x00\x00\x00\x00\x00\x00\x00\x00h\x06G?\xf0\x00\x00\x00\x00\x00\x00uX\x04\x00\x00\x00nameq\tX\x00\x00\x00\x00q\nub.', 'name': 'dust2'}, {'N': 1, 'isfree': False, 'init': 4, 'units': 'FSPS index', 'name': 'sfh'}, {'N': 1, 'isfree': True, 'init': 5000000000.0, 'units': 'Gyr', 'prior': b'\x80\x02cprospect.models.priors\nLogUniform\nq\x00)\x81q\x01}q\x02(X\x05\x00\x00\x00aliasq\x03}q\x04(X\x04\x00\x00\x00miniq\x05h\x05X\x04\x00\x00\x00maxiq\x06h\x06uX\x06\x00\x00\x00paramsq\x07}q\x08(h\x05G?\xb9\x99\x99\x99\x99\x99\x9ah\x06G@)-\xb2\xb7;/\x7fuX\x04\x00\x00\x00nameq\tX\x00\x00\x00\x00q\nub.', 'init_disp': 5.0, 'name': 'tage'}, {'N': 1, 'isfree': False, 'init': 1, 'name': 'imf_type'}, {'N': 1, 'isfree': False, 'init': 2, 'name': 'dust_type'}, {'N': 1, 'isfree': True, 'init': 1, 'units': 'Gyr^{-1}', 'prior': b'\x80\x02cprospect.models.priors\nLogUniform\nq\x00)\x81q\x01}q\x02(X\x05\x00\x00\x00aliasq\x03}q\x04(X\x04\x00\x00\x00miniq\x05h\x05X\x04\x00\x00\x00maxiq\x06h\x06uX\x06\x00\x00\x00paramsq\x07}q\x08(h\x05G?\xb9\x99\x99\x99\x99\x99\x9ah\x06G@$\x00\x00\x00\x00\x00\x00uX\x04\x00\x00\x00nameq\tX\x00\x00\x00\x00q\nub.', 'init_disp': 3.0, 'name': 'tau'}], 'optimizer_duration': 0.0, 'paramfile_text': '', 'prospector_version': "Can't get version number.", 'run_params': {'verbose': True, 'data': {'maggies': [1.789849724922711e-10, 3.148331441481489e-09, 2.4145003278859386e-08, 1.0065560068857412e-07, 1.6464197534482567e-07, 2.1018334697746187e-07, 2.505157177208595e-07, 1.818025623774263e-07, 1.1587773561551262e-07, 0.0], 'maggies_unc': [2.5359338024650635e-10, 2.402169900877512e-10, 1.1119184924038796e-09, 4.635361713437439e-09, 7.582043162201777e-09, 9.679300830917977e-09, 1.153667514369511e-08, 8.372317399967638e-09, 5.336366932763692e-09, 5.788552870576343e-08], 'mags': [24.367958576707405, 21.254798883579934, 19.04293182821754, 17.492905137619616, 16.958648579908136, 16.693504241253496, 16.502912551684528, 16.851, 17.34, 17.341], 'mags_unc': [1.5383163758762848, 0.08284143140074463, 0.05, 0.05, 0.05, 0.05, 0.05, 0.05, 0.05, 0.05], 'filternames': ['galex_FUV', 'galex_NUV', 'sdss_u0', 'sdss_g0', 'sdss_r0', 'sdss_i0', 'sdss_z0', 'wise_w1', 'wise_w2', 'wise_w3'], 'photmask': [True, True, True, True, True, True, True, False, False, False], 'redshift': 0.0458}, 'tdename': 'AT2018hyz', 'nwalkers': 100, 'nburn': [500], 'niter': 500, 'object_redshift': 0.0458}, 'acceptance': array([0.392, 0.006, 0.358, 0.45 , 0.34 , 0.12 , 0.404, 0.36 , 0.352,
       0.134, 0.284, 0.468, 0.366, 0.366, 0.35 , 0.244, 0.298, 0.398,
       0.266, 0.432, 0.388, 0.35 , 0.274, 0.348, 0.386, 0.438, 0.342,
       0.204, 0.424, 0.398, 0.374, 0.464, 0.35 , 0.   , 0.32 , 0.31 ,
       0.356, 0.332, 0.438, 0.46 , 0.41 , 0.34 , 0.456, 0.38 , 0.418,
       0.43 , 0.426, 0.332, 0.394, 0.37 , 0.368, 0.42 , 0.432, 0.418,
       0.384, 0.33 , 0.368, 0.402, 0.312, 0.34 , 0.396, 0.364, 0.324,
       0.358, 0.438, 0.3  , 0.406, 0.406, 0.416, 0.388, 0.386, 0.45 ,
       0.416, 0.348, 0.452, 0.402, 0.386, 0.334, 0.1  , 0.442, 0.38 ,
       0.37 , 0.372, 0.354, 0.378, 0.43 , 0.36 , 0.404, 0.354, 0.396,
       0.32 , 0.426, 0.39 , 0.364, 0.454, 0.386, 0.438, 0.448, 0.306,
       0.444]), 'chain': array([[[ 1.32305272e+10, -1.74840712e+00,  4.46685821e-01,
          5.49658165e+00,  2.60331036e-01],
        [ 1.32305272e+10, -1.74840712e+00,  4.46685821e-01,
          5.49658165e+00,  2.60331036e-01],
        [ 1.32197796e+10, -1.74846067e+00,  4.48076058e-01,
          5.47663889e+00,  2.58677771e-01],
        ...,
        [ 1.25887852e+10, -1.78350208e+00,  3.18833468e-01,
          5.74514236e+00,  1.02669005e-01],
        [ 1.25887852e+10, -1.78350208e+00,  3.18833468e-01,
          5.74514236e+00,  1.02669005e-01],
        [ 1.25887852e+10, -1.78350208e+00,  3.18833468e-01,
          5.74514236e+00,  1.02669005e-01]],

       [[ 1.00216092e+10, -3.14131207e-01,  6.77052801e-01,
          1.25237457e+01,  5.18726585e+00],
        [ 1.00216092e+10, -3.14131207e-01,  6.77052801e-01,
          1.25237457e+01,  5.18726585e+00],
        [ 1.00216092e+10, -3.14131207e-01,  6.77052801e-01,
          1.25237457e+01,  5.18726585e+00],
        ...,
        [ 1.00063796e+10, -1.75052296e-01,  8.13807663e-01,
          1.25806109e+01,  5.99967102e+00],
        [ 1.00063796e+10, -1.75052296e-01,  8.13807663e-01,
          1.25806109e+01,  5.99967102e+00],
        [ 1.00063796e+10, -1.75052296e-01,  8.13807663e-01,
          1.25806109e+01,  5.99967102e+00]],

       [[ 1.25933347e+10, -1.79054047e+00,  3.99500651e-01,
          5.88440182e+00,  3.70572436e-01],
        [ 1.36081002e+10, -1.78771385e+00,  3.98916448e-01,
          6.65410309e+00,  4.97256753e-01],
        [ 1.36081002e+10, -1.78771385e+00,  3.98916448e-01,
          6.65410309e+00,  4.97256753e-01],
        ...,
        [ 6.41578133e+09, -5.44244518e-01,  1.39725711e-01,
          2.36290819e+00,  1.17176823e-01],
        [ 5.93438895e+09, -4.36886771e-01,  1.09190085e-01,
          2.11127803e+00,  1.18893835e-01],
        [ 5.93438895e+09, -4.36886771e-01,  1.09190085e-01,
          2.11127803e+00,  1.18893835e-01]],

       ...,

       [[ 1.07875302e+10, -1.12265039e+00,  1.80706693e-01,
          4.92510383e+00,  1.39129661e-01],
        [ 1.07875302e+10, -1.12265039e+00,  1.80706693e-01,
          4.92510383e+00,  1.39129661e-01],
        [ 1.07875302e+10, -1.12265039e+00,  1.80706693e-01,
          4.92510383e+00,  1.39129661e-01],
        ...,
        [ 9.88867470e+09, -9.74949005e-01,  1.19783477e-01,
          5.56055318e+00,  5.11273293e-01],
        [ 9.88867470e+09, -9.74949005e-01,  1.19783477e-01,
          5.56055318e+00,  5.11273293e-01],
        [ 1.02983942e+10, -1.03802585e+00,  1.26620831e-01,
          5.97440579e+00,  5.67568488e-01]],

       [[ 1.35942515e+10, -1.64745273e+00,  2.94338123e-01,
          7.82728737e+00,  7.33305427e-01],
        [ 1.35942515e+10, -1.64745273e+00,  2.94338123e-01,
          7.82728737e+00,  7.33305427e-01],
        [ 1.35942515e+10, -1.64745273e+00,  2.94338123e-01,
          7.82728737e+00,  7.33305427e-01],
        ...,
        [ 1.20489826e+10, -1.47664055e+00,  3.21985695e-01,
          5.40236284e+00,  1.92886360e-01],
        [ 1.18617037e+10, -1.44873982e+00,  3.12784963e-01,
          5.32671362e+00,  1.91996356e-01],
        [ 1.05428430e+10, -1.22359686e+00,  2.67483964e-01,
          4.61126122e+00,  1.75730636e-01]],

       [[ 1.22150914e+10, -1.73639167e+00,  5.54259557e-01,
          4.25697827e+00,  2.02663028e-01],
        [ 1.22150914e+10, -1.73639167e+00,  5.54259557e-01,
          4.25697827e+00,  2.02663028e-01],
        [ 1.22150914e+10, -1.73639167e+00,  5.54259557e-01,
          4.25697827e+00,  2.02663028e-01],
        ...,
        [ 1.26573409e+10, -1.42917399e+00,  2.05917313e-01,
          6.69185331e+00,  2.94261597e-01],
        [ 1.25509992e+10, -1.42558457e+00,  2.21360209e-01,
          6.55153668e+00,  2.95122719e-01],
        [ 1.25509992e+10, -1.42558457e+00,  2.21360209e-01,
          6.55153668e+00,  2.95122719e-01]]]), 'initial_theta': array([ 1.e+10, -3.e-01,  4.e-01,  5.e+09,  1.e+00]), 'lnprobability': array([[  102.31549732,   102.31549732,   102.3045673 , ...,
          102.35191215,   102.35191215,   102.35191215],
       [-1008.23667731, -1008.23667731, -1008.23667731, ...,
         -622.38968637,  -622.38968637,  -622.38968637],
       [  101.93962662,   101.75941317,   101.75941317, ...,
          104.33178665,   104.98385178,   104.98385178],
       ...,
       [  102.53905702,   102.53905702,   102.53905702, ...,
          101.01784281,   101.01784281,    99.56119455],
       [   99.58182296,    99.58182296,    99.58182296, ...,
          102.72710933,   102.73746946,   103.00786002],
       [   99.33370635,    99.33370635,    99.33370635, ...,
          101.19415316,   101.37442347,   101.37442347]]), 'sampling_initial_center': array([], dtype=float64), 'rstate': ('MT19937', array([1005690257,  654354797,    3432217, 3213039288, 2669972684,
       2548516126,  912775483, 1244320293, 3567359997, 1883824362,
       3772998352, 3815988863, 1043268516, 2324872303, 1418412486,
       3620773708,  744651178, 1600286758, 1001141703,  367145073,
       3567862559,  317671905, 4115818715, 2579349014, 2565134319,
       2102285114,  793064458, 1356676804,  465882586, 1195661436,
        439179728,  380317032, 2378427502, 3524555451, 1770433441,
       1850071386, 1944812016, 1217436072,  841054117, 2404231471,
       1760090549,  528579466, 3069578617, 1712518989, 1605694275,
       2925502995,   65625379, 3617403380, 3151884183, 3156195727,
       1382807168,  155517903, 1429835771, 2323869170, 3803260774,
       1647012166,  577440972,  675975720, 1628879086, 3685008330,
       3284755416,  671777717, 1135801105, 2951895758, 4001610729,
       4227966052,  778158807,  131007178, 1996774525, 1449296646,
       1652897825, 3867468892, 2883509962, 2365289739, 1927812427,
        310898631, 3160577043, 1773048155, 3275126602, 4146195429,
       1959102746, 2510738212, 1269112513, 2665742387, 1333595992,
        191359125,  589367802, 1920331601, 3726798943, 3980036894,
       2232543399, 2348792922,  599366869, 3260370303, 3125422101,
         28114488, 3012192195,  116472706, 1783777979, 1053153356,
        572883446, 3304513109, 2491105010, 1559446960,  519230437,
        243307874, 1339563804, 3591833469, 1864693046, 3418597591,
       3054872681, 2205764459, 3669081063,  645736626, 3566198943,
       2589716638, 2768885421, 1929313156, 1656093648, 2622115976,
       4175086324, 3662717726, 1112388899, 4202607154, 2326050382,
       2466906119,  281361266, 3903893902,  160886669, 4103252756,
        936963265, 2305351370, 1769670328, 2138885446, 1710903050,
       3923064587,  664616043,  810002923, 2011947420, 1253656346,
       2545095821, 3935726054, 2660052823, 1333472561, 3848029706,
       2473975222, 1099428677,  132502677, 1431621413, 2606267498,
       3349937826, 4088710847,  725186552, 4253239825, 1182484651,
       2876493985, 2924516705, 2435508813, 4079464191, 1080826782,
       2750989381,  210396023, 1257805531, 3125046538, 3360226768,
       4080197860, 3154004621, 3125683576, 2737572953, 4072839251,
       1415663483, 3455916845, 3649248256, 2913613001,  879779782,
        675691197, 3848385275, 3254292766, 4154595306,  699793713,
       2337159053, 1216373276, 3497095732, 4245647912, 1587469307,
       3554583138,  404836375,  399026591, 2068237552,  868941231,
       1155625897, 2094529732, 1160093248, 2795509429, 3836481763,
       4290813009, 1565872228, 1837995051,  930072090,  230201930,
       1489346453, 3203072528, 3014684102, 3936590412,  727093002,
       2392853965, 2541440371, 3100684543,  247313868, 3243255689,
       1160245562, 2683840829, 3619860119,  736948522, 4001406504,
       3290850371,  796635628, 3521376529,  590910695, 2739852616,
        828814786,  252853408, 3685079223,   49031890,  699298418,
       3695825544,  118045982,  790279744, 3465105064, 3101441134,
       3125197166,  700702510, 1269884442, 1016272489,  556032013,
        626627888, 2662561166, 2711768092, 1421676740, 1347595880,
       1781912926, 3604979454,  936610988, 1626240400, 1176847864,
       3286813846, 2476240086, 2260700025, 1746594871, 1767480090,
       2039807915, 3611970458, 1583246121, 1751461946, 1159867861,
       1514806185, 1910993743, 1822840041,  694659708, 2989761523,
       2075621526, 3875109497, 2878599384, 3308826506, 3827642647,
       2965986011, 1892395495,  572981176,  574686641, 1244969735,
        659617104, 3050476520, 2961076209,  370646477, 4073189774,
       2852620929, 2607031126, 2854826509, 2587862665, 2405058466,
       2237383519,  729685472, 2036692573, 1518048397, 2914352190,
       2433959419, 3246590406, 2486244041, 3312946386, 1863498055,
       2173180248, 2667506937,  915577250, 3333647737,  272839541,
       3999329560, 3903288974, 2357876118, 4287024659, 3263373732,
       3337848964, 3635799355, 1093557665, 1105393779, 1219207084,
        488066259, 2629979443, 3402278928, 2813495488, 2230280729,
       2870066579, 3561904595, 2509293121,  283943631, 3101390379,
           741732, 2177321093,   67686913, 2459789039, 2884283925,
       1652135962, 4102881114,  729775153, 1712491220, 1441754028,
       1580290243, 3457081711, 1310393494, 1584245688, 2449262998,
        899200512, 1198421500, 1790477357, 1715659869, 2808339042,
       4066922839, 1386173729, 2544001450, 1035338843, 3740371674,
       2957646766,  113473205, 1195497271, 2068420965, 1564309494,
        985571266, 3325388528, 2494650444,  453548161,   70212080,
        664118849, 3899213125,    6017799, 1931129210, 1583333274,
       1671304014, 3442858824, 4155533940,  973889120, 1449380795,
        365795326, 1747794576, 3469957799, 3115389903, 2971195112,
       1740233397, 4247387371, 3599042801,  126616446, 1012382132,
       2820835567, 3550137804, 4223033300, 1800776585, 2109179463,
       3495002859, 3955962563, 1492297084, 3918478973, 1719060719,
       4197441430,  776364203,  107199899,  979686798, 3883884579,
       1025421034, 4133804844, 3338944680, 3345941697, 1930234092,
       1278669956, 1447579427, 1477822470,  502270348,  627510785,
       1502139715, 2531224063,  590750585, 1103041735, 1652048241,
        546680408,  539948870, 1722960332, 1571796475, 2564275837,
       3426962439, 1273029450,  325564407, 1427605922, 1616044032,
        376886473, 2560722811, 2276359437, 1428087019, 2824659092,
        224766179, 1461334393, 3938865908, 2267061478, 3771155609,
       1577941048,  324168706, 1975707757, 3771661257, 1849055949,
       2063087639, 1056488987, 2455533176, 3813392291, 2652363232,
       1110654551, 2869787579,  718114915, 2092490766,  640282129,
       3672255824, 1400619857, 1420034026, 2918547265, 2615307116,
       2344504221, 1122284566, 2140206074, 2165403269,  702437916,
       2471343997, 3958253322, 1423709387,  221649729,  310852340,
        902961656, 3447638322, 1196060539, 4151032006, 4194614429,
       1119483571,   14779323, 1269689058, 2952510392, 3279685861,
       3721737523, 2966297778, 3005676865, 2783052176, 2735153009,
       3533959397,  218402073, 2563594150,  591464828, 2972933056,
        202058217,  834691584, 1056346389,   28997794, 3106773661,
       1912012877, 2507693427, 2498406778, 1268614023, 3371875906,
       2202272327,  299737375, 4080887209, 1891948935, 2419882662,
       2526404301, 2601313579,  245171470, 3540247275, 3583868604,
       3858652812, 1201555555,  929833142, 2467609017, 1690229815,
       3871688132, 3840243896, 1548028668, 2001718615, 1015018357,
       2924202811, 3496218891, 4264646016, 2333169082, 3606060161,
       1925730222, 2046660097, 3993232611, 2652119953,  371783502,
       1794348420, 3968057087, 4029554779, 4075366737, 3439416929,
       1933709127, 4248628148, 2010459069, 3633474707,  583333618,
       2698916785, 2879604198,  480749348,  743036901, 2959313743,
       3622892488, 1565574127,  165374413, 3283732591, 3749365882,
       1873611960,  657263709, 2231058717, 2780247061, 1315589246,
       2427607469, 1757071833, 2917659697, 1373437006, 3208671043,
       1727735210, 3831156963,  462488304, 1621021842, 2985731955,
        312525620, 1704727612, 1280046773,  852565081, 3011244548,
       1889006602, 1738992606, 3487916551, 3590177171,  751679656,
       1541010281, 1738222541, 1641336042,  406378445, 2853282894,
        209537974, 2849470339,   15459704,  239612462,   57117763,
        997298934,  721912402,  974064639,  140654240,  496914949,
        827663274, 3337515821, 3645197061, 3514630889,  396767685,
       2089368948, 3264261113, 1291631364, 1544472019,  101730083,
       4157740445, 3509604591, 3083359977, 1426785075, 2221278975,
       2125430637, 4020697343, 2128183781, 1588353471,  236323168,
       1813524457, 2097299280, 2133062239, 2440011486, 3400397362,
       3771036469, 2870768319, 1570559214,  822255566, 3779170466,
        228990214, 1006285936, 2177080876, 2128086200, 2106976591,
       1449548219, 3440361285, 3625008522, 3536278381, 2194525909,
       1017964238, 1800056956, 2497290286,  255217222,  946776920,
        418622319, 1031162548,  747387278, 3443306376,  873631857,
         67933288,   96662518,  864157155, 1378818024], dtype=uint32), 45, 1, -1.9298644927517734), 'sampling_duration': 1098.2786786556244, 'theta_labels': ['mass', 'logzsol', 'dust2', 'tage', 'tau'], 'bestfit': {'parameter': array([ 4.71617929e+09, -1.39212219e-01,  7.26247713e-02,  1.61603305e+00,
        1.22269432e-01]), 'photometry': array([1.45675214e-10, 3.08092882e-09, 2.50686635e-08, 9.92641968e-08,
       1.65714840e-07, 2.07430017e-07, 2.56813515e-07, 1.71142090e-07,
       9.82197179e-08, 7.06382153e-08]), 'restframe_wavelengths': array([9.100e+01, 9.400e+01, 9.600e+01, ..., 9.817e+07, 9.908e+07,
       1.000e+08]), 'spectrum': array([ 7.62437072e-13, -1.13798024e-15, -1.61308721e-17, ...,
        2.68080387e-11,  2.61008253e-11,  2.46627277e-11]), 'mfrac': 0.6490951257753342}, 'optimization': {}, 'obs': {'maggies': array([1.78984972e-10, 3.14833144e-09, 2.41450033e-08, 1.00655601e-07,
       1.64641975e-07, 2.10183347e-07, 2.50515718e-07, 1.81802562e-07,
       1.15877736e-07, 0.00000000e+00]), 'maggies_unc': array([2.53593380e-10, 2.40216990e-10, 1.11191849e-09, 4.63536171e-09,
       7.58204316e-09, 9.67930083e-09, 1.15366751e-08, 8.37231740e-09,
       5.33636693e-09, 5.78855287e-08]), 'phot_mask': array([ True,  True,  True,  True,  True,  True,  True, False, False,
       False]), 'filternames': ['galex_FUV', 'galex_NUV', 'sdss_u0', 'sdss_g0', 'sdss_r0', 'sdss_i0', 'sdss_z0', 'wise_w1', 'wise_w2', 'wise_w3'], 'filters': [<class 'sedpy.observate.Filter'>(galex_FUV), <class 'sedpy.observate.Filter'>(galex_NUV), <class 'sedpy.observate.Filter'>(sdss_u0), <class 'sedpy.observate.Filter'>(sdss_g0), <class 'sedpy.observate.Filter'>(sdss_r0), <class 'sedpy.observate.Filter'>(sdss_i0), <class 'sedpy.observate.Filter'>(sdss_z0), <class 'sedpy.observate.Filter'>(wise_w1), <class 'sedpy.observate.Filter'>(wise_w2), <class 'sedpy.observate.Filter'>(wise_w3)], 'logify_spectrum': False, 'ndof': 7, 'objid': 'AT2018hyz', 'spectrum': None, 'unc': None, 'wavelength': None}, 'model': None} {'maggies': array([1.78984972e-10, 3.14833144e-09, 2.41450033e-08, 1.00655601e-07,
       1.64641975e-07, 2.10183347e-07, 2.50515718e-07, 1.81802562e-07,
       1.15877736e-07, 0.00000000e+00]), 'maggies_unc': array([2.53593380e-10, 2.40216990e-10, 1.11191849e-09, 4.63536171e-09,
       7.58204316e-09, 9.67930083e-09, 1.15366751e-08, 8.37231740e-09,
       5.33636693e-09, 5.78855287e-08]), 'phot_mask': array([ True,  True,  True,  True,  True,  True,  True, False, False,
       False]), 'filternames': ['galex_FUV', 'galex_NUV', 'sdss_u0', 'sdss_g0', 'sdss_r0', 'sdss_i0', 'sdss_z0', 'wise_w1', 'wise_w2', 'wise_w3'], 'filters': [<class 'sedpy.observate.Filter'>(galex_FUV), <class 'sedpy.observate.Filter'>(galex_NUV), <class 'sedpy.observate.Filter'>(sdss_u0), <class 'sedpy.observate.Filter'>(sdss_g0), <class 'sedpy.observate.Filter'>(sdss_r0), <class 'sedpy.observate.Filter'>(sdss_i0), <class 'sedpy.observate.Filter'>(sdss_z0), <class 'sedpy.observate.Filter'>(wise_w1), <class 'sedpy.observate.Filter'>(wise_w2), <class 'sedpy.observate.Filter'>(wise_w3)], 'logify_spectrum': False, 'ndof': 7, 'objid': 'AT2018hyz', 'spectrum': None, 'unc': None, 'wavelength': None} None

Detailed performance metrics for this job will be available at https://metrics.hpc.arizona.edu/#job_viewer?action=show&realm=SUPREMM&resource_id=73&local_job_id=8533472 by 8am on 2023/11/08.
