{'model_params': [{'N': 1, 'isfree': False, 'init': 0.0222, 'units': 'redshift', 'prior': b'\x80\x02cprospect.models.priors\nTopHat\nq\x00)\x81q\x01}q\x02(X\x05\x00\x00\x00aliasq\x03}q\x04(X\x04\x00\x00\x00miniq\x05h\x05X\x04\x00\x00\x00maxiq\x06h\x06uX\x06\x00\x00\x00paramsq\x07}q\x08(h\x05G\x00\x00\x00\x00\x00\x00\x00\x00h\x06G@\x10\x00\x00\x00\x00\x00\x00uX\x04\x00\x00\x00nameq\tX\x00\x00\x00\x00q\nub.', 'name': 'zred'}, {'N': 1, 'isfree': True, 'init': 10000000000.0, 'units': 'Solar masses formed', 'prior': b'\x80\x02cprospect.models.priors\nLogUniform\nq\x00)\x81q\x01}q\x02(X\x05\x00\x00\x00aliasq\x03}q\x04(X\x04\x00\x00\x00miniq\x05h\x05X\x04\x00\x00\x00maxiq\x06h\x06uX\x06\x00\x00\x00paramsq\x07}q\x08(h\x05GA\x97\xd7\x84\x00\x00\x00\x00h\x06GBm\x1a\x94\xa2\x00\x00\x00uX\x04\x00\x00\x00nameq\tX\x00\x00\x00\x00q\nub.', 'init_disp': 10000000.0, 'name': 'mass'}, {'N': 1, 'isfree': True, 'init': -0.3, 'units': '$\\log (Z/Z_\\odot)$', 'prior': b'\x80\x02cprospect.models.priors\nTopHat\nq\x00)\x81q\x01}q\x02(X\x05\x00\x00\x00aliasq\x03}q\x04(X\x04\x00\x00\x00miniq\x05h\x05X\x04\x00\x00\x00maxiq\x06h\x06uX\x06\x00\x00\x00paramsq\x07}q\x08(h\x05G\xbf\xfc\xcc\xcc\xcc\xcc\xcc\xcdh\x06G?\xc9\x99\x99\x99\x99\x99\x9auX\x04\x00\x00\x00nameq\tX\x00\x00\x00\x00q\nub.', 'name': 'logzsol'}, {'N': 1, 'isfree': True, 'init': 0.4, 'units': 'optical depth at 5500AA', 'prior': b'\x80\x02cprospect.models.priors\nTopHat\nq\x00)\x81q\x01}q\x02(X\x05\x00\x00\x00aliasq\x03}q\x04(X\x04\x00\x00\x00miniq\x05h\x05X\x04\x00\x00\x00maxiq\x06h\x06uX\x06\x00\x00\x00paramsq\x07}q\x08(h\x05G\x00\x00\x00\x00\x00\x00\x00\x00h\x06G?\xf0\x00\x00\x00\x00\x00\x00uX\x04\x00\x00\x00nameq\tX\x00\x00\x00\x00q\nub.', 'name': 'dust2'}, {'N': 1, 'isfree': False, 'init': 4, 'units': 'FSPS index', 'name': 'sfh'}, {'N': 1, 'isfree': True, 'init': 5000000000.0, 'units': 'Gyr', 'prior': b'\x80\x02cprospect.models.priors\nLogUniform\nq\x00)\x81q\x01}q\x02(X\x05\x00\x00\x00aliasq\x03}q\x04(X\x04\x00\x00\x00miniq\x05h\x05X\x04\x00\x00\x00maxiq\x06h\x06uX\x06\x00\x00\x00paramsq\x07}q\x08(h\x05G?\xb9\x99\x99\x99\x99\x99\x9ah\x06G@)-\xb2\xb7;/\x7fuX\x04\x00\x00\x00nameq\tX\x00\x00\x00\x00q\nub.', 'init_disp': 5.0, 'name': 'tage'}, {'N': 1, 'isfree': False, 'init': 1, 'name': 'imf_type'}, {'N': 1, 'isfree': False, 'init': 2, 'name': 'dust_type'}, {'N': 1, 'isfree': True, 'init': 1, 'units': 'Gyr^{-1}', 'prior': b'\x80\x02cprospect.models.priors\nLogUniform\nq\x00)\x81q\x01}q\x02(X\x05\x00\x00\x00aliasq\x03}q\x04(X\x04\x00\x00\x00miniq\x05h\x05X\x04\x00\x00\x00maxiq\x06h\x06uX\x06\x00\x00\x00paramsq\x07}q\x08(h\x05G?\xb9\x99\x99\x99\x99\x99\x9ah\x06G@$\x00\x00\x00\x00\x00\x00uX\x04\x00\x00\x00nameq\tX\x00\x00\x00\x00q\nub.', 'init_disp': 3.0, 'name': 'tau'}], 'optimizer_duration': 0.0, 'paramfile_text': '', 'prospector_version': "Can't get version number.", 'run_params': {'verbose': True, 'data': {'maggies': [8.132030474916439e-09, 4.8217682080386616e-08, 3.0425574492020317e-07, 1.1451887095289501e-06, 1.7582972794390076e-06, 2.129845438528484e-06, 2.412007889585738e-06, 1.5849864203192356e-06, 9.155871681264289e-07, 5.197965893196715e-07], 'maggies_unc': [2.4037712382674975e-09, 2.220506319540487e-09, 1.4011494854221174e-08, 5.273788902452898e-08, 8.09725820937649e-08, 9.808300714274107e-08, 1.1107706821488299e-07, 7.299132208050133e-08, 4.216434729329097e-08, 5.648654897970436e-08], 'mags': [20.224502506263292, 18.29198417713476, 16.291903031811398, 14.85280735589925, 14.387269239672776, 14.179129779700984, 14.044053189922224, 14.499936135832744, 15.09575075638445, 15.710416436195374], 'mags_unc': [0.3209360158442003, 0.05, 0.05, 0.05, 0.05, 0.05, 0.05, 0.05, 0.05, 0.11798748312177011], 'filternames': ['galex_FUV', 'galex_NUV', 'sdss_u0', 'sdss_g0', 'sdss_r0', 'sdss_i0', 'sdss_z0', 'wise_w1', 'wise_w2', 'wise_w3'], 'photmask': [True, True, True, True, True, True, True, False, False, False], 'redshift': 0.0222}, 'tdename': 'AT2019azh', 'nwalkers': 100, 'nburn': [500], 'niter': 500, 'object_redshift': 0.0222}, 'acceptance': array([0.318, 0.356, 0.392, 0.382, 0.384, 0.356, 0.178, 0.19 , 0.364,
       0.34 , 0.372, 0.386, 0.182, 0.316, 0.316, 0.29 , 0.35 , 0.386,
       0.318, 0.304, 0.296, 0.36 , 0.382, 0.05 , 0.346, 0.304, 0.352,
       0.328, 0.352, 0.312, 0.364, 0.338, 0.072, 0.328, 0.25 , 0.364,
       0.352, 0.31 , 0.352, 0.32 , 0.302, 0.284, 0.14 , 0.376, 0.384,
       0.054, 0.338, 0.238, 0.322, 0.346, 0.066, 0.238, 0.356, 0.202,
       0.4  , 0.302, 0.372, 0.31 , 0.388, 0.372, 0.336, 0.364, 0.052,
       0.37 , 0.33 , 0.276, 0.362, 0.086, 0.3  , 0.238, 0.348, 0.322,
       0.282, 0.328, 0.382, 0.174, 0.264, 0.26 , 0.052, 0.134, 0.324,
       0.242, 0.3  , 0.35 , 0.368, 0.292, 0.31 , 0.286, 0.358, 0.306,
       0.388, 0.342, 0.362, 0.348, 0.318, 0.212, 0.298, 0.356, 0.348,
       0.166]), 'chain': array([[[ 1.08604484e+10, -1.01350826e-01,  2.35418077e-01,
          1.30363650e+00,  1.22726681e-01],
        [ 1.05833153e+10, -2.84432080e-02,  1.58794577e-01,
          1.35729333e+00,  1.30800411e-01],
        [ 1.02024021e+10, -3.84708194e-02,  1.25263962e-01,
          1.36283612e+00,  1.29376843e-01],
        ...,
        [ 1.16430375e+10, -5.92143782e-01,  7.46246083e-02,
          2.08931784e+00,  1.69968027e-01],
        [ 1.16430375e+10, -5.92143782e-01,  7.46246083e-02,
          2.08931784e+00,  1.69968027e-01],
        [ 1.05733826e+10, -5.06973458e-01,  4.96669314e-02,
          1.91154142e+00,  1.66305283e-01]],

       [[ 9.07443110e+09, -1.04962201e-01,  7.73512696e-02,
          1.32008818e+00,  1.17482447e-01],
        [ 9.07443110e+09, -1.04962201e-01,  7.73512696e-02,
          1.32008818e+00,  1.17482447e-01],
        [ 9.07443110e+09, -1.04962201e-01,  7.73512696e-02,
          1.32008818e+00,  1.17482447e-01],
        ...,
        [ 1.22290393e+10,  1.24034894e-01,  3.49456509e-01,
          1.06795035e+00,  1.08141632e-01],
        [ 1.22290393e+10,  1.24034894e-01,  3.49456509e-01,
          1.06795035e+00,  1.08141632e-01],
        [ 1.22290393e+10,  1.24034894e-01,  3.49456509e-01,
          1.06795035e+00,  1.08141632e-01]],

       [[ 1.10080254e+10,  1.06007519e-01,  3.40907324e-01,
          1.06620833e+00,  1.12512295e-01],
        [ 1.09638999e+10,  9.83505657e-02,  3.30632302e-01,
          1.07444131e+00,  1.12294589e-01],
        [ 1.09638999e+10,  9.83505657e-02,  3.30632302e-01,
          1.07444131e+00,  1.12294589e-01],
        ...,
        [ 1.15682342e+10,  7.86709618e-02,  3.45860697e-01,
          1.11616814e+00,  1.16295185e-01],
        [ 1.12725736e+10,  3.08643435e-03,  3.14282425e-01,
          1.14247398e+00,  1.11569949e-01],
        [ 1.14117016e+10, -2.83561427e-02,  3.34089891e-01,
          1.16381231e+00,  1.14103375e-01]],

       ...,

       [[ 9.96904145e+09, -2.79242814e-01,  2.66191583e-01,
          1.30582593e+00,  1.14126304e-01],
        [ 9.96904145e+09, -2.79242814e-01,  2.66191583e-01,
          1.30582593e+00,  1.14126304e-01],
        [ 9.96041812e+09, -2.61455835e-01,  2.50292427e-01,
          1.30916913e+00,  1.15045778e-01],
        ...,
        [ 1.07098509e+10, -1.40771541e-01,  2.54180358e-01,
          1.19254116e+00,  1.02576535e-01],
        [ 1.07098509e+10, -1.40771541e-01,  2.54180358e-01,
          1.19254116e+00,  1.02576535e-01],
        [ 1.08069576e+10, -1.00882410e-01,  2.63739136e-01,
          1.19706886e+00,  1.09857216e-01]],

       [[ 1.05762294e+10, -1.76275409e-01,  2.58513493e-01,
          1.24228300e+00,  1.06598194e-01],
        [ 1.00311465e+10, -1.51961054e-01,  1.88691477e-01,
          1.25523538e+00,  1.03060787e-01],
        [ 9.93978138e+09, -1.46185513e-01,  1.74532093e-01,
          1.25268240e+00,  1.03838709e-01],
        ...,
        [ 1.12328441e+10, -4.96040871e-02,  3.59095333e-01,
          1.09590886e+00,  1.03803913e-01],
        [ 1.12328441e+10, -4.96040871e-02,  3.59095333e-01,
          1.09590886e+00,  1.03803913e-01],
        [ 1.12328441e+10, -4.96040871e-02,  3.59095333e-01,
          1.09590886e+00,  1.03803913e-01]],

       [[ 2.48017632e+10, -1.61152061e+00,  4.46848440e-01,
          4.59883678e+00,  4.00746460e-01],
        [ 2.48017632e+10, -1.61152061e+00,  4.46848440e-01,
          4.59883678e+00,  4.00746460e-01],
        [ 2.48017632e+10, -1.61152061e+00,  4.46848440e-01,
          4.59883678e+00,  4.00746460e-01],
        ...,
        [ 2.49834188e+10, -1.65435980e+00,  3.85888472e-01,
          4.30648638e+00,  2.15648547e-01],
        [ 2.49834188e+10, -1.65435980e+00,  3.85888472e-01,
          4.30648638e+00,  2.15648547e-01],
        [ 2.49834188e+10, -1.65435980e+00,  3.85888472e-01,
          4.30648638e+00,  2.15648547e-01]]]), 'initial_theta': array([ 1.e+10, -3.e-01,  4.e-01,  5.e+09,  1.e+00]), 'lnprobability': array([[87.47035725, 86.61597426, 87.57352021, ..., 85.47450716,
        85.47450716, 84.29227567],
       [88.3391645 , 88.3391645 , 88.3391645 , ..., 87.62325552,
        87.62325552, 87.62325552],
       [83.11916726, 83.94403254, 83.94403254, ..., 86.64468566,
        88.68749845, 88.42971728],
       ...,
       [86.07118008, 86.07118008, 86.56787043, ..., 87.95767166,
        87.95767166, 88.56736228],
       [88.04395486, 88.11148641, 88.49271009, ..., 88.27849157,
        88.27849157, 88.27849157],
       [81.72415674, 81.72415674, 81.72415674, ..., 82.42438482,
        82.42438482, 82.42438482]]), 'sampling_initial_center': array([], dtype=float64), 'rstate': ('MT19937', array([ 357514282, 3474422411, 1916481499, 3674257090,  872496410,
        137071829, 1334160691, 1673360841, 2308394333,   82409594,
       3682131067, 1996850226, 2920490698, 3021338619, 2727906695,
       1075343840,  881554365, 3705540685,  796935300,  837498504,
        697284879,  506343225, 4024194940,  651574011, 1472608419,
       4118178803, 1540758658, 3975245719, 4216252161, 2450513651,
         86082834,   32885178,  872276783, 2193387653, 4183911645,
        100894127, 1487886966, 1366704993, 2498474879, 1785875290,
        217635547, 1642594306, 1760978499,  815718689,  773747136,
       3434707201, 3853457966, 3042440941,  727149548, 2106798903,
       2933304174,  566476558,  846770412,   48960383, 2462279665,
       4013596226,  385046862, 2934327655, 2377420992, 1179279053,
       3254486289,  513514272, 3242256273, 4188280212, 4082465325,
        573298034, 4205324961,  682918958, 1337282921, 2853063578,
        861719539, 3379420348, 2828774523, 1579846366, 3713193370,
       4241808099, 4227096367, 1946085125, 1599046474, 1599188184,
       3583618381, 2742128703, 1762627936, 3983221074, 3757766510,
        961817178, 3083418672, 3034241485, 3844973420, 2611670990,
       2788804763, 1711961711,  231198565, 2743774273, 1279834232,
        921204828,  481405689, 3319161850, 3414649328,  973640123,
       3444871267,  557029159, 2789171146,  617994025, 1477105109,
       1429569792,  897345007, 3422585872, 2594430998, 1336382769,
        895639933,  626505769, 2997072270, 3876011291, 1967571386,
       3452353153, 3908902483, 2512916927, 2392199997, 2302553420,
        217979514, 2622477378, 2216889371, 1029463521, 1039665780,
       2540838904, 1484831721,  712224322, 2262152366,   90853512,
       1632098124,  399439098,   58183465, 3154612068, 3269867290,
       3925216758,  763140121, 1986293868, 3976368456, 3816217888,
       3009218447, 2306125109, 3550871448,  852764792, 1637855487,
       3195092523, 3016181689, 3012408618, 2383167704, 4095984277,
       1632117381, 3077344037, 3851047789, 3991830303, 2891440337,
       1393334545, 2305124496, 1886838300, 2019386563, 3661843690,
       3178300885, 4222653826, 1079173626, 1931580936,  727253922,
        183845800, 1966472335,  173725005, 2683782460, 2849439526,
       3263194723, 2070666793, 2629616556,  645622840, 3350539657,
       3884120382, 3104788750, 2357952768, 1436710850, 2874062114,
        710951121, 2602521993, 3666875592, 3609988468, 2021349163,
       3528768756, 3995909983, 2117830228, 2532490567,  983456135,
        119324613, 1323795239, 2081495218, 3017226120, 1603165319,
       3136382476, 3619645167,  713851349, 3618052415, 3514423613,
        979276656,   92041022,  577245343, 1164494950, 3321802655,
       3197669763, 2142353298, 2283945374, 3066859215, 2863607778,
        676053355, 4069240920,  776594674, 1223579565,  527370646,
       2188732964,  538021189, 3102312943, 1647034438, 3804828774,
       3482095037, 1082702675, 2392297803,  487300778, 3517564050,
        210020389, 4037204561, 1453602489, 3952519280, 2552507163,
       1462598406, 3605208735,  341636824, 3595773858, 3466697845,
       3954505310, 4123372338,  729900919, 1189851795, 3321561634,
       1775564079,  852707860,  666066782, 1070120673, 2171451873,
       3545978945, 4182161540,  709360592,  380727817,  312858949,
       2515768370,  221766746, 1851962289, 3166863558,   92074008,
       2865366281, 1509879065, 2739990335, 2577785028, 1336889542,
        329643468, 3826537076,  476585688, 3802329905, 2389115798,
       2363487937, 1915964344, 3872242107,  966957403, 3603160870,
       2097964132, 2229583471, 3080161061, 1638997043, 3920537491,
        127050709, 1720258098, 2649242686, 2949331297, 1104548123,
       3304079311, 1182938543, 2881585084, 1523294225, 1398537431,
       3605349462, 3123709287, 2398839604, 1245588078, 4166194199,
         39460627, 2384272103, 2485688208,  772365355,  726999988,
        130912937, 2802775284, 1485922959, 2761921075, 2097454403,
       2678733757, 3674991167, 2828938094, 3054026883, 4146097063,
       1236427866, 3879730786, 3925577547,  469329154, 3047754937,
        875746337, 1550269900,  221105874,  733110353, 3016602724,
       1776294734, 3735647487,  417483831, 1865837150, 3167440824,
       1880382443,   13134677, 3927301218, 2665430547, 2680539078,
        954275311,  456358148, 2527917138, 2204405276,  306583276,
        131106678, 2125982668, 3239527183, 3845067969,   15381560,
       3953813773, 3599063958, 3627556159,  391038103,   39622426,
       2569726197, 3188908890,  143801688, 3093907216, 2390839712,
       1752209048, 2232987094, 3285549682, 2270379522, 3533086751,
        136495674, 1678618222,  641833769, 2612203673, 1083857534,
       1297953209, 3512804163, 3111110922, 2742839727, 4125666119,
       1800603027, 4168578008, 1469569832, 3327182487,  889687412,
       3301420256, 1053114694,   68932830, 3105346285, 1565351483,
       3903664809, 2882589356, 3940967665, 3365077118,  240656530,
       3425384950,  126336425, 3750575700, 3972602181, 1252201062,
       3232341233, 1300351202,  956725955,   88240011, 3781306412,
       2357444011,  172071695,  653282912, 2029270091, 4058884119,
       2251817635,  680455593, 1904826752,  833966708, 3757675516,
       1114962455, 2346805403, 3082894375,  801491288, 2781034970,
       3127548660,  343456732, 1155659081, 3262959188, 3137286190,
       1002780131, 1405961828, 2051435063, 2747954164,  330694442,
       1881325212, 4065725287, 1453389543,  868117827, 3992889286,
       3025536322, 1208684301, 1579200665, 3849158073,  719604182,
       1971147461,  840605632, 1499115066, 1880035148,  692924774,
        183838347,  418419453, 3625217471, 2482826662, 4019851213,
       1767851729, 2279362936, 1683540719, 2049372546, 1286713419,
       2461124930, 3031983312, 2968095889, 1683545550, 1204762711,
        708973874, 2438349948, 1522555659,  776959335,  615403499,
       3506227265, 4036436160,  330171739, 3392733231, 2706393664,
       2050281609,   91588482, 3407799337, 3541686175,  577717910,
       2851990928, 2574732797, 3055202374, 1168964913, 3078996251,
       3009009228, 1865714628, 3653485021, 1297435201,  166915727,
       1804645250,  164438007, 3941594320, 4124439869, 4226976444,
       1143107067,  255810685, 3652549246,  175782935, 4259108298,
       3937240771, 3580026910, 3790014275,  899529651, 1478805529,
        222698964, 2926832252, 3710858668, 3132087399, 1231005980,
       3126233410,  940451789, 2813749575, 1118309876,   45478715,
       3367832499, 1586697381, 3321089976, 1903940728, 3162659131,
       3028589471,  357027476,  608368757, 1158403765, 2312944181,
       2945943794,   94312947, 2066143093, 3642785912, 1758818839,
       2145250967, 2524659953, 1564431212,  885983120,  436003255,
       1460087708, 4192491589,  196076432,  831812220, 2953188617,
       1436214616, 2927132506, 2485189318, 3784092721, 3945775599,
       3512613564,  748273844, 2711058522, 3180092022, 1954984805,
        691942627, 1944692772,  290980170,  220701553, 3697467460,
       3374794292, 2593903265, 2223302780,   22336440, 3446577763,
       2967181452, 1106051817, 4047773025, 1933054559,  613957596,
       4170567837, 2649990241, 2192360450, 1527048453, 2019421273,
       3641570359,  310473253, 4002884605, 1290896865, 3521986221,
       1094733908,  124190352, 1604667078, 3068918298, 3322823969,
        749930285,  732494461, 1196345361, 2718114614, 1041437300,
       3458275616, 1788106312, 1150811548, 1345751033, 2720874432,
       2932468144,  905004172,  381899750, 1464852534, 1152038394,
       2318599876,    8337031, 3407820342,  975171296, 2717909070,
       2057955400, 3670455332, 2516716915, 1109928379, 1167555309,
        152309383,  745973442, 4052467505, 3457783225,   15895692,
       3043525901, 1774329297, 3456772013, 3144553996,  867267437,
        542851888, 3344780904, 3626690028,  727440357, 2916471480,
       3185566146, 1504783775,  873734209, 3177496694, 4077192634,
        443182564,  319806669,  222084175, 1164985336, 3701859139,
        310596858, 2175435220,  993192062, 2884024052, 4113266944,
       2579856262, 1301141169, 2807029682, 2688552602, 1010115449,
       1692942745, 1118459761, 1187479022, 2426597428,   86292163,
       3560268818, 1220234611, 3378825099, 3242653326], dtype=uint32), 208, 0, 0.0), 'sampling_duration': 1096.7890644073486, 'theta_labels': ['mass', 'logzsol', 'dust2', 'tage', 'tau'], 'bestfit': {'parameter': array([ 1.07024838e+10, -5.12994274e-02,  2.32489153e-01,  1.20916714e+00,
        1.12588860e-01]), 'photometry': array([7.83871913e-09, 4.85526425e-08, 3.02591135e-07, 1.15653960e-06,
       1.72779350e-06, 2.07634625e-06, 2.44846727e-06, 1.63610402e-06,
       9.33091008e-07, 1.66737682e-06]), 'restframe_wavelengths': array([9.100e+01, 9.400e+01, 9.600e+01, ..., 9.817e+07, 9.908e+07,
       1.000e+08]), 'spectrum': array([ 2.83128070e-11, -3.49141874e-14, -5.53493303e-16, ...,
        9.95830542e-10,  9.69559649e-10,  9.16144087e-10]), 'mfrac': 0.6715299094323794}, 'optimization': {}, 'obs': {'maggies': array([8.13203047e-09, 4.82176821e-08, 3.04255745e-07, 1.14518871e-06,
       1.75829728e-06, 2.12984544e-06, 2.41200789e-06, 1.58498642e-06,
       9.15587168e-07, 5.19796589e-07]), 'maggies_unc': array([2.40377124e-09, 2.22050632e-09, 1.40114949e-08, 5.27378890e-08,
       8.09725821e-08, 9.80830071e-08, 1.11077068e-07, 7.29913221e-08,
       4.21643473e-08, 5.64865490e-08]), 'phot_mask': array([ True,  True,  True,  True,  True,  True,  True, False, False,
       False]), 'filternames': ['galex_FUV', 'galex_NUV', 'sdss_u0', 'sdss_g0', 'sdss_r0', 'sdss_i0', 'sdss_z0', 'wise_w1', 'wise_w2', 'wise_w3'], 'filters': [<class 'sedpy.observate.Filter'>(galex_FUV), <class 'sedpy.observate.Filter'>(galex_NUV), <class 'sedpy.observate.Filter'>(sdss_u0), <class 'sedpy.observate.Filter'>(sdss_g0), <class 'sedpy.observate.Filter'>(sdss_r0), <class 'sedpy.observate.Filter'>(sdss_i0), <class 'sedpy.observate.Filter'>(sdss_z0), <class 'sedpy.observate.Filter'>(wise_w1), <class 'sedpy.observate.Filter'>(wise_w2), <class 'sedpy.observate.Filter'>(wise_w3)], 'logify_spectrum': False, 'ndof': 7, 'objid': 'AT2019azh', 'spectrum': None, 'unc': None, 'wavelength': None}, 'model': None} {'maggies': array([8.13203047e-09, 4.82176821e-08, 3.04255745e-07, 1.14518871e-06,
       1.75829728e-06, 2.12984544e-06, 2.41200789e-06, 1.58498642e-06,
       9.15587168e-07, 5.19796589e-07]), 'maggies_unc': array([2.40377124e-09, 2.22050632e-09, 1.40114949e-08, 5.27378890e-08,
       8.09725821e-08, 9.80830071e-08, 1.11077068e-07, 7.29913221e-08,
       4.21643473e-08, 5.64865490e-08]), 'phot_mask': array([ True,  True,  True,  True,  True,  True,  True, False, False,
       False]), 'filternames': ['galex_FUV', 'galex_NUV', 'sdss_u0', 'sdss_g0', 'sdss_r0', 'sdss_i0', 'sdss_z0', 'wise_w1', 'wise_w2', 'wise_w3'], 'filters': [<class 'sedpy.observate.Filter'>(galex_FUV), <class 'sedpy.observate.Filter'>(galex_NUV), <class 'sedpy.observate.Filter'>(sdss_u0), <class 'sedpy.observate.Filter'>(sdss_g0), <class 'sedpy.observate.Filter'>(sdss_r0), <class 'sedpy.observate.Filter'>(sdss_i0), <class 'sedpy.observate.Filter'>(sdss_z0), <class 'sedpy.observate.Filter'>(wise_w1), <class 'sedpy.observate.Filter'>(wise_w2), <class 'sedpy.observate.Filter'>(wise_w3)], 'logify_spectrum': False, 'ndof': 7, 'objid': 'AT2019azh', 'spectrum': None, 'unc': None, 'wavelength': None} None

Detailed performance metrics for this job will be available at https://metrics.hpc.arizona.edu/#job_viewer?action=show&realm=SUPREMM&resource_id=73&local_job_id=8533477 by 8am on 2023/11/08.
