{'model_params': [{'N': 1, 'isfree': False, 'init': 0.091, 'units': 'redshift', 'prior': b'\x80\x02cprospect.models.priors\nTopHat\nq\x00)\x81q\x01}q\x02(X\x05\x00\x00\x00aliasq\x03}q\x04(X\x04\x00\x00\x00miniq\x05h\x05X\x04\x00\x00\x00maxiq\x06h\x06uX\x06\x00\x00\x00paramsq\x07}q\x08(h\x05G\x00\x00\x00\x00\x00\x00\x00\x00h\x06G@\x10\x00\x00\x00\x00\x00\x00uX\x04\x00\x00\x00nameq\tX\x00\x00\x00\x00q\nub.', 'name': 'zred'}, {'N': 1, 'isfree': True, 'init': 10000000000.0, 'units': 'Solar masses formed', 'prior': b'\x80\x02cprospect.models.priors\nLogUniform\nq\x00)\x81q\x01}q\x02(X\x05\x00\x00\x00aliasq\x03}q\x04(X\x04\x00\x00\x00miniq\x05h\x05X\x04\x00\x00\x00maxiq\x06h\x06uX\x06\x00\x00\x00paramsq\x07}q\x08(h\x05GA\x97\xd7\x84\x00\x00\x00\x00h\x06GBm\x1a\x94\xa2\x00\x00\x00uX\x04\x00\x00\x00nameq\tX\x00\x00\x00\x00q\nub.', 'init_disp': 10000000.0, 'name': 'mass'}, {'N': 1, 'isfree': True, 'init': -0.3, 'units': '$\\log (Z/Z_\\odot)$', 'prior': b'\x80\x02cprospect.models.priors\nTopHat\nq\x00)\x81q\x01}q\x02(X\x05\x00\x00\x00aliasq\x03}q\x04(X\x04\x00\x00\x00miniq\x05h\x05X\x04\x00\x00\x00maxiq\x06h\x06uX\x06\x00\x00\x00paramsq\x07}q\x08(h\x05G\xbf\xfc\xcc\xcc\xcc\xcc\xcc\xcdh\x06G?\xc9\x99\x99\x99\x99\x99\x9auX\x04\x00\x00\x00nameq\tX\x00\x00\x00\x00q\nub.', 'name': 'logzsol'}, {'N': 1, 'isfree': True, 'init': 0.4, 'units': 'optical depth at 5500AA', 'prior': b'\x80\x02cprospect.models.priors\nTopHat\nq\x00)\x81q\x01}q\x02(X\x05\x00\x00\x00aliasq\x03}q\x04(X\x04\x00\x00\x00miniq\x05h\x05X\x04\x00\x00\x00maxiq\x06h\x06uX\x06\x00\x00\x00paramsq\x07}q\x08(h\x05G\x00\x00\x00\x00\x00\x00\x00\x00h\x06G?\xf0\x00\x00\x00\x00\x00\x00uX\x04\x00\x00\x00nameq\tX\x00\x00\x00\x00q\nub.', 'name': 'dust2'}, {'N': 1, 'isfree': False, 'init': 4, 'units': 'FSPS index', 'name': 'sfh'}, {'N': 1, 'isfree': True, 'init': 5000000000.0, 'units': 'Gyr', 'prior': b'\x80\x02cprospect.models.priors\nLogUniform\nq\x00)\x81q\x01}q\x02(X\x05\x00\x00\x00aliasq\x03}q\x04(X\x04\x00\x00\x00miniq\x05h\x05X\x04\x00\x00\x00maxiq\x06h\x06uX\x06\x00\x00\x00paramsq\x07}q\x08(h\x05G?\xb9\x99\x99\x99\x99\x99\x9ah\x06G@)-\xb2\xb7;/\x7fuX\x04\x00\x00\x00nameq\tX\x00\x00\x00\x00q\nub.', 'init_disp': 5.0, 'name': 'tage'}, {'N': 1, 'isfree': False, 'init': 1, 'name': 'imf_type'}, {'N': 1, 'isfree': False, 'init': 2, 'name': 'dust_type'}, {'N': 1, 'isfree': True, 'init': 1, 'units': 'Gyr^{-1}', 'prior': b'\x80\x02cprospect.models.priors\nLogUniform\nq\x00)\x81q\x01}q\x02(X\x05\x00\x00\x00aliasq\x03}q\x04(X\x04\x00\x00\x00miniq\x05h\x05X\x04\x00\x00\x00maxiq\x06h\x06uX\x06\x00\x00\x00paramsq\x07}q\x08(h\x05G?\xb9\x99\x99\x99\x99\x99\x9ah\x06G@$\x00\x00\x00\x00\x00\x00uX\x04\x00\x00\x00nameq\tX\x00\x00\x00\x00q\nub.', 'init_disp': 3.0, 'name': 'tau'}], 'optimizer_duration': 0.0, 'paramfile_text': '', 'prospector_version': "Can't get version number.", 'run_params': {'verbose': True, 'data': {'maggies': [7.88483185309128e-09, 1.5753226239861048e-08, 2.143250338247499e-08, 2.0826404598645178e-08, 2.6497907785360866e-08, 2.112515966240847e-08, 0.0, 0.0], 'maggies_unc': [3.6310992571385204e-10, 7.254628781293338e-10, 9.870032558806276e-10, 9.590913753900606e-10, 1.4270125278386452e-09, 1.731672207037799e-09, 5.412152238045661e-09, 6.174048039293009e-08], 'mags': [20.258018909310504, 19.506576224577454, 19.172317747652304, 19.20346424684736, 18.941971039039466, 19.188000000000002, 19.913999999999998, 17.271], 'mags_unc': [0.05, 0.05, 0.05, 0.05, 0.058471, 0.089, 0.05, 0.05], 'filternames': ['ps_g', 'ps_r', 'ps_i', 'ps_z', 'ps_y', 'wise_w1', 'wise_w2', 'wise_w3'], 'photmask': [True, True, True, True, True, False, False, False], 'redshift': 0.091}, 'tdename': 'AT2018lna', 'nwalkers': 100, 'nburn': [500], 'niter': 500, 'object_redshift': 0.091}, 'acceptance': array([0.38 , 0.258, 0.368, 0.322, 0.386, 0.298, 0.35 , 0.384, 0.384,
       0.42 , 0.356, 0.352, 0.36 , 0.328, 0.328, 0.412, 0.364, 0.388,
       0.306, 0.346, 0.368, 0.376, 0.36 , 0.332, 0.24 , 0.31 , 0.274,
       0.414, 0.374, 0.3  , 0.332, 0.328, 0.266, 0.07 , 0.37 , 0.376,
       0.418, 0.3  , 0.272, 0.324, 0.414, 0.3  , 0.338, 0.346, 0.322,
       0.346, 0.396, 0.35 , 0.366, 0.302, 0.396, 0.26 , 0.314, 0.25 ,
       0.366, 0.372, 0.348, 0.354, 0.38 , 0.348, 0.312, 0.406, 0.354,
       0.322, 0.414, 0.318, 0.318, 0.426, 0.394, 0.302, 0.11 , 0.438,
       0.236, 0.38 , 0.342, 0.394, 0.274, 0.372, 0.398, 0.414, 0.268,
       0.22 , 0.364, 0.276, 0.374, 0.224, 0.426, 0.356, 0.358, 0.388,
       0.344, 0.368, 0.308, 0.388, 0.35 , 0.34 , 0.39 , 0.386, 0.372,
       0.402]), 'chain': array([[[ 4.24648012e+09, -6.37944159e-01,  5.90306510e-02,
          5.21444071e+00,  2.31099090e-01],
        [ 4.24648012e+09, -6.37944159e-01,  5.90306510e-02,
          5.21444071e+00,  2.31099090e-01],
        [ 4.24648012e+09, -6.37944159e-01,  5.90306510e-02,
          5.21444071e+00,  2.31099090e-01],
        ...,
        [ 7.55280619e+09, -1.60676735e+00,  3.19283007e-01,
          9.90726074e+00,  3.17553600e-01],
        [ 7.55280619e+09, -1.60676735e+00,  3.19283007e-01,
          9.90726074e+00,  3.17553600e-01],
        [ 7.55280619e+09, -1.60676735e+00,  3.19283007e-01,
          9.90726074e+00,  3.17553600e-01]],

       [[ 5.59384671e+09, -8.15695173e-01,  3.50257513e-02,
          8.02594503e+00,  4.12335269e-01],
        [ 5.59384671e+09, -8.15695173e-01,  3.50257513e-02,
          8.02594503e+00,  4.12335269e-01],
        [ 4.94771367e+09, -7.27101770e-01,  4.63423299e-02,
          6.65340200e+00,  3.06814538e-01],
        ...,
        [ 6.05940201e+09, -8.34431245e-01,  4.44066437e-03,
          1.10143200e+01,  1.07228849e+00],
        [ 6.05940201e+09, -8.34431245e-01,  4.44066437e-03,
          1.10143200e+01,  1.07228849e+00],
        [ 6.05940201e+09, -8.34431245e-01,  4.44066437e-03,
          1.10143200e+01,  1.07228849e+00]],

       [[ 5.80567029e+09, -1.24903841e+00,  1.56137920e-01,
          1.14350947e+01,  1.51957243e+00],
        [ 5.92413342e+09, -1.22609083e+00,  1.31766689e-01,
          1.07322065e+01,  1.08483985e+00],
        [ 5.92413342e+09, -1.22609083e+00,  1.31766689e-01,
          1.07322065e+01,  1.08483985e+00],
        ...,
        [ 8.31935381e+09, -1.51745962e+00,  3.35049869e-01,
          1.21816712e+01,  7.44499827e-01],
        [ 6.44434922e+09, -1.38178921e+00,  3.72891450e-01,
          8.78573749e+00,  6.07786169e-01],
        [ 6.44434922e+09, -1.38178921e+00,  3.72891450e-01,
          8.78573749e+00,  6.07786169e-01]],

       ...,

       [[ 4.80290347e+09, -1.04543666e+00,  3.95078140e-01,
          5.44310270e+00,  4.05280746e-01],
        [ 4.68424679e+09, -1.07947791e+00,  3.73304698e-01,
          5.31279645e+00,  3.60660195e-01],
        [ 4.68424679e+09, -1.07947791e+00,  3.73304698e-01,
          5.31279645e+00,  3.60660195e-01],
        ...,
        [ 6.64451691e+09, -1.10437899e+00,  2.94743994e-01,
          9.25987491e+00,  7.00667619e-01],
        [ 6.69494585e+09, -1.08675877e+00,  2.96309212e-01,
          9.34945511e+00,  7.17702387e-01],
        [ 5.45910189e+09, -9.10577059e-01,  2.39813632e-01,
          7.26428556e+00,  5.26481797e-01]],

       [[ 5.85618471e+09, -1.12172932e+00,  2.10836311e-01,
          7.26859787e+00,  1.14480919e-01],
        [ 5.85618471e+09, -1.12172932e+00,  2.10836311e-01,
          7.26859787e+00,  1.14480919e-01],
        [ 6.36726910e+09, -1.23999270e+00,  2.19210131e-01,
          8.13299156e+00,  1.12888985e-01],
        ...,
        [ 9.13827037e+09, -1.62456162e+00,  3.01948110e-01,
          1.20463600e+01,  1.03910986e-01],
        [ 9.13827037e+09, -1.62456162e+00,  3.01948110e-01,
          1.20463600e+01,  1.03910986e-01],
        [ 9.13827037e+09, -1.62456162e+00,  3.01948110e-01,
          1.20463600e+01,  1.03910986e-01]],

       [[ 7.06216274e+09, -1.31330457e+00,  1.98949549e-01,
          1.02580722e+01,  2.15157299e-01],
        [ 7.06216274e+09, -1.31330457e+00,  1.98949549e-01,
          1.02580722e+01,  2.15157299e-01],
        [ 7.10913595e+09, -1.28569073e+00,  1.89491039e-01,
          1.04919348e+01,  2.98104121e-01],
        ...,
        [ 5.61937594e+09, -7.28376731e-01,  2.39512668e-01,
          7.12467477e+00,  4.81062857e-01],
        [ 5.61937594e+09, -7.28376731e-01,  2.39512668e-01,
          7.12467477e+00,  4.81062857e-01],
        [ 5.61937594e+09, -7.28376731e-01,  2.39512668e-01,
          7.12467477e+00,  4.81062857e-01]]]), 'initial_theta': array([ 1.e+10, -3.e-01,  4.e-01,  5.e+09,  1.e+00]), 'lnprobability': array([[63.71540529, 63.71540529, 63.71540529, ..., 62.25291729,
        62.25291729, 62.25291729],
       [62.74920553, 62.74920553, 63.57958571, ..., 61.51069013,
        61.51069013, 61.51069013],
       [59.19914036, 60.87511544, 60.87511544, ..., 60.06301992,
        60.17119537, 60.17119537],
       ...,
       [62.81669051, 63.32613465, 63.32613465, ..., 60.8077931 ,
        60.46316486, 61.90206425],
       [64.44327482, 64.44327482, 64.04801625, ..., 63.22582237,
        63.22582237, 63.22582237],
       [61.97849077, 61.97849077, 62.14986114, ..., 58.46877664,
        58.46877664, 58.46877664]]), 'sampling_initial_center': array([], dtype=float64), 'rstate': ('MT19937', array([1311744444, 2191887885, 2901343786, 4259780626, 4186553565,
       4277181240, 3424666666,  274137036,   17237171, 3254307064,
       1803468331, 2735153066, 3442023980, 1178603349, 3220910250,
       1020448329, 1371416681, 1261621686, 3656173643,     314405,
         84704279,  209343689,  522564444, 1431197754, 1704834420,
       1061890014, 2796267048,  985733282, 1392609081, 3001943633,
       1988761810, 2555990208, 3910630749, 3003140545, 1416956446,
       3242025980,  823391858, 4080836761,  267764980,  599359632,
       4108365400, 2979331746, 1496731205, 2207015947, 3905220382,
        353573891, 3909637739, 2441013552, 3679209166, 3105640224,
       1846965945, 3223753316, 3181360958, 1856018034,  707458271,
       3437133588, 1918804016, 1946768196, 2601705636,  276245024,
       3590012961, 1605167887, 2766721890, 1605086003, 1340626698,
       3458345417, 2192997989, 1852325769, 2224316845, 3118486994,
       2033224456,  461027950, 3867831991,  434938552, 1847270673,
       2332529087, 2327737518,  665856736, 3207676955, 1200608801,
       1935975089,  570467168, 2291642352,  578838678, 2927538448,
       2521489261, 2542893266, 3222099343,  817853839, 3474061606,
        591735957, 2080242308,  709189111, 3523127748, 1293701606,
       2318081691, 2510523714,   81677980,  565707526, 1015775493,
       2637149025, 3568938203, 2296830224, 3797002346, 2695050488,
        442977600, 1201644752, 2284032386,  953652524, 4036016429,
       3276132067, 3290818038, 2787078166, 1982038845,     519949,
       4030362966, 2866808018,  197096127,  269516493, 3696976711,
       2857355613,  489630629, 2858956095, 4120937129, 1185471264,
        928435354, 1325071750, 2861477016, 2261355003, 2956118462,
       1363389372, 1226767744, 1592154388,  511998232,  673609943,
       3125353859, 3970919120,  297112347, 1339245641, 2570313485,
       3866645425, 1703631809, 4047755815, 2525448058, 3959810402,
        918085840, 1397967397,  591602801,  458037599,   93317850,
       2313324927, 1330934386,  952625105, 3690257554, 1476651007,
        311929239, 1265631230, 1441954374,  571477833, 2596485871,
       1446612994,  711735576, 3802877037, 2813455617, 1291341191,
       1371310213, 1749238369,  311699804,  362509918, 4138113004,
       2676543862,  725549187, 1135309579, 1709584777, 4207647754,
       3097099385,  292228246, 4269174813, 3965230328,   22718343,
       2993803963, 4139229942, 1789094406, 2876800071, 3438861358,
        209503323,  888452577, 2190904289,  932385777,  340868462,
        433458938, 3063547902, 2011969247, 3905229958, 3145179758,
       2046348725, 2685468683, 1595662940, 1347633008, 1091352951,
       2421752664, 1458080530,  114866736, 3249131340, 1989195960,
       2638296320, 3351142322, 3941076810, 2691659641, 2394915634,
       4262640588, 1629884047, 3770738352, 4126115295, 4063976612,
       3416201771, 2438507295, 3324694361, 3137375704, 1112435483,
        796728521,  994802703, 3636990202, 1119638534, 1188609173,
        425180109, 1039965382,  636775463,  495668720, 2306058467,
        365650660, 4190157787,  249963017, 2963962582, 2877685314,
       1192217141, 3778695483, 2584865988, 2239331193,  278145276,
       3593155188, 2807412222, 1644687470,  408168238, 3463941966,
         63614007, 1629062996, 1760601606, 2916558569, 3424088418,
       2629235116, 1737257099, 1386107527, 2532854458, 2549843890,
       2812568810, 1339456223, 2568437779, 4049671369, 3564168585,
       2628166822, 3135152232,  724541390, 2205835310, 3300814340,
       3205860539, 4279307599,  148585684, 3567991969, 1368580132,
        842431114, 3163776797, 1036218624, 1466740645,  866710045,
        168357084,  727235906,  851893400, 3525697635, 1781305267,
       1006170956, 1798719516, 2669570442, 3004074868, 2639599543,
       3569148292,   70474836, 1457180465, 2391708827, 2162290407,
       1153701170, 4172401842,  261772685,  714161359, 1192564366,
         17340796, 2308686543, 1021628703, 2532914493, 1790611767,
       1166163701, 1735531585, 2689471422, 1992353735,  798633541,
       1289086962,  664448769,  966775508, 1953915709,  558202204,
       3958247922, 3302467610, 2423240904, 2939754781, 2920358744,
       3768701825, 2857623137, 1659500485,  454712759, 3626090566,
       1090148920, 2889401270, 3430445787, 2100547822, 2785419904,
        911578722, 2859284699, 2903260012,  353644573, 3187415716,
       4240955854, 2208909137, 1740275872, 4100071300, 2659532492,
        427089223, 2343791537, 1331884210, 3857407316, 2607520209,
       3906674972, 4243615169, 2908436904, 3068924648, 1410890547,
       3388223951, 1198027414, 3301315338,  816482351,  483306676,
       2908625869, 2466533476, 2909584482, 1917380807, 1232108832,
       1395794304, 1796771134, 2304012041, 3995764446, 2617606436,
        341181860, 1762974942, 3302095093, 2305689484, 1842340169,
       3239940421,  979645227,  776952118, 3784164078, 2957514054,
        274463644, 1529839637, 3571141684, 1115010389, 1929107816,
       3037694758,  385334317, 2490067910, 3514948071,  786440194,
       2757504681,  390256676,  793179673, 3271492116, 3442445313,
        601745302, 2441787386, 2292835758, 2883145585, 4228688405,
        635664172, 3334408329, 1324239517,  558820115, 3191342257,
       3987707910,  122108099, 1064941608, 2702677148, 1036462599,
       2672557936, 3586437180, 1222183803, 1743587097, 3684779306,
       3417247712, 2186949902,  612332822, 2651051806,  310636730,
       2995499842,  461045671, 3021740712,  431132096, 3429898073,
        213860652, 1502280111, 2691541131, 2363258875,  461015874,
         85895360, 1020557659, 1060421646, 1055732012, 2601692184,
       1513878559, 1003525013, 4075422627, 1662078414, 1186955535,
       1194585758, 2029699555, 1016954756, 4038245240, 2774859522,
       1795122291,  214721038, 1703732071, 3874291317, 2187362565,
       1524047575, 3302945111, 3042698041,  339247285, 2104105140,
        804106165, 1133689148, 3667633627, 4041873780, 4283074648,
        506593853, 3995360901, 3750933927,  496121770,  363396217,
       1890413863, 3219088680,  412767753,  443703011, 3956655216,
       1524944221, 3432570011, 2143254739, 1487321825, 1483003605,
       4027583613, 3842394420, 2360364717,  740332334, 1706044573,
       3266027537, 3437101770, 2769384508, 1835300842,  807882765,
       1750236412,   83547551, 3027590390, 3360200090, 4250368649,
       2435453487, 1748528999, 1048630459,   59813257, 3464430167,
        872063288, 3210814137, 3058935835, 1607588719, 3695365960,
       2913999787, 2770476494,  830119894, 3841778679, 2988504729,
       2392076861,  334990130, 2363608212, 2819833680,  935064517,
       3951416251,  245415364, 2614896233,  347173032, 1601133603,
       4249968893,  987094124, 1317546938, 3517290973, 1276913299,
       3363230678,  965103044,  325286911, 1599393176, 3512416022,
       3169189102, 3268950088, 3796358079, 1764015320, 2806346897,
       3641423198,   69754410, 1640167739, 4174646582, 2029439771,
       4232458665, 1048057407, 1296992650, 1014507957, 2704101377,
       2012098199,  993977231, 2525912610,  886381189, 3729591024,
       4108160394, 3563981283,  481490132, 2230022047, 2439270266,
       3448646406, 1112383390,   91517479, 3855439595, 1022763201,
       1968054147, 1834346168,  735734605, 1384424643,  621524689,
        737224927, 2751765555, 4052765783, 3106820016, 1750548181,
       4008710628, 1106947000, 1685883999,  134641863, 2298184045,
        551046258, 2830603862, 2355916552, 1161525509, 2283501386,
        390702889, 3631626911, 2676614596,  481518746,  638334044,
       4116210774, 1868546297, 1683735839, 1361373387, 1940010600,
       2784139583,  490708118,  518607447, 3662820758, 1535434178,
        255237387, 3585949346, 3962432372, 3091639312, 2837866281,
        983313600,  127580695, 2993077803, 1233317776,  208981551,
       3256456071,    6643706, 3581669558, 2146304025, 1581567283,
       1568053028, 4065271480, 4241110696, 3758473570, 3044080119,
       4249256695,  860507222, 1333454443, 2942022824,  427971983,
       2365276362,  316729451, 2457128738, 1667963314, 3737501987,
       3668578990, 3191128613, 3603369881, 3678568557,  606608040,
       4149589090,  419209341, 2682585929, 4045641765, 2806323754,
       1260557943, 3309112475, 1562908602,  542173213], dtype=uint32), 517, 1, 0.3902488489302823), 'sampling_duration': 1110.7827603816986, 'theta_labels': ['mass', 'logzsol', 'dust2', 'tage', 'tau'], 'bestfit': {'parameter': array([ 5.06759407e+09, -9.97163422e-01,  1.16856899e-01,  6.63162335e+00,
        1.02617808e-01]), 'photometry': array([8.28063231e-09, 1.47575074e-08, 1.95099953e-08, 2.31227877e-08,
       2.47261492e-08, 1.39642104e-08, 7.85139652e-09, 6.57213842e-09]), 'restframe_wavelengths': array([9.100e+01, 9.400e+01, 9.600e+01, ..., 9.817e+07, 9.908e+07,
       1.000e+08]), 'spectrum': array([ 1.12886227e-13, -1.27154939e-16, -2.13238819e-18, ...,
        3.97098525e-12,  3.86624203e-12,  3.65326245e-12]), 'mfrac': 0.5700843008511687}, 'optimization': {}, 'obs': {'maggies': array([7.88483185e-09, 1.57532262e-08, 2.14325034e-08, 2.08264046e-08,
       2.64979078e-08, 2.11251597e-08, 0.00000000e+00, 0.00000000e+00]), 'maggies_unc': array([3.63109926e-10, 7.25462878e-10, 9.87003256e-10, 9.59091375e-10,
       1.42701253e-09, 1.73167221e-09, 5.41215224e-09, 6.17404804e-08]), 'phot_mask': array([ True,  True,  True,  True,  True, False, False, False]), 'filternames': ['ps_g', 'ps_r', 'ps_i', 'ps_z', 'ps_y', 'wise_w1', 'wise_w2', 'wise_w3'], 'filters': [<class 'sedpy.observate.Filter'>(ps_g), <class 'sedpy.observate.Filter'>(ps_r), <class 'sedpy.observate.Filter'>(ps_i), <class 'sedpy.observate.Filter'>(ps_z), <class 'sedpy.observate.Filter'>(ps_y), <class 'sedpy.observate.Filter'>(wise_w1), <class 'sedpy.observate.Filter'>(wise_w2), <class 'sedpy.observate.Filter'>(wise_w3)], 'logify_spectrum': False, 'ndof': 5, 'objid': 'AT2018lna', 'spectrum': None, 'unc': None, 'wavelength': None}, 'model': None} {'maggies': array([7.88483185e-09, 1.57532262e-08, 2.14325034e-08, 2.08264046e-08,
       2.64979078e-08, 2.11251597e-08, 0.00000000e+00, 0.00000000e+00]), 'maggies_unc': array([3.63109926e-10, 7.25462878e-10, 9.87003256e-10, 9.59091375e-10,
       1.42701253e-09, 1.73167221e-09, 5.41215224e-09, 6.17404804e-08]), 'phot_mask': array([ True,  True,  True,  True,  True, False, False, False]), 'filternames': ['ps_g', 'ps_r', 'ps_i', 'ps_z', 'ps_y', 'wise_w1', 'wise_w2', 'wise_w3'], 'filters': [<class 'sedpy.observate.Filter'>(ps_g), <class 'sedpy.observate.Filter'>(ps_r), <class 'sedpy.observate.Filter'>(ps_i), <class 'sedpy.observate.Filter'>(ps_z), <class 'sedpy.observate.Filter'>(ps_y), <class 'sedpy.observate.Filter'>(wise_w1), <class 'sedpy.observate.Filter'>(wise_w2), <class 'sedpy.observate.Filter'>(wise_w3)], 'logify_spectrum': False, 'ndof': 5, 'objid': 'AT2018lna', 'spectrum': None, 'unc': None, 'wavelength': None} None

Detailed performance metrics for this job will be available at https://metrics.hpc.arizona.edu/#job_viewer?action=show&realm=SUPREMM&resource_id=73&local_job_id=8533474 by 8am on 2023/11/08.
