{'model_params': [{'N': 1, 'isfree': False, 'init': 0.088, 'units': 'redshift', 'prior': b'\x80\x02cprospect.models.priors\nTopHat\nq\x00)\x81q\x01}q\x02(X\x05\x00\x00\x00aliasq\x03}q\x04(X\x04\x00\x00\x00miniq\x05h\x05X\x04\x00\x00\x00maxiq\x06h\x06uX\x06\x00\x00\x00paramsq\x07}q\x08(h\x05G\x00\x00\x00\x00\x00\x00\x00\x00h\x06G@\x10\x00\x00\x00\x00\x00\x00uX\x04\x00\x00\x00nameq\tX\x00\x00\x00\x00q\nub.', 'name': 'zred'}, {'N': 1, 'isfree': True, 'init': 10000000000.0, 'units': 'Solar masses formed', 'prior': b'\x80\x02cprospect.models.priors\nLogUniform\nq\x00)\x81q\x01}q\x02(X\x05\x00\x00\x00aliasq\x03}q\x04(X\x04\x00\x00\x00miniq\x05h\x05X\x04\x00\x00\x00maxiq\x06h\x06uX\x06\x00\x00\x00paramsq\x07}q\x08(h\x05GA\x97\xd7\x84\x00\x00\x00\x00h\x06GBm\x1a\x94\xa2\x00\x00\x00uX\x04\x00\x00\x00nameq\tX\x00\x00\x00\x00q\nub.', 'init_disp': 10000000.0, 'name': 'mass'}, {'N': 1, 'isfree': True, 'init': -0.3, 'units': '$\\log (Z/Z_\\odot)$', 'prior': b'\x80\x02cprospect.models.priors\nTopHat\nq\x00)\x81q\x01}q\x02(X\x05\x00\x00\x00aliasq\x03}q\x04(X\x04\x00\x00\x00miniq\x05h\x05X\x04\x00\x00\x00maxiq\x06h\x06uX\x06\x00\x00\x00paramsq\x07}q\x08(h\x05G\xbf\xfc\xcc\xcc\xcc\xcc\xcc\xcdh\x06G?\xc9\x99\x99\x99\x99\x99\x9auX\x04\x00\x00\x00nameq\tX\x00\x00\x00\x00q\nub.', 'name': 'logzsol'}, {'N': 1, 'isfree': True, 'init': 0.4, 'units': 'optical depth at 5500AA', 'prior': b'\x80\x02cprospect.models.priors\nTopHat\nq\x00)\x81q\x01}q\x02(X\x05\x00\x00\x00aliasq\x03}q\x04(X\x04\x00\x00\x00miniq\x05h\x05X\x04\x00\x00\x00maxiq\x06h\x06uX\x06\x00\x00\x00paramsq\x07}q\x08(h\x05G\x00\x00\x00\x00\x00\x00\x00\x00h\x06G?\xf0\x00\x00\x00\x00\x00\x00uX\x04\x00\x00\x00nameq\tX\x00\x00\x00\x00q\nub.', 'name': 'dust2'}, {'N': 1, 'isfree': False, 'init': 4, 'units': 'FSPS index', 'name': 'sfh'}, {'N': 1, 'isfree': True, 'init': 5000000000.0, 'units': 'Gyr', 'prior': b'\x80\x02cprospect.models.priors\nLogUniform\nq\x00)\x81q\x01}q\x02(X\x05\x00\x00\x00aliasq\x03}q\x04(X\x04\x00\x00\x00miniq\x05h\x05X\x04\x00\x00\x00maxiq\x06h\x06uX\x06\x00\x00\x00paramsq\x07}q\x08(h\x05G?\xb9\x99\x99\x99\x99\x99\x9ah\x06G@)-\xb2\xb7;/\x7fuX\x04\x00\x00\x00nameq\tX\x00\x00\x00\x00q\nub.', 'init_disp': 5.0, 'name': 'tage'}, {'N': 1, 'isfree': False, 'init': 1, 'name': 'imf_type'}, {'N': 1, 'isfree': False, 'init': 2, 'name': 'dust_type'}, {'N': 1, 'isfree': True, 'init': 1, 'units': 'Gyr^{-1}', 'prior': b'\x80\x02cprospect.models.priors\nLogUniform\nq\x00)\x81q\x01}q\x02(X\x05\x00\x00\x00aliasq\x03}q\x04(X\x04\x00\x00\x00miniq\x05h\x05X\x04\x00\x00\x00maxiq\x06h\x06uX\x06\x00\x00\x00paramsq\x07}q\x08(h\x05G?\xb9\x99\x99\x99\x99\x99\x9ah\x06G@$\x00\x00\x00\x00\x00\x00uX\x04\x00\x00\x00nameq\tX\x00\x00\x00\x00q\nub.', 'init_disp': 3.0, 'name': 'tau'}], 'optimizer_duration': 0.0, 'paramfile_text': '', 'prospector_version': "Can't get version number.", 'run_params': {'verbose': True, 'data': {'maggies': [3.7443229619266215e-10, 1.0675963563451894e-09, 7.4084484080837366e-09, 2.778600631210587e-08, 5.159488039158327e-08, 6.709255411435939e-08, 8.195836900483657e-08], 'maggies_unc': [3.839421810837956e-10, 5.44874443796031e-10, 6.428627940114814e-10, 1.2795928785618687e-09, 2.3760320492894088e-09, 3.0897262990924053e-09, 3.7743223743328385e-09], 'mags': [23.56656674696796, 22.428982292770236, 20.325681847921548, 18.890434674911045, 18.218483475001392, 17.933314187151186, 17.716016731925503], 'mags_unc': [1.113311887823869, 0.5541325681384386, 0.09421398, 0.05, 0.05, 0.05, 0.05], 'filternames': ['galex_FUV', 'galex_NUV', 'sdss_u0', 'sdss_g0', 'sdss_r0', 'sdss_i0', 'sdss_z0'], 'photmask': [True, True, True, True, True, True, True], 'redshift': 0.088}, 'tdename': 'AT2018hco', 'nwalkers': 100, 'nburn': [500], 'niter': 500, 'object_redshift': 0.088}, 'acceptance': array([0.324, 0.268, 0.262, 0.326, 0.32 , 0.328, 0.244, 0.35 , 0.182,
       0.256, 0.298, 0.324, 0.304, 0.282, 0.318, 0.376, 0.392, 0.292,
       0.326, 0.32 , 0.352, 0.302, 0.21 , 0.396, 0.338, 0.326, 0.348,
       0.292, 0.32 , 0.136, 0.328, 0.366, 0.288, 0.346, 0.272, 0.104,
       0.36 , 0.312, 0.286, 0.278, 0.278, 0.304, 0.342, 0.122, 0.23 ,
       0.364, 0.328, 0.316, 0.398, 0.324, 0.294, 0.366, 0.302, 0.274,
       0.208, 0.342, 0.328, 0.172, 0.306, 0.254, 0.29 , 0.364, 0.162,
       0.314, 0.406, 0.258, 0.358, 0.31 , 0.336, 0.26 , 0.338, 0.246,
       0.076, 0.34 , 0.334, 0.202, 0.286, 0.01 , 0.366, 0.342, 0.156,
       0.232, 0.282, 0.18 , 0.328, 0.298, 0.268, 0.27 , 0.254, 0.214,
       0.326, 0.274, 0.27 , 0.284, 0.33 , 0.038, 0.272, 0.272, 0.192,
       0.284]), 'chain': array([[[ 1.28751496e+10, -1.27270498e+00,  2.02766629e-01,
          5.02713092e+00,  1.92705383e-01],
        [ 1.28751496e+10, -1.27270498e+00,  2.02766629e-01,
          5.02713092e+00,  1.92705383e-01],
        [ 1.29734239e+10, -1.39274161e+00,  2.59135861e-01,
          4.73346079e+00,  1.64081541e-01],
        ...,
        [ 1.33698144e+10, -9.18941832e-01,  1.55196173e-01,
          5.94572467e+00,  6.33749573e-01],
        [ 1.33698144e+10, -9.18941832e-01,  1.55196173e-01,
          5.94572467e+00,  6.33749573e-01],
        [ 1.33698144e+10, -9.18941832e-01,  1.55196173e-01,
          5.94572467e+00,  6.33749573e-01]],

       [[ 1.94621339e+10, -1.58345890e+00,  7.74085020e-02,
          9.12360369e+00,  1.91868398e-01],
        [ 1.94621339e+10, -1.58345890e+00,  7.74085020e-02,
          9.12360369e+00,  1.91868398e-01],
        [ 1.73843117e+10, -1.65005431e+00,  2.29589656e-01,
          7.18187688e+00,  1.74484071e-01],
        ...,
        [ 1.58973891e+10, -1.64778925e+00,  4.41609721e-01,
          5.19426809e+00,  1.78140631e-01],
        [ 1.58973891e+10, -1.64778925e+00,  4.41609721e-01,
          5.19426809e+00,  1.78140631e-01],
        [ 1.48941005e+10, -1.53154157e+00,  4.15453250e-01,
          4.83863142e+00,  1.74512125e-01]],

       [[ 1.16862289e+10, -1.05176876e+00,  1.99008986e-01,
          4.03385062e+00,  1.50191970e-01],
        [ 1.16862289e+10, -1.05176876e+00,  1.99008986e-01,
          4.03385062e+00,  1.50191970e-01],
        [ 1.15404294e+10, -1.06601995e+00,  2.04769756e-01,
          3.96920844e+00,  1.49625119e-01],
        ...,
        [ 1.10992067e+10, -1.62278105e+00,  7.82374888e-01,
          2.13435789e+00,  1.21877298e-01],
        [ 1.10992067e+10, -1.62278105e+00,  7.82374888e-01,
          2.13435789e+00,  1.21877298e-01],
        [ 1.10992067e+10, -1.62278105e+00,  7.82374888e-01,
          2.13435789e+00,  1.21877298e-01]],

       ...,

       [[ 5.83879367e+09, -6.70790082e-01,  1.55904657e-01,
          1.92395594e+00,  1.77191098e-01],
        [ 5.83879367e+09, -6.70790082e-01,  1.55904657e-01,
          1.92395594e+00,  1.77191098e-01],
        [ 5.83879367e+09, -6.70790082e-01,  1.55904657e-01,
          1.92395594e+00,  1.77191098e-01],
        ...,
        [ 6.59615095e+09, -4.46168724e-01,  8.58643151e-02,
          1.95362385e+00,  1.06693079e-01],
        [ 7.17090647e+09, -5.12078116e-01,  1.12540327e-01,
          2.13732613e+00,  1.11935591e-01],
        [ 7.17090647e+09, -5.12078116e-01,  1.12540327e-01,
          2.13732613e+00,  1.11935591e-01]],

       [[ 8.67481682e+09, -7.30431935e-01,  2.01206351e-01,
          2.61018739e+00,  1.30745988e-01],
        [ 8.67481682e+09, -7.30431935e-01,  2.01206351e-01,
          2.61018739e+00,  1.30745988e-01],
        [ 8.67481682e+09, -7.30431935e-01,  2.01206351e-01,
          2.61018739e+00,  1.30745988e-01],
        ...,
        [ 5.98200905e+09, -7.25900039e-01,  4.06637992e-01,
          1.53453500e+00,  1.23852888e-01],
        [ 5.98200905e+09, -7.25900039e-01,  4.06637992e-01,
          1.53453500e+00,  1.23852888e-01],
        [ 5.98200905e+09, -7.25900039e-01,  4.06637992e-01,
          1.53453500e+00,  1.23852888e-01]],

       [[ 1.83938261e+10, -1.57330571e+00,  1.34211327e-01,
          8.83328223e+00,  3.65986010e-01],
        [ 1.83938261e+10, -1.57330571e+00,  1.34211327e-01,
          8.83328223e+00,  3.65986010e-01],
        [ 1.98431581e+10, -1.74008651e+00,  1.20683768e-01,
          9.81732721e+00,  3.93155944e-01],
        ...,
        [ 1.41962722e+10, -1.30335146e+00,  3.87251119e-01,
          4.56935512e+00,  2.74175057e-01],
        [ 1.41962722e+10, -1.30335146e+00,  3.87251119e-01,
          4.56935512e+00,  2.74175057e-01],
        [ 1.41962722e+10, -1.30335146e+00,  3.87251119e-01,
          4.56935512e+00,  2.74175057e-01]]]), 'initial_theta': array([ 1.e+10, -3.e-01,  4.e-01,  5.e+09,  1.e+00]), 'lnprobability': array([[106.57216971, 106.57216971, 106.82657468, ..., 105.85586098,
        105.85586098, 105.85586098],
       [104.17467732, 104.17467732, 106.24121661, ..., 106.33059725,
        106.33059725, 106.73290863],
       [107.33237283, 107.33237283, 107.35441376, ..., 107.84274421,
        107.84274421, 107.84274421],
       ...,
       [106.0719426 , 106.0719426 , 106.0719426 , ..., 108.56639229,
        108.56048129, 108.56048129],
       [108.15273854, 108.15273854, 108.15273854, ..., 108.31316327,
        108.31316327, 108.31316327],
       [104.991157  , 104.991157  , 104.2306021 , ..., 105.27581264,
        105.27581264, 105.27581264]]), 'sampling_initial_center': array([], dtype=float64), 'rstate': ('MT19937', array([ 126598939,  123419690, 2265057453, 2110347457,  194626292,
       4102761676, 3109291156, 3404719762, 3131746872,  897963262,
       2976751602, 2517146567, 1924065404, 1611502882,  346466026,
        933436278,  529962181, 2297798079,   70890070, 1235835189,
       1755304359, 3191535651,  421341558, 2550241427, 2296303931,
       2784783829, 3573057670, 2177969334,  924794643, 4184911182,
       2546072248, 2158595032, 1370935298, 4210748289, 2245365042,
        669681565,  123525118, 2914622579, 2419211876, 1212338500,
       1528044080, 3323116415, 4147164789, 1682775222,  618583028,
       4256815584, 2530509206, 2443331875, 2073390744,  295425040,
       4251173426,  821522033, 4193734049, 2348181431, 2301362580,
       2181572589, 2518618023, 3258256712,  471437404, 3431382247,
       3517493329, 1219546274, 2901219095, 3127984080, 1682473244,
       2638121699, 3776314442, 2807960032, 2125414065,  963008167,
        533860734,  446123087, 3617830195, 3640732014, 2154404475,
        371706484, 2473410394, 3381804146, 1691358987, 1237810781,
       1943958469, 1479457660, 1212532159, 2407131887, 3162970030,
       2937902280, 1984720921, 2697109131, 2467212665, 3381415796,
       3132772124,  165921920, 1682831611, 3948547969, 1063018994,
       1793542660, 2117804446, 1729293587, 3004076641, 3585804343,
       1006752032, 3623726834, 4184373251, 3438827250, 3814617097,
       1010710720, 2128129594, 2584918172, 1695064429, 3813308106,
       2556623643, 2131766156, 4274264853,  825758397, 4282129979,
       3718518960,  377749438, 1548686848,  867201248, 2346952434,
       2246909974, 2823479469, 1832281896, 4142339909, 1675283330,
       2211617063, 2887509714, 2794609776,  283312992, 1715377114,
       2041281245,  788132281,   24219002, 3361655903, 2980594322,
       1817704096, 3940849776, 4125754635,   67559572, 2189870278,
       3503806786, 3180343975, 1212994911,  911652774, 1750380880,
       3491398250, 1917193081, 3886734002, 4117184211, 1421553896,
       1128378573, 1430845479, 1085801069, 2498566559, 1123199806,
        506052842, 2337642685, 1862757376, 3430557596, 4059417080,
       2268553331, 2751330723, 1640397014, 2068434058, 1685599843,
       2986056146,  442802496,  173405210, 1323901256, 3267273478,
       2811129270, 3231020743, 3366829114, 1300634285,   57488441,
        243737584,  459164719,  811792860, 1347656073, 1300061297,
       3593897288,  820417274, 3830982892, 2597274980, 2101952907,
       3920734434,  463489581, 3411792471, 2343338607, 2424855951,
        658103466, 1731944997,  337983586, 4065695088, 3496045189,
       1479391837, 2131944962, 1992386020, 3959553703, 2042587694,
       1433872352, 3704922663,  824545118, 2092247944, 1550529253,
       3394284269, 2005152139,  822672877, 1428712805, 2760835341,
        558105552, 2614645649, 3748004767, 1197246854, 3588712497,
       1788819090,  908671681, 3581274363,  110024861, 2669851919,
        224587559, 3744122146, 1631867410,  463132307, 1988838616,
         54118496,  262102093, 2879899248, 2716122998, 1190436466,
       1792761386, 1020925122,  141198805, 3946686545,  642212903,
        432215807,  705299463, 3908689655, 4080108310, 2843679419,
       1377755084, 4099916553, 1064691716, 4136813199,  770169640,
       3964361665, 2619488524,  112425955, 1673363434, 1658082708,
       4080431324, 1096429304,  751520190, 2299138554, 3317326459,
       1676890541,  267297428, 1317257826, 2239727177, 3445445865,
       3216676364, 3917439510, 3080407356, 3012364864, 4000365598,
       1321976655, 3843426694, 2876166630,  340218781,  450723247,
        922189868, 4133938297, 1608159152, 1670673455, 1227806850,
        401774029,  253092064, 2853522659, 1399689745, 4198043691,
       3391281694,  838131465,  442527843, 3491988682, 3752929262,
       1694227854,  225773743, 4072166446,   32853359, 3318091809,
       2737443186, 3806425405, 1597824693, 1409061125, 4250423237,
       3656908012, 1213138126,  471646983, 4154222787,  128044192,
       1452004871, 3911374929,  930127991, 4159914850,  892782783,
       2856223843, 3793948975,  758026802, 3546221737, 2805027927,
        829442511, 1592085494,   32182291, 3450459176, 1276369486,
        237708444, 2097837070,  533327472, 3830803051, 2820582155,
       1218625991, 4239467194, 1830129635, 2878673766,  878345863,
       1759282807, 2155998125, 1927519236,  916802588, 4007463206,
       2392322434, 2842538570, 1121866867, 2188657159, 1690987295,
       4259839346, 1223166301, 2306198979, 2374806313, 3757096410,
       3087127031,  968284653,  479790076, 3008543305, 3879921858,
       1526146099, 3838173491, 1873002134, 3383410803, 1589325138,
       2926806811, 3178014212, 3047005906,  628705743,  326725057,
       2432345048,  875915585, 2708312729,  229841645, 1235813089,
        109968542, 2348960492, 1407831668, 3822609515, 3384811396,
       2243053556, 2289661536, 1338426186, 1527119873, 1580753762,
       3481636468, 1507980306, 2589740052,  141414347, 1838523441,
        325806659, 3810827053,  495954937, 3478285355, 1434415914,
       3611832763, 2005573052, 1112977963, 2777814315, 2721359689,
        280382713, 4244997922, 2988178529,  911276714, 1573037805,
       1330484333, 2254745964,  552805525, 4234379913, 2575269685,
       2823694479,  531488878, 2335800687, 3617857864,  295628491,
       3455843836, 3868491735, 3952624469, 3362927448, 3494174330,
       3119220535, 3271610957, 2163977026, 4181535207, 1888600958,
       3221070655, 4227645351, 2644519477,  883560865,  538934544,
       2565866159, 3680717408, 1576835134, 3423101109,  612161165,
       1198136952,  310750468, 1462163207, 3336900305, 3107465439,
       2387404645, 3094854172, 1465758073, 2619178947, 2495761902,
       1748193068, 4166491406, 3832009524, 1550899623, 1464657347,
       1675393676,   80522644, 2412273118, 3922613671, 2749716192,
       3147154564, 1416999468, 2182988136, 2283162032,  765068357,
       2605463310, 4242601371, 3789996178, 1816772627, 1073786150,
       2885257534,  520490679, 3608699781, 3762977125,  533196687,
       2147851223,  172768502,  737268215, 3947759984,  569882559,
       2554003121,  606353588, 1202867649,  930044161, 3906328521,
       1846385339,  196687582, 2958274604, 1803580884, 3687409004,
       2093497722, 4102160517,  716083548, 1098614190, 1001295928,
       1164472407, 3289816799,  201701590, 1581655063, 3496961655,
       3295158252,  355815130, 2623731247, 3512014222, 2098093864,
       4291600715,  737424124,  915367318, 1500951282, 3899367420,
       1787297709, 2847183854, 2611562559,  211828350, 1950307716,
       2900454012, 2192479122, 3383975844, 1772440938, 3169888839,
        706270834, 4016964801, 3596227512, 2436467904, 2646940046,
       3003534070, 3396936295, 1119226219, 1205365201,  228630105,
        470443832, 4098665350, 2230726798, 3371614023, 1102186816,
       3660660964, 3247469077,  499868886, 3041723356, 1891828922,
       2065046289,  893425249, 3118319256, 2699917679, 2382537458,
       3147440308, 2829899561, 2600949779,    8249535, 4133674810,
        424321099, 1540529233,  126734895, 3293032156, 3315073114,
        728334745, 3244902137, 2077409333, 4165962422, 2989044643,
       3429990285, 1647597090, 2473241961, 2476465838, 2683266932,
       1419374238, 1979687318, 4042933742, 2940800022, 2924716179,
       4128609883, 4217565504,  464213099, 3774726400, 2459610799,
       2560871658, 2762680634,  255141601, 4155802865, 1395616288,
       1576387198, 1593946986, 3693374666, 1631393279,  953306781,
       1722789369,    1700391, 3649497679, 2502050437, 4078763920,
       3786197726, 2759357218, 1670709426,  255835171, 3338583959,
       1390487553, 2922413531, 1638975397, 1150409641, 3125442717,
       4085949607, 1895052817, 2588370080, 2503307810, 2875809642,
       3338763038, 1684414267, 3624522002, 1141938355, 1165232614,
        378460866,  617586882, 1391719935, 4168160224, 2089481632,
       3010002288, 4007016976, 1879809530, 3947751472, 3593222608,
       2949124879,   85344135, 3420494648,  251335708, 3032312548,
       3199577202, 1651140578, 1334957782, 2457895406,  251271378,
       2168512447, 3203214759, 1696995048, 2619036995, 2441066185,
       3239447512, 2923273095, 4070730993, 1349500080,  820436571,
        852058571,  767378586, 2456363696, 2237697852], dtype=uint32), 341, 1, -0.17160242921613825), 'sampling_duration': 1136.4005317687988, 'theta_labels': ['mass', 'logzsol', 'dust2', 'tage', 'tau'], 'bestfit': {'parameter': array([ 5.77943960e+09, -3.27034992e-01,  2.55749234e-01,  1.51652283e+00,
        1.35633743e-01]), 'photometry': array([1.47649803e-10, 1.22811394e-09, 6.87178897e-09, 2.90626637e-08,
       5.18600568e-08, 6.59317395e-08, 8.25630712e-08]), 'restframe_wavelengths': array([9.100e+01, 9.400e+01, 9.600e+01, ..., 9.817e+07, 9.908e+07,
       1.000e+08]), 'spectrum': array([ 1.00525446e-12, -1.20523675e-15, -1.94386958e-17, ...,
        3.53587305e-11,  3.44259556e-11,  3.25293827e-11]), 'mfrac': 0.6500707091439203}, 'optimization': {}, 'obs': {'maggies': array([3.74432296e-10, 1.06759636e-09, 7.40844841e-09, 2.77860063e-08,
       5.15948804e-08, 6.70925541e-08, 8.19583690e-08]), 'maggies_unc': array([3.83942181e-10, 5.44874444e-10, 6.42862794e-10, 1.27959288e-09,
       2.37603205e-09, 3.08972630e-09, 3.77432237e-09]), 'phot_mask': array([ True,  True,  True,  True,  True,  True,  True]), 'filternames': ['galex_FUV', 'galex_NUV', 'sdss_u0', 'sdss_g0', 'sdss_r0', 'sdss_i0', 'sdss_z0'], 'filters': [<class 'sedpy.observate.Filter'>(galex_FUV), <class 'sedpy.observate.Filter'>(galex_NUV), <class 'sedpy.observate.Filter'>(sdss_u0), <class 'sedpy.observate.Filter'>(sdss_g0), <class 'sedpy.observate.Filter'>(sdss_r0), <class 'sedpy.observate.Filter'>(sdss_i0), <class 'sedpy.observate.Filter'>(sdss_z0)], 'logify_spectrum': False, 'ndof': 7, 'objid': 'AT2018hco', 'spectrum': None, 'unc': None, 'wavelength': None}, 'model': None} {'maggies': array([3.74432296e-10, 1.06759636e-09, 7.40844841e-09, 2.77860063e-08,
       5.15948804e-08, 6.70925541e-08, 8.19583690e-08]), 'maggies_unc': array([3.83942181e-10, 5.44874444e-10, 6.42862794e-10, 1.27959288e-09,
       2.37603205e-09, 3.08972630e-09, 3.77432237e-09]), 'phot_mask': array([ True,  True,  True,  True,  True,  True,  True]), 'filternames': ['galex_FUV', 'galex_NUV', 'sdss_u0', 'sdss_g0', 'sdss_r0', 'sdss_i0', 'sdss_z0'], 'filters': [<class 'sedpy.observate.Filter'>(galex_FUV), <class 'sedpy.observate.Filter'>(galex_NUV), <class 'sedpy.observate.Filter'>(sdss_u0), <class 'sedpy.observate.Filter'>(sdss_g0), <class 'sedpy.observate.Filter'>(sdss_r0), <class 'sedpy.observate.Filter'>(sdss_i0), <class 'sedpy.observate.Filter'>(sdss_z0)], 'logify_spectrum': False, 'ndof': 7, 'objid': 'AT2018hco', 'spectrum': None, 'unc': None, 'wavelength': None} None

Detailed performance metrics for this job will be available at https://metrics.hpc.arizona.edu/#job_viewer?action=show&realm=SUPREMM&resource_id=73&local_job_id=8533471 by 8am on 2023/11/08.
