{'model_params': [{'N': 1, 'isfree': False, 'init': 0.148, 'units': 'redshift', 'prior': b'\x80\x02cprospect.models.priors\nTopHat\nq\x00)\x81q\x01}q\x02(X\x05\x00\x00\x00aliasq\x03}q\x04(X\x04\x00\x00\x00miniq\x05h\x05X\x04\x00\x00\x00maxiq\x06h\x06uX\x06\x00\x00\x00paramsq\x07}q\x08(h\x05G\x00\x00\x00\x00\x00\x00\x00\x00h\x06G@\x10\x00\x00\x00\x00\x00\x00uX\x04\x00\x00\x00nameq\tX\x00\x00\x00\x00q\nub.', 'name': 'zred'}, {'N': 1, 'isfree': True, 'init': 10000000000.0, 'units': 'Solar masses formed', 'prior': b'\x80\x02cprospect.models.priors\nLogUniform\nq\x00)\x81q\x01}q\x02(X\x05\x00\x00\x00aliasq\x03}q\x04(X\x04\x00\x00\x00miniq\x05h\x05X\x04\x00\x00\x00maxiq\x06h\x06uX\x06\x00\x00\x00paramsq\x07}q\x08(h\x05GA\x97\xd7\x84\x00\x00\x00\x00h\x06GBm\x1a\x94\xa2\x00\x00\x00uX\x04\x00\x00\x00nameq\tX\x00\x00\x00\x00q\nub.', 'init_disp': 10000000.0, 'name': 'mass'}, {'N': 1, 'isfree': True, 'init': -0.3, 'units': '$\\log (Z/Z_\\odot)$', 'prior': b'\x80\x02cprospect.models.priors\nTopHat\nq\x00)\x81q\x01}q\x02(X\x05\x00\x00\x00aliasq\x03}q\x04(X\x04\x00\x00\x00miniq\x05h\x05X\x04\x00\x00\x00maxiq\x06h\x06uX\x06\x00\x00\x00paramsq\x07}q\x08(h\x05G\xbf\xfc\xcc\xcc\xcc\xcc\xcc\xcdh\x06G?\xc9\x99\x99\x99\x99\x99\x9auX\x04\x00\x00\x00nameq\tX\x00\x00\x00\x00q\nub.', 'name': 'logzsol'}, {'N': 1, 'isfree': True, 'init': 0.4, 'units': 'optical depth at 5500AA', 'prior': b'\x80\x02cprospect.models.priors\nTopHat\nq\x00)\x81q\x01}q\x02(X\x05\x00\x00\x00aliasq\x03}q\x04(X\x04\x00\x00\x00miniq\x05h\x05X\x04\x00\x00\x00maxiq\x06h\x06uX\x06\x00\x00\x00paramsq\x07}q\x08(h\x05G\x00\x00\x00\x00\x00\x00\x00\x00h\x06G?\xf0\x00\x00\x00\x00\x00\x00uX\x04\x00\x00\x00nameq\tX\x00\x00\x00\x00q\nub.', 'name': 'dust2'}, {'N': 1, 'isfree': False, 'init': 4, 'units': 'FSPS index', 'name': 'sfh'}, {'N': 1, 'isfree': True, 'init': 5000000000.0, 'units': 'Gyr', 'prior': b'\x80\x02cprospect.models.priors\nLogUniform\nq\x00)\x81q\x01}q\x02(X\x05\x00\x00\x00aliasq\x03}q\x04(X\x04\x00\x00\x00miniq\x05h\x05X\x04\x00\x00\x00maxiq\x06h\x06uX\x06\x00\x00\x00paramsq\x07}q\x08(h\x05G?\xb9\x99\x99\x99\x99\x99\x9ah\x06G@)-\xb2\xb7;/\x7fuX\x04\x00\x00\x00nameq\tX\x00\x00\x00\x00q\nub.', 'init_disp': 5.0, 'name': 'tage'}, {'N': 1, 'isfree': False, 'init': 1, 'name': 'imf_type'}, {'N': 1, 'isfree': False, 'init': 2, 'name': 'dust_type'}, {'N': 1, 'isfree': True, 'init': 1, 'units': 'Gyr^{-1}', 'prior': b'\x80\x02cprospect.models.priors\nLogUniform\nq\x00)\x81q\x01}q\x02(X\x05\x00\x00\x00aliasq\x03}q\x04(X\x04\x00\x00\x00miniq\x05h\x05X\x04\x00\x00\x00maxiq\x06h\x06uX\x06\x00\x00\x00paramsq\x07}q\x08(h\x05G?\xb9\x99\x99\x99\x99\x99\x9ah\x06G@$\x00\x00\x00\x00\x00\x00uX\x04\x00\x00\x00nameq\tX\x00\x00\x00\x00q\nub.', 'init_disp': 3.0, 'name': 'tau'}], 'optimizer_duration': 0.0, 'paramfile_text': '', 'prospector_version': "Can't get version number.", 'run_params': {'verbose': True, 'data': {'maggies': [1.1404987505715218e-10, 4.030014419359492e-10, 1.7318495873409363e-09, 1.0502842828241208e-08, 2.259509039908712e-08, 3.032711912953468e-08, 3.7607837632200086e-08, 2.3593914430440526e-08, 1.664178856616583e-08, 0.0], 'maggies_unc': [6.339861545762501e-11, 4.339394669012818e-11, 3.6907360006745374e-10, 4.836737866073526e-10, 1.0405423665558179e-09, 1.3966154484224225e-09, 1.7319049262328882e-09, 1.0865399130581892e-09, 1.3181782189984996e-09, 2.46700485593979e-08], 'mags': [24.857262965403205, 23.486733499884785, 21.903724573845835, 19.946732833869497, 19.114964791978643, 18.795422106894744, 18.561804092088845, 19.067999999999998, 19.447, 18.267], 'mags_unc': [0.6035444764791542, 0.11690871070457476, 0.2313807, 0.05, 0.05, 0.05, 0.05, 0.05, 0.086, 0.05], 'filternames': ['galex_FUV', 'galex_NUV', 'sdss_u0', 'sdss_g0', 'sdss_r0', 'sdss_i0', 'sdss_z0', 'wise_w1', 'wise_w2', 'wise_w3'], 'photmask': [True, True, True, True, True, True, True, False, False, False], 'redshift': 0.148}, 'tdename': 'AT2019mha', 'nwalkers': 100, 'nburn': [500], 'niter': 500, 'object_redshift': 0.148}, 'acceptance': array([0.134, 0.306, 0.27 , 0.274, 0.324, 0.328, 0.248, 0.104, 0.31 ,
       0.216, 0.28 , 0.362, 0.24 , 0.334, 0.352, 0.126, 0.31 , 0.248,
       0.27 , 0.362, 0.114, 0.302, 0.154, 0.3  , 0.316, 0.356, 0.32 ,
       0.12 , 0.218, 0.176, 0.256, 0.362, 0.386, 0.298, 0.202, 0.364,
       0.314, 0.286, 0.298, 0.216, 0.422, 0.26 , 0.274, 0.244, 0.228,
       0.318, 0.336, 0.362, 0.33 , 0.264, 0.15 , 0.358, 0.196, 0.366,
       0.19 , 0.352, 0.344, 0.254, 0.328, 0.24 , 0.354, 0.318, 0.364,
       0.338, 0.302, 0.332, 0.246, 0.276, 0.28 , 0.026, 0.342, 0.352,
       0.31 , 0.24 , 0.148, 0.368, 0.346, 0.304, 0.3  , 0.222, 0.278,
       0.268, 0.296, 0.248, 0.282, 0.152, 0.276, 0.238, 0.26 , 0.306,
       0.228, 0.132, 0.292, 0.126, 0.32 , 0.312, 0.328, 0.074, 0.244,
       0.35 ]), 'chain': array([[[ 1.16922474e+10,  1.96871248e-01,  5.03540400e-01,
          1.35169121e+00,  1.52831560e-01],
        [ 1.16922474e+10,  1.96871248e-01,  5.03540400e-01,
          1.35169121e+00,  1.52831560e-01],
        [ 1.16922474e+10,  1.96871248e-01,  5.03540400e-01,
          1.35169121e+00,  1.52831560e-01],
        ...,
        [ 1.22692961e+10, -2.61340550e-02,  7.92210599e-01,
          1.12285057e+00,  1.11150482e-01],
        [ 1.22692961e+10, -2.61340550e-02,  7.92210599e-01,
          1.12285057e+00,  1.11150482e-01],
        [ 1.22598842e+10, -1.58758858e-02,  8.01386730e-01,
          1.10394331e+00,  1.09548680e-01]],

       [[ 1.14591956e+10, -1.08364365e-01,  5.89254467e-01,
          1.53808729e+00,  1.69209217e-01],
        [ 1.09504323e+10, -1.70141843e-01,  5.34963317e-01,
          1.63655364e+00,  1.80190034e-01],
        [ 1.09504323e+10, -1.70141843e-01,  5.34963317e-01,
          1.63655364e+00,  1.80190034e-01],
        ...,
        [ 1.51094128e+10, -1.03414729e+00,  6.36067072e-01,
          2.37632272e+00,  1.42530480e-01],
        [ 1.53661658e+10, -1.06150813e+00,  6.30517971e-01,
          2.47946909e+00,  1.47461583e-01],
        [ 1.53661658e+10, -1.06150813e+00,  6.30517971e-01,
          2.47946909e+00,  1.47461583e-01]],

       [[ 1.03060653e+10, -2.82479680e-01,  6.89756618e-01,
          1.25512557e+00,  1.20873623e-01],
        [ 1.03060653e+10, -2.82479680e-01,  6.89756618e-01,
          1.25512557e+00,  1.20873623e-01],
        [ 1.03060653e+10, -2.82479680e-01,  6.89756618e-01,
          1.25512557e+00,  1.20873623e-01],
        ...,
        [ 2.30077172e+10, -1.26509088e+00,  2.74782448e-01,
          7.52689850e+00,  7.69196881e-01],
        [ 1.79928311e+10, -1.37109559e+00,  2.57162941e-01,
          5.51234862e+00,  4.42032108e-01],
        [ 2.06985609e+10, -1.36339241e+00,  3.20087774e-01,
          6.10867268e+00,  5.65217678e-01]],

       ...,

       [[ 1.11690757e+10,  6.86122307e-02,  8.23497832e-01,
          9.65826417e-01,  1.02562427e-01],
        [ 1.11690757e+10,  6.86122307e-02,  8.23497832e-01,
          9.65826417e-01,  1.02562427e-01],
        [ 1.11690757e+10,  6.86122307e-02,  8.23497832e-01,
          9.65826417e-01,  1.02562427e-01],
        ...,
        [ 1.26592850e+10,  7.86105371e-02,  9.63890574e-01,
          9.41118138e-01,  1.08352154e-01],
        [ 1.25928732e+10,  6.07734405e-02,  9.34654961e-01,
          9.72065597e-01,  1.08828685e-01],
        [ 1.25928732e+10,  6.07734405e-02,  9.34654961e-01,
          9.72065597e-01,  1.08828685e-01]],

       [[ 1.30242726e+10,  1.12584460e-01,  8.24434700e-01,
          1.17409756e+00,  1.39249130e-01],
        [ 1.30413932e+10,  1.20110337e-01,  8.28464807e-01,
          1.16570520e+00,  1.39334194e-01],
        [ 1.30413932e+10,  1.20110337e-01,  8.28464807e-01,
          1.16570520e+00,  1.39334194e-01],
        ...,
        [ 1.45033782e+10, -7.10511131e-01,  4.09845722e-01,
          3.15308390e+00,  3.19380166e-01],
        [ 1.45033782e+10, -7.10511131e-01,  4.09845722e-01,
          3.15308390e+00,  3.19380166e-01],
        [ 1.45033782e+10, -7.10511131e-01,  4.09845722e-01,
          3.15308390e+00,  3.19380166e-01]],

       [[ 2.82660763e+10, -1.71441422e+00,  6.84423598e-01,
          7.12287041e+00,  8.47800454e-01],
        [ 2.82660763e+10, -1.71441422e+00,  6.84423598e-01,
          7.12287041e+00,  8.47800454e-01],
        [ 2.82660763e+10, -1.71441422e+00,  6.84423598e-01,
          7.12287041e+00,  8.47800454e-01],
        ...,
        [ 1.85529957e+10, -1.01405357e+00,  3.65247058e-01,
          4.95526657e+00,  5.15308904e-01],
        [ 1.85529957e+10, -1.01405357e+00,  3.65247058e-01,
          4.95526657e+00,  5.15308904e-01],
        [ 1.84081578e+10, -1.01195602e+00,  3.92979471e-01,
          4.73917025e+00,  4.86077501e-01]]]), 'initial_theta': array([ 1.e+10, -3.e-01,  4.e-01,  5.e+09,  1.e+00]), 'lnprobability': array([[115.75584253, 115.75584253, 115.75584253, ..., 114.78624275,
        114.78624275, 114.74346248],
       [114.75996053, 114.39501205, 114.39501205, ..., 113.76831936,
        113.85860233, 113.85860233],
       [115.60752428, 115.60752428, 115.60752428, ..., 110.70602585,
        108.49765362, 110.0240315 ],
       ...,
       [113.87525088, 113.87525088, 113.87525088, ..., 116.8356234 ,
        116.83068063, 116.83068063],
       [116.07712851, 116.08516538, 116.08516538, ..., 112.98030079,
        112.98030079, 112.98030079],
       [111.05217192, 111.05217192, 111.05217192, ..., 112.62801748,
        112.62801748, 112.57812392]]), 'sampling_initial_center': array([], dtype=float64), 'rstate': ('MT19937', array([2954767964, 1958924277, 2935149724, 3319848506, 1411514610,
       3992882801, 3585548383, 3824316479, 1752794461, 1428019695,
       2491519137, 1600222362, 4179804036, 3173140566, 2102472007,
       2793528345, 3194870725, 1324495456, 2738024621, 4258465932,
       2698070331, 3510521212, 1749660394,  121325526,  880962289,
        356796133,   60189217, 1437723846,  414354979, 1675485674,
       3426665060,  213043149, 4230861135,  379957746, 3708967814,
       1402820334, 3973543437, 1554357387, 1983296551, 1082489909,
       1662609132,   25538734, 2963834959, 2392207217, 4183548207,
       3991274710, 3299766302, 3409868028, 2046905171, 2189689927,
       1805960528,  922292649, 3117954044,  534302364, 3301034756,
        591732409, 2597678727, 3172623903,  204431755,  108707813,
       2550936918, 4156226751, 3280100816, 1224709091, 3508580527,
       2691170812, 3266138441, 4019891198, 2675562318, 2807039494,
        199251693, 3171877908, 2944029035, 2121691753, 3819201931,
       3342287629, 1171815918, 3695528214,  119175520,  146344392,
       3831041038, 1706198298,  294596099, 1800988029, 3937660778,
        872883730, 3917017333,  130310975, 2343599028, 3897967081,
       2506653531, 3405052869,  497497137, 1452136628,  111016591,
        503462818, 2213373616, 1680938398, 1609889731, 1712043042,
       2347774621,  313148056, 1008617700, 3545209484,  890042113,
       3176743179, 1189945755, 1959161816,  456889946,   30777269,
       2785244175, 2178431009,  183058085, 2819880500, 3079548676,
       2595827732, 1704433846, 2812582750, 3476313596, 3017953465,
       1141022643, 3239497548, 1131615483, 2902736979, 2007617163,
       1295652014, 1210433618, 2553413281,  798692194, 2325941930,
       2233224641, 3305352510, 2679891329, 2618585903,   47939535,
       3277103314,  830704856, 2284070836, 3734005255, 2057182915,
       2869389474,  696213537, 1539441039, 2758791057,  589731932,
       1498482219, 2060480143, 4205955066, 3468452100, 1295359124,
       3007964648, 1991468737, 3675642412, 2979072716, 3778442298,
       3339227652,  300001236, 3734715849, 1975321226, 2119216845,
       3172865177,   62697596,  568164002, 3673304482,  664034520,
       2574930834, 2346045278,  991183693, 1415289682, 1145521625,
       1775147322, 1086331786,  730284351, 3697849455, 1804450498,
       1506102179, 1917298526, 1340648515,  599414179, 2871566597,
       3138962182, 3737500757, 1923960836,  565370634,   58148247,
       2467517837, 1196940706, 2289549747, 2317772821,  184784255,
       2937364781, 2312340810, 4099713572, 2409041224, 1368619713,
       1120041859, 2713747298, 3735849265, 3914329385, 3814825978,
       2086985646, 2613543243, 2619617759, 1888787817,   63918095,
       3318419920,  706025236, 2540245146, 4167217613,  748799767,
       2611915682, 3674228458, 1125281969, 1641507780, 3118322881,
       3477233173, 1109732310, 1007484939,  708781843, 3507286657,
       2663290573, 1526229802, 3097056161, 3860594273,  933509165,
       1899476308, 3389590055, 3978010717, 2750650889, 2569415276,
       3336313378,  453466202, 3751205694, 4290281626, 1359406259,
       3889289594, 2935380587, 3493801239, 1221991221, 3257996159,
       1918771038,  116618958, 2348321216,  251013924, 2830163854,
       3000648771, 4193481144, 4242952297, 4007692393, 2499053582,
       2518419680, 2453356609, 2396920791,  875942001,  330408456,
       2032877016, 2997759256, 2695233197, 2914158226,  106974401,
        192426663, 2424653383,  372593483, 3731758901, 1214396806,
       4250689850,  708300858, 2181501951, 3514337614, 1020284093,
       2909565554, 4261369741, 1353733237,   70460783,  260122678,
       1803103996, 2011720594,  749872133, 1793947459, 1807376189,
       2754797192, 2747752880, 1707638499,  453558339, 1780156229,
       2850251886, 2144182520, 3120379670, 2062286232, 4184972504,
       2474615998, 2051391660, 1557046226, 3573308655, 1968010378,
       3686636511, 2541809114, 2641591724, 2696238370,  537031083,
        336586515, 3378260844, 3943321553, 1234231054, 2746017566,
       1995770732,  499881762, 2322343852, 2912507805, 4223754780,
        446081011, 3062188376,  369432748, 4024210978, 1785198421,
        791257304, 1491998519, 1683642208, 3543054343, 1672675037,
       3558413330,  862958180, 2105901490, 1759382592,  741269864,
       1750896158,  997092617, 3005096265, 1020128584, 1341528907,
       4175284940,  896915676, 1116349360, 3560530963,  836038962,
       1486874845, 2427087696, 2679046387, 4174684653, 2962369459,
        634293730, 1523201806, 3383662668, 2252293114,  159706012,
       2726764054, 3209023775,   53023977, 1972631240, 1314951735,
       3891664877, 1278262985, 2091327744, 4159000452, 2901745878,
       3332734404, 2532298265, 1434353540, 2894412998,  913105493,
       4202731439, 3379904658, 3913000097,  822536989, 2134742747,
       1097475653, 3901121772, 3809158313, 1126460544,  132509973,
       3051031011, 1551377413, 3608197867, 2376361859, 1642993892,
       3903717124,   44664435, 2986739307, 3672737241,  947615834,
       1275325735, 3167758436, 2808008964, 3001172504,   53620888,
       1039515642, 1730932361, 1692992574, 1435312508, 3958367979,
       2871932646, 1479893408,  910554046, 2652764041, 3789955937,
       2716774440,  163945514, 1093803817,  172604150, 3276817859,
       2003305029,  174560338, 1880353548,  486268779,  506499720,
       4177536516, 1925206444,   35908432, 1440354971, 4221115474,
        599497357, 1771901053,  263272024, 3912871659, 2553968679,
       2924247070, 1735042159, 3743762983, 3265957879, 1587585662,
       3742952739, 3382928687,  897332880,  260942803, 1233385063,
        844321770,  705691901, 3213521814, 1411095974, 4131629373,
        309295203, 1751581464, 1987996897, 1456022832, 2930181517,
       3409751209, 1662100529, 3330908924, 2271322323,  922658031,
       1147405703,  476351360, 3995346671, 3988308572,  436145800,
       2358921780, 1767510030, 1322358217,  389293349, 3543986713,
       4170872866, 1954589661,  881789459, 3890289911,  747625547,
       3279326367, 2653578970,  657587561, 1122489688,    6252969,
       3069368289, 1538697610, 1779424894, 1548415218, 2125231155,
        807739038, 1107580640, 4067253460, 4227016272, 2814577165,
       2943713278, 3598271172, 3218988178, 2220491926, 1390986663,
       1634252050, 2470381399, 3915489104,  806050825, 3770698077,
        532060782, 3540736686, 2493331811, 1673105865, 1394177356,
       3175143521, 1189814269,  936577584, 2501312876, 1221637497,
       1826613086, 1380436065, 2755973005, 2064722081, 1019798196,
       1962462816, 2635790389, 1663132101, 1554968575, 1625396048,
       4159740515, 1654961246, 3547978322,  794400614, 3802619393,
       2006443257, 3034255190, 1371528291, 3214895967, 2001269750,
        500131113,  181173392, 3517018010, 1621178871,  961290384,
        119558824, 4149480472, 3539046050, 1499709917,  697906667,
       2123971059, 3773112770, 2996589573, 2487557751, 3193387123,
        825670361, 3329767444, 2330573227, 3157510435, 1275590513,
         20801798,  162050191, 1149657824, 4253393113, 3029145755,
       3009539061, 2712098133, 3906504619,  148849539,  341049853,
        564067541, 4148951123,  670912861, 3183734063,  530894160,
       3732080437,  599074271,  425877633,  583543548, 1632040644,
       2135093543, 3686670669, 3177564333, 3519420086,  532070903,
       1863272121, 3907743878, 1709166170, 1750937911, 2660008410,
       1473373727, 4198724110, 3825466059,  140283047, 2816767870,
        541830283, 1092741353, 4285795534,  129555550, 1514177324,
       2597412471, 4020264242,  473347864, 1301987386,  372061680,
        291623800,  448549703, 1117914382, 1719251949, 1107151964,
       2254124876, 1610208467,  932846518, 1935375624, 2601991523,
       3574553432, 4050969702, 1513698506, 3823396056, 3402189036,
        824004385, 1236738565, 2878603095, 1470992329, 2265864286,
       3407183987, 1007464211,  299168542, 3964277296, 3283499792,
       3606456963, 2492483079, 1198680155,  236946743, 2273272085,
       2450202899,  774897524, 2807947079,  163835501,  442896338,
       1874424942,  660535779, 3345038889, 2367989682, 2198054572,
       3441662324, 3184451049, 2997925945, 2191030493, 1629308540,
       3011114128, 4274874431,  974589691, 1372228356], dtype=uint32), 109, 0, 0.0), 'sampling_duration': 1140.0242171287537, 'theta_labels': ['mass', 'logzsol', 'dust2', 'tage', 'tau'], 'bestfit': {'parameter': array([1.27073109e+10, 2.19755513e-02, 8.71377348e-01, 1.05574878e+00,
       1.16333425e-01]), 'photometry': array([8.79677733e-11, 3.97409004e-10, 2.11929467e-09, 1.06206646e-08,
       2.20789048e-08, 2.93645716e-08, 3.80961566e-08, 4.63169235e-08,
       3.34381882e-08, 1.17628278e-07]), 'restframe_wavelengths': array([9.100e+01, 9.400e+01, 9.600e+01, ..., 9.817e+07, 9.908e+07,
       1.000e+08]), 'spectrum': array([ 2.36773702e-12, -2.68304846e-15, -4.48200414e-17, ...,
        8.32894063e-11,  8.10922207e-11,  7.66248632e-11]), 'mfrac': 0.6819763769478577}, 'optimization': {}, 'obs': {'maggies': array([1.14049875e-10, 4.03001442e-10, 1.73184959e-09, 1.05028428e-08,
       2.25950904e-08, 3.03271191e-08, 3.76078376e-08, 2.35939144e-08,
       1.66417886e-08, 0.00000000e+00]), 'maggies_unc': array([6.33986155e-11, 4.33939467e-11, 3.69073600e-10, 4.83673787e-10,
       1.04054237e-09, 1.39661545e-09, 1.73190493e-09, 1.08653991e-09,
       1.31817822e-09, 2.46700486e-08]), 'phot_mask': array([ True,  True,  True,  True,  True,  True,  True, False, False,
       False]), 'filternames': ['galex_FUV', 'galex_NUV', 'sdss_u0', 'sdss_g0', 'sdss_r0', 'sdss_i0', 'sdss_z0', 'wise_w1', 'wise_w2', 'wise_w3'], 'filters': [<class 'sedpy.observate.Filter'>(galex_FUV), <class 'sedpy.observate.Filter'>(galex_NUV), <class 'sedpy.observate.Filter'>(sdss_u0), <class 'sedpy.observate.Filter'>(sdss_g0), <class 'sedpy.observate.Filter'>(sdss_r0), <class 'sedpy.observate.Filter'>(sdss_i0), <class 'sedpy.observate.Filter'>(sdss_z0), <class 'sedpy.observate.Filter'>(wise_w1), <class 'sedpy.observate.Filter'>(wise_w2), <class 'sedpy.observate.Filter'>(wise_w3)], 'logify_spectrum': False, 'ndof': 7, 'objid': 'AT2019mha', 'spectrum': None, 'unc': None, 'wavelength': None}, 'model': None} {'maggies': array([1.14049875e-10, 4.03001442e-10, 1.73184959e-09, 1.05028428e-08,
       2.25950904e-08, 3.03271191e-08, 3.76078376e-08, 2.35939144e-08,
       1.66417886e-08, 0.00000000e+00]), 'maggies_unc': array([6.33986155e-11, 4.33939467e-11, 3.69073600e-10, 4.83673787e-10,
       1.04054237e-09, 1.39661545e-09, 1.73190493e-09, 1.08653991e-09,
       1.31817822e-09, 2.46700486e-08]), 'phot_mask': array([ True,  True,  True,  True,  True,  True,  True, False, False,
       False]), 'filternames': ['galex_FUV', 'galex_NUV', 'sdss_u0', 'sdss_g0', 'sdss_r0', 'sdss_i0', 'sdss_z0', 'wise_w1', 'wise_w2', 'wise_w3'], 'filters': [<class 'sedpy.observate.Filter'>(galex_FUV), <class 'sedpy.observate.Filter'>(galex_NUV), <class 'sedpy.observate.Filter'>(sdss_u0), <class 'sedpy.observate.Filter'>(sdss_g0), <class 'sedpy.observate.Filter'>(sdss_r0), <class 'sedpy.observate.Filter'>(sdss_i0), <class 'sedpy.observate.Filter'>(sdss_z0), <class 'sedpy.observate.Filter'>(wise_w1), <class 'sedpy.observate.Filter'>(wise_w2), <class 'sedpy.observate.Filter'>(wise_w3)], 'logify_spectrum': False, 'ndof': 7, 'objid': 'AT2019mha', 'spectrum': None, 'unc': None, 'wavelength': None} None

Detailed performance metrics for this job will be available at https://metrics.hpc.arizona.edu/#job_viewer?action=show&realm=SUPREMM&resource_id=73&local_job_id=8533484 by 8am on 2023/11/08.
