{'model_params': [{'N': 1, 'isfree': False, 'init': 0.117, 'units': 'redshift', 'prior': b'\x80\x02cprospect.models.priors\nTopHat\nq\x00)\x81q\x01}q\x02(X\x05\x00\x00\x00aliasq\x03}q\x04(X\x04\x00\x00\x00miniq\x05h\x05X\x04\x00\x00\x00maxiq\x06h\x06uX\x06\x00\x00\x00paramsq\x07}q\x08(h\x05G\x00\x00\x00\x00\x00\x00\x00\x00h\x06G@\x10\x00\x00\x00\x00\x00\x00uX\x04\x00\x00\x00nameq\tX\x00\x00\x00\x00q\nub.', 'name': 'zred'}, {'N': 1, 'isfree': True, 'init': 10000000000.0, 'units': 'Solar masses formed', 'prior': b'\x80\x02cprospect.models.priors\nLogUniform\nq\x00)\x81q\x01}q\x02(X\x05\x00\x00\x00aliasq\x03}q\x04(X\x04\x00\x00\x00miniq\x05h\x05X\x04\x00\x00\x00maxiq\x06h\x06uX\x06\x00\x00\x00paramsq\x07}q\x08(h\x05GA\x97\xd7\x84\x00\x00\x00\x00h\x06GBm\x1a\x94\xa2\x00\x00\x00uX\x04\x00\x00\x00nameq\tX\x00\x00\x00\x00q\nub.', 'init_disp': 10000000.0, 'name': 'mass'}, {'N': 1, 'isfree': True, 'init': -0.3, 'units': '$\\log (Z/Z_\\odot)$', 'prior': b'\x80\x02cprospect.models.priors\nTopHat\nq\x00)\x81q\x01}q\x02(X\x05\x00\x00\x00aliasq\x03}q\x04(X\x04\x00\x00\x00miniq\x05h\x05X\x04\x00\x00\x00maxiq\x06h\x06uX\x06\x00\x00\x00paramsq\x07}q\x08(h\x05G\xbf\xfc\xcc\xcc\xcc\xcc\xcc\xcdh\x06G?\xc9\x99\x99\x99\x99\x99\x9auX\x04\x00\x00\x00nameq\tX\x00\x00\x00\x00q\nub.', 'name': 'logzsol'}, {'N': 1, 'isfree': True, 'init': 0.4, 'units': 'optical depth at 5500AA', 'prior': b'\x80\x02cprospect.models.priors\nTopHat\nq\x00)\x81q\x01}q\x02(X\x05\x00\x00\x00aliasq\x03}q\x04(X\x04\x00\x00\x00miniq\x05h\x05X\x04\x00\x00\x00maxiq\x06h\x06uX\x06\x00\x00\x00paramsq\x07}q\x08(h\x05G\x00\x00\x00\x00\x00\x00\x00\x00h\x06G?\xf0\x00\x00\x00\x00\x00\x00uX\x04\x00\x00\x00nameq\tX\x00\x00\x00\x00q\nub.', 'name': 'dust2'}, {'N': 1, 'isfree': False, 'init': 4, 'units': 'FSPS index', 'name': 'sfh'}, {'N': 1, 'isfree': True, 'init': 5000000000.0, 'units': 'Gyr', 'prior': b'\x80\x02cprospect.models.priors\nLogUniform\nq\x00)\x81q\x01}q\x02(X\x05\x00\x00\x00aliasq\x03}q\x04(X\x04\x00\x00\x00miniq\x05h\x05X\x04\x00\x00\x00maxiq\x06h\x06uX\x06\x00\x00\x00paramsq\x07}q\x08(h\x05G?\xb9\x99\x99\x99\x99\x99\x9ah\x06G@)-\xb2\xb7;/\x7fuX\x04\x00\x00\x00nameq\tX\x00\x00\x00\x00q\nub.', 'init_disp': 5.0, 'name': 'tage'}, {'N': 1, 'isfree': False, 'init': 1, 'name': 'imf_type'}, {'N': 1, 'isfree': False, 'init': 2, 'name': 'dust_type'}, {'N': 1, 'isfree': True, 'init': 1, 'units': 'Gyr^{-1}', 'prior': b'\x80\x02cprospect.models.priors\nLogUniform\nq\x00)\x81q\x01}q\x02(X\x05\x00\x00\x00aliasq\x03}q\x04(X\x04\x00\x00\x00miniq\x05h\x05X\x04\x00\x00\x00maxiq\x06h\x06uX\x06\x00\x00\x00paramsq\x07}q\x08(h\x05G?\xb9\x99\x99\x99\x99\x99\x9ah\x06G@$\x00\x00\x00\x00\x00\x00uX\x04\x00\x00\x00nameq\tX\x00\x00\x00\x00q\nub.', 'init_disp': 3.0, 'name': 'tau'}], 'optimizer_duration': 0.0, 'paramfile_text': '', 'prospector_version': "Can't get version number.", 'run_params': {'verbose': True, 'data': {'maggies': [2.030304019485554e-10, 2.1666532807547357e-10, 2.919104282637557e-09, 1.208370677042863e-08, 2.3231338308358655e-08, 3.0142477902467564e-08, 3.6421436180066717e-08, 2.1222715022343944e-08, 1.3056290720466296e-08, 8.61751421663799e-09], 'maggies_unc': [1.0192779106190174e-10, 1.1357121434455075e-10, 1.5816210422791535e-10, 5.564752615540037e-10, 1.0698426655825631e-09, 1.388112405682485e-09, 1.6772691202731124e-09, 1.4284087180262736e-09, 6.226910852343728e-10, 3.456458637776074e-08], 'mags': [24.231097313962, 24.160526453013915, 21.33687597479009, 19.794499555221883, 19.08481442672697, 18.80205262199653, 18.59660733246063, 19.1829976439476, 19.71045047044754, 20.161544978618622], 'mags_unc': [0.5450744911344358, 0.569119112538722, 0.05882706, 0.05, 0.05, 0.05, 0.05, 0.07307618552670858, 0.05178180159233948, 4.35485476314834], 'filternames': ['galex_FUV', 'galex_NUV', 'sdss_u0', 'sdss_g0', 'sdss_r0', 'sdss_i0', 'sdss_z0', 'wise_w1', 'wise_w2', 'wise_w3'], 'photmask': [True, True, True, True, True, True, True, False, False, False], 'redshift': 0.117}, 'tdename': 'AT2019lwu', 'nwalkers': 100, 'nburn': [500], 'niter': 500, 'object_redshift': 0.117}, 'acceptance': array([0.318, 0.44 , 0.31 , 0.298, 0.36 , 0.284, 0.268, 0.34 , 0.362,
       0.346, 0.31 , 0.182, 0.052, 0.344, 0.254, 0.338, 0.37 , 0.06 ,
       0.386, 0.366, 0.078, 0.338, 0.356, 0.344, 0.338, 0.35 , 0.188,
       0.282, 0.296, 0.32 , 0.436, 0.362, 0.302, 0.318, 0.224, 0.35 ,
       0.322, 0.36 , 0.318, 0.34 , 0.336, 0.288, 0.376, 0.378, 0.33 ,
       0.332, 0.396, 0.372, 0.308, 0.202, 0.392, 0.382, 0.358, 0.252,
       0.332, 0.194, 0.368, 0.298, 0.356, 0.32 , 0.336, 0.298, 0.414,
       0.34 , 0.35 , 0.368, 0.322, 0.374, 0.428, 0.296, 0.412, 0.394,
       0.362, 0.344, 0.374, 0.036, 0.354, 0.368, 0.366, 0.048, 0.406,
       0.296, 0.188, 0.35 , 0.37 , 0.34 , 0.296, 0.412, 0.39 , 0.036,
       0.34 , 0.234, 0.364, 0.252, 0.382, 0.308, 0.336, 0.314, 0.308,
       0.278]), 'chain': array([[[ 1.21921205e+10, -1.49232552e+00,  4.09092824e-01,
          5.05892388e+00,  3.52932628e-01],
        [ 1.22510950e+10, -1.51380041e+00,  3.97557674e-01,
          5.16015864e+00,  3.32092377e-01],
        [ 1.22510950e+10, -1.51380041e+00,  3.97557674e-01,
          5.16015864e+00,  3.32092377e-01],
        ...,
        [ 1.42237502e+10, -1.46656839e+00,  8.30096285e-02,
          8.38144880e+00,  3.39070940e-01],
        [ 1.44064762e+10, -1.47560458e+00,  7.94206173e-02,
          8.54096810e+00,  3.45104080e-01],
        [ 1.44064762e+10, -1.47560458e+00,  7.94206173e-02,
          8.54096810e+00,  3.45104080e-01]],

       [[ 2.11547855e+10, -1.29833410e+00,  1.07246851e-01,
          1.10838435e+01,  1.80402932e-01],
        [ 2.11547855e+10, -1.29833410e+00,  1.07246851e-01,
          1.10838435e+01,  1.80402932e-01],
        [ 2.11547855e+10, -1.29833410e+00,  1.07246851e-01,
          1.10838435e+01,  1.80402932e-01],
        ...,
        [ 1.16991661e+10, -1.37714286e+00,  1.34051279e-01,
          7.32735471e+00,  7.34261377e-01],
        [ 1.20414449e+10, -1.38028740e+00,  1.42567929e-01,
          7.37437310e+00,  7.00864689e-01],
        [ 1.20414449e+10, -1.38028740e+00,  1.42567929e-01,
          7.37437310e+00,  7.00864689e-01]],

       [[ 8.93124433e+09, -9.52536536e-01,  2.00812110e-01,
          3.71356400e+00,  1.24911733e-01],
        [ 8.93124433e+09, -9.52536536e-01,  2.00812110e-01,
          3.71356400e+00,  1.24911733e-01],
        [ 8.93124433e+09, -9.52536536e-01,  2.00812110e-01,
          3.71356400e+00,  1.24911733e-01],
        ...,
        [ 1.49738569e+10, -1.42198009e+00,  2.01748387e-01,
          7.56551892e+00,  2.57714026e-01],
        [ 1.50628598e+10, -1.43105600e+00,  2.04608253e-01,
          7.56034002e+00,  2.39670998e-01],
        [ 1.50628598e+10, -1.43105600e+00,  2.04608253e-01,
          7.56034002e+00,  2.39670998e-01]],

       ...,

       [[ 1.77747163e+10, -1.09799458e+00,  9.78001092e-02,
          1.11708832e+01,  1.07675493e+00],
        [ 1.77747163e+10, -1.09799458e+00,  9.78001092e-02,
          1.11708832e+01,  1.07675493e+00],
        [ 1.84528807e+10, -9.48927858e-01,  1.73418531e-02,
          1.22617662e+01,  1.22705225e+00],
        ...,
        [ 1.52577367e+10, -1.14152938e+00,  1.67916195e-01,
          7.24715906e+00,  1.24745823e-01],
        [ 1.52577367e+10, -1.14152938e+00,  1.67916195e-01,
          7.24715906e+00,  1.24745823e-01],
        [ 1.52577367e+10, -1.14152938e+00,  1.67916195e-01,
          7.24715906e+00,  1.24745823e-01]],

       [[ 1.41454402e+10, -1.50669699e+00,  1.44032879e-01,
          7.77979164e+00,  2.18243191e-01],
        [ 1.41454402e+10, -1.50669699e+00,  1.44032879e-01,
          7.77979164e+00,  2.18243191e-01],
        [ 1.41454402e+10, -1.50669699e+00,  1.44032879e-01,
          7.77979164e+00,  2.18243191e-01],
        ...,
        [ 1.43403625e+10, -1.22519714e+00,  3.08944619e-02,
          8.19176807e+00,  1.99911507e-01],
        [ 1.43403625e+10, -1.22519714e+00,  3.08944619e-02,
          8.19176807e+00,  1.99911507e-01],
        [ 1.43403625e+10, -1.22519714e+00,  3.08944619e-02,
          8.19176807e+00,  1.99911507e-01]],

       [[ 5.67581245e+09, -9.07144066e-02,  4.70972600e-02,
          1.79289496e+00,  1.21967318e-01],
        [ 5.67581245e+09, -9.07144066e-02,  4.70972600e-02,
          1.79289496e+00,  1.21967318e-01],
        [ 5.67581245e+09, -9.07144066e-02,  4.70972600e-02,
          1.79289496e+00,  1.21967318e-01],
        ...,
        [ 1.52447119e+10, -1.30594173e+00,  2.89654551e-02,
          1.06376975e+01,  7.53875190e-01],
        [ 1.52447119e+10, -1.30594173e+00,  2.89654551e-02,
          1.06376975e+01,  7.53875190e-01],
        [ 1.59095814e+10, -1.30298701e+00,  8.30565846e-02,
          1.06618028e+01,  8.67881069e-01]]]), 'initial_theta': array([ 1.e+10, -3.e-01,  4.e-01,  5.e+09,  1.e+00]), 'lnprobability': array([[110.971901  , 111.38606643, 111.38606643, ..., 110.91913602,
        110.80693786, 110.80693786],
       [107.87799414, 107.87799414, 107.87799414, ..., 108.05658828,
        109.38988646, 109.38988646],
       [111.93789381, 111.93789381, 111.93789381, ..., 112.12001406,
        112.18179306, 112.18179306],
       ...,
       [108.82558829, 108.82558829, 108.43493794, ..., 110.97922593,
        110.97922593, 110.97922593],
       [111.86081533, 111.86081533, 111.86081533, ..., 112.38054228,
        112.38054228, 112.38054228],
       [115.00685174, 115.00685174, 115.00685174, ..., 108.76590789,
        108.76590789, 109.85834923]]), 'sampling_initial_center': array([], dtype=float64), 'rstate': ('MT19937', array([ 312991217,   38425427,  736617590,  621914136, 3720575533,
       4291098424, 1295830985, 3196364595, 2543642225,   16982251,
       2231606642,  818293369, 3189026157,  124409488, 3124683644,
        259361795,  352625687, 2485415144, 4174040314,  638864275,
       2255925693, 3129250454, 2038080313, 1300854066, 3201548389,
        299067153, 2277636371, 1336293505, 3673716923, 4038214687,
       3336815706, 2488959062, 3474024199, 3588351854, 3294100201,
       2134076290, 2284460264, 4047048127,  489766701, 1971132602,
       1614988865, 3424163911, 2009539965, 4154744848, 3881291983,
       3136047121, 4074793884,   79795524, 1005090008, 2254920046,
        634379949, 2055660429, 2542391032, 1825170551,  240127080,
       1911360064, 1740993276, 2698475530, 3281896967,  944024322,
        818216236, 3919680349,  168294072, 3595219218, 1332971790,
       2561986623, 2279762763,  855052091,  405501988, 4126629456,
       3729203583, 4126584425, 2645704350, 1888511010, 2153655825,
       3199538900, 1304742909, 1982787620, 1143080732, 2554829982,
       3546361945, 3836372147, 3634144627, 1606283817, 4047549545,
       2679813221, 3911816021, 1901089913,  716763287,  589104602,
       1118548187,  569282254, 3409485560, 2023609496, 3680292054,
       2891171564, 4199993069, 4201289438,  702383061, 3188806611,
        609721357, 3497169519, 3595731890, 3511002910,  782682014,
       3554767518,  544705749, 3554553164, 1804443117, 1492617862,
       3304077027, 3020034904, 3072734936, 2628703026, 2182018488,
       3762222894, 3510362795, 1927843211, 3256628012, 3323955689,
       1547048463, 4244050736, 2435790893, 3187437339, 1201583736,
       1758759743, 3091754253,  871242761, 3709398003, 1526760812,
       3718764066, 2999441052, 3055020250, 1411201782, 2961673723,
        388595007, 3071230267, 1315461783, 1587976058, 4079238199,
       2728849348, 1801708670, 1138599865,  610611679, 2326400329,
       3565271909,  970422212, 3439030533, 1370868038, 3625190204,
       3431604270, 3250310455, 2667451857, 1438128334, 1034227544,
        209333011, 3761438252,  344522487, 3599448597, 3789514704,
       1078543607, 2829026122, 3561178030, 1624675298, 3032930823,
       1815270883, 2724014871, 2659481701,  525659522, 4139344942,
       2838211397,  928466479, 1629082111, 2331599776, 2928089736,
        692765783, 1134210546, 3718926714, 3489384880, 3696170945,
       1075786397,  681069113, 3234804982, 2502454673, 2616269988,
       1521154149, 2555029696,  329497120, 3661146257,  386055797,
        557342724,  703221545, 1338455686, 1462072320, 3278816714,
       3561118346, 3326225388,  166439229, 3636244827, 3902128258,
       4272743693,  582092889, 3351373817, 2005330720, 1801789547,
        444835419,  791862484, 3530513798, 2729913053, 2217421452,
       3075826703, 3431037520, 3866671729, 1311733871, 1934259418,
       3924297375, 1520395368, 3571188501, 3536010801,  357031985,
       4160964464, 3419434248, 3827935912, 2361235972, 1871135173,
       2977250482, 2413629436, 3456008148, 2624413599, 3734930776,
       1214252399, 3331226359, 3129398274, 3005836174, 2373417034,
       3472913487,  617430021, 1145312682, 2170133314, 1600553240,
       1602524852,  177654449, 3891781082,  859571398,  442444050,
         66175125,  868226771, 1619915545,  427911494, 1447394463,
       1613523376, 3035351876, 3689755932, 2894049677, 1798438426,
       3990536921, 3522282709, 1436470692,  888073069,  581052478,
       3068383866, 1406646386, 2249698346, 2880536879, 2959265887,
       3955521452,  898242283, 2167854083, 3094491506, 2905769917,
       1432163287, 3930766476,  878154688, 3759154041, 2274816555,
        222089360, 3963945078, 1879262173, 1249613121, 3148440381,
       3204939405,   86597781, 3882893568, 1291633850, 3838806711,
       3260453634, 4078417922, 1761318833, 4132694352,  793690685,
        252085401, 3804992714, 1154126966, 1743525939, 1589927120,
       1273084361, 4032170738, 2225497649,  572436771,  869245850,
       2177471630, 1398471959,  325496478, 1161395573, 3527240627,
        748141694, 1001052613, 1531750582, 2021371766, 2830513208,
       1875434263,  331678961, 1929504244, 2200155194, 2417457446,
       2655210607, 2717481895, 3922068958, 1145733645, 2172930342,
        267157071, 3462635958,  589598217, 2611346832, 1620435550,
       3804439868, 4044289708, 3419600414,  999247202, 1883498884,
       1325150666, 1322506201,  105286927, 2158974905, 1605687651,
        336672315, 2152301745,  480620205, 4275356003, 3676231410,
       2290643354, 3081701287, 4093402457, 3604608930,  814235449,
       1618255829, 1920160515, 1668114606, 1581038926, 1211441977,
       3826394197, 3879909971, 3854999816, 1734632933, 1995755936,
       2334033679,   88535600,  816206597,  870113856, 4024638195,
       3472158018, 3102112878, 1364255560, 2693463419,  693576954,
       2739095051,  807937534,  733721061, 1540641463, 1458213864,
       1043144759, 1926701470, 2749370265,  863655096,  338881084,
       3847591279, 3494237375, 3734180005, 3841149995,   49805110,
       1919071968,   14381865, 3697513309, 3180925573,  394625509,
       4257340466, 4089172420, 2199857650,   95307981, 1238280396,
       2249108962, 4293348928, 3265967103, 4057178069,   34098829,
       1923796539, 3137290527, 3451517854,  393889814, 2588321705,
        116651909, 3012560029, 2833848777, 1317263566, 2965099779,
        761605793,  522864704,  558633951, 1753410950,   34300434,
       1158778280,  319267913,  614864614, 1727199002, 1345384235,
       2442593212, 3649707181, 4130831898, 3577753516,  185206722,
       1301210610, 2904045690, 1885270380, 1655120354, 2460525597,
       1028706737, 3661310059, 4048637059,  738583358, 1544691831,
       3102871258, 3873367498, 1046532506, 3529377818, 2730945013,
       1899126971, 2643751182, 3398103078, 1555833810,  131710280,
        876323801, 2438269836, 2551629350, 1908837950,  916613559,
       3012969273, 1424271530, 2061122571, 3064614037,  839777219,
       4058216848, 3977873183, 1951925679,  480228013, 3989891127,
       2883573967, 2206417334, 1330526822, 2165412675, 3512702210,
       3508111869, 1958162154, 1935113717, 1783405279,  207264644,
        380007676, 2941570738, 1664110181, 1093765779, 1557319338,
        974682103, 1402705130, 1651643997, 1419500750, 1021010631,
       2201405828, 1288226668,  511839594, 2277399058, 3710170135,
       3328556284, 2920997820, 3967762760, 1101188610,   68603920,
       2781322153, 4203309824, 1390536521,  401636539, 3636575288,
       1570643093, 1511412830, 2471055013, 1779166883, 1626128843,
       3841828715, 4174318531,  901271096,  124069047,  162164158,
       3280907852, 2202123353, 3867269813,  712711667, 1538268427,
       3372733256, 2741678557, 1507051493, 3226711177, 3843762351,
       1861118206, 1787888154, 2223990959, 3351008880,  600070069,
       4178957472, 3179042530,  133686075, 1723666947, 3034283462,
       3123159625, 3351033403,  667222165, 3867877733,   15304321,
        858950658, 1236197322, 1679879437, 3052932102, 2176297821,
       1898795811,  933415987, 1968014584, 3445026513,  884206805,
        360280363, 1121698323, 2253424587, 2426996015,  924269148,
       1918614650, 1359675683, 1769311004, 1313883316, 2095223986,
        470801790, 2790808812, 1437030494, 1033641668, 2433541916,
       2932005876, 2069953096, 1750582233,  883530103, 1189676334,
       1948141052, 1329098230,  424578130, 1797150647, 1430373385,
       3040902021, 2806861090, 1765640622, 1174380002, 4030482491,
       1472545990, 3555162520, 3555982507, 2972197719, 2721650523,
       2395638965, 2587794419, 1232143078, 3491406111, 3967295130,
       1871579229, 2365667581, 3546913784,  217061154, 1028905449,
       4211156369, 3541075487, 4147703132, 3433901972,  481181880,
       3853446995,  593845700, 1462072906,   91099052,  470444760,
        999385901, 2527780644, 3817317691, 4116658920, 1182489725,
       2695502840, 1456294345, 1867330177, 1718060275, 3485557891,
        801303636, 1023305258, 3502496013, 1537159344, 4143900783,
        270061652, 1467397763, 4123541721,  622895925,  473279841,
       2533193709, 1129600879, 3361870222, 3564015483, 1001773481,
       1389523134, 2416929655, 1351186256, 2446838788, 4151747947,
       3931391033,  253906704, 2470269938,  715398968], dtype=uint32), 257, 0, 0.0), 'sampling_duration': 1095.182870388031, 'theta_labels': ['mass', 'logzsol', 'dust2', 'tage', 'tau'], 'bestfit': {'parameter': array([5.17236420e+09, 7.83024130e-02, 1.25542226e-01, 1.44339172e+00,
       1.15841981e-01]), 'photometry': array([2.31609442e-11, 2.80428464e-10, 2.87058985e-09, 1.22493194e-08,
       2.33026699e-08, 2.92767811e-08, 3.69908494e-08, 3.02574512e-08,
       2.04425637e-08, 1.77422070e-08]), 'restframe_wavelengths': array([9.100e+01, 9.400e+01, 9.600e+01, ..., 9.817e+07, 9.908e+07,
       1.000e+08]), 'spectrum': array([ 2.05869139e-13, -2.81343812e-16, -4.19468118e-18, ...,
        7.23970139e-12,  7.04871559e-12,  6.66036711e-12]), 'mfrac': 0.6640062270200576}, 'optimization': {}, 'obs': {'maggies': array([2.03030402e-10, 2.16665328e-10, 2.91910428e-09, 1.20837068e-08,
       2.32313383e-08, 3.01424779e-08, 3.64214362e-08, 2.12227150e-08,
       1.30562907e-08, 8.61751422e-09]), 'maggies_unc': array([1.01927791e-10, 1.13571214e-10, 1.58162104e-10, 5.56475262e-10,
       1.06984267e-09, 1.38811241e-09, 1.67726912e-09, 1.42840872e-09,
       6.22691085e-10, 3.45645864e-08]), 'phot_mask': array([ True,  True,  True,  True,  True,  True,  True, False, False,
       False]), 'filternames': ['galex_FUV', 'galex_NUV', 'sdss_u0', 'sdss_g0', 'sdss_r0', 'sdss_i0', 'sdss_z0', 'wise_w1', 'wise_w2', 'wise_w3'], 'filters': [<class 'sedpy.observate.Filter'>(galex_FUV), <class 'sedpy.observate.Filter'>(galex_NUV), <class 'sedpy.observate.Filter'>(sdss_u0), <class 'sedpy.observate.Filter'>(sdss_g0), <class 'sedpy.observate.Filter'>(sdss_r0), <class 'sedpy.observate.Filter'>(sdss_i0), <class 'sedpy.observate.Filter'>(sdss_z0), <class 'sedpy.observate.Filter'>(wise_w1), <class 'sedpy.observate.Filter'>(wise_w2), <class 'sedpy.observate.Filter'>(wise_w3)], 'logify_spectrum': False, 'ndof': 7, 'objid': 'AT2019lwu', 'spectrum': None, 'unc': None, 'wavelength': None}, 'model': None} {'maggies': array([2.03030402e-10, 2.16665328e-10, 2.91910428e-09, 1.20837068e-08,
       2.32313383e-08, 3.01424779e-08, 3.64214362e-08, 2.12227150e-08,
       1.30562907e-08, 8.61751422e-09]), 'maggies_unc': array([1.01927791e-10, 1.13571214e-10, 1.58162104e-10, 5.56475262e-10,
       1.06984267e-09, 1.38811241e-09, 1.67726912e-09, 1.42840872e-09,
       6.22691085e-10, 3.45645864e-08]), 'phot_mask': array([ True,  True,  True,  True,  True,  True,  True, False, False,
       False]), 'filternames': ['galex_FUV', 'galex_NUV', 'sdss_u0', 'sdss_g0', 'sdss_r0', 'sdss_i0', 'sdss_z0', 'wise_w1', 'wise_w2', 'wise_w3'], 'filters': [<class 'sedpy.observate.Filter'>(galex_FUV), <class 'sedpy.observate.Filter'>(galex_NUV), <class 'sedpy.observate.Filter'>(sdss_u0), <class 'sedpy.observate.Filter'>(sdss_g0), <class 'sedpy.observate.Filter'>(sdss_r0), <class 'sedpy.observate.Filter'>(sdss_i0), <class 'sedpy.observate.Filter'>(sdss_z0), <class 'sedpy.observate.Filter'>(wise_w1), <class 'sedpy.observate.Filter'>(wise_w2), <class 'sedpy.observate.Filter'>(wise_w3)], 'logify_spectrum': False, 'ndof': 7, 'objid': 'AT2019lwu', 'spectrum': None, 'unc': None, 'wavelength': None} None

Detailed performance metrics for this job will be available at https://metrics.hpc.arizona.edu/#job_viewer?action=show&realm=SUPREMM&resource_id=73&local_job_id=8533482 by 8am on 2023/11/08.
