{'model_params': [{'N': 1, 'isfree': False, 'init': 0.193, 'units': 'redshift', 'prior': b'\x80\x02cprospect.models.priors\nTopHat\nq\x00)\x81q\x01}q\x02(X\x05\x00\x00\x00aliasq\x03}q\x04(X\x04\x00\x00\x00miniq\x05h\x05X\x04\x00\x00\x00maxiq\x06h\x06uX\x06\x00\x00\x00paramsq\x07}q\x08(h\x05G\x00\x00\x00\x00\x00\x00\x00\x00h\x06G@\x10\x00\x00\x00\x00\x00\x00uX\x04\x00\x00\x00nameq\tX\x00\x00\x00\x00q\nub.', 'name': 'zred'}, {'N': 1, 'isfree': True, 'init': 10000000000.0, 'units': 'Solar masses formed', 'prior': b'\x80\x02cprospect.models.priors\nLogUniform\nq\x00)\x81q\x01}q\x02(X\x05\x00\x00\x00aliasq\x03}q\x04(X\x04\x00\x00\x00miniq\x05h\x05X\x04\x00\x00\x00maxiq\x06h\x06uX\x06\x00\x00\x00paramsq\x07}q\x08(h\x05GA\x97\xd7\x84\x00\x00\x00\x00h\x06GBm\x1a\x94\xa2\x00\x00\x00uX\x04\x00\x00\x00nameq\tX\x00\x00\x00\x00q\nub.', 'init_disp': 10000000.0, 'name': 'mass'}, {'N': 1, 'isfree': True, 'init': -0.3, 'units': '$\\log (Z/Z_\\odot)$', 'prior': b'\x80\x02cprospect.models.priors\nTopHat\nq\x00)\x81q\x01}q\x02(X\x05\x00\x00\x00aliasq\x03}q\x04(X\x04\x00\x00\x00miniq\x05h\x05X\x04\x00\x00\x00maxiq\x06h\x06uX\x06\x00\x00\x00paramsq\x07}q\x08(h\x05G\xbf\xfc\xcc\xcc\xcc\xcc\xcc\xcdh\x06G?\xc9\x99\x99\x99\x99\x99\x9auX\x04\x00\x00\x00nameq\tX\x00\x00\x00\x00q\nub.', 'name': 'logzsol'}, {'N': 1, 'isfree': True, 'init': 0.4, 'units': 'optical depth at 5500AA', 'prior': b'\x80\x02cprospect.models.priors\nTopHat\nq\x00)\x81q\x01}q\x02(X\x05\x00\x00\x00aliasq\x03}q\x04(X\x04\x00\x00\x00miniq\x05h\x05X\x04\x00\x00\x00maxiq\x06h\x06uX\x06\x00\x00\x00paramsq\x07}q\x08(h\x05G\x00\x00\x00\x00\x00\x00\x00\x00h\x06G?\xf0\x00\x00\x00\x00\x00\x00uX\x04\x00\x00\x00nameq\tX\x00\x00\x00\x00q\nub.', 'name': 'dust2'}, {'N': 1, 'isfree': False, 'init': 4, 'units': 'FSPS index', 'name': 'sfh'}, {'N': 1, 'isfree': True, 'init': 5000000000.0, 'units': 'Gyr', 'prior': b'\x80\x02cprospect.models.priors\nLogUniform\nq\x00)\x81q\x01}q\x02(X\x05\x00\x00\x00aliasq\x03}q\x04(X\x04\x00\x00\x00miniq\x05h\x05X\x04\x00\x00\x00maxiq\x06h\x06uX\x06\x00\x00\x00paramsq\x07}q\x08(h\x05G?\xb9\x99\x99\x99\x99\x99\x9ah\x06G@)-\xb2\xb7;/\x7fuX\x04\x00\x00\x00nameq\tX\x00\x00\x00\x00q\nub.', 'init_disp': 5.0, 'name': 'tage'}, {'N': 1, 'isfree': False, 'init': 1, 'name': 'imf_type'}, {'N': 1, 'isfree': False, 'init': 2, 'name': 'dust_type'}, {'N': 1, 'isfree': True, 'init': 1, 'units': 'Gyr^{-1}', 'prior': b'\x80\x02cprospect.models.priors\nLogUniform\nq\x00)\x81q\x01}q\x02(X\x05\x00\x00\x00aliasq\x03}q\x04(X\x04\x00\x00\x00miniq\x05h\x05X\x04\x00\x00\x00maxiq\x06h\x06uX\x06\x00\x00\x00paramsq\x07}q\x08(h\x05G?\xb9\x99\x99\x99\x99\x99\x9ah\x06G@$\x00\x00\x00\x00\x00\x00uX\x04\x00\x00\x00nameq\tX\x00\x00\x00\x00q\nub.', 'init_disp': 3.0, 'name': 'tau'}], 'optimizer_duration': 0.0, 'paramfile_text': '', 'prospector_version': "Can't get version number.", 'run_params': {'verbose': True, 'data': {'maggies': [0.0, 0.0, 9.133229773374239e-10, 4.311209047198677e-09, 1.2180755203298725e-08, 1.6920421838950235e-08, 2.045155271100961e-08, 1.0964781961431851e-08, 0.0, 0.0], 'maggies_unc': [9.380187439713907e-10, 5.244349384887407e-10, 3.7465644893420826e-10, 1.9853851369721475e-10, 5.60944507050506e-10, 7.792142218707542e-10, 1.7630860105958399e-09, 1.1916746128376453e-09, 3.556067568266648e-09, 3.355598598492102e-08], 'mags': [20.822046197258103, 21.453345946148524, 22.598439040635164, 20.913502295078406, 19.785814461840413, 19.428972034677972, 19.223184285373307, 19.9, 20.369999999999997, 17.933], 'mags_unc': [0.05, 0.05, 0.4453825, 0.05, 0.05, 0.05, 0.09359907, 0.118, 0.05, 0.05], 'filternames': ['galex_FUV', 'galex_NUV', 'sdss_u0', 'sdss_g0', 'sdss_r0', 'sdss_i0', 'sdss_z0', 'wise_w1', 'wise_w2', 'wise_w3'], 'photmask': [True, True, True, True, True, True, True, False, False, False], 'redshift': 0.193}, 'tdename': 'AT2019cho', 'nwalkers': 100, 'nburn': [500], 'niter': 500, 'object_redshift': 0.193}, 'acceptance': array([0.284, 0.32 , 0.234, 0.318, 0.38 , 0.228, 0.214, 0.25 , 0.272,
       0.362, 0.348, 0.312, 0.238, 0.228, 0.06 , 0.152, 0.178, 0.34 ,
       0.35 , 0.312, 0.07 , 0.296, 0.094, 0.326, 0.272, 0.314, 0.216,
       0.326, 0.306, 0.278, 0.308, 0.224, 0.23 , 0.134, 0.234, 0.25 ,
       0.266, 0.306, 0.356, 0.28 , 0.272, 0.206, 0.208, 0.352, 0.284,
       0.32 , 0.036, 0.294, 0.202, 0.236, 0.114, 0.354, 0.338, 0.288,
       0.224, 0.308, 0.274, 0.232, 0.232, 0.242, 0.29 , 0.236, 0.332,
       0.258, 0.314, 0.166, 0.278, 0.348, 0.344, 0.304, 0.286, 0.322,
       0.176, 0.308, 0.234, 0.29 , 0.086, 0.382, 0.238, 0.248, 0.294,
       0.242, 0.258, 0.118, 0.336, 0.184, 0.132, 0.18 , 0.168, 0.252,
       0.192, 0.288, 0.294, 0.152, 0.258, 0.214, 0.272, 0.25 , 0.346,
       0.308]), 'chain': array([[[ 3.65392467e+10, -1.53394012e+00,  7.20440191e-01,
          6.87233082e+00,  1.34805704e-01],
        [ 3.65392467e+10, -1.53394012e+00,  7.20440191e-01,
          6.87233082e+00,  1.34805704e-01],
        [ 3.65630349e+10, -1.53412521e+00,  7.21506289e-01,
          6.90101395e+00,  1.46759504e-01],
        ...,
        [ 2.69072061e+10, -9.25877199e-01,  2.52479471e-01,
          7.39028882e+00,  3.64106901e-01],
        [ 2.69322342e+10, -9.25734472e-01,  2.52229077e-01,
          7.39753463e+00,  3.63860636e-01],
        [ 2.65520361e+10, -9.36171555e-01,  2.51556745e-01,
          7.36438146e+00,  3.78550062e-01]],

       [[ 1.42708722e+10, -4.85823724e-01,  7.86823926e-01,
          1.63028937e+00,  1.23041158e-01],
        [ 1.42708722e+10, -4.85823724e-01,  7.86823926e-01,
          1.63028937e+00,  1.23041158e-01],
        [ 1.42708722e+10, -4.85823724e-01,  7.86823926e-01,
          1.63028937e+00,  1.23041158e-01],
        ...,
        [ 2.30701782e+10, -2.03692810e-01,  8.57121359e-02,
          4.83840890e+00,  2.27065763e-01],
        [ 2.30701782e+10, -2.03692810e-01,  8.57121359e-02,
          4.83840890e+00,  2.27065763e-01],
        [ 2.30701782e+10, -2.03692810e-01,  8.57121359e-02,
          4.83840890e+00,  2.27065763e-01]],

       [[ 2.00016383e+10, -4.68445167e-02,  2.74352551e-01,
          2.91050860e+00,  1.22286219e-01],
        [ 2.00229760e+10, -1.11877361e-01,  3.86097399e-01,
          2.78600942e+00,  1.25885512e-01],
        [ 1.75714139e+10, -1.89706231e-01,  3.65559808e-01,
          2.71603339e+00,  1.77215720e-01],
        ...,
        [ 2.19467616e+10, -7.54001280e-01,  8.43970894e-02,
          6.17390299e+00,  2.34399712e-01],
        [ 2.19467616e+10, -7.54001280e-01,  8.43970894e-02,
          6.17390299e+00,  2.34399712e-01],
        [ 2.19299041e+10, -7.59479429e-01,  8.45908801e-02,
          6.16770643e+00,  2.28684638e-01]],

       ...,

       [[ 1.75074525e+10,  1.07264157e-01,  1.92547836e-01,
          2.43503231e+00,  1.32900268e-01],
        [ 1.75474098e+10,  9.64430830e-02,  2.61806125e-01,
          2.35031340e+00,  1.39996816e-01],
        [ 1.78687472e+10, -7.72910860e-03,  3.30447621e-01,
          2.37400668e+00,  1.49297003e-01],
        ...,
        [ 2.94873544e+10, -5.46557733e-01,  8.67692024e-02,
          7.23255191e+00,  1.51927443e-01],
        [ 2.94873544e+10, -5.46557733e-01,  8.67692024e-02,
          7.23255191e+00,  1.51927443e-01],
        [ 2.94873544e+10, -5.46557733e-01,  8.67692024e-02,
          7.23255191e+00,  1.51927443e-01]],

       [[ 2.26244508e+10, -5.23136224e-01,  5.24033574e-01,
          3.62895594e+00,  1.57786879e-01],
        [ 2.26244508e+10, -5.23136224e-01,  5.24033574e-01,
          3.62895594e+00,  1.57786879e-01],
        [ 2.22696113e+10, -3.28501038e-01,  4.70068993e-01,
          3.29045586e+00,  1.52548790e-01],
        ...,
        [ 2.34953287e+10, -1.11983675e+00,  2.72399879e-02,
          8.86962890e+00,  3.60414673e-01],
        [ 2.34953287e+10, -1.11983675e+00,  2.72399879e-02,
          8.86962890e+00,  3.60414673e-01],
        [ 2.62663571e+10, -1.00406929e+00,  1.17778706e-01,
          9.80942488e+00,  7.87636046e-01]],

       [[ 1.55528378e+10, -4.28942307e-01,  9.72636026e-01,
          1.63167126e+00,  1.88371845e-01],
        [ 1.55528378e+10, -4.28942307e-01,  9.72636026e-01,
          1.63167126e+00,  1.88371845e-01],
        [ 1.55528378e+10, -4.28942307e-01,  9.72636026e-01,
          1.63167126e+00,  1.88371845e-01],
        ...,
        [ 3.75350992e+10, -1.36857820e+00,  5.95174921e-01,
          8.49756880e+00,  4.41110797e-01],
        [ 3.75350992e+10, -1.36857820e+00,  5.95174921e-01,
          8.49756880e+00,  4.41110797e-01],
        [ 3.56705535e+10, -1.27846663e+00,  5.76382583e-01,
          7.91124289e+00,  3.96426327e-01]]]), 'initial_theta': array([ 1.e+10, -3.e-01,  4.e-01,  5.e+09,  1.e+00]), 'lnprobability': array([[109.40349908, 109.40349908, 109.27914093, ..., 110.02946529,
        110.03140922, 109.95294667],
       [111.99208445, 111.99208445, 111.99208445, ..., 111.13635209,
        111.13635209, 111.13635209],
       [110.33758735, 108.38647799, 110.65408571, ..., 109.59928201,
        109.59928201, 109.55460792],
       ...,
       [112.63917565, 112.29123598, 111.96252242, ..., 110.51993334,
        110.51993334, 110.51993334],
       [108.57674237, 108.57674237, 108.80541967, ..., 105.25239505,
        105.25239505, 107.0727001 ],
       [110.49829709, 110.49829709, 110.49829709, ..., 108.29338049,
        108.29338049, 108.74771751]]), 'sampling_initial_center': array([], dtype=float64), 'rstate': ('MT19937', array([3989041444,  221867250, 2112118326,   60347758,  913726806,
       1668231114, 2280077610, 4007857475, 1261817500, 1426926376,
       2679210456, 2831037168, 4086207780,  642930041, 3778685012,
        300580824, 1761231147, 2168876786, 2559990181, 4247149742,
       3099997870, 1676900158, 3809090506,  443664134, 3589548597,
       1435807531, 2476250269, 1048800425, 2720905384, 2306379880,
       2831066878, 2988444902, 1996545980, 3857579419,  441125678,
       2707780252,  688167045,  327084005, 3926632711, 2917250978,
        736095951, 3252576742, 1695275437, 1469364195,  445619190,
       3589818791, 2755429629, 1282388235, 2374459192,  904328773,
        357892785, 2314101351, 1034153099, 4274059955, 3371821085,
        211056449, 2013198490, 1947943524, 2986944419, 1477221662,
       2882512906,  900678852, 3585343425, 3607606713, 1023119459,
       3438656746, 1199042614, 2140184661, 4183188227, 1522236966,
       3784625814, 3747332792, 3018767901,  822305818, 3897067503,
       3779726202, 2677742357, 2939780533,  194030103, 3850242575,
       2678238821,  713942382, 2671631826, 2225211324,  863133871,
       3905947649,  999191675, 1965238390,  713576326, 3742553374,
       3138966408, 1468281577, 1980703033,  811884698, 1122023549,
       1155718954, 2676044543, 1407030869, 2219822865, 2242993189,
       4151151934, 2926163188, 2642449777, 2662075999, 3199463061,
       1248772229,  531827990,  886967814,  230505428, 1767000142,
        987810866, 3503321145, 3736431332,  489894404, 1734133926,
       1006272941, 2347078441, 1194540381, 2252011637, 2610629809,
       3309693988, 2589304205,   84606021, 3170252799, 1311067151,
       1156386027, 3366635049, 1996758291, 4049868848, 3495716769,
       4116027274,  863552493, 2963570958, 2353422113, 3403850298,
       1589207014,  349589430, 3041484498,  493810475, 4151343836,
       3861060330, 1944008486, 2138519761, 4234602195, 3904209877,
       1849328147, 2278150149,  934934297, 1295424391, 3989797363,
       2555254103,  976695082,  214897406, 1456771530, 2190459438,
        978468793,  553471532, 2991131939, 2180824970, 1601234541,
         11598270,  362468920,  429716708, 1651468420, 1810427212,
       2390714569,  680187853, 3830724542, 1111184082, 2034480262,
       2065396812, 1822540904, 2132439783,  773795591, 1937881534,
         17358363,  724524854, 3561928584, 4010681211, 1298194604,
       2569274356, 1106199251, 3199668657,  329207992, 2266172420,
        684392868,  155110380,  707707030, 3375455284, 2219898182,
       2204182160, 4170214794, 4070463254, 1742262726, 1737759575,
       1998292558, 2824237271, 4182580100, 2616225892, 2464522887,
       1461784530, 3360374920, 2537193069, 2709054992, 3272769131,
       1498577785,  137049166, 3970849187, 3725143107, 3915365134,
       2309055014, 2416640549, 3430910340, 1936739426,  305487580,
        358945173, 1609419857, 4068616917,  429137464, 2503914816,
       1202765566,  967501602,  298629880, 2218210319, 3419958895,
       1370615826, 2176217886, 4204353821, 4049369462, 4005489218,
       3252952438, 1116070522,  851217193, 1606124180, 1027142563,
       2714972479, 1683904180, 3577770976, 1637752314, 2499215812,
       1838363141,  939168126, 2777965903, 1746570973, 3920925987,
       3355037613,  909203276, 2987349908, 4221497877, 4250594793,
       2516950885, 3763316803,  784493542,  530970101, 2249810748,
        194651414,  141711526,   45499730, 1250235456, 1059941644,
       2596457531, 2948786129, 1693860977, 3978693964,  869368967,
       1078746698, 2464989418, 3059087424, 4157440475, 2081389478,
       4013859413, 1411122535,  728881719,  899936823, 4069080289,
        860669418, 2063726789, 3748482439, 2125108213, 3515548059,
       1964218642, 2471836710, 1854928981, 1982644145, 1451597515,
       2171754130,  986746184, 1912734831, 2238363868, 1911784549,
       2096731717, 3141782182, 3765924305,  766671395, 4171354141,
       1461520398, 3888235535, 2233224219, 2974787373, 1394748748,
       1112298228, 3672284132, 1384968300, 3095736667,  788596000,
       2374883464, 3741842672, 3839608759,  757270370, 2768226430,
       3430189065, 2702536395, 1898447077, 2106028727, 3231892876,
       1665804223,  505178275, 3012320593, 1939309629, 3399750074,
       1218989739, 3568018916, 4217038316, 3622915566,  699945967,
       3812301794, 3213857387,  370083075, 3840121289, 4111023652,
       1696581126,  829273204, 2501578918,  806167816, 1755512590,
       2003140969, 4167457890,  784598760, 2025534698, 3310357037,
       2786083680, 2102883295, 2464395703, 1802306478,  410562499,
       2604848887, 1232685261, 1905877374, 2408938384, 3030196004,
       3699674091, 3383188121, 4006807311, 3898499981, 2395458905,
       3624254299, 1039525790, 2058588755, 2274178822,  240190184,
       2581850778, 1437445760,  558276609,  456655185, 1128728530,
        824601962,  209139096, 2040585477, 2366289210, 2322194082,
       4122723788, 2307703298, 1603353462,  293917240, 1737726079,
        909805602, 3963377468, 3136160737,  292802163,  785915165,
       2685484194, 2043763642,  557737068, 2791253141, 2572222180,
       3057335811, 2392890947, 2082653204,  100410341, 2977937705,
        677917581,   95656856, 3466256924, 2007509173, 2660560986,
       1493311257,  404208692, 2119226439, 3935393903, 4025318258,
         93099631,  831041589, 1174136875, 4268727060, 2766176223,
       3826166500, 1758099637, 1214667307,  118398927, 4170736285,
        423459087, 1046890882, 2464701828, 1553207025,  985216987,
        937431660, 3106023686,  185696282, 1231859151,  869990802,
       3813226719, 3527181403, 3533441542,  133163150, 2822088617,
       3689819651, 3361617475, 4191521551, 2644800620, 3046006125,
       3006698782, 2768291093,  517833787, 4084253338, 1808255374,
       2404648914,  406307476, 2198700543,  127788960, 1583668915,
       4241924060, 3257576971, 2983906258,  992799535, 3317309323,
       3325402092, 1346997031,  469661517, 1025385303, 3746250187,
       2577996359, 2526060366, 2704983943, 4285670301, 2815622637,
       3956166842,   62770724, 1399941549,  763271879,   77365352,
       2094496304, 1228197384, 2194999175, 2082318175, 2361974478,
       2838891454,  713530588,  882302145, 2770757229, 1392110460,
       1724271006, 1030420409, 1262164542, 1655221960, 4195709625,
        148882671, 1752654980, 1166549151, 2097246400, 3518152620,
       3813456521, 1656824126,  583529370,  143523682, 2590295501,
       1580038258,  866462406,  861264982, 1507994663,  240490963,
       2638037010, 3494679777, 2048637605, 2727129402,   56575437,
       2055590491, 4112269081, 2984752258, 2425984741, 1237379479,
       1538004818, 3598742520, 1702935467, 4173616372, 3022322793,
        491390666, 1817789191,  312259961, 3947168167, 2286082643,
        237346686, 2348618939, 2804355694,  509913438, 2586388552,
        640900675, 2240702460, 2978644744, 2037707450,  985474203,
       4209892298,  769727078, 3692141408,  765370654, 3846712302,
       2107508537, 2558936727,  902739072, 1053166226, 2409520378,
        274994182, 2309251710, 4047749991, 2076644329, 4218982783,
       3272380575,  630530413,   84505468,  544482931, 2389454401,
        547958634, 2717468795,  878773671, 3365161034,  518145042,
       3427087565, 2246846136, 2342224217,  331182599, 1668323592,
        880091847, 2937818900, 3942985958, 3199327084,   61105557,
        494990227, 1123773829, 1292330196, 3406211745, 3922533453,
       3252577472,  402095057,  216833653, 3761242230, 3255096690,
       1297458336, 2399846474, 3037624668, 3298625900,  456223496,
       2713553559,  190846692,  535368345,  590600922, 1964215943,
       2526834925, 1316574393, 1759328013, 1259502447, 2269698840,
       1790145366, 3544294684, 2153137841, 2224492460, 1903640701,
       3557829821, 3522641620, 3638283630, 1534458105, 1838289980,
        589575842, 3584509468, 3136149911, 3726763733, 2314155338,
       1828171930,  565682185, 2484698861, 2880512513, 3318226266,
       1437689127, 1277567313, 3245665706,   18565597,  278864280,
        373686272, 2877442412, 2152261800, 2107244977,  577037035,
       2404535232,  769646635, 2147599541, 2887184610, 3780291178,
       1621726160,  866998865, 2925004434, 3470546115,  910796532,
       4049044942, 2184356675, 3349708307, 1861633190], dtype=uint32), 489, 0, 0.0), 'sampling_duration': 1082.6220297813416, 'theta_labels': ['mass', 'logzsol', 'dust2', 'tage', 'tau'], 'bestfit': {'parameter': array([1.27989891e+10, 4.75903152e-02, 5.76547076e-01, 1.42134238e+00,
       1.02539027e-01]), 'photometry': array([1.97511965e-12, 6.82680275e-11, 8.40081332e-10, 4.40359135e-09,
       1.16106394e-08, 1.67360428e-08, 2.23510427e-08, 2.79109251e-08,
       2.11377343e-08, 3.77169043e-08]), 'restframe_wavelengths': array([9.100e+01, 9.400e+01, 9.600e+01, ..., 9.817e+07, 9.908e+07,
       1.000e+08]), 'spectrum': array([ 6.84814964e-13, -7.90048866e-16, -1.30499885e-17, ...,
        2.40889633e-11,  2.34535011e-11,  2.21614482e-11]), 'mfrac': 0.6628925503199533}, 'optimization': {}, 'obs': {'maggies': array([0.00000000e+00, 0.00000000e+00, 9.13322977e-10, 4.31120905e-09,
       1.21807552e-08, 1.69204218e-08, 2.04515527e-08, 1.09647820e-08,
       0.00000000e+00, 0.00000000e+00]), 'maggies_unc': array([9.38018744e-10, 5.24434938e-10, 3.74656449e-10, 1.98538514e-10,
       5.60944507e-10, 7.79214222e-10, 1.76308601e-09, 1.19167461e-09,
       3.55606757e-09, 3.35559860e-08]), 'phot_mask': array([ True,  True,  True,  True,  True,  True,  True, False, False,
       False]), 'filternames': ['galex_FUV', 'galex_NUV', 'sdss_u0', 'sdss_g0', 'sdss_r0', 'sdss_i0', 'sdss_z0', 'wise_w1', 'wise_w2', 'wise_w3'], 'filters': [<class 'sedpy.observate.Filter'>(galex_FUV), <class 'sedpy.observate.Filter'>(galex_NUV), <class 'sedpy.observate.Filter'>(sdss_u0), <class 'sedpy.observate.Filter'>(sdss_g0), <class 'sedpy.observate.Filter'>(sdss_r0), <class 'sedpy.observate.Filter'>(sdss_i0), <class 'sedpy.observate.Filter'>(sdss_z0), <class 'sedpy.observate.Filter'>(wise_w1), <class 'sedpy.observate.Filter'>(wise_w2), <class 'sedpy.observate.Filter'>(wise_w3)], 'logify_spectrum': False, 'ndof': 7, 'objid': 'AT2019cho', 'spectrum': None, 'unc': None, 'wavelength': None}, 'model': None} {'maggies': array([0.00000000e+00, 0.00000000e+00, 9.13322977e-10, 4.31120905e-09,
       1.21807552e-08, 1.69204218e-08, 2.04515527e-08, 1.09647820e-08,
       0.00000000e+00, 0.00000000e+00]), 'maggies_unc': array([9.38018744e-10, 5.24434938e-10, 3.74656449e-10, 1.98538514e-10,
       5.60944507e-10, 7.79214222e-10, 1.76308601e-09, 1.19167461e-09,
       3.55606757e-09, 3.35559860e-08]), 'phot_mask': array([ True,  True,  True,  True,  True,  True,  True, False, False,
       False]), 'filternames': ['galex_FUV', 'galex_NUV', 'sdss_u0', 'sdss_g0', 'sdss_r0', 'sdss_i0', 'sdss_z0', 'wise_w1', 'wise_w2', 'wise_w3'], 'filters': [<class 'sedpy.observate.Filter'>(galex_FUV), <class 'sedpy.observate.Filter'>(galex_NUV), <class 'sedpy.observate.Filter'>(sdss_u0), <class 'sedpy.observate.Filter'>(sdss_g0), <class 'sedpy.observate.Filter'>(sdss_r0), <class 'sedpy.observate.Filter'>(sdss_i0), <class 'sedpy.observate.Filter'>(sdss_z0), <class 'sedpy.observate.Filter'>(wise_w1), <class 'sedpy.observate.Filter'>(wise_w2), <class 'sedpy.observate.Filter'>(wise_w3)], 'logify_spectrum': False, 'ndof': 7, 'objid': 'AT2019cho', 'spectrum': None, 'unc': None, 'wavelength': None} None

Detailed performance metrics for this job will be available at https://metrics.hpc.arizona.edu/#job_viewer?action=show&realm=SUPREMM&resource_id=73&local_job_id=8533478 by 8am on 2023/11/08.
