{'model_params': [{'N': 1, 'isfree': False, 'init': 0.0512, 'units': 'redshift', 'prior': b'\x80\x02cprospect.models.priors\nTopHat\nq\x00)\x81q\x01}q\x02(X\x05\x00\x00\x00aliasq\x03}q\x04(X\x04\x00\x00\x00miniq\x05h\x05X\x04\x00\x00\x00maxiq\x06h\x06uX\x06\x00\x00\x00paramsq\x07}q\x08(h\x05G\x00\x00\x00\x00\x00\x00\x00\x00h\x06G@\x10\x00\x00\x00\x00\x00\x00uX\x04\x00\x00\x00nameq\tX\x00\x00\x00\x00q\nub.', 'name': 'zred'}, {'N': 1, 'isfree': True, 'init': 10000000000.0, 'units': 'Solar masses formed', 'prior': b'\x80\x02cprospect.models.priors\nLogUniform\nq\x00)\x81q\x01}q\x02(X\x05\x00\x00\x00aliasq\x03}q\x04(X\x04\x00\x00\x00miniq\x05h\x05X\x04\x00\x00\x00maxiq\x06h\x06uX\x06\x00\x00\x00paramsq\x07}q\x08(h\x05GA\x97\xd7\x84\x00\x00\x00\x00h\x06GBm\x1a\x94\xa2\x00\x00\x00uX\x04\x00\x00\x00nameq\tX\x00\x00\x00\x00q\nub.', 'init_disp': 10000000.0, 'name': 'mass'}, {'N': 1, 'isfree': True, 'init': -0.3, 'units': '$\\log (Z/Z_\\odot)$', 'prior': b'\x80\x02cprospect.models.priors\nTopHat\nq\x00)\x81q\x01}q\x02(X\x05\x00\x00\x00aliasq\x03}q\x04(X\x04\x00\x00\x00miniq\x05h\x05X\x04\x00\x00\x00maxiq\x06h\x06uX\x06\x00\x00\x00paramsq\x07}q\x08(h\x05G\xbf\xfc\xcc\xcc\xcc\xcc\xcc\xcdh\x06G?\xc9\x99\x99\x99\x99\x99\x9auX\x04\x00\x00\x00nameq\tX\x00\x00\x00\x00q\nub.', 'name': 'logzsol'}, {'N': 1, 'isfree': True, 'init': 0.4, 'units': 'optical depth at 5500AA', 'prior': b'\x80\x02cprospect.models.priors\nTopHat\nq\x00)\x81q\x01}q\x02(X\x05\x00\x00\x00aliasq\x03}q\x04(X\x04\x00\x00\x00miniq\x05h\x05X\x04\x00\x00\x00maxiq\x06h\x06uX\x06\x00\x00\x00paramsq\x07}q\x08(h\x05G\x00\x00\x00\x00\x00\x00\x00\x00h\x06G?\xf0\x00\x00\x00\x00\x00\x00uX\x04\x00\x00\x00nameq\tX\x00\x00\x00\x00q\nub.', 'name': 'dust2'}, {'N': 1, 'isfree': False, 'init': 4, 'units': 'FSPS index', 'name': 'sfh'}, {'N': 1, 'isfree': True, 'init': 5000000000.0, 'units': 'Gyr', 'prior': b'\x80\x02cprospect.models.priors\nLogUniform\nq\x00)\x81q\x01}q\x02(X\x05\x00\x00\x00aliasq\x03}q\x04(X\x04\x00\x00\x00miniq\x05h\x05X\x04\x00\x00\x00maxiq\x06h\x06uX\x06\x00\x00\x00paramsq\x07}q\x08(h\x05G?\xb9\x99\x99\x99\x99\x99\x9ah\x06G@)-\xb2\xb7;/\x7fuX\x04\x00\x00\x00nameq\tX\x00\x00\x00\x00q\nub.', 'init_disp': 5.0, 'name': 'tage'}, {'N': 1, 'isfree': False, 'init': 1, 'name': 'imf_type'}, {'N': 1, 'isfree': False, 'init': 2, 'name': 'dust_type'}, {'N': 1, 'isfree': True, 'init': 1, 'units': 'Gyr^{-1}', 'prior': b'\x80\x02cprospect.models.priors\nLogUniform\nq\x00)\x81q\x01}q\x02(X\x05\x00\x00\x00aliasq\x03}q\x04(X\x04\x00\x00\x00miniq\x05h\x05X\x04\x00\x00\x00maxiq\x06h\x06uX\x06\x00\x00\x00paramsq\x07}q\x08(h\x05G?\xb9\x99\x99\x99\x99\x99\x9ah\x06G@$\x00\x00\x00\x00\x00\x00uX\x04\x00\x00\x00nameq\tX\x00\x00\x00\x00q\nub.', 'init_disp': 3.0, 'name': 'tau'}], 'optimizer_duration': 0.0, 'paramfile_text': '', 'prospector_version': "Can't get version number.", 'run_params': {'verbose': True, 'data': {'maggies': [4.159593420569085e-09, 5.122172267593071e-09, 1.9649593176553575e-07, 3.9743085864984656e-07, 5.120665991399231e-07, 6.081630512737956e-07, 7.16775467222046e-07, 4.0888389026769695e-07, 2.3099362801731805e-07, 3.435579478998743e-07], 'maggies_unc': [1.425976073819751e-09, 1.1989437760236591e-09, 9.048972066345956e-09, 1.8302367412459208e-08, 2.3581538355994892e-08, 2.8006943519456308e-08, 3.300873011698651e-08, 1.8829799009916244e-08, 1.0637649688985766e-08, 3.923714190692823e-08], 'mags': [20.952372793524905, 20.726364548851425, 16.76661609197544, 16.001846037447475, 15.72668387803899, 15.539949921986405, 15.361542168773664, 15.971, 16.591, 16.16], 'mags_unc': [0.3722079765798689, 0.25413761917656075, 0.05, 0.05, 0.05, 0.05, 0.05, 0.05, 0.05, 0.124], 'filternames': ['galex_FUV', 'galex_NUV', 'ps_g', 'ps_r', 'ps_i', 'ps_z', 'ps_y', 'wise_w1', 'wise_w2', 'wise_w3'], 'photmask': [True, True, True, True, True, True, True, False, False, False], 'redshift': 0.0512}, 'tdename': 'AT2019dsg', 'nwalkers': 100, 'nburn': [500], 'niter': 500, 'object_redshift': 0.0512}, 'acceptance': array([0.328, 0.396, 0.206, 0.372, 0.278, 0.346, 0.3  , 0.346, 0.332,
       0.308, 0.358, 0.378, 0.346, 0.362, 0.344, 0.098, 0.328, 0.362,
       0.326, 0.218, 0.322, 0.386, 0.33 , 0.416, 0.34 , 0.372, 0.344,
       0.386, 0.12 , 0.372, 0.338, 0.38 , 0.124, 0.202, 0.33 , 0.108,
       0.306, 0.284, 0.4  , 0.39 , 0.39 , 0.386, 0.372, 0.318, 0.312,
       0.3  , 0.084, 0.332, 0.364, 0.234, 0.258, 0.084, 0.396, 0.344,
       0.36 , 0.33 , 0.32 , 0.386, 0.372, 0.26 , 0.24 , 0.32 , 0.356,
       0.278, 0.35 , 0.342, 0.244, 0.362, 0.218, 0.376, 0.014, 0.334,
       0.348, 0.328, 0.348, 0.276, 0.34 , 0.072, 0.362, 0.284, 0.286,
       0.362, 0.358, 0.368, 0.386, 0.374, 0.228, 0.316, 0.164, 0.348,
       0.37 , 0.416, 0.312, 0.384, 0.348, 0.408, 0.196, 0.294, 0.362,
       0.324]), 'chain': array([[[ 3.05642373e+10, -3.66305839e-01,  3.20785963e-01,
          4.22569957e+00,  4.53074012e-01],
        [ 3.05642373e+10, -3.66305839e-01,  3.20785963e-01,
          4.22569957e+00,  4.53074012e-01],
        [ 3.05642373e+10, -3.66305839e-01,  3.20785963e-01,
          4.22569957e+00,  4.53074012e-01],
        ...,
        [ 6.43535699e+10, -6.95893021e-01,  3.53225981e-01,
          1.21826003e+01,  1.50446862e+00],
        [ 6.59802426e+10, -6.93962021e-01,  3.52242918e-01,
          1.25840867e+01,  1.56988795e+00],
        [ 6.59802426e+10, -6.93962021e-01,  3.52242918e-01,
          1.25840867e+01,  1.56988795e+00]],

       [[ 5.68808245e+10, -1.38540347e+00,  6.49746770e-01,
          8.42299342e+00,  8.95067081e-01],
        [ 5.68808245e+10, -1.38540347e+00,  6.49746770e-01,
          8.42299342e+00,  8.95067081e-01],
        [ 5.68808245e+10, -1.38540347e+00,  6.49746770e-01,
          8.42299342e+00,  8.95067081e-01],
        ...,
        [ 5.92823023e+10, -7.62667869e-01,  2.71992225e-01,
          1.11779037e+01,  1.26604834e+00],
        [ 5.90705277e+10, -7.66878540e-01,  2.78893063e-01,
          1.11008719e+01,  1.25893313e+00],
        [ 5.85076030e+10, -6.95383102e-01,  2.24992675e-01,
          1.12381096e+01,  1.26755955e+00]],

       [[ 3.41497603e+10, -2.71712855e-01,  2.62145132e-01,
          4.73885017e+00,  5.05918742e-01],
        [ 3.41497603e+10, -2.71712855e-01,  2.62145132e-01,
          4.73885017e+00,  5.05918742e-01],
        [ 3.28139637e+10, -1.55345207e-01,  2.30215614e-01,
          4.73349297e+00,  5.92389763e-01],
        ...,
        [ 3.84367991e+10, -6.12882848e-01,  5.61665116e-01,
          5.06959959e+00,  6.25993908e-01],
        [ 3.84367991e+10, -6.12882848e-01,  5.61665116e-01,
          5.06959959e+00,  6.25993908e-01],
        [ 3.83567433e+10, -6.22843459e-01,  5.73295593e-01,
          5.02286239e+00,  6.22181877e-01]],

       ...,

       [[ 2.79184456e+10, -1.82120364e-01,  3.32343330e-01,
          3.29945720e+00,  3.64385800e-01],
        [ 2.79184456e+10, -1.82120364e-01,  3.32343330e-01,
          3.29945720e+00,  3.64385800e-01],
        [ 2.47752104e+10, -8.84091886e-02,  2.85690369e-01,
          2.57916008e+00,  2.37729647e-01],
        ...,
        [ 4.05245583e+10, -7.91782213e-01,  5.05590388e-01,
          6.07762758e+00,  7.09262836e-01],
        [ 3.93332037e+10, -8.02943097e-01,  4.62043268e-01,
          6.10256303e+00,  6.91060275e-01],
        [ 3.93199943e+10, -8.05235576e-01,  4.63155503e-01,
          6.10287968e+00,  6.91679819e-01]],

       [[ 4.73962559e+10, -1.08977242e+00,  8.14496247e-01,
          6.49031857e+00,  9.71248636e-01],
        [ 4.73962559e+10, -1.08977242e+00,  8.14496247e-01,
          6.49031857e+00,  9.71248636e-01],
        [ 5.02411704e+10, -1.26546488e+00,  9.33123220e-01,
          6.86647676e+00,  1.07118629e+00],
        ...,
        [ 5.25446137e+10, -9.03628049e-01,  6.12531720e-01,
          7.39479424e+00,  8.17589543e-01],
        [ 5.25446137e+10, -9.03628049e-01,  6.12531720e-01,
          7.39479424e+00,  8.17589543e-01],
        [ 5.25446137e+10, -9.03628049e-01,  6.12531720e-01,
          7.39479424e+00,  8.17589543e-01]],

       [[ 3.37291035e+10, -9.46815764e-01,  8.49060802e-01,
          3.04568951e+00,  2.64713683e-01],
        [ 3.39672082e+10, -9.28346723e-01,  8.61704171e-01,
          3.03754259e+00,  2.67818540e-01],
        [ 3.15889167e+10, -9.05218639e-01,  8.74998280e-01,
          2.54396223e+00,  2.07725614e-01],
        ...,
        [ 4.12479031e+10, -4.70650508e-01,  3.00825870e-01,
          6.05666492e+00,  6.01257980e-01],
        [ 4.12479031e+10, -4.70650508e-01,  3.00825870e-01,
          6.05666492e+00,  6.01257980e-01],
        [ 4.22126318e+10, -5.71613013e-01,  3.46671493e-01,
          6.12690681e+00,  5.71880979e-01]]]), 'initial_theta': array([ 1.e+10, -3.e-01,  4.e-01,  5.e+09,  1.e+00]), 'lnprobability': array([[87.0340817 , 87.0340817 , 87.0340817 , ..., 86.74711672,
        86.40387656, 86.40387656],
       [85.32844772, 85.32844772, 85.32844772, ..., 85.69937952,
        85.86863274, 85.85911037],
       [87.67741869, 87.67741869, 85.74314073, ..., 87.8492899 ,
        87.8492899 , 87.80986954],
       ...,
       [88.61252383, 88.61252383, 86.70353824, ..., 87.77931664,
        87.13119676, 87.10437758],
       [81.2011323 , 81.2011323 , 81.62584462, ..., 85.79740693,
        85.79740693, 85.79740693],
       [86.6951773 , 86.38672078, 85.19706925, ..., 86.06816804,
        86.06816804, 85.46428358]]), 'sampling_initial_center': array([], dtype=float64), 'rstate': ('MT19937', array([3316264430, 4224203736, 2295191296, 2445164007, 1910734209,
       2189412787, 3424864383, 1394522523,  952161499, 4074957951,
       2656385439, 1647297236,  791793165, 1628314645, 3045109492,
       3885177002,  625940589, 1383953876, 1146570981, 4075969148,
        836565983, 1137627310,  957456793, 2307446014, 1391600388,
       2171420134, 4205258078,  223140958, 1489921496,  759384085,
        196616568, 2384234727, 2250541978, 1664801732, 4080444074,
        236330252, 1856410057,  395467745, 2963160946,   19522783,
       1997811345, 2382886128,  579323676, 3116988626, 2492048180,
       2460264814,  252476556, 3242150976, 4165031810,  244762970,
        651175715,  654314803, 2084582076, 1306131696, 2200797417,
        199456772, 4061460830, 4116491172, 2672700270,   29618444,
       1806675394, 3409307716, 1022704151, 3403779766, 4197806632,
         25585384, 2187850171, 2835731634, 3185054191, 2122063735,
       1678866651, 1984874898, 3935358068, 2209856142, 2322571179,
       1225435928, 3421162449, 1519975925, 3157480170, 3106200800,
       4178578135,  597413814, 1198079778, 2405079918,  425649301,
         13835451, 3152346540, 1938264299,   45435352, 2954462284,
        849851606, 1578150735, 2654123584, 1024701718, 2847486360,
        718199160, 3390650065, 3344250674,  326329015, 2665722651,
        562421292, 2869307964, 1898673654, 1271981567, 3956313932,
       2072367348, 3987994536,  434057551, 2845891726, 1463673015,
       1845383053, 3876135004, 2968317354, 3566437241, 4187237434,
       4063158679, 1696723019, 2295349274, 3500969846,  822262387,
       1548540199, 1706398976, 1302859901, 1022033615, 2909029092,
       1000525190,  600980784, 2117879025, 4060307443, 1212783297,
       3647217988, 2149538372, 1450768998, 3519780226, 4059557108,
        588180345, 2221195093, 3752227131, 3723729718,  757910605,
       2353745694, 2491930105, 3222396145,  538394331, 2774880024,
       2960171493, 2027933989, 1683049803, 3555551617, 3645477520,
       1200250235, 4183666358, 2251317671, 1091638713,  444072842,
        746612091,  523129022, 2443536324,  174555500, 3879453640,
       3565764041, 2170355856, 2095634492, 2642984918, 2973970913,
       1261750794, 1275383648, 1568829130,  963638488,  181404887,
       3406301263, 3887217529,  400328251,  502808361, 2421376420,
       1512616587, 3165937410, 3558691186, 1314124269, 4025660303,
       2432019583, 1198791105, 3364122013,  878309863, 2442944637,
       2913972280, 3159644762, 3528160081, 3273049330,  982752527,
       2562341708, 1678726146,  645942057, 2324789170, 2229530033,
       1304657980,  646451223, 2611556662, 2415974678,  975387557,
       1132149866, 3199743702, 2563953485, 2245737822, 3732191255,
       1232448193, 3546212648, 1786873224, 2125388815, 2591004444,
       4049922842, 2827468999, 4166467291, 1178670638, 3527121016,
       1196870341, 2404576100, 1967062917, 1359394607,  693615425,
       1182618165, 1421780937, 1186212848,  341046676, 3164445809,
       3290020989, 1688269010, 3030683444,  177714901,  629033683,
       1674693190, 1577324199, 1534288475, 3549620446, 1173941481,
       3603437443,  467308045, 1368588827,  480230134,   77387473,
        518359117, 2061615227, 2651624748, 3354501735, 2520915443,
       2825568540, 4155562353, 4200959760, 3445228104, 3159921644,
        582387253, 1323136423, 2520699755,  660989539, 2854403364,
       2210032230, 4076836982, 2844901836, 1358825474, 4121754433,
       3083868680,  767477657, 4085929726,  469608111, 1612567815,
       4067847119, 3033974148, 4201753693, 3235160542, 3816846030,
       1109429627,  389320795, 2267886116, 2350031704,  701408757,
       2407687054,  939509294, 1987928512,  454252513, 1030495405,
       2250914666,  333663139, 1387775382, 3050459904, 1300751720,
       3519443066, 3853943167,  551596508, 1921340072, 3593153997,
       2081606593, 1987902760,  312294612, 2272784626, 1347496732,
       3799196628, 1225398178, 2092719391,  507225121, 2195384476,
       3734807114, 2597462894, 3511949031, 1134825207, 2572595929,
       2881827448,  282075139, 2024741389,  712957501, 1925787909,
       3692160258,   31457234, 1521148439, 3503372139,  757093455,
        489345302, 1583247711, 1152862038, 2179382548, 3909574222,
       4015275368, 1179758827,   53611490, 1260833429, 2991981630,
       3270993272, 1161173249, 1911549763, 2382635510, 1559890197,
       1550090017, 2667082289, 1585231183, 3515717889, 2332051961,
       4210981873, 1613827343, 3658680023, 1027206075, 3954237724,
          4733333, 2484148229, 2842028780, 4089601408, 1037784475,
       3467696944,  403499900, 3701223229, 3089497425, 1698676074,
       3061645207, 1645986674, 1734017155,  738544981, 4251457554,
       1935406607, 2510537339, 3877641512, 1306465531, 2024688570,
        217782312, 1995731388, 2098380745, 2535045115,  402048199,
       2943674868, 2759009124, 3760892584, 2143562841, 1354839946,
       2705924945, 3896748807, 1978288767, 3862069416, 3587895119,
       3679079411, 2490439005,  509806461, 4174540116, 1879800831,
       1753018583, 1234217871,  695155643, 2085022446, 1500820950,
        558697656, 1649653768, 1258686104, 2626081708, 2857286339,
       1776272632, 1722395480, 3186772659, 1941564723, 3808538285,
        695471692, 1266944484, 4170991995, 2119405188, 2841570152,
       2320317162, 3445735964,  639575944, 2510340186, 3836402613,
        634206665, 2912183800,  632184336, 2362118008, 1854448227,
       1386926416, 2934668875, 3928790069, 1011432083,  132522441,
       2573274319,   98016240, 2744228287, 3788872651, 2179837566,
       3849974728, 1068402727, 1766335365, 2906003076, 1147960088,
        373402122,  214733462, 2148770312, 3225721596,  211140585,
       2254656563, 1739420626, 2507263001, 3151116998, 1938384554,
       2724265362, 1876548485,  120025965, 2910648651,  592897394,
       2399140191,   37934398, 2927608496, 1343552933, 2812040370,
       1967299211, 2034266023, 1169153372, 4226311922,  828314180,
       3327281133,  510495556, 3214977538, 4053965565,   18938084,
       3701746291, 3409834842, 1000126032,  888750100, 4053871455,
       2068606264, 2364277240,  755829593,  167930994, 3469563034,
       2407135532, 4116004938,  164957111,   17077437, 4047586013,
       3005704949, 3216213180,  464484289,  715724035, 1825050012,
        487318898, 3616682612, 1643435406, 3125733501, 1502847765,
       1684532985, 2200674927, 1655101563, 3793177399, 4031038342,
       1726964486, 3988993934, 1271803028, 3851773194, 2452497939,
       4162395258, 2804447134,  309579013, 2974146028, 3767694029,
       1223594071, 2400659695, 3427557792,  432280737,  499255547,
       3374925837,  478127308, 2871313047,  114247128, 3677006737,
       1099743468, 3845786823,  937415036,  704280353, 3177852046,
       3576996290, 1494405480, 4256412692, 3732994976, 3248456643,
        953439798, 3336744373, 2926915727, 1688357989,   78001708,
       4128450531, 2550726432, 3308425361, 3975990061,  167975476,
        616092810,  830580138,  262427581, 1269752668, 2881586090,
       2164349813,  627823986,  275600388, 4160906173, 2378209540,
       3870621125, 2116393066, 1172260754, 3673389942, 1122724924,
       3656202873, 2719154454, 1100764715, 2179086467, 2283140923,
       2887396872, 3069989255, 1975051450,  190013635, 2820642102,
       2705498702, 2549193185, 1222761766,  907135620, 1813556189,
        801493168, 2511575536, 1277991290, 2214133851, 3618631261,
       2094369471, 3802227450, 2981746066, 3739152137, 3767286738,
       1353038977,  444727657, 2708646728, 2176002978, 2874490876,
       3443128388, 3178671526,  770503134, 2787524389, 1072573113,
       3609018967, 3873274002, 1153715653, 1335221212, 2552742386,
       3776744290, 1687176793,  549040806, 2899773053, 3486210524,
       1205925516, 1635052738, 3619317387,  169216217,  294750057,
       2985652985,  837711405, 4155271668, 2980266027, 2757906021,
       2099220909, 2553959027,   85229912, 2808684869,  659768832,
       3096592636, 2389576004, 2493076656, 1229947641,  445629500,
       3087856266,  255754312, 3878969469,  173115380, 3409863051,
        256878099, 3964929776, 1174043986, 2389542782,  516484240,
         11631831, 3291207751, 3026620688, 3838846541,   41600856,
       1756493898, 4078477504, 1101804406,  693182227], dtype=uint32), 533, 1, -0.4016988149336055), 'sampling_duration': 1119.5884606838226, 'theta_labels': ['mass', 'logzsol', 'dust2', 'tage', 'tau'], 'bestfit': {'parameter': array([2.18404788e+10, 8.26974890e-02, 7.31988685e-01, 1.46513354e+00,
       1.72944964e-01]), 'photometry': array([2.19276658e-09, 6.10887889e-09, 2.08454105e-07, 3.58791598e-07,
       4.90975425e-07, 6.15206968e-07, 7.34982356e-07, 6.98564077e-07,
       4.30443983e-07, 1.35612251e-06]), 'restframe_wavelengths': array([9.100e+01, 9.400e+01, 9.600e+01, ..., 9.817e+07, 9.908e+07,
       1.000e+08]), 'spectrum': array([ 2.60772031e-11, -2.96857987e-14, -4.94463821e-16, ...,
        9.17306142e-10,  8.93107674e-10,  8.43906582e-10]), 'mfrac': 0.6689052797164077}, 'optimization': {}, 'obs': {'maggies': array([4.15959342e-09, 5.12217227e-09, 1.96495932e-07, 3.97430859e-07,
       5.12066599e-07, 6.08163051e-07, 7.16775467e-07, 4.08883890e-07,
       2.30993628e-07, 3.43557948e-07]), 'maggies_unc': array([1.42597607e-09, 1.19894378e-09, 9.04897207e-09, 1.83023674e-08,
       2.35815384e-08, 2.80069435e-08, 3.30087301e-08, 1.88297990e-08,
       1.06376497e-08, 3.92371419e-08]), 'phot_mask': array([ True,  True,  True,  True,  True,  True,  True, False, False,
       False]), 'filternames': ['galex_FUV', 'galex_NUV', 'ps_g', 'ps_r', 'ps_i', 'ps_z', 'ps_y', 'wise_w1', 'wise_w2', 'wise_w3'], 'filters': [<class 'sedpy.observate.Filter'>(galex_FUV), <class 'sedpy.observate.Filter'>(galex_NUV), <class 'sedpy.observate.Filter'>(ps_g), <class 'sedpy.observate.Filter'>(ps_r), <class 'sedpy.observate.Filter'>(ps_i), <class 'sedpy.observate.Filter'>(ps_z), <class 'sedpy.observate.Filter'>(ps_y), <class 'sedpy.observate.Filter'>(wise_w1), <class 'sedpy.observate.Filter'>(wise_w2), <class 'sedpy.observate.Filter'>(wise_w3)], 'logify_spectrum': False, 'ndof': 7, 'objid': 'AT2019dsg', 'spectrum': None, 'unc': None, 'wavelength': None}, 'model': None} {'maggies': array([4.15959342e-09, 5.12217227e-09, 1.96495932e-07, 3.97430859e-07,
       5.12066599e-07, 6.08163051e-07, 7.16775467e-07, 4.08883890e-07,
       2.30993628e-07, 3.43557948e-07]), 'maggies_unc': array([1.42597607e-09, 1.19894378e-09, 9.04897207e-09, 1.83023674e-08,
       2.35815384e-08, 2.80069435e-08, 3.30087301e-08, 1.88297990e-08,
       1.06376497e-08, 3.92371419e-08]), 'phot_mask': array([ True,  True,  True,  True,  True,  True,  True, False, False,
       False]), 'filternames': ['galex_FUV', 'galex_NUV', 'ps_g', 'ps_r', 'ps_i', 'ps_z', 'ps_y', 'wise_w1', 'wise_w2', 'wise_w3'], 'filters': [<class 'sedpy.observate.Filter'>(galex_FUV), <class 'sedpy.observate.Filter'>(galex_NUV), <class 'sedpy.observate.Filter'>(ps_g), <class 'sedpy.observate.Filter'>(ps_r), <class 'sedpy.observate.Filter'>(ps_i), <class 'sedpy.observate.Filter'>(ps_z), <class 'sedpy.observate.Filter'>(ps_y), <class 'sedpy.observate.Filter'>(wise_w1), <class 'sedpy.observate.Filter'>(wise_w2), <class 'sedpy.observate.Filter'>(wise_w3)], 'logify_spectrum': False, 'ndof': 7, 'objid': 'AT2019dsg', 'spectrum': None, 'unc': None, 'wavelength': None} None

Detailed performance metrics for this job will be available at https://metrics.hpc.arizona.edu/#job_viewer?action=show&realm=SUPREMM&resource_id=73&local_job_id=8533479 by 8am on 2023/11/08.
