{'model_params': [{'N': 1, 'isfree': False, 'init': 0.152, 'units': 'redshift', 'prior': b'\x80\x02cprospect.models.priors\nTopHat\nq\x00)\x81q\x01}q\x02(X\x05\x00\x00\x00aliasq\x03}q\x04(X\x04\x00\x00\x00miniq\x05h\x05X\x04\x00\x00\x00maxiq\x06h\x06uX\x06\x00\x00\x00paramsq\x07}q\x08(h\x05G\x00\x00\x00\x00\x00\x00\x00\x00h\x06G@\x10\x00\x00\x00\x00\x00\x00uX\x04\x00\x00\x00nameq\tX\x00\x00\x00\x00q\nub.', 'name': 'zred'}, {'N': 1, 'isfree': True, 'init': 10000000000.0, 'units': 'Solar masses formed', 'prior': b'\x80\x02cprospect.models.priors\nLogUniform\nq\x00)\x81q\x01}q\x02(X\x05\x00\x00\x00aliasq\x03}q\x04(X\x04\x00\x00\x00miniq\x05h\x05X\x04\x00\x00\x00maxiq\x06h\x06uX\x06\x00\x00\x00paramsq\x07}q\x08(h\x05GA\x97\xd7\x84\x00\x00\x00\x00h\x06GBm\x1a\x94\xa2\x00\x00\x00uX\x04\x00\x00\x00nameq\tX\x00\x00\x00\x00q\nub.', 'init_disp': 10000000.0, 'name': 'mass'}, {'N': 1, 'isfree': True, 'init': -0.3, 'units': '$\\log (Z/Z_\\odot)$', 'prior': b'\x80\x02cprospect.models.priors\nTopHat\nq\x00)\x81q\x01}q\x02(X\x05\x00\x00\x00aliasq\x03}q\x04(X\x04\x00\x00\x00miniq\x05h\x05X\x04\x00\x00\x00maxiq\x06h\x06uX\x06\x00\x00\x00paramsq\x07}q\x08(h\x05G\xbf\xfc\xcc\xcc\xcc\xcc\xcc\xcdh\x06G?\xc9\x99\x99\x99\x99\x99\x9auX\x04\x00\x00\x00nameq\tX\x00\x00\x00\x00q\nub.', 'name': 'logzsol'}, {'N': 1, 'isfree': True, 'init': 0.4, 'units': 'optical depth at 5500AA', 'prior': b'\x80\x02cprospect.models.priors\nTopHat\nq\x00)\x81q\x01}q\x02(X\x05\x00\x00\x00aliasq\x03}q\x04(X\x04\x00\x00\x00miniq\x05h\x05X\x04\x00\x00\x00maxiq\x06h\x06uX\x06\x00\x00\x00paramsq\x07}q\x08(h\x05G\x00\x00\x00\x00\x00\x00\x00\x00h\x06G?\xf0\x00\x00\x00\x00\x00\x00uX\x04\x00\x00\x00nameq\tX\x00\x00\x00\x00q\nub.', 'name': 'dust2'}, {'N': 1, 'isfree': False, 'init': 4, 'units': 'FSPS index', 'name': 'sfh'}, {'N': 1, 'isfree': True, 'init': 5000000000.0, 'units': 'Gyr', 'prior': b'\x80\x02cprospect.models.priors\nLogUniform\nq\x00)\x81q\x01}q\x02(X\x05\x00\x00\x00aliasq\x03}q\x04(X\x04\x00\x00\x00miniq\x05h\x05X\x04\x00\x00\x00maxiq\x06h\x06uX\x06\x00\x00\x00paramsq\x07}q\x08(h\x05G?\xb9\x99\x99\x99\x99\x99\x9ah\x06G@)-\xb2\xb7;/\x7fuX\x04\x00\x00\x00nameq\tX\x00\x00\x00\x00q\nub.', 'init_disp': 5.0, 'name': 'tage'}, {'N': 1, 'isfree': False, 'init': 1, 'name': 'imf_type'}, {'N': 1, 'isfree': False, 'init': 2, 'name': 'dust_type'}, {'N': 1, 'isfree': True, 'init': 1, 'units': 'Gyr^{-1}', 'prior': b'\x80\x02cprospect.models.priors\nLogUniform\nq\x00)\x81q\x01}q\x02(X\x05\x00\x00\x00aliasq\x03}q\x04(X\x04\x00\x00\x00miniq\x05h\x05X\x04\x00\x00\x00maxiq\x06h\x06uX\x06\x00\x00\x00paramsq\x07}q\x08(h\x05G?\xb9\x99\x99\x99\x99\x99\x9ah\x06G@$\x00\x00\x00\x00\x00\x00uX\x04\x00\x00\x00nameq\tX\x00\x00\x00\x00q\nub.', 'init_disp': 3.0, 'name': 'tau'}], 'optimizer_duration': 0.0, 'paramfile_text': '', 'prospector_version': "Can't get version number.", 'run_params': {'verbose': True, 'data': {'maggies': [6.034331962743984e-09, 1.2323486010075412e-08, 1.971058700714043e-08, 1.1849286309767246e-09, 4.332955710145893e-10, 1.4348285182325904e-08, 7.467925899308812e-09, 0.0], 'maggies_unc': [4.1828191924140755e-10, 7.420858877209672e-10, 9.077060763360736e-10, 1.373139170035162e-10, 2.854069833370468e-10, 9.250681319838275e-10, 1.6370149178468657e-09, 4.019481224285619e-08], 'mags': [20.54842700486633, 19.77316605900261, 19.263251104171285, 22.315769516764224, 23.408039375347105, 19.607999999999997, 20.317, 17.737000000000002], 'mags_unc': [0.07526, 0.06538, 0.05, 0.1258191313893562, 0.7151623871304196, 0.07, 0.238, 0.05], 'filternames': ['ps_g', 'ps_r', 'ps_z', 'galex_NUV', 'galex_FUV', 'wise_w1', 'wise_w2', 'wise_w3'], 'photmask': [True, True, True, True, True, False, False, False], 'redshift': 0.152}, 'tdename': 'AT2019meg', 'nwalkers': 100, 'nburn': [500], 'niter': 500, 'object_redshift': 0.152}, 'acceptance': array([0.266, 0.228, 0.262, 0.302, 0.316, 0.252, 0.336, 0.288, 0.212,
       0.272, 0.29 , 0.212, 0.284, 0.312, 0.288, 0.206, 0.148, 0.206,
       0.282, 0.21 , 0.304, 0.334, 0.298, 0.268, 0.276, 0.244, 0.202,
       0.348, 0.33 , 0.316, 0.284, 0.362, 0.29 , 0.266, 0.228, 0.358,
       0.184, 0.268, 0.244, 0.316, 0.168, 0.322, 0.286, 0.342, 0.298,
       0.236, 0.298, 0.216, 0.326, 0.338, 0.176, 0.318, 0.266, 0.344,
       0.274, 0.302, 0.194, 0.264, 0.11 , 0.304, 0.28 , 0.336, 0.236,
       0.302, 0.338, 0.338, 0.222, 0.284, 0.298, 0.35 , 0.362, 0.356,
       0.28 , 0.25 , 0.262, 0.25 , 0.228, 0.186, 0.284, 0.226, 0.33 ,
       0.338, 0.288, 0.3  , 0.292, 0.35 , 0.288, 0.31 , 0.284, 0.338,
       0.398, 0.292, 0.216, 0.282, 0.348, 0.244, 0.322, 0.23 , 0.192,
       0.312]), 'chain': array([[[ 1.26752824e+10, -3.87060353e-01,  9.39939049e-01,
          1.16804279e+01,  8.07232266e+00],
        [ 1.26752824e+10, -3.87060353e-01,  9.39939049e-01,
          1.16804279e+01,  8.07232266e+00],
        [ 1.26752824e+10, -3.87060353e-01,  9.39939049e-01,
          1.16804279e+01,  8.07232266e+00],
        ...,
        [ 1.03825434e+10, -1.07152939e-01,  8.72011016e-01,
          8.69257308e+00,  5.75907204e+00],
        [ 1.03825434e+10, -1.07152939e-01,  8.72011016e-01,
          8.69257308e+00,  5.75907204e+00],
        [ 1.03825434e+10, -1.07152939e-01,  8.72011016e-01,
          8.69257308e+00,  5.75907204e+00]],

       [[ 9.69363830e+09, -2.25968247e-01,  2.85563934e-01,
          5.37953346e+00,  1.01614857e+00],
        [ 9.69363830e+09, -2.25968247e-01,  2.85563934e-01,
          5.37953346e+00,  1.01614857e+00],
        [ 9.69363830e+09, -2.25968247e-01,  2.85563934e-01,
          5.37953346e+00,  1.01614857e+00],
        ...,
        [ 8.84548498e+09, -7.15640401e-01,  9.47370673e-01,
          4.68086781e+00,  1.53044139e+00],
        [ 7.71524839e+09, -7.18339586e-01,  9.65410229e-01,
          3.86067834e+00,  1.26941344e+00],
        [ 7.71524839e+09, -7.18339586e-01,  9.65410229e-01,
          3.86067834e+00,  1.26941344e+00]],

       [[ 1.30841006e+10, -1.50524663e-01,  9.45846816e-01,
          9.70086265e+00,  5.75582606e+00],
        [ 1.30841006e+10, -1.50524663e-01,  9.45846816e-01,
          9.70086265e+00,  5.75582606e+00],
        [ 1.30841006e+10, -1.50524663e-01,  9.45846816e-01,
          9.70086265e+00,  5.75582606e+00],
        ...,
        [ 7.64101182e+09, -5.42594331e-01,  6.97511858e-01,
          3.32936228e+00,  7.16863590e-01],
        [ 7.64101182e+09, -5.42594331e-01,  6.97511858e-01,
          3.32936228e+00,  7.16863590e-01],
        [ 8.27935293e+09, -3.75969790e-01,  8.62128049e-01,
          2.80180495e+00,  6.41274413e-01]],

       ...,

       [[ 6.85369625e+09, -1.29512350e+00,  8.89230869e-01,
          2.62403792e+00,  5.76628063e-01],
        [ 6.85369625e+09, -1.29512350e+00,  8.89230869e-01,
          2.62403792e+00,  5.76628063e-01],
        [ 6.85369625e+09, -1.29512350e+00,  8.89230869e-01,
          2.62403792e+00,  5.76628063e-01],
        ...,
        [ 1.39435558e+10, -7.71756985e-01,  7.05523431e-01,
          9.47816152e+00,  2.60067487e+00],
        [ 1.39435558e+10, -7.71756985e-01,  7.05523431e-01,
          9.47816152e+00,  2.60067487e+00],
        [ 1.39200093e+10, -7.69438362e-01,  7.05331659e-01,
          9.45401096e+00,  2.59353109e+00]],

       [[ 1.16242870e+10, -4.28020345e-01,  9.65246312e-01,
          1.02925470e+01,  8.44737569e+00],
        [ 1.16242870e+10, -4.28020345e-01,  9.65246312e-01,
          1.02925470e+01,  8.44737569e+00],
        [ 1.15455390e+10, -4.25702853e-01,  9.66088592e-01,
          1.01932665e+01,  8.37738930e+00],
        ...,
        [ 1.03646827e+10, -3.12694625e-01,  8.76276631e-01,
          9.33460373e+00,  6.41066965e+00],
        [ 9.76475473e+09, -4.04547352e-01,  8.96459709e-01,
          8.09510856e+00,  5.24650284e+00],
        [ 9.76475473e+09, -4.04547352e-01,  8.96459709e-01,
          8.09510856e+00,  5.24650284e+00]],

       [[ 1.18254410e+10,  5.21778478e-02,  8.32236997e-01,
          7.06399961e+00,  3.07920462e+00],
        [ 1.18254410e+10,  5.21778478e-02,  8.32236997e-01,
          7.06399961e+00,  3.07920462e+00],
        [ 1.31970893e+10,  1.88582793e-01,  8.13952172e-01,
          8.13388057e+00,  3.63923552e+00],
        ...,
        [ 1.07822213e+10, -5.01091478e-01,  7.49795518e-01,
          8.82798652e+00,  3.50413249e+00],
        [ 1.07822213e+10, -5.01091478e-01,  7.49795518e-01,
          8.82798652e+00,  3.50413249e+00],
        [ 1.07822213e+10, -5.01091478e-01,  7.49795518e-01,
          8.82798652e+00,  3.50413249e+00]]]), 'initial_theta': array([ 1.e+10, -3.e-01,  4.e-01,  5.e+09,  1.e+00]), 'lnprobability': array([[67.11941248, 67.11941248, 67.11941248, ..., 66.95591036,
        66.95591036, 66.95591036],
       [69.93077489, 69.93077489, 69.93077489, ..., 70.15503349,
        70.6895779 , 70.6895779 ],
       [67.75181081, 67.75181081, 67.75181081, ..., 70.29065261,
        70.29065261, 68.57435134],
       ...,
       [70.44732616, 70.44732616, 70.44732616, ..., 67.4219367 ,
        67.4219367 , 67.43030275],
       [67.40659174, 67.40659174, 67.45254687, ..., 67.74230229,
        68.0628678 , 68.0628678 ],
       [68.68057761, 68.68057761, 67.71211823, ..., 68.68922601,
        68.68922601, 68.68922601]]), 'sampling_initial_center': array([], dtype=float64), 'rstate': ('MT19937', array([2608712295, 2306022017, 3139842608, 3639451317, 3320691198,
       1298726994, 1410862460,  728173852, 1904311281, 2474058586,
        757941877, 3163479092, 3298049491,   40442095, 1755804511,
       1620782316, 1214917310,  885738578,  138956170, 3847946663,
       2579563091, 3387344442,  263542778,  193619317, 2790922998,
       2046817547,  121734649, 3635419318,  628772018, 2909893049,
       2361393520, 2794855998, 3766691137, 3808437702, 3441290236,
       2864729270, 3329989948, 3193521650, 4042632735, 3753391532,
       3210371520, 3299158709, 3395703225, 3851980280,  603077326,
        683857802, 1521649127,   81029244, 2878604047, 1721247691,
        398758516, 2533739828,  897446620, 2743088358, 3426104913,
        503112272, 2245802676, 3438788533, 2115354040, 3988229727,
       1147533788, 1298018262, 1699349185,  151343176, 2254891080,
        358253588, 1572418863, 1301324901,  792029918,  543957418,
       3298284333,   59261742, 3408720288, 3966266120,  907939950,
       1086041541, 1684687577, 1102371804,  426571989, 1602839133,
       1603059188,  833006483, 3980234554, 3555461709, 2726244370,
       3295164573, 2720180756, 3292418521, 1038127211, 2500107513,
       3134973101,   10855270, 1103598743, 2535302504, 2756407688,
       1585956854, 1776775389, 3707359995, 3321731555, 2368341353,
       4248913870, 1566720782, 3754763924,   73421552, 2561642587,
         15640131,  115385049, 1882916559,  784250544,  543350829,
       1809603801,  627365947, 2002861991, 4194098079, 1134985803,
       1428476324, 3929668098,    5068995, 1226019142, 2582962312,
       2781428551,  902185224,  347715752, 1977678933, 3050318534,
       1259323787, 4190063452, 1740046456, 1425778321, 2806196154,
       2204969083, 3948826504,  783959231,  164009297, 3426858756,
       4069232462, 2617211920, 1884541890, 2041616398, 3416882507,
       1741299360, 4121407758, 2152268794,  851767591, 2930516148,
       1737239313, 2637603375,  547590754,  824522511, 2139413086,
        358239740, 3950972776, 4160444635,  567055080,  485506147,
        979338456,  939659342, 2480334367,  183589272, 2856108967,
       1190820391,  985063852, 4062963762,  283268513, 1303314495,
       3356818601, 1859835830, 3951540839, 4234859795, 3383881914,
       3968035077,  740634895,  992979065, 1980034570, 2090088926,
       2311840942,  345971743, 2566984456, 3350132105, 1392453876,
       2323394044, 2049990029, 1845026186, 1275988909,  111092591,
       2914269545, 4132489523, 1920314911,  179302063, 1820276001,
       3717012285, 3495866782, 1594764795, 1089367483, 3401216384,
        727060487,  924528406, 1836253200, 2147271084, 3580164691,
        788827377, 3433797653, 1904377986, 2680863697, 1205007843,
       3624618269,  115992178, 2555076710,   32023844, 1355160308,
       3220864342, 3377058526, 2861286674, 3424176087, 1741417487,
        466008532,  206004987, 2930240212, 3595869034, 3630418907,
        344614379, 1537222790, 2288776470, 3558411989, 4268698188,
       2590802967, 3438943732, 2531684117,   14977803, 1452667624,
       2215967973, 2449352105, 1266917247, 1915747947, 1818548322,
        505720601,  998720767, 3802740535, 3246036793,  247780677,
       2132176842,  342801909, 1040489264,  209386784, 2283375090,
       3316755216,  890162896, 2895617687, 2215546436, 3314638063,
       4210446217, 1155277782, 2395108417, 3229041548,  313103330,
        804511602,  203549370, 4229661607,  789765375, 1490616435,
       1006179846, 1686900730, 2239574577,  214541589, 3447176548,
        608774713, 1887181012, 1300570900, 2840864996, 1911035301,
       2266868198, 2758532859, 1668014244, 3678318112, 2551188053,
       3960715848, 4203098816, 3967023654, 2774075817, 3681898129,
       3501256462, 2392465130, 1270614718,  605609894, 2488404034,
        178434353, 4245014358, 1650788773, 3234983694, 1348570204,
       3853025287, 2824790574,  219866959, 1290158572, 1239139734,
       2294475231, 1384992290, 2394013417,  235634565, 2172661027,
       2850221328, 2953256233, 2192859775, 4248426828, 2620854707,
       2200114072,  210282963, 3738863407, 3632711914,  525797895,
       1681211194,  957030296,  949746005, 2761772774, 1330659537,
       3376742980,  372718212,  279792190, 2614333985,  617012872,
       1838232136, 1392549728, 1974655970, 3112313879,  884607757,
       2755131844,  888363617, 2046736723, 3347149659,  422918943,
       1218755644, 1607821465, 2760824901, 3489374123, 4218632414,
        869577311, 3019113717, 2887106169, 1690634563, 4072117984,
       2787626483, 1090125254, 2246651146, 1707421510, 1597087572,
        440049232, 2280555659, 3577391461, 3503870211,  954663512,
       2079916840, 2226871984, 1655215241, 2175250614, 4286858874,
       1549732657, 3341960174, 2293708703, 2580781755, 3110284589,
       1671942930, 1635840430, 3439110871, 2440078760, 1732983433,
        751483104, 4189573069, 3512796605, 1024742606,  744901512,
       2273907931, 2677843654,  777999394, 1963940503,  385023912,
        669652163,  705589002, 3866253681,  926432198, 1253251042,
       2758142304, 2069428281, 2975493452, 1509542224, 1412428053,
        320590691, 1019945786, 2205274040,  935419425, 4043975467,
       1702896791, 4148045231, 2796645670,  864189691, 3169879696,
       3276427351, 2669271323, 2515764133, 2193670079, 1855215553,
       1436293111,  918066421,   13623245, 1765203451, 3727836996,
       1613348850, 1917274013, 1826787061, 2310752604,  609012359,
       1234470744, 3541465944, 3849419791, 3929519884, 3786272569,
       1156819466, 4183836889,   53854833, 3664950668, 3641445681,
       1666827714, 3835532211, 4266475565, 1896807573,  184915575,
       4264278488, 1417797076, 1502318113,  312822180, 3478959783,
       1603964805, 3170404168,  196712155, 3292062539,  129270941,
       3429960566, 3113486188,  812884657, 4250703709, 3820132098,
       3138080934,  460176753, 3842702772, 2166108243, 1983055620,
       1430796097, 3595726327, 1805846479,  220101811, 2549194747,
       1840242457,  375631576,  356793503, 2218585368, 3872107089,
       1277179256, 1128255580, 3245162109, 2569722862, 2994989458,
       2770907539, 1634682509, 3470226683, 2208636187, 2363404699,
        302203463,  419564683,  630850847, 1172484506, 2784768551,
         67608791,  259547233, 3291151431, 3983525935, 1837979301,
        498257686, 1407748161,  268310923, 3260237077, 4124101788,
        316862913, 1066732120, 1817370701, 3699533046,  741058856,
        575710305,  437832616, 1523902138,  384625222, 1102646810,
       1150259322, 2451943984,  676993475, 3543547717, 2690359879,
       3354893233, 2711734603, 2182720463, 1400842245, 1093634933,
       2975013904,   82590151, 3885402183, 1595080205, 1951855570,
       2298937176,  989159382,  671978314, 3384686245,  322526690,
       1640077517, 3896539641, 1485402323, 2166647103,  667880997,
       2108366332,  576000944, 3287029030, 2171104182,  987773057,
       2042746300, 3258520298,  716632628, 3000400153, 4122319901,
       2755424616,   63296698, 1657305363, 2648245330, 1903045483,
       3287283576, 1005064666,  373127952, 3593762058,  861957585,
       2990654261, 3663367233, 1742773746, 2480967661, 3583858540,
       1409398452, 1786144161, 3324547618, 3416674272, 1868586690,
        988830292,  438874857, 3656737209,  513483720, 4272161327,
       4175895079, 1486915155, 4209552543, 3646455153, 3759980135,
       1711947579, 3001636933, 1549156620, 1786356752,  629673971,
       1182688940, 2288305612, 3586754638,  743940931, 2610626216,
        176559297, 1038853304, 2003053448, 2103906016, 2702993810,
       1756649020, 1757749179, 3981593986, 3891990132, 3633473407,
        231467069, 1029880433, 1641234310, 2759591602, 2237497779,
       2291772675, 3605112448,  141893580,  686000987, 2032824229,
       3759363685,  470345257,  112555411, 3111977844, 1213975602,
       1885855826, 4009037645, 2093912395, 2944869443, 3478391206,
       1600577151, 4057417781, 1739851895, 2191089202, 2677568591,
        179593070, 2860331727, 2530721705, 4159550985, 1261345649,
       1668899550, 1578027772, 2019358147, 2218484417, 1723495069,
       1707948527, 4076139667,  738888566,  688382747,  987398394,
       2580712595, 3387114214, 2876593853, 2902455836, 3015461464,
       2208624585, 3144900139, 3749595816,  196054263], dtype=uint32), 70, 1, 1.2053521016129491), 'sampling_duration': 1115.7992346286774, 'theta_labels': ['mass', 'logzsol', 'dust2', 'tage', 'tau'], 'bestfit': {'parameter': array([ 5.18281326e+09, -2.75228731e-01,  9.80234486e-01,  1.62728044e+00,
        4.51721534e-01]), 'photometry': array([6.74306067e-09, 1.13362882e-08, 1.89793624e-08, 1.07693367e-09,
       6.09736908e-10, 2.56392036e-08, 1.78109006e-08, 1.71188720e-07]), 'restframe_wavelengths': array([9.100e+01, 9.400e+01, 9.600e+01, ..., 9.817e+07, 9.908e+07,
       1.000e+08]), 'spectrum': array([ 3.78641224e-12, -4.23372983e-15, -7.13218315e-17, ...,
        1.33196412e-10,  1.29682650e-10,  1.22538476e-10]), 'mfrac': 0.675981452995843}, 'optimization': {}, 'obs': {'maggies': array([6.03433196e-09, 1.23234860e-08, 1.97105870e-08, 1.18492863e-09,
       4.33295571e-10, 1.43482852e-08, 7.46792590e-09, 0.00000000e+00]), 'maggies_unc': array([4.18281919e-10, 7.42085888e-10, 9.07706076e-10, 1.37313917e-10,
       2.85406983e-10, 9.25068132e-10, 1.63701492e-09, 4.01948122e-08]), 'phot_mask': array([ True,  True,  True,  True,  True, False, False, False]), 'filternames': ['ps_g', 'ps_r', 'ps_z', 'galex_NUV', 'galex_FUV', 'wise_w1', 'wise_w2', 'wise_w3'], 'filters': [<class 'sedpy.observate.Filter'>(ps_g), <class 'sedpy.observate.Filter'>(ps_r), <class 'sedpy.observate.Filter'>(ps_z), <class 'sedpy.observate.Filter'>(galex_NUV), <class 'sedpy.observate.Filter'>(galex_FUV), <class 'sedpy.observate.Filter'>(wise_w1), <class 'sedpy.observate.Filter'>(wise_w2), <class 'sedpy.observate.Filter'>(wise_w3)], 'logify_spectrum': False, 'ndof': 5, 'objid': 'AT2019meg', 'spectrum': None, 'unc': None, 'wavelength': None}, 'model': None} {'maggies': array([6.03433196e-09, 1.23234860e-08, 1.97105870e-08, 1.18492863e-09,
       4.33295571e-10, 1.43482852e-08, 7.46792590e-09, 0.00000000e+00]), 'maggies_unc': array([4.18281919e-10, 7.42085888e-10, 9.07706076e-10, 1.37313917e-10,
       2.85406983e-10, 9.25068132e-10, 1.63701492e-09, 4.01948122e-08]), 'phot_mask': array([ True,  True,  True,  True,  True, False, False, False]), 'filternames': ['ps_g', 'ps_r', 'ps_z', 'galex_NUV', 'galex_FUV', 'wise_w1', 'wise_w2', 'wise_w3'], 'filters': [<class 'sedpy.observate.Filter'>(ps_g), <class 'sedpy.observate.Filter'>(ps_r), <class 'sedpy.observate.Filter'>(ps_z), <class 'sedpy.observate.Filter'>(galex_NUV), <class 'sedpy.observate.Filter'>(galex_FUV), <class 'sedpy.observate.Filter'>(wise_w1), <class 'sedpy.observate.Filter'>(wise_w2), <class 'sedpy.observate.Filter'>(wise_w3)], 'logify_spectrum': False, 'ndof': 5, 'objid': 'AT2019meg', 'spectrum': None, 'unc': None, 'wavelength': None} None

Detailed performance metrics for this job will be available at https://metrics.hpc.arizona.edu/#job_viewer?action=show&realm=SUPREMM&resource_id=73&local_job_id=8533483 by 8am on 2023/11/08.
