{'model_params': [{'N': 1, 'isfree': False, 'init': 0.051, 'units': 'redshift', 'prior': b'\x80\x02cprospect.models.priors\nTopHat\nq\x00)\x81q\x01}q\x02(X\x05\x00\x00\x00aliasq\x03}q\x04(X\x04\x00\x00\x00miniq\x05h\x05X\x04\x00\x00\x00maxiq\x06h\x06uX\x06\x00\x00\x00paramsq\x07}q\x08(h\x05G\x00\x00\x00\x00\x00\x00\x00\x00h\x06G@\x10\x00\x00\x00\x00\x00\x00uX\x04\x00\x00\x00nameq\tX\x00\x00\x00\x00q\nub.', 'name': 'zred'}, {'N': 1, 'isfree': True, 'init': 10000000000.0, 'units': 'Solar masses formed', 'prior': b'\x80\x02cprospect.models.priors\nLogUniform\nq\x00)\x81q\x01}q\x02(X\x05\x00\x00\x00aliasq\x03}q\x04(X\x04\x00\x00\x00miniq\x05h\x05X\x04\x00\x00\x00maxiq\x06h\x06uX\x06\x00\x00\x00paramsq\x07}q\x08(h\x05GA\x97\xd7\x84\x00\x00\x00\x00h\x06GBm\x1a\x94\xa2\x00\x00\x00uX\x04\x00\x00\x00nameq\tX\x00\x00\x00\x00q\nub.', 'init_disp': 10000000.0, 'name': 'mass'}, {'N': 1, 'isfree': True, 'init': -0.3, 'units': '$\\log (Z/Z_\\odot)$', 'prior': b'\x80\x02cprospect.models.priors\nTopHat\nq\x00)\x81q\x01}q\x02(X\x05\x00\x00\x00aliasq\x03}q\x04(X\x04\x00\x00\x00miniq\x05h\x05X\x04\x00\x00\x00maxiq\x06h\x06uX\x06\x00\x00\x00paramsq\x07}q\x08(h\x05G\xbf\xfc\xcc\xcc\xcc\xcc\xcc\xcdh\x06G?\xc9\x99\x99\x99\x99\x99\x9auX\x04\x00\x00\x00nameq\tX\x00\x00\x00\x00q\nub.', 'name': 'logzsol'}, {'N': 1, 'isfree': True, 'init': 0.4, 'units': 'optical depth at 5500AA', 'prior': b'\x80\x02cprospect.models.priors\nTopHat\nq\x00)\x81q\x01}q\x02(X\x05\x00\x00\x00aliasq\x03}q\x04(X\x04\x00\x00\x00miniq\x05h\x05X\x04\x00\x00\x00maxiq\x06h\x06uX\x06\x00\x00\x00paramsq\x07}q\x08(h\x05G\x00\x00\x00\x00\x00\x00\x00\x00h\x06G?\xf0\x00\x00\x00\x00\x00\x00uX\x04\x00\x00\x00nameq\tX\x00\x00\x00\x00q\nub.', 'name': 'dust2'}, {'N': 1, 'isfree': False, 'init': 4, 'units': 'FSPS index', 'name': 'sfh'}, {'N': 1, 'isfree': True, 'init': 5000000000.0, 'units': 'Gyr', 'prior': b'\x80\x02cprospect.models.priors\nLogUniform\nq\x00)\x81q\x01}q\x02(X\x05\x00\x00\x00aliasq\x03}q\x04(X\x04\x00\x00\x00miniq\x05h\x05X\x04\x00\x00\x00maxiq\x06h\x06uX\x06\x00\x00\x00paramsq\x07}q\x08(h\x05G?\xb9\x99\x99\x99\x99\x99\x9ah\x06G@)-\xb2\xb7;/\x7fuX\x04\x00\x00\x00nameq\tX\x00\x00\x00\x00q\nub.', 'init_disp': 5.0, 'name': 'tage'}, {'N': 1, 'isfree': False, 'init': 1, 'name': 'imf_type'}, {'N': 1, 'isfree': False, 'init': 2, 'name': 'dust_type'}, {'N': 1, 'isfree': True, 'init': 1, 'units': 'Gyr^{-1}', 'prior': b'\x80\x02cprospect.models.priors\nLogUniform\nq\x00)\x81q\x01}q\x02(X\x05\x00\x00\x00aliasq\x03}q\x04(X\x04\x00\x00\x00miniq\x05h\x05X\x04\x00\x00\x00maxiq\x06h\x06uX\x06\x00\x00\x00paramsq\x07}q\x08(h\x05G?\xb9\x99\x99\x99\x99\x99\x9ah\x06G@$\x00\x00\x00\x00\x00\x00uX\x04\x00\x00\x00nameq\tX\x00\x00\x00\x00q\nub.', 'init_disp': 3.0, 'name': 'tau'}], 'optimizer_duration': 0.0, 'paramfile_text': '', 'prospector_version': "Can't get version number.", 'run_params': {'verbose': True, 'data': {'maggies': [1.4074843379509845e-08, 2.4400384580696328e-08, 1.0371625563757832e-07, 4.068868900400268e-07, 8.033720190293743e-07, 1.1580532828810872e-06, 1.5419644369073832e-06, 1.2289161413004009e-06, 7.45408314060987e-07, 2.550636885556249e-06], 'maggies_unc': [6.481704910377061e-10, 1.1236792359766627e-09, 4.7763100826449505e-09, 1.8737833750817464e-08, 3.699664870291132e-08, 5.3330324521096164e-08, 7.101008652699797e-08, 5.659367974996135e-08, 3.4327321443013055e-08, 1.1746116940645159e-07], 'mags': [19.628891072859936, 19.03150832145256, 17.460382926278392, 15.976315757395524, 15.23770824639997, 14.840678644852904, 14.529814106297913, 14.776194378652576, 15.319014418911603, 13.983378410339355], 'mags_unc': [0.05, 0.05, 0.05, 0.05, 0.05, 0.05, 0.05, 0.05, 0.05, 0.05], 'filternames': ['galex_FUV', 'galex_NUV', 'sdss_u0', 'sdss_g0', 'sdss_r0', 'sdss_i0', 'sdss_z0', 'wise_w1', 'wise_w2', 'wise_w3'], 'photmask': [True, True, True, True, True, True, True, False, False, False], 'redshift': 0.051}, 'tdename': 'AT2018bsi', 'nwalkers': 100, 'nburn': [500], 'niter': 500, 'object_redshift': 0.051}, 'acceptance': array([0.374, 0.346, 0.402, 0.314, 0.394, 0.31 , 0.39 , 0.422, 0.26 ,
       0.412, 0.406, 0.322, 0.38 , 0.346, 0.322, 0.376, 0.224, 0.376,
       0.31 , 0.398, 0.212, 0.39 , 0.39 , 0.362, 0.33 , 0.334, 0.338,
       0.266, 0.348, 0.296, 0.322, 0.39 , 0.37 , 0.338, 0.402, 0.294,
       0.41 , 0.39 , 0.346, 0.348, 0.292, 0.352, 0.298, 0.37 , 0.342,
       0.376, 0.02 , 0.36 , 0.338, 0.28 , 0.356, 0.336, 0.342, 0.406,
       0.316, 0.408, 0.312, 0.4  , 0.38 , 0.318, 0.408, 0.344, 0.328,
       0.394, 0.354, 0.068, 0.428, 0.146, 0.326, 0.316, 0.344, 0.354,
       0.364, 0.25 , 0.35 , 0.356, 0.334, 0.398, 0.394, 0.322, 0.408,
       0.298, 0.294, 0.384, 0.35 , 0.362, 0.436, 0.406, 0.344, 0.37 ,
       0.398, 0.36 , 0.014, 0.282, 0.428, 0.182, 0.334, 0.294, 0.388,
       0.4  ]), 'chain': array([[[ 5.09611976e+10, -1.98127515e-01,  4.38621703e-01,
          2.70242180e+00,  3.72007016e-01],
        [ 5.09611976e+10, -1.98127515e-01,  4.38621703e-01,
          2.70242180e+00,  3.72007016e-01],
        [ 5.09611976e+10, -1.98127515e-01,  4.38621703e-01,
          2.70242180e+00,  3.72007016e-01],
        ...,
        [ 7.46174843e+10, -7.25909199e-01,  7.89370404e-01,
          4.05961016e+00,  6.39807679e-01],
        [ 7.52069405e+10, -7.39179487e-01,  7.92771250e-01,
          4.10703258e+00,  6.48968451e-01],
        [ 7.52069405e+10, -7.39179487e-01,  7.92771250e-01,
          4.10703258e+00,  6.48968451e-01]],

       [[ 4.57898532e+10, -4.43292306e-01,  8.82544535e-01,
          1.78986067e+00,  2.73881313e-01],
        [ 4.57898532e+10, -4.43292306e-01,  8.82544535e-01,
          1.78986067e+00,  2.73881313e-01],
        [ 4.57898532e+10, -4.43292306e-01,  8.82544535e-01,
          1.78986067e+00,  2.73881313e-01],
        ...,
        [ 6.70798023e+10, -4.20014036e-01,  6.79757906e-01,
          3.40067272e+00,  5.10981322e-01],
        [ 6.58816364e+10, -3.78598029e-01,  6.84822532e-01,
          3.22807182e+00,  4.85893669e-01],
        [ 6.70805839e+10, -3.60854445e-01,  6.74595883e-01,
          3.31058689e+00,  4.98237932e-01]],

       [[ 5.12798458e+10, -4.37569049e-01,  4.95722091e-01,
          3.02316808e+00,  4.18659045e-01],
        [ 4.83204422e+10, -3.77949021e-01,  4.73014308e-01,
          2.74925567e+00,  3.71367109e-01],
        [ 4.82513071e+10, -3.64331155e-01,  4.51339188e-01,
          2.77296220e+00,  3.71939974e-01],
        ...,
        [ 1.03501061e+11, -7.04192526e-01,  5.21593058e-01,
          7.93934249e+00,  1.18676425e+00],
        [ 1.03562471e+11, -8.06491360e-01,  5.54624955e-01,
          8.23619337e+00,  1.24671356e+00],
        [ 1.03562471e+11, -8.06491360e-01,  5.54624955e-01,
          8.23619337e+00,  1.24671356e+00]],

       ...,

       [[ 4.30911207e+10, -5.95344853e-01,  7.94382902e-01,
          1.91771347e+00,  2.74067936e-01],
        [ 4.30911207e+10, -5.95344853e-01,  7.94382902e-01,
          1.91771347e+00,  2.74067936e-01],
        [ 4.30911207e+10, -5.95344853e-01,  7.94382902e-01,
          1.91771347e+00,  2.74067936e-01],
        ...,
        [ 7.08070894e+10, -6.79550309e-01,  7.69215928e-01,
          3.99107752e+00,  6.28946242e-01],
        [ 6.82198892e+10, -5.07066531e-01,  7.38092784e-01,
          3.60493142e+00,  5.63375590e-01],
        [ 6.82198892e+10, -5.07066531e-01,  7.38092784e-01,
          3.60493142e+00,  5.63375590e-01]],

       [[ 4.60198621e+10, -1.57395267e-01,  8.85089390e-01,
          1.68246463e+00,  2.68026256e-01],
        [ 4.60198621e+10, -1.57395267e-01,  8.85089390e-01,
          1.68246463e+00,  2.68026256e-01],
        [ 4.60198621e+10, -1.57395267e-01,  8.85089390e-01,
          1.68246463e+00,  2.68026256e-01],
        ...,
        [ 1.45627985e+11, -1.13269733e+00,  7.92447659e-01,
          1.01047747e+01,  1.66369851e+00],
        [ 1.51742437e+11, -1.17132559e+00,  7.99717043e-01,
          1.05965470e+01,  1.75064672e+00],
        [ 1.51742437e+11, -1.17132559e+00,  7.99717043e-01,
          1.05965470e+01,  1.75064672e+00]],

       [[ 5.15756018e+10, -3.91102370e-01,  5.09386810e-01,
          2.83723369e+00,  3.89319557e-01],
        [ 5.15756018e+10, -3.91102370e-01,  5.09386810e-01,
          2.83723369e+00,  3.89319557e-01],
        [ 5.55173854e+10, -4.68888429e-01,  5.33779792e-01,
          3.15370654e+00,  4.37104240e-01],
        ...,
        [ 1.01420884e+11, -9.43750358e-01,  6.58494351e-01,
          7.28239871e+00,  1.13282679e+00],
        [ 1.02024633e+11, -9.53903196e-01,  6.60853240e-01,
          7.34446791e+00,  1.14345866e+00],
        [ 1.02024633e+11, -9.53903196e-01,  6.60853240e-01,
          7.34446791e+00,  1.14345866e+00]]]), 'initial_theta': array([ 1.e+10, -3.e-01,  4.e-01,  5.e+09,  1.e+00]), 'lnprobability': array([[86.53400294, 86.53400294, 86.53400294, ..., 88.44282711,
        88.28377707, 88.28377707],
       [83.64766477, 83.64766477, 83.64766477, ..., 90.31290546,
        90.2583374 , 90.23071464],
       [86.04048874, 84.31651227, 84.20497273, ..., 87.49624034,
        86.9773387 , 86.9773387 ],
       ...,
       [79.21559269, 79.21559269, 79.21559269, ..., 88.17755538,
        89.20124584, 89.20124584],
       [84.19067442, 84.19067442, 84.19067442, ..., 81.8537092 ,
        80.68964377, 80.68964377],
       [87.24943813, 87.24943813, 86.83732542, ..., 87.13402222,
        87.1187402 , 87.1187402 ]]), 'sampling_initial_center': array([], dtype=float64), 'rstate': ('MT19937', array([3699992518, 3170159886, 1939422219,  719846085, 4022380357,
       1910724693, 3251979281,  779558673, 4197761326, 1395247336,
       3842317108, 1855176347, 2089666688, 1037556673,  197473012,
        701686066, 1567438379,  581632520, 2120613481, 3141324159,
       2597301818, 2987659203, 2294743458, 3194876286, 1775581629,
       4035467696, 2203787820,  979210705,  224865823, 4149107219,
       1318945338, 2208795305, 2972306597, 3942501539,   48968586,
       2584133745, 4263286838, 2198031985, 1519945946,  253125113,
       3154453486, 2646848623, 3616438549,  439116945, 2891103297,
       1685992453, 3737170749, 3203895733,  256873052, 1979420440,
       3384155041, 1092484090, 2240749811, 2750941221,  929854297,
        256165453, 1762498660,  955541909, 3670636914, 3495373298,
        339716720, 1933619917,  915635712, 2185054537, 1480427129,
       4128771977, 2909249054, 2850942275,  731221177,   27371721,
       1015898477, 3226798819, 1629722400,  694035229, 4245080072,
       2865142247, 1987693517, 4145277713, 2104164272, 3902312990,
       2232309833,   83986102, 1717936116, 1775414083, 1850365190,
        140604225, 1668261630, 4274080290, 1385771955, 1641736716,
       2767149037, 2829740519,  501208279, 1773698836, 1152226927,
       3241441623, 2301941455, 1277326628, 2949122921, 1337108348,
        499806539, 2928891570, 1607118865, 3313556335,  116387085,
       1665368977, 2572002088, 2209627376, 3270731622, 3079102353,
       2126152066, 4148715622, 1346479667, 3476587479, 1329475030,
         77157177, 3710672423, 3831462476, 3349500105, 4027329699,
       3491976892, 3813978496, 1987309150, 2796710582,  734372662,
       2145189134, 1250227581,  481328763, 1520479572, 2176446912,
       2733646443, 2407630491, 3101646022, 3732950392, 4152768829,
       3812583553, 1767307243, 3673108285,  203252769, 1406354802,
        936265467, 3043743858, 2139304564, 2185497602, 1777450433,
       2380980471, 1288625836, 3390969525, 1525217282, 3887201687,
       3306838531, 3498493075, 1200779745, 3320320451, 1984417921,
       2588546634, 4131533748, 2708941996,  806845883, 4254309686,
       2694243853,  480467241, 2400374147, 3618201028, 1386304470,
        601290596,  486347538, 3342031395, 3097842496, 3572639810,
       1245865372, 2245186391,  386506718, 2124553108, 1323803455,
       2860131963, 2954778059,   36272165, 2543959487, 3303835667,
        941249727, 1768426503, 3343017333, 2229396052, 1685706335,
       2054511473, 4219559806, 1677697072,  605340855, 3766984083,
          1748964, 3678247181,  302278478, 2594790662,  496994831,
       3740041989, 1621921629, 2109006607,  291627944, 2752749717,
       3419300339, 3643721900,  805471093, 1185256435, 1012761637,
       2734283385, 1353729792, 2364163719,  979906983, 3143119546,
       3233382099, 3670089423, 4045715990, 2679018823, 3016616609,
       4096556744, 4152499347, 3133092324,  899302430, 2993040455,
       3176144534, 1354826195,  723872288,  323102627, 3303651757,
        388753440,  886710862, 2385828485, 2934444590, 3933404039,
        969724987, 3809452879, 2251615230, 3395068196, 2535281976,
       3659625548, 1768359868, 2306867062, 3783359756, 2561781672,
       2425635413, 1928323361, 3956981272, 2701946345, 1601538263,
       2410759617, 3001392813, 1797390922, 2908953041,   74974663,
       3791424228, 3385203304,  966585057, 2017860514, 3035356496,
       3663012406, 2511987337, 1864080880, 2330419777, 3207427995,
       1179606280, 1619115351, 1012814945, 1614679876, 2377524169,
       1251703618,  121679842, 4142038985,  958601034, 2446239521,
       2407718226, 3792084038, 3548744340, 1160557227, 1013367647,
        457206940, 4280912589, 3185987615, 1487051587, 1158680686,
        278749602, 2272213432, 1623204147,  600694707, 1626489100,
       1785543480, 4261998593, 2560638396, 3523549541, 3122141795,
       1647854835, 3569738989, 2708389367, 2010722899, 3328595601,
       3296910995, 2659182953, 3786240874, 1167899329, 2430676779,
       1267187668, 3097391878, 3237750313, 1805912947, 2701591498,
       1734316258, 4210535614,  806042561, 2935366492, 3069217976,
       3669655440, 3718338731, 1123228409, 2317981683, 1630957564,
       3606927481, 3304495638, 1062879347, 3495537729,  677130055,
        508664578, 1787284753, 1982793606, 2279986484, 2008696490,
       2732725967,  806827511, 4285829380, 2784592933, 1055461207,
       3027736258,  934839705, 1931326137,  591206971,  958767306,
       3743593436, 3476584538, 1646534196,  702603761, 4249814386,
       2146659964, 2495195237, 2974880445, 2469033570, 2425375855,
        810321570, 1291505529, 1505518213, 4146539884, 1942508839,
       3316080989, 3388604409, 1590351361, 1394031788, 3424862774,
        972956476, 3028706201, 3080895472,  408234028, 2644925221,
       1995423805, 3533113002, 1208650110, 3146583528, 2285288553,
        432407519, 1351368688, 3847205315, 3709724879, 1779810216,
       2551905200, 1447032138, 1763411594, 1478060235, 3403106695,
       2671184939, 3218489579, 1882966327,  646851568, 3279958620,
       3140296791, 1257390497, 2405427197, 1346485223, 1349137940,
       3251845620, 2765851149,  950116911, 3694738040, 1823422035,
       2915563983,  666791923,  213897892, 3558539752, 2578507796,
       3339201582, 1353571424,  972654830, 1214025144, 3251510247,
       2070502339,  263914250, 1140983581,  625645457, 2380520194,
       1075025133, 2337661151, 3537490317, 1853713427, 1949078356,
       4130401597,  243384202, 1648837619, 3679829386, 2670123271,
       3922721091,  688020631, 3175073779, 2988095840, 2386778754,
       2840561055, 3384081542, 2149556722, 3626716608,    3588547,
       3088404627,  652356805, 1806461455,  234050354, 2153018606,
         78429636, 1481309741, 3406839961, 2614540754,  681885704,
       2238828614, 3195313724, 3709783572, 3125822093, 2524903132,
        761651175,  886999083,  324810614, 1460792060, 4206848058,
       1104388767, 3370155288, 1478259579, 1819219463, 2472824888,
       1412088082, 2167237811,  958253656, 3395035662, 3215356849,
       3139882410,  974442438, 4088800910, 3715207986,  270453673,
       1849981955, 4174717886, 3491934238, 1710464080, 1060150409,
       3484830438, 2209513799, 1338220598, 2102250563, 1724990217,
       1139966734,  720861176, 2959626322, 2914312614, 1823195886,
       3685989398, 3481231985, 1338420167, 3867446351, 3445256450,
       2368697309, 2142039908, 1660818674, 3627992531, 3918791558,
       1370614500, 4213074440, 1925323458, 3088538371,  644818948,
        252215259, 1141796571,  587940392, 4008875752, 1246708364,
       2851727226, 1070736460, 1944168537,  501218401, 4209381884,
       3866074756,  914146087,  297052041, 1348690598, 2549704308,
       4233061608, 4021716080, 3239037632, 1667065027, 3965118304,
       3459933254, 3968543379, 3732058987, 2941076922, 4163039503,
       3222865685,  480417603, 3434982631, 3256108901, 3595980680,
        474935219,  185949307, 4107300632,  863627565, 3878259187,
       2331505914,  772826491, 1748631895, 3072841584, 2486424505,
       3691362225,   55661300, 1750693850, 1768732599, 3998142441,
       4006535409, 2126989968, 3462252241, 3337299516, 2508587494,
       2272607660, 3882386026, 1165624058, 2767667042, 2166769598,
       2309036231, 2244716872, 2557207764, 1548252545,  384828801,
       1037780678, 1752752660,  843410032, 3273940820,  200618761,
       1898549946,  681524084, 2288756523,  390498764, 1972635283,
       1372998309, 3120946446, 1793998313,   36339814, 2939495606,
        800093959, 2290985975, 3582996209, 3090938389,  135681816,
       1691490155, 1741693308,  548499193, 4190662621, 1564341020,
        750298632, 3551911497, 1024151339,   76254370,  854405153,
        173519615, 3448279336,  354548650, 1207066365, 2892777131,
       4185727985, 3274968487, 2998791160,  875088694,   82501254,
       3928972993, 4078940809, 1688081052,  683044954,  654653808,
        851118282, 3223104829, 3674200976, 2368697711, 2157946967,
       1913769010, 1193662922, 3301954591, 2860053497, 2884400486,
       2858548159, 3480460310, 3381885399, 3813413356, 1790530253,
       2374263187, 1970965828, 4183096687, 3545806545, 3429497641,
         27695442, 3467088823, 1029183847, 4106666667, 1587606710,
       1490349801, 1283179038, 1099415826, 2129227651], dtype=uint32), 89, 0, 0.0), 'sampling_duration': 1112.8816528320312, 'theta_labels': ['mass', 'logzsol', 'dust2', 'tage', 'tau'], 'bestfit': {'parameter': array([5.72440843e+10, 2.60175277e-02, 7.01955796e-01, 2.10972870e+00,
       3.10815475e-01]), 'photometry': array([1.39068862e-08, 2.45543037e-08, 1.00257297e-07, 4.28928224e-07,
       8.09691075e-07, 1.11917459e-06, 1.55117485e-06, 1.68748642e-06,
       1.02625075e-06, 3.53384313e-06]), 'restframe_wavelengths': array([9.100e+01, 9.400e+01, 9.600e+01, ..., 9.817e+07, 9.908e+07,
       1.000e+08]), 'spectrum': array([ 7.01897450e-11, -7.94363692e-14, -1.32803860e-15, ...,
        2.46905378e-09,  2.40392038e-09,  2.27148935e-09]), 'mfrac': 0.6511896854957132}, 'optimization': {}, 'obs': {'maggies': array([1.40748434e-08, 2.44003846e-08, 1.03716256e-07, 4.06886890e-07,
       8.03372019e-07, 1.15805328e-06, 1.54196444e-06, 1.22891614e-06,
       7.45408314e-07, 2.55063689e-06]), 'maggies_unc': array([6.48170491e-10, 1.12367924e-09, 4.77631008e-09, 1.87378338e-08,
       3.69966487e-08, 5.33303245e-08, 7.10100865e-08, 5.65936797e-08,
       3.43273214e-08, 1.17461169e-07]), 'phot_mask': array([ True,  True,  True,  True,  True,  True,  True, False, False,
       False]), 'filternames': ['galex_FUV', 'galex_NUV', 'sdss_u0', 'sdss_g0', 'sdss_r0', 'sdss_i0', 'sdss_z0', 'wise_w1', 'wise_w2', 'wise_w3'], 'filters': [<class 'sedpy.observate.Filter'>(galex_FUV), <class 'sedpy.observate.Filter'>(galex_NUV), <class 'sedpy.observate.Filter'>(sdss_u0), <class 'sedpy.observate.Filter'>(sdss_g0), <class 'sedpy.observate.Filter'>(sdss_r0), <class 'sedpy.observate.Filter'>(sdss_i0), <class 'sedpy.observate.Filter'>(sdss_z0), <class 'sedpy.observate.Filter'>(wise_w1), <class 'sedpy.observate.Filter'>(wise_w2), <class 'sedpy.observate.Filter'>(wise_w3)], 'logify_spectrum': False, 'ndof': 7, 'objid': 'AT2018bsi', 'spectrum': None, 'unc': None, 'wavelength': None}, 'model': None} {'maggies': array([1.40748434e-08, 2.44003846e-08, 1.03716256e-07, 4.06886890e-07,
       8.03372019e-07, 1.15805328e-06, 1.54196444e-06, 1.22891614e-06,
       7.45408314e-07, 2.55063689e-06]), 'maggies_unc': array([6.48170491e-10, 1.12367924e-09, 4.77631008e-09, 1.87378338e-08,
       3.69966487e-08, 5.33303245e-08, 7.10100865e-08, 5.65936797e-08,
       3.43273214e-08, 1.17461169e-07]), 'phot_mask': array([ True,  True,  True,  True,  True,  True,  True, False, False,
       False]), 'filternames': ['galex_FUV', 'galex_NUV', 'sdss_u0', 'sdss_g0', 'sdss_r0', 'sdss_i0', 'sdss_z0', 'wise_w1', 'wise_w2', 'wise_w3'], 'filters': [<class 'sedpy.observate.Filter'>(galex_FUV), <class 'sedpy.observate.Filter'>(galex_NUV), <class 'sedpy.observate.Filter'>(sdss_u0), <class 'sedpy.observate.Filter'>(sdss_g0), <class 'sedpy.observate.Filter'>(sdss_r0), <class 'sedpy.observate.Filter'>(sdss_i0), <class 'sedpy.observate.Filter'>(sdss_z0), <class 'sedpy.observate.Filter'>(wise_w1), <class 'sedpy.observate.Filter'>(wise_w2), <class 'sedpy.observate.Filter'>(wise_w3)], 'logify_spectrum': False, 'ndof': 7, 'objid': 'AT2018bsi', 'spectrum': None, 'unc': None, 'wavelength': None} None

Detailed performance metrics for this job will be available at https://metrics.hpc.arizona.edu/#job_viewer?action=show&realm=SUPREMM&resource_id=73&local_job_id=8533470 by 8am on 2023/11/08.
