{'model_params': [{'N': 1, 'isfree': False, 'init': 0.071, 'units': 'redshift', 'prior': b'\x80\x02cprospect.models.priors\nTopHat\nq\x00)\x81q\x01}q\x02(X\x05\x00\x00\x00aliasq\x03}q\x04(X\x04\x00\x00\x00miniq\x05h\x05X\x04\x00\x00\x00maxiq\x06h\x06uX\x06\x00\x00\x00paramsq\x07}q\x08(h\x05G\x00\x00\x00\x00\x00\x00\x00\x00h\x06G@\x10\x00\x00\x00\x00\x00\x00uX\x04\x00\x00\x00nameq\tX\x00\x00\x00\x00q\nub.', 'name': 'zred'}, {'N': 1, 'isfree': True, 'init': 10000000000.0, 'units': 'Solar masses formed', 'prior': b'\x80\x02cprospect.models.priors\nLogUniform\nq\x00)\x81q\x01}q\x02(X\x05\x00\x00\x00aliasq\x03}q\x04(X\x04\x00\x00\x00miniq\x05h\x05X\x04\x00\x00\x00maxiq\x06h\x06uX\x06\x00\x00\x00paramsq\x07}q\x08(h\x05GA\x97\xd7\x84\x00\x00\x00\x00h\x06GBm\x1a\x94\xa2\x00\x00\x00uX\x04\x00\x00\x00nameq\tX\x00\x00\x00\x00q\nub.', 'init_disp': 10000000.0, 'name': 'mass'}, {'N': 1, 'isfree': True, 'init': -0.3, 'units': '$\\log (Z/Z_\\odot)$', 'prior': b'\x80\x02cprospect.models.priors\nTopHat\nq\x00)\x81q\x01}q\x02(X\x05\x00\x00\x00aliasq\x03}q\x04(X\x04\x00\x00\x00miniq\x05h\x05X\x04\x00\x00\x00maxiq\x06h\x06uX\x06\x00\x00\x00paramsq\x07}q\x08(h\x05G\xbf\xfc\xcc\xcc\xcc\xcc\xcc\xcdh\x06G?\xc9\x99\x99\x99\x99\x99\x9auX\x04\x00\x00\x00nameq\tX\x00\x00\x00\x00q\nub.', 'name': 'logzsol'}, {'N': 1, 'isfree': True, 'init': 0.4, 'units': 'optical depth at 5500AA', 'prior': b'\x80\x02cprospect.models.priors\nTopHat\nq\x00)\x81q\x01}q\x02(X\x05\x00\x00\x00aliasq\x03}q\x04(X\x04\x00\x00\x00miniq\x05h\x05X\x04\x00\x00\x00maxiq\x06h\x06uX\x06\x00\x00\x00paramsq\x07}q\x08(h\x05G\x00\x00\x00\x00\x00\x00\x00\x00h\x06G?\xf0\x00\x00\x00\x00\x00\x00uX\x04\x00\x00\x00nameq\tX\x00\x00\x00\x00q\nub.', 'name': 'dust2'}, {'N': 1, 'isfree': False, 'init': 4, 'units': 'FSPS index', 'name': 'sfh'}, {'N': 1, 'isfree': True, 'init': 5000000000.0, 'units': 'Gyr', 'prior': b'\x80\x02cprospect.models.priors\nLogUniform\nq\x00)\x81q\x01}q\x02(X\x05\x00\x00\x00aliasq\x03}q\x04(X\x04\x00\x00\x00miniq\x05h\x05X\x04\x00\x00\x00maxiq\x06h\x06uX\x06\x00\x00\x00paramsq\x07}q\x08(h\x05G?\xb9\x99\x99\x99\x99\x99\x9ah\x06G@)-\xb2\xb7;/\x7fuX\x04\x00\x00\x00nameq\tX\x00\x00\x00\x00q\nub.', 'init_disp': 5.0, 'name': 'tage'}, {'N': 1, 'isfree': False, 'init': 1, 'name': 'imf_type'}, {'N': 1, 'isfree': False, 'init': 2, 'name': 'dust_type'}, {'N': 1, 'isfree': True, 'init': 1, 'units': 'Gyr^{-1}', 'prior': b'\x80\x02cprospect.models.priors\nLogUniform\nq\x00)\x81q\x01}q\x02(X\x05\x00\x00\x00aliasq\x03}q\x04(X\x04\x00\x00\x00miniq\x05h\x05X\x04\x00\x00\x00maxiq\x06h\x06uX\x06\x00\x00\x00paramsq\x07}q\x08(h\x05G?\xb9\x99\x99\x99\x99\x99\x9ah\x06G@$\x00\x00\x00\x00\x00\x00uX\x04\x00\x00\x00nameq\tX\x00\x00\x00\x00q\nub.', 'init_disp': 3.0, 'name': 'tau'}], 'optimizer_duration': 0.0, 'paramfile_text': '', 'prospector_version': "Can't get version number.", 'run_params': {'verbose': True, 'data': {'maggies': [2.411333015433514e-10, 7.053417777768487e-11, 4.9546800218533525e-09, 3.083770848358549e-08, 5.974503683185239e-08, 8.503402543187352e-08, 1.0960179589870917e-07, 6.982324040771705e-08, 3.448259965526236e-08, 0.0], 'maggies_unc': [1.5472240157031032e-10, 1.0556367648445877e-10, 5.476114732259972e-10, 1.4201289571279994e-09, 2.7513606237880705e-09, 3.915961587134171e-09, 5.047349228034874e-09, 3.2154790501469754e-09, 3.4618016291175486e-09, 4.792586988428232e-08], 'mags': [24.044357018873956, 25.379000979738397, 20.76246096860295, 18.777294753425995, 18.059245416998397, 17.676018153347385, 17.400455823969693, 17.89, 18.656, 17.546], 'mags_unc': [0.6966591175786263, 1.6249470693172547, 0.12, 0.05, 0.05, 0.05, 0.05, 0.05, 0.109, 0.05], 'filternames': ['galex_FUV', 'galex_NUV', 'sdss_u0', 'sdss_g0', 'sdss_r0', 'sdss_i0', 'sdss_z0', 'wise_w1', 'wise_w2', 'wise_w3'], 'photmask': [True, True, True, True, True, True, True, False, False, False], 'redshift': 0.071}, 'tdename': 'AT2018zr', 'nwalkers': 100, 'nburn': [500], 'niter': 500, 'object_redshift': 0.071}, 'acceptance': array([0.284, 0.354, 0.266, 0.16 , 0.304, 0.038, 0.408, 0.008, 0.36 ,
       0.406, 0.338, 0.248, 0.284, 0.334, 0.214, 0.406, 0.326, 0.378,
       0.146, 0.206, 0.332, 0.364, 0.336, 0.362, 0.424, 0.296, 0.328,
       0.244, 0.392, 0.246, 0.364, 0.28 , 0.252, 0.34 , 0.388, 0.01 ,
       0.386, 0.38 , 0.316, 0.282, 0.306, 0.368, 0.266, 0.284, 0.314,
       0.352, 0.338, 0.386, 0.33 , 0.366, 0.346, 0.25 , 0.35 , 0.334,
       0.412, 0.316, 0.262, 0.304, 0.254, 0.41 , 0.302, 0.284, 0.01 ,
       0.306, 0.068, 0.118, 0.358, 0.286, 0.34 , 0.356, 0.27 , 0.34 ,
       0.342, 0.278, 0.35 , 0.278, 0.342, 0.304, 0.32 , 0.368, 0.416,
       0.328, 0.292, 0.336, 0.412, 0.412, 0.376, 0.038, 0.294, 0.326,
       0.298, 0.31 , 0.42 , 0.286, 0.346, 0.274, 0.4  , 0.258, 0.314,
       0.142]), 'chain': array([[[ 1.31053857e+10, -2.64369482e-01,  1.49475216e-01,
          5.43754488e+00,  3.22404391e-01],
        [ 1.31053857e+10, -2.64369482e-01,  1.49475216e-01,
          5.43754488e+00,  3.22404391e-01],
        [ 1.30648416e+10, -1.48945066e-01,  1.26687376e-01,
          4.91427939e+00,  2.51476440e-01],
        ...,
        [ 1.26454884e+10,  1.31563012e-01,  1.17363706e-03,
          4.39017027e+00,  3.00024080e-01],
        [ 1.26454884e+10,  1.31563012e-01,  1.17363706e-03,
          4.39017027e+00,  3.00024080e-01],
        [ 1.26454884e+10,  1.31563012e-01,  1.17363706e-03,
          4.39017027e+00,  3.00024080e-01]],

       [[ 1.81738622e+10,  1.59241721e-01,  4.47289773e-02,
          5.44378960e+00,  1.66974737e-01],
        [ 1.81738622e+10,  1.59241721e-01,  4.47289773e-02,
          5.44378960e+00,  1.66974737e-01],
        [ 1.81738622e+10,  1.59241721e-01,  4.47289773e-02,
          5.44378960e+00,  1.66974737e-01],
        ...,
        [ 1.43273627e+10, -8.18898657e-02,  9.33454049e-02,
          5.28763351e+00,  2.59611003e-01],
        [ 1.43273627e+10, -8.18898657e-02,  9.33454049e-02,
          5.28763351e+00,  2.59611003e-01],
        [ 1.43273627e+10, -8.18898657e-02,  9.33454049e-02,
          5.28763351e+00,  2.59611003e-01]],

       [[ 1.28316260e+10,  1.66389001e-01,  6.78615774e-03,
          4.00028134e+00,  1.35148847e-01],
        [ 1.28316260e+10,  1.66389001e-01,  6.78615774e-03,
          4.00028134e+00,  1.35148847e-01],
        [ 1.28316260e+10,  1.66389001e-01,  6.78615774e-03,
          4.00028134e+00,  1.35148847e-01],
        ...,
        [ 1.35663492e+10, -9.61316106e-02,  1.78569496e-02,
          5.63689406e+00,  2.73208547e-01],
        [ 1.41629597e+10, -1.29574456e-01,  3.42074858e-02,
          5.92364369e+00,  2.74750931e-01],
        [ 1.34295762e+10, -1.99804772e-01,  5.42832963e-03,
          6.03413609e+00,  2.33545661e-01]],

       ...,

       [[ 1.13684376e+10, -2.03189832e-01,  3.29938969e-01,
          3.44139874e+00,  1.65629043e-01],
        [ 1.13684376e+10, -2.03189832e-01,  3.29938969e-01,
          3.44139874e+00,  1.65629043e-01],
        [ 1.12150991e+10, -1.85030718e-01,  3.42655500e-01,
          3.35293825e+00,  1.63725160e-01],
        ...,
        [ 1.33441793e+10,  1.03116833e-01,  3.00558098e-02,
          4.55929769e+00,  2.65236466e-01],
        [ 1.33441793e+10,  1.03116833e-01,  3.00558098e-02,
          4.55929769e+00,  2.65236466e-01],
        [ 1.33441793e+10,  1.03116833e-01,  3.00558098e-02,
          4.55929769e+00,  2.65236466e-01]],

       [[ 8.57219049e+09,  1.21152619e-01,  4.18963662e-01,
          1.98402287e+00,  1.54023716e-01],
        [ 8.57219049e+09,  1.21152619e-01,  4.18963662e-01,
          1.98402287e+00,  1.54023716e-01],
        [ 8.57219049e+09,  1.21152619e-01,  4.18963662e-01,
          1.98402287e+00,  1.54023716e-01],
        ...,
        [ 2.50175618e+10, -6.36431281e-01,  2.41346969e-01,
          1.10605099e+01,  1.41452019e-01],
        [ 2.50175618e+10, -6.36431281e-01,  2.41346969e-01,
          1.10605099e+01,  1.41452019e-01],
        [ 2.50175618e+10, -6.36431281e-01,  2.41346969e-01,
          1.10605099e+01,  1.41452019e-01]],

       [[ 1.09866140e+10,  1.67015636e-01,  3.28189410e-01,
          2.56426990e+00,  1.56941877e-01],
        [ 1.09866140e+10,  1.67015636e-01,  3.28189410e-01,
          2.56426990e+00,  1.56941877e-01],
        [ 1.09866140e+10,  1.67015636e-01,  3.28189410e-01,
          2.56426990e+00,  1.56941877e-01],
        ...,
        [ 1.25939630e+10,  1.86208657e-01,  2.25926319e-01,
          3.20223598e+00,  1.76323744e-01],
        [ 1.25939630e+10,  1.86208657e-01,  2.25926319e-01,
          3.20223598e+00,  1.76323744e-01],
        [ 1.25034653e+10,  1.87826781e-01,  2.28553833e-01,
          3.14518897e+00,  1.73575718e-01]]]), 'initial_theta': array([ 1.e+10, -3.e-01,  4.e-01,  5.e+09,  1.e+00]), 'lnprobability': array([[100.08513907, 100.08513907, 101.82710457, ..., 104.1493631 ,
        104.1493631 , 104.1493631 ],
       [102.08819904, 102.08819904, 102.08819904, ..., 102.82513944,
        102.82513944, 102.82513944],
       [104.95125518, 104.95125518, 104.95125518, ..., 101.5900673 ,
        101.72113953,  99.68030023],
       ...,
       [101.7411265 , 101.7411265 , 101.43802376, ..., 104.07199087,
        104.07199087, 104.07199087],
       [103.53199721, 103.53199721, 103.53199721, ..., 101.48319321,
        101.48319321, 101.48319321],
       [104.2029507 , 104.2029507 , 104.2029507 , ..., 103.93801568,
        103.93801568, 104.16689281]]), 'sampling_initial_center': array([], dtype=float64), 'rstate': ('MT19937', array([3070361768, 4174150599, 1707617827, 1152004675, 4231712961,
       1082612672, 4233110599,  145774639,  150783471,  716640829,
       2972999350,  853334468, 3473065039, 3433330516, 1751428668,
       1066523329,  722458348, 2451512490, 3088239779, 1561872834,
       3725155905,  448549082, 1069151091, 3260057898,  918656268,
       2366244893, 3960704250, 4086913711,  112095981, 3151578731,
       1630527128, 1473718567, 2752938942, 3610504985, 4215931316,
        974042993,  753917333, 3849700303, 1067419893, 3549836725,
       3329715224, 2567676950, 4019185425, 2339563306, 3485062496,
       2977968998, 2940486553, 3094977364, 2654914606,  587277339,
       4004600052, 1786332856, 2685357976, 1537156986, 1864178876,
       2682107278,  543956383, 3075196701,  933127562, 1454298045,
       2211261020, 2425104508, 3536508406,  970318681,  368575072,
       1849587754, 4286782142, 3111925513, 2795900700, 2241887628,
       2461482102, 3156501540, 3230996906, 1172031804, 2177391972,
       2886473047,  696974444, 2762631256, 2987345346, 2273195807,
        381394064, 1198903311, 2832517457, 3607492309, 2716720343,
       4178962688,  930694418, 2684107300, 4047746466, 1160950615,
        865442057, 3646432162, 2354516915, 1577543953,  207695600,
        485017660, 1654423733, 1925594737,  924620062, 3789866715,
       2932044847, 1594129289, 3674704646, 3383206252, 4082373918,
       3819994921, 2431215712,  447832746, 1217672475,  533325117,
       4150443771, 4282863344,  529682837, 3864269236, 1199278474,
       2354011085, 4160259433, 3164759984,  937227654, 2976635324,
       1051942552, 3362403212, 2621159579,  521858333, 3590772378,
       2365223308, 2562717919, 1169187717, 3652536137, 2846999981,
         29911061, 3593782603, 2352882103, 3580454970, 2617998338,
       4150369170, 4161756619, 3646395601,  860926396,  981219783,
         84580946, 1197241672, 2634775244,  945903004,  220085293,
        990619640, 4043566886, 1480461482,  443261433, 2998461511,
       4251699191, 3619130227, 2869357627,  764579166, 4116956746,
       4155552520, 2116443354, 2422615868, 3911766631, 1263131922,
       3874919238, 1226816502, 2113812624,  444136934, 2845151073,
       2945039433, 3447947886,  104945081, 1565551795, 1398546495,
       2518327104, 4239409548,  435471256, 2379510346, 1747515294,
        936701313, 2751031627, 3472098489, 1371136509, 3281852452,
       1071709901,  182802874,  699884821, 3697471365, 3424170996,
       2283244432, 3091232581, 1833699224,  779646782, 3611595689,
         58670765, 3076555462, 1763569436, 3489796702,  973908149,
       2217073282, 1651057297, 1078040812,  226560589, 3139581448,
       2507511325, 3745805688, 1631639198, 1177724303, 1528737400,
       3436842644, 3995928003, 2714593463, 2973472788, 3601397435,
       1678352310,  331741118, 2532416502, 1920221068,   21216136,
        528997230, 3994796286, 3758068958, 4226911526, 1034178826,
       2592923412, 4175269234, 4213717788, 1189654739, 1026793640,
       1483748981, 3402931797, 1953685521, 3875146429, 2556713599,
       1976050957,  594039191, 3808339058, 3432185719, 1238131218,
       1237727892, 3610874511, 2325471562, 1270781399, 3636686741,
       3034702020,  947999586,  745434303, 1237726473, 4116013822,
       3798219143, 1028868128, 4146459904, 1769080109,  855624420,
       1424879638, 3115825248, 4067285840,  481779393, 3061316829,
        439946083, 2950424563,  960789021,  282659024, 3761809775,
        172640007,  449364866, 1014049040, 1445530897, 3537754381,
       2537944269, 2490898969, 1300933255, 3913108011, 1436183198,
       3082729699, 1608412984, 1582814758, 2598928041, 4044384400,
        231428782, 3677407167,  302589734,  643461825, 3842776886,
       4130485815,  409813981, 1048795539,   94913952, 1682089026,
       1468053264,  732843850, 1183275308,  227693792, 3139760887,
       1323915420, 4011460445, 1566236895,  870555576,  682774878,
       3608202006, 1483989022, 1331625865,  622975815, 1525369979,
       2312191838,  218858839, 1106891802, 2809410422, 2462317927,
       2818277066, 1599111540, 1562706552,  180469409,  915916285,
       2003159684, 4007660867, 1747000653, 3281275919, 2066576757,
       1522042164, 2750899151, 2080482847,  678174151, 2031253801,
       4062677937, 4110437802, 1506335867, 1516850172, 1882582118,
        861927039, 2283834035, 2088444881,  944218301, 3604711475,
       1234282877, 1209717701,   91663839, 1497313166, 2972016401,
        468280701, 1470263717,  602279564,  754009741, 3691603811,
       3541767977, 2413456259,  416159772,  599898026, 2072258036,
        429225304,  546308133, 3137648829, 1340917949, 1829174746,
       2654444157,  278696361, 3542452870, 3261716766, 3734403107,
       3865089442,  567305604, 2575324801, 3043588450, 1227889480,
       4249369333, 2541675485, 4049493128, 2051149553,  794263827,
       3225156769, 3519015234,  905735416, 1499664539, 3586060703,
       1008342360, 3866356694, 1670986915, 1456353569,  418809074,
       1027422698, 3429118640, 1474988634, 3963658215, 2119889262,
        447624823, 2132025358, 2102540345, 1059743312,  942346327,
       2524666296, 3854254165, 4119162343,  865543516, 1093689150,
       4186710106, 2944109750, 4158577264,  998820897, 3313862784,
       2350251506, 1384664799, 3234828707, 1696506865, 1707732665,
        930272415, 3454428818, 4252346290, 3400198079,  183187500,
       1798016055, 2269957114, 1228438498, 1888777887, 2019416033,
       2294066336, 1164005479, 1461463715, 1309069503, 3244687538,
       3359378253, 2212857426, 1043640915, 1529944645, 3917247607,
       2035255389, 2628344570, 3403012856, 2231634721, 1501945969,
       1723455511,  839968926, 3601814787,  651911084, 1953377439,
       1192450021, 4015941003, 1973192177, 3785412174,  668206360,
       1701511673, 4224474805, 1916280200, 1680205245, 1717670239,
       3786307133, 3238432336, 2616855663, 2566912691, 2678684852,
       2947772742,  555748039,  385480985, 1863015630, 2817503643,
       1828868348, 1209311057, 2567079296, 3843546600, 3121320513,
       1187579703, 2241002834, 3420697802, 1402231835, 3378032692,
        933934244,  169495210, 2344393534, 2461924271, 4191521496,
       2820386035, 3025938519, 1950024539,  792140517, 3689636581,
        614910774, 1262333145,  490969256, 2759458591, 2027840763,
        575504026,  198677753, 3914974698, 3792258712, 3128360290,
       4020046655,  799869644,  863975371,  240598562,  306573218,
       3014951738, 4022951589, 3452695845, 1961232465, 3889910729,
       2103012348,  434988675,  995244070, 1439098232, 2745467591,
        855319750, 4288251587, 4050739435, 1121559079, 4124917011,
       2793623092, 2515490251, 2489062563, 1452320275,  446664425,
       1538104771, 4200492287, 2116582369, 3562699322,  791825232,
       1035714053, 1951102231,  771796360, 1385185549, 1610667559,
       3794175086, 3453776670, 1755290891, 1725809403, 4247400204,
       1705596214, 2930197706, 3353488878,  779952878,  621320947,
       3529375881, 4241970700, 3125051918, 3444829940, 1881416062,
       2989068714, 1599746054, 3057836231, 3460687131, 2830265496,
       1422086196,  783635881, 1749736206, 3206568921, 1517748598,
       4147955576, 2138675916, 1473452390, 3409846019, 2858367078,
       2663656839,  661434405, 1423293313, 2138137610, 2345391134,
       2325924311,  897649876, 2790765335, 3486800428, 1463273938,
        527561558, 1597420930, 4216445153, 2633904020, 2708328734,
       1279164188,  137523840, 1344284383, 2765952302, 2244963112,
       3502633469, 3577759694, 2763844482, 1272661595, 2442662149,
       2933787753, 3428901971,  314954112, 1158604665, 2661774214,
        966983993, 3388313430, 1667300199, 2910123108, 1138089312,
       2776457719,  116252607, 2618066818, 2310571768,   15060092,
       3699098931, 3906269147, 1073272553, 2933573494, 2415210862,
        488193495, 3844772910, 3327002136, 2466757611,  659954225,
        383021066, 2725705262, 1307712180, 3950344911, 2261494536,
       2800302716, 3332639682, 2853477106, 1592688864, 1370159357,
       2331216232,  113282428, 2001408343, 1498017964, 3343202732,
       1972473106,  312311964, 1429881879,  863003066, 2559193542,
       2013142969, 2089905313,  108062316, 3725790089, 2710914643,
        146759502, 2056833414, 1154564756,  151604875], dtype=uint32), 154, 1, 0.724511806074816), 'sampling_duration': 1078.7934441566467, 'theta_labels': ['mass', 'logzsol', 'dust2', 'tage', 'tau'], 'bestfit': {'parameter': array([8.23493997e+09, 1.94678818e-01, 6.48976685e-01, 1.47081088e+00,
       1.09926476e-01]), 'photometry': array([1.23441888e-11, 3.08180949e-10, 5.61067242e-09, 2.90971449e-08,
       6.07641236e-08, 8.44365439e-08, 1.15481905e-07, 1.30616534e-07,
       8.55878147e-08, 1.86280271e-07]), 'restframe_wavelengths': array([9.100e+01, 9.400e+01, 9.600e+01, ..., 9.817e+07, 9.908e+07,
       1.000e+08]), 'spectrum': array([ 3.32488330e-12, -3.81764390e-15, -6.32454289e-17, ...,
        1.16956406e-10,  1.13871151e-10,  1.07598033e-10]), 'mfrac': 0.6658549761654419}, 'optimization': {}, 'obs': {'maggies': array([2.41133302e-10, 7.05341778e-11, 4.95468002e-09, 3.08377085e-08,
       5.97450368e-08, 8.50340254e-08, 1.09601796e-07, 6.98232404e-08,
       3.44825997e-08, 0.00000000e+00]), 'maggies_unc': array([1.54722402e-10, 1.05563676e-10, 5.47611473e-10, 1.42012896e-09,
       2.75136062e-09, 3.91596159e-09, 5.04734923e-09, 3.21547905e-09,
       3.46180163e-09, 4.79258699e-08]), 'phot_mask': array([ True,  True,  True,  True,  True,  True,  True, False, False,
       False]), 'filternames': ['galex_FUV', 'galex_NUV', 'sdss_u0', 'sdss_g0', 'sdss_r0', 'sdss_i0', 'sdss_z0', 'wise_w1', 'wise_w2', 'wise_w3'], 'filters': [<class 'sedpy.observate.Filter'>(galex_FUV), <class 'sedpy.observate.Filter'>(galex_NUV), <class 'sedpy.observate.Filter'>(sdss_u0), <class 'sedpy.observate.Filter'>(sdss_g0), <class 'sedpy.observate.Filter'>(sdss_r0), <class 'sedpy.observate.Filter'>(sdss_i0), <class 'sedpy.observate.Filter'>(sdss_z0), <class 'sedpy.observate.Filter'>(wise_w1), <class 'sedpy.observate.Filter'>(wise_w2), <class 'sedpy.observate.Filter'>(wise_w3)], 'logify_spectrum': False, 'ndof': 7, 'objid': 'AT2018zr', 'spectrum': None, 'unc': None, 'wavelength': None}, 'model': None} {'maggies': array([2.41133302e-10, 7.05341778e-11, 4.95468002e-09, 3.08377085e-08,
       5.97450368e-08, 8.50340254e-08, 1.09601796e-07, 6.98232404e-08,
       3.44825997e-08, 0.00000000e+00]), 'maggies_unc': array([1.54722402e-10, 1.05563676e-10, 5.47611473e-10, 1.42012896e-09,
       2.75136062e-09, 3.91596159e-09, 5.04734923e-09, 3.21547905e-09,
       3.46180163e-09, 4.79258699e-08]), 'phot_mask': array([ True,  True,  True,  True,  True,  True,  True, False, False,
       False]), 'filternames': ['galex_FUV', 'galex_NUV', 'sdss_u0', 'sdss_g0', 'sdss_r0', 'sdss_i0', 'sdss_z0', 'wise_w1', 'wise_w2', 'wise_w3'], 'filters': [<class 'sedpy.observate.Filter'>(galex_FUV), <class 'sedpy.observate.Filter'>(galex_NUV), <class 'sedpy.observate.Filter'>(sdss_u0), <class 'sedpy.observate.Filter'>(sdss_g0), <class 'sedpy.observate.Filter'>(sdss_r0), <class 'sedpy.observate.Filter'>(sdss_i0), <class 'sedpy.observate.Filter'>(sdss_z0), <class 'sedpy.observate.Filter'>(wise_w1), <class 'sedpy.observate.Filter'>(wise_w2), <class 'sedpy.observate.Filter'>(wise_w3)], 'logify_spectrum': False, 'ndof': 7, 'objid': 'AT2018zr', 'spectrum': None, 'unc': None, 'wavelength': None} None

Detailed performance metrics for this job will be available at https://metrics.hpc.arizona.edu/#job_viewer?action=show&realm=SUPREMM&resource_id=73&local_job_id=8533476 by 8am on 2023/11/08.
