{'model_params': [{'N': 1, 'isfree': False, 'init': 0.138, 'units': 'redshift', 'prior': b'\x80\x02cprospect.models.priors\nTopHat\nq\x00)\x81q\x01}q\x02(X\x05\x00\x00\x00aliasq\x03}q\x04(X\x04\x00\x00\x00miniq\x05h\x05X\x04\x00\x00\x00maxiq\x06h\x06uX\x06\x00\x00\x00paramsq\x07}q\x08(h\x05G\x00\x00\x00\x00\x00\x00\x00\x00h\x06G@\x10\x00\x00\x00\x00\x00\x00uX\x04\x00\x00\x00nameq\tX\x00\x00\x00\x00q\nub.', 'name': 'zred'}, {'N': 1, 'isfree': True, 'init': 10000000000.0, 'units': 'Solar masses formed', 'prior': b'\x80\x02cprospect.models.priors\nLogUniform\nq\x00)\x81q\x01}q\x02(X\x05\x00\x00\x00aliasq\x03}q\x04(X\x04\x00\x00\x00miniq\x05h\x05X\x04\x00\x00\x00maxiq\x06h\x06uX\x06\x00\x00\x00paramsq\x07}q\x08(h\x05GA\x97\xd7\x84\x00\x00\x00\x00h\x06GBm\x1a\x94\xa2\x00\x00\x00uX\x04\x00\x00\x00nameq\tX\x00\x00\x00\x00q\nub.', 'init_disp': 10000000.0, 'name': 'mass'}, {'N': 1, 'isfree': True, 'init': -0.3, 'units': '$\\log (Z/Z_\\odot)$', 'prior': b'\x80\x02cprospect.models.priors\nTopHat\nq\x00)\x81q\x01}q\x02(X\x05\x00\x00\x00aliasq\x03}q\x04(X\x04\x00\x00\x00miniq\x05h\x05X\x04\x00\x00\x00maxiq\x06h\x06uX\x06\x00\x00\x00paramsq\x07}q\x08(h\x05G\xbf\xfc\xcc\xcc\xcc\xcc\xcc\xcdh\x06G?\xc9\x99\x99\x99\x99\x99\x9auX\x04\x00\x00\x00nameq\tX\x00\x00\x00\x00q\nub.', 'name': 'logzsol'}, {'N': 1, 'isfree': True, 'init': 0.4, 'units': 'optical depth at 5500AA', 'prior': b'\x80\x02cprospect.models.priors\nTopHat\nq\x00)\x81q\x01}q\x02(X\x05\x00\x00\x00aliasq\x03}q\x04(X\x04\x00\x00\x00miniq\x05h\x05X\x04\x00\x00\x00maxiq\x06h\x06uX\x06\x00\x00\x00paramsq\x07}q\x08(h\x05G\x00\x00\x00\x00\x00\x00\x00\x00h\x06G?\xf0\x00\x00\x00\x00\x00\x00uX\x04\x00\x00\x00nameq\tX\x00\x00\x00\x00q\nub.', 'name': 'dust2'}, {'N': 1, 'isfree': False, 'init': 4, 'units': 'FSPS index', 'name': 'sfh'}, {'N': 1, 'isfree': True, 'init': 5000000000.0, 'units': 'Gyr', 'prior': b'\x80\x02cprospect.models.priors\nLogUniform\nq\x00)\x81q\x01}q\x02(X\x05\x00\x00\x00aliasq\x03}q\x04(X\x04\x00\x00\x00miniq\x05h\x05X\x04\x00\x00\x00maxiq\x06h\x06uX\x06\x00\x00\x00paramsq\x07}q\x08(h\x05G?\xb9\x99\x99\x99\x99\x99\x9ah\x06G@)-\xb2\xb7;/\x7fuX\x04\x00\x00\x00nameq\tX\x00\x00\x00\x00q\nub.', 'init_disp': 5.0, 'name': 'tage'}, {'N': 1, 'isfree': False, 'init': 1, 'name': 'imf_type'}, {'N': 1, 'isfree': False, 'init': 2, 'name': 'dust_type'}, {'N': 1, 'isfree': True, 'init': 1, 'units': 'Gyr^{-1}', 'prior': b'\x80\x02cprospect.models.priors\nLogUniform\nq\x00)\x81q\x01}q\x02(X\x05\x00\x00\x00aliasq\x03}q\x04(X\x04\x00\x00\x00miniq\x05h\x05X\x04\x00\x00\x00maxiq\x06h\x06uX\x06\x00\x00\x00paramsq\x07}q\x08(h\x05G?\xb9\x99\x99\x99\x99\x99\x9ah\x06G@$\x00\x00\x00\x00\x00\x00uX\x04\x00\x00\x00nameq\tX\x00\x00\x00\x00q\nub.', 'init_disp': 3.0, 'name': 'tau'}], 'optimizer_duration': 0.0, 'paramfile_text': '', 'prospector_version': "Can't get version number.", 'run_params': {'verbose': True, 'data': {'maggies': [0.0, 0.0, 9.825792309282996e-09, 1.64499447921247e-08, 2.517041767693601e-08, 3.217619440194719e-08, 3.046839409174361e-08, 2.7593068558175005e-08, 1.5674727518004407e-08, 0.0], 'maggies_unc': [2.1038554848624914e-09, 7.531001421802101e-10, 5.230835934066284e-10, 7.575479531784273e-10, 1.1591405705469335e-09, 1.4817685115840413e-09, 1.4151882449097501e-09, 1.4994351646355887e-09, 2.2954762532929523e-09, 3.635549015798299e-08], 'mags': [19.945035227787336, 21.060443165176927, 20.019081049792025, 19.45958888813241, 18.997773944315078, 18.731163307053727, 18.79037608921144, 18.898000000000003, 19.511999999999997, 17.846], 'mags_unc': [0.05, 0.05, 0.0578, 0.05, 0.05, 0.05, 0.05043, 0.059, 0.159, 0.05], 'filternames': ['galex_FUV', 'galex_NUV', 'ps_g', 'ps_r', 'ps_i', 'ps_z', 'ps_y', 'wise_w1', 'wise_w2', 'wise_w3'], 'photmask': [True, True, True, True, True, True, True, False, False, False], 'redshift': 0.138}, 'tdename': 'AT2018lni', 'nwalkers': 100, 'nburn': [500], 'niter': 500, 'object_redshift': 0.138}, 'acceptance': array([0.306, 0.188, 0.348, 0.218, 0.288, 0.182, 0.384, 0.328, 0.278,
       0.248, 0.286, 0.226, 0.322, 0.278, 0.226, 0.23 , 0.324, 0.262,
       0.298, 0.274, 0.31 , 0.39 , 0.294, 0.266, 0.34 , 0.094, 0.286,
       0.296, 0.328, 0.216, 0.288, 0.162, 0.3  , 0.058, 0.246, 0.28 ,
       0.328, 0.19 , 0.28 , 0.292, 0.288, 0.276, 0.34 , 0.32 , 0.086,
       0.296, 0.254, 0.286, 0.31 , 0.336, 0.32 , 0.168, 0.352, 0.306,
       0.238, 0.306, 0.154, 0.31 , 0.274, 0.302, 0.328, 0.338, 0.32 ,
       0.322, 0.308, 0.258, 0.258, 0.08 , 0.236, 0.324, 0.304, 0.29 ,
       0.312, 0.27 , 0.276, 0.136, 0.278, 0.294, 0.276, 0.338, 0.314,
       0.352, 0.286, 0.228, 0.272, 0.264, 0.08 , 0.28 , 0.266, 0.326,
       0.328, 0.35 , 0.114, 0.386, 0.228, 0.282, 0.24 , 0.208, 0.31 ,
       0.16 ]), 'chain': array([[[ 9.70881149e+09, -7.18030503e-01,  4.87762758e-01,
          2.60538552e+00,  2.22037947e-01],
        [ 9.70881149e+09, -7.18030503e-01,  4.87762758e-01,
          2.60538552e+00,  2.22037947e-01],
        [ 1.00702078e+10, -7.57639519e-01,  4.97565564e-01,
          2.83078201e+00,  2.66619780e-01],
        ...,
        [ 1.63004262e+10, -7.95378352e-01,  6.62693372e-02,
          7.09905446e+00,  2.19875988e-01],
        [ 1.63004262e+10, -7.95378352e-01,  6.62693372e-02,
          7.09905446e+00,  2.19875988e-01],
        [ 1.63004262e+10, -7.95378352e-01,  6.62693372e-02,
          7.09905446e+00,  2.19875988e-01]],

       [[ 8.93448575e+09, -9.17369303e-01,  5.97868557e-01,
          2.17990068e+00,  1.88094467e-01],
        [ 8.93448575e+09, -9.17369303e-01,  5.97868557e-01,
          2.17990068e+00,  1.88094467e-01],
        [ 8.93448575e+09, -9.17369303e-01,  5.97868557e-01,
          2.17990068e+00,  1.88094467e-01],
        ...,
        [ 1.20116483e+10, -1.33781351e+00,  8.12905757e-01,
          3.10696093e+00,  4.03698507e-01],
        [ 1.20116483e+10, -1.33781351e+00,  8.12905757e-01,
          3.10696093e+00,  4.03698507e-01],
        [ 1.20116483e+10, -1.33781351e+00,  8.12905757e-01,
          3.10696093e+00,  4.03698507e-01]],

       [[ 7.56894771e+09, -3.99075503e-01,  6.01019515e-01,
          2.14613651e+00,  3.65790580e-01],
        [ 7.56894771e+09, -3.99075503e-01,  6.01019515e-01,
          2.14613651e+00,  3.65790580e-01],
        [ 7.88574880e+09, -7.32053210e-01,  7.18377015e-01,
          2.64002679e+00,  5.15902109e-01],
        ...,
        [ 1.69253444e+10, -1.64894159e+00,  3.48854699e-01,
          7.74633014e+00,  7.62266126e-01],
        [ 1.69253444e+10, -1.64894159e+00,  3.48854699e-01,
          7.74633014e+00,  7.62266126e-01],
        [ 1.58760409e+10, -1.64950922e+00,  5.16790961e-01,
          5.95311990e+00,  5.46753714e-01]],

       ...,

       [[ 1.98866612e+10, -1.53776195e+00,  4.13395997e-01,
          7.87984227e+00,  4.28574287e-01],
        [ 1.98866612e+10, -1.53776195e+00,  4.13395997e-01,
          7.87984227e+00,  4.28574287e-01],
        [ 2.25070233e+10, -1.70615690e+00,  3.90324754e-01,
          9.17446828e+00,  4.83006160e-01],
        ...,
        [ 2.82241614e+10, -1.73510481e+00,  4.67085530e-01,
          1.09250097e+01,  1.13831525e-01],
        [ 2.82241614e+10, -1.73510481e+00,  4.67085530e-01,
          1.09250097e+01,  1.13831525e-01],
        [ 2.82241614e+10, -1.73510481e+00,  4.67085530e-01,
          1.09250097e+01,  1.13831525e-01]],

       [[ 1.83753251e+10, -1.04637533e+00,  4.39938469e-02,
          9.83707625e+00,  8.23060805e-01],
        [ 1.83753251e+10, -1.04637533e+00,  4.39938469e-02,
          9.83707625e+00,  8.23060805e-01],
        [ 1.83753251e+10, -1.04637533e+00,  4.39938469e-02,
          9.83707625e+00,  8.23060805e-01],
        ...,
        [ 1.22749548e+10, -6.63771385e-01,  1.12446823e-01,
          4.63964997e+00,  1.10003959e-01],
        [ 1.22061430e+10, -6.42449428e-01,  1.04639053e-01,
          4.61842704e+00,  1.08444510e-01],
        [ 1.22061430e+10, -6.42449428e-01,  1.04639053e-01,
          4.61842704e+00,  1.08444510e-01]],

       [[ 7.46493241e+09, -1.13264141e+00,  7.79036535e-01,
          1.50082385e+00,  1.05089831e-01],
        [ 7.46493241e+09, -1.13264141e+00,  7.79036535e-01,
          1.50082385e+00,  1.05089831e-01],
        [ 7.46493241e+09, -1.13264141e+00,  7.79036535e-01,
          1.50082385e+00,  1.05089831e-01],
        ...,
        [ 1.49181294e+10, -1.62915778e+00,  6.84050679e-01,
          4.14747776e+00,  3.07594486e-01],
        [ 1.47016537e+10, -1.65014451e+00,  7.04746318e-01,
          3.94614733e+00,  3.05550820e-01],
        [ 1.44205387e+10, -1.60973445e+00,  6.97190836e-01,
          3.90197739e+00,  3.12237755e-01]]]), 'initial_theta': array([ 1.e+10, -3.e-01,  4.e-01,  5.e+09,  1.e+00]), 'lnprobability': array([[103.48810979, 103.48810979, 103.40663322, ..., 102.6030709 ,
        102.6030709 , 102.6030709 ],
       [104.24614619, 104.24614619, 104.24614619, ..., 102.49828935,
        102.49828935, 102.49828935],
       [102.26572496, 102.26572496, 102.41215714, ..., 100.64612453,
        100.64612453, 103.10472361],
       ...,
       [103.18427305, 103.18427305, 102.27452311, ..., 102.93154395,
        102.93154395, 102.93154395],
       [ 99.03826797,  99.03826797,  99.03826797, ..., 102.18171489,
        101.89906616, 101.89906616],
       [105.57717296, 105.57717296, 105.57717296, ..., 103.94407931,
        103.48426237, 103.50390613]]), 'sampling_initial_center': array([], dtype=float64), 'rstate': ('MT19937', array([3137449429,  651880547,  774066560, 3184585820, 2713732395,
       3377110872, 1956359337,  397712931,  960948811, 3742472648,
       3355537778,  450842110, 2379529958,  828531124, 1720418631,
       2684868958, 3098187852, 1539215167, 1134397239, 1718092740,
        210325111, 1599140549, 2106227261, 4050866978, 4003850673,
       2620464641, 2841242220, 2678378465,  127235949, 1387683887,
       2002017271, 3983962172,  608463832,  634793886, 1042319027,
        543949122,  579342855, 4142208248, 2593438192,  601348141,
        817623438, 1045568701, 2161450146, 1508305441,   81706141,
        344593506, 2883459844, 3278186569, 3042272811, 1093895000,
        968060981,  931078637, 3929721130, 1790608356, 3997040284,
       3025377383, 1801396350, 2897311143, 1564794432, 4258310739,
       3587508285,  378424252, 2961488430,  276344253,  756531399,
       1741750850, 2153142156, 2148214450, 1371611645, 2572569805,
       1436484654,  453694701,  849275519, 3017049432,  348633287,
       3132681840, 3921897569, 4038007455, 4134569711, 3966340945,
       1240610417, 3744219282, 3007271852, 2794647976, 2496772423,
        494709376,   69828879,  633200147,  395439930, 3867378782,
       1620928496,  736184676,  570809078, 4038360692, 1074947595,
       3546847298, 1224553996, 3273643988, 1501329771, 1689519917,
       1412627035, 1037139255, 1156933720, 2550354109,  480438160,
       2142924440, 1341890881,  439370455,  464263563, 1503676030,
       4016361251, 1040965677, 1286444933,   79717332, 3092171395,
        816628655,  353043008,  139476977, 1234644604, 4134895249,
       2117021072, 3364863144, 1980440342, 2691135292, 3698161449,
       1763379562, 2469852379, 2452307283, 4198778093, 2230448241,
        576132923, 1928178716, 1311303180, 2843049126, 3621570170,
       3224292423, 3942612474, 2470967018, 2575059959, 3279577426,
       1541529868, 1454506231, 2598034424,  485663678, 1012839692,
       2168784416, 3172472742, 3736121045, 3493489602,  851878347,
        612602213,  488515198, 1726886215, 1334544799, 2118880080,
       3106469018, 3038518986, 2544742829, 3077832907, 1201683773,
       3709610536, 1241927270, 2638655139, 1809882247, 1306866393,
       4027773227, 1456243171, 1457029646, 3575867789,  416714335,
       2242586853, 2478446629, 2964068774,   29965672, 1528670632,
        561748984, 3229098973, 4143060338,  414603097, 1549601821,
       1051368650,  847432521,  385204003,  423786284, 2146961123,
       3916031381, 1994373078, 2683635401, 3215444676, 1533540962,
        271881537,  475112034, 2809128873,   61563781, 1302781019,
       4194986228,  252186434, 2709874041,  883369096, 1741167497,
        165612348, 2872653099, 3249961948, 3466073660, 1141743562,
       3467908959, 1557493721,  519199058, 1809641200, 3350763086,
       1002628159, 1375539228, 3940947534, 1377671057, 3240154764,
       3659996009, 4207755057, 2198715374, 3399560672,  603932993,
        542761280, 1097960003,  999122683, 3525618507, 2136472712,
       3239109695, 3483960925, 2974722057, 3553848881, 3729277308,
       2737849621,  166341380, 4218926487,   37915010, 3468284013,
       2578114052, 4172966033, 2587730878,  194396426, 2879184483,
       1108589658, 2592165602,  324232239, 3112015086, 3273742167,
       2334731296, 1072678425, 3002751322, 3604817526,  865118323,
       3870401813,  799352757,  271468283,  814421412, 1208994830,
       2854903426,  504734845,  328984728, 1121488246, 2495407548,
       4191552284, 3051447860,  627969944, 1248262751, 3571797912,
       2577317399, 2629922751, 4171376023, 1266945765, 1432154817,
       1579869309, 1751349532, 2885385889,  400548942, 3336711130,
       1375029648, 3267511174, 2241200762, 1290765726, 3880348989,
       1417633404, 1968791287, 2946103448, 2961981326, 3300334739,
       2891777115,  689423908, 3574889107, 3019907935, 3162870112,
        899233022, 3484858995,  182804826, 3305177200,  119322571,
       3628353182, 3514060357, 4029475127,  301653082,  240141775,
       2967295540, 1128866153, 1619109128, 2159405071, 1393949347,
        224000471, 2300144779, 1457980924, 1170252186,  545373059,
       2532823476, 2008845161, 2430441782, 1389548580, 1527056157,
       1155678545, 2535319263, 3299035117, 3355377872, 1747132584,
       3876311087,  422479326, 1458949484, 2383011942, 2164878656,
        440766504, 2218268899, 3086241745, 3537685240,  651489600,
       3109315501,  853869261, 2359930829, 3807166691, 3390033360,
       3452474786, 1686431595,  924087047, 4178420877, 2608925848,
       2818839167, 2046744347,  538699611, 2690839632, 3410804204,
        825626029,  520359526,  781361512, 1162086810, 3135980012,
       1864197770, 3683653653,   21668100, 4286322681, 2583305048,
       2538009477, 1984137451, 1694215741,  368617308,  214529401,
        523177818, 3405607591,  696202171, 4269219416,  814039237,
       2411965832, 3912884909, 1556864964, 2801330942, 3482281819,
        465183622, 1935302705, 2843050184,   78179359,  767472270,
       3466836769, 1834144607, 3105827642, 4144315123, 2389670975,
       2722242875, 3572182679, 1577127731, 1641244808, 3360353608,
       4144815018, 2945683705,  459137586,  845969073,  994852394,
       2331905975, 4233627959, 4107141252, 1150970833, 3758247239,
       1813261875, 3558744655, 4043215584,  346150804,  757204809,
       3295986474, 2477144089, 4145088111, 2303068565, 3977012617,
       3294861732, 1640050650, 3999693664,    6054229, 1648544249,
       1775685043,  144438953, 1380824334, 1597771979, 3640486087,
       3354980105, 1207662666, 2422972580, 4029793913, 1401961957,
       2963507730,  844688716, 1054587969, 3371723781, 4024735831,
       3561988586, 4118210680, 1633193854,  630537609, 1616101333,
       1993030263, 3926709593, 1835552812, 1495236539, 3966271357,
         34646672, 2319830879, 1765498102, 3034953253, 3703302541,
       2161673826,  693721796, 2966988701, 2222527822, 2001718892,
       3602373107, 1702556996, 2951669609,  135983954, 2966205403,
       1856837010, 1654762176, 1903670355, 4259822601, 3555968942,
       1160252234,  747029185, 3540387118, 2244802481, 3798935595,
       1419054147, 3571186825,  280429704, 3715625432, 1193345123,
        592583741, 2032069468,  606335166, 3501997683, 1757141763,
       3242573862, 2435902409, 1222138433, 4108093447, 2028625964,
       3443214976,  567558505, 2116113778, 3643717391, 2464804060,
       2047784227, 3068685588,   23569665, 2609492347,  468572303,
       4000517153, 2436210820, 2514768050, 3089072013, 3450408302,
        545045594, 1964232520, 2543348413, 2648033569, 2220781451,
       2265378538, 1833782223, 3663668821,  124823105, 1282616299,
        164022466, 2922047788, 4111274022, 2656637885, 1386319758,
       2817011568, 2494254626, 1080560679, 1402253814, 2149466536,
       3554714085, 4217151714, 3317682578, 1527747922, 1601636217,
       1455744972, 3573252354, 2597781884,  271039024, 2415905470,
       3325951651, 2755557411,  113875344, 4285838152, 3757782802,
        568732990, 1041135694, 3801774375, 3102015554, 3764275009,
       4220363899,  538619242,  600660626, 3886122774, 4115125428,
       1348245890, 4215176843, 1018014837, 1734825684, 3517710372,
       2576041170,  626677753,  702867605,  858205340, 3210388602,
       1055637697, 2773552705, 3851025479,  382554729, 1933017283,
       2584150888, 2016202049,  196853114, 2152245950, 3312703691,
        629310305, 1696931385, 2205092022, 2578613089, 3135918954,
       1911121478, 1672168008, 1272484428, 2590230194, 1591774272,
       2841893444,  391898839, 3384580922, 4049891229, 2367760173,
       2576882881, 3718700626, 2801593990, 3608112928, 3788653335,
        516732762, 3570438568,  216266134, 2505368152, 2279021330,
        789151672,  504069943, 1268262805, 2130013482,  752489522,
        994172852,  848172934, 3267731320, 1298728827, 3206700975,
       1545381408, 3413731352, 2914701575,  845529790, 3049823657,
       1903905902, 2205602077, 2662985104, 4090961650,  250076592,
       1806592864, 2970614409,  543454457, 2378941981, 1616589631,
       2151971555, 2328918949,  859108608,  619672389,  510478616,
       1743782891,  219454742, 3522725327, 1952594530, 3113314086,
       1859826428, 1035261756, 1628942938, 3794757752, 3856384257,
        305522485, 2996245915,  707526302, 1352025210], dtype=uint32), 356, 1, -0.5656546444149586), 'sampling_duration': 1214.107706785202, 'theta_labels': ['mass', 'logzsol', 'dust2', 'tage', 'tau'], 'bestfit': {'parameter': array([ 6.47625914e+09, -1.06216436e+00,  8.01307125e-01,  1.22711106e+00,
        1.12769889e-01]), 'photometry': array([1.45987093e-10, 6.05436486e-10, 9.91887803e-09, 1.73909689e-08,
       2.34060126e-08, 2.92538431e-08, 3.23840665e-08, 2.75104486e-08,
       1.67169546e-08, 8.07278453e-08]), 'restframe_wavelengths': array([9.100e+01, 9.400e+01, 9.600e+01, ..., 9.817e+07, 9.908e+07,
       1.000e+08]), 'spectrum': array([ 1.75644685e-12, -1.97216281e-15, -3.31351444e-17, ...,
        6.17869854e-11,  6.01570329e-11,  5.68430024e-11]), 'mfrac': 0.6476330096182887}, 'optimization': {}, 'obs': {'maggies': array([0.00000000e+00, 0.00000000e+00, 9.82579231e-09, 1.64499448e-08,
       2.51704177e-08, 3.21761944e-08, 3.04683941e-08, 2.75930686e-08,
       1.56747275e-08, 0.00000000e+00]), 'maggies_unc': array([2.10385548e-09, 7.53100142e-10, 5.23083593e-10, 7.57547953e-10,
       1.15914057e-09, 1.48176851e-09, 1.41518824e-09, 1.49943516e-09,
       2.29547625e-09, 3.63554902e-08]), 'phot_mask': array([ True,  True,  True,  True,  True,  True,  True, False, False,
       False]), 'filternames': ['galex_FUV', 'galex_NUV', 'ps_g', 'ps_r', 'ps_i', 'ps_z', 'ps_y', 'wise_w1', 'wise_w2', 'wise_w3'], 'filters': [<class 'sedpy.observate.Filter'>(galex_FUV), <class 'sedpy.observate.Filter'>(galex_NUV), <class 'sedpy.observate.Filter'>(ps_g), <class 'sedpy.observate.Filter'>(ps_r), <class 'sedpy.observate.Filter'>(ps_i), <class 'sedpy.observate.Filter'>(ps_z), <class 'sedpy.observate.Filter'>(ps_y), <class 'sedpy.observate.Filter'>(wise_w1), <class 'sedpy.observate.Filter'>(wise_w2), <class 'sedpy.observate.Filter'>(wise_w3)], 'logify_spectrum': False, 'ndof': 7, 'objid': 'AT2018lni', 'spectrum': None, 'unc': None, 'wavelength': None}, 'model': None} {'maggies': array([0.00000000e+00, 0.00000000e+00, 9.82579231e-09, 1.64499448e-08,
       2.51704177e-08, 3.21761944e-08, 3.04683941e-08, 2.75930686e-08,
       1.56747275e-08, 0.00000000e+00]), 'maggies_unc': array([2.10385548e-09, 7.53100142e-10, 5.23083593e-10, 7.57547953e-10,
       1.15914057e-09, 1.48176851e-09, 1.41518824e-09, 1.49943516e-09,
       2.29547625e-09, 3.63554902e-08]), 'phot_mask': array([ True,  True,  True,  True,  True,  True,  True, False, False,
       False]), 'filternames': ['galex_FUV', 'galex_NUV', 'ps_g', 'ps_r', 'ps_i', 'ps_z', 'ps_y', 'wise_w1', 'wise_w2', 'wise_w3'], 'filters': [<class 'sedpy.observate.Filter'>(galex_FUV), <class 'sedpy.observate.Filter'>(galex_NUV), <class 'sedpy.observate.Filter'>(ps_g), <class 'sedpy.observate.Filter'>(ps_r), <class 'sedpy.observate.Filter'>(ps_i), <class 'sedpy.observate.Filter'>(ps_z), <class 'sedpy.observate.Filter'>(ps_y), <class 'sedpy.observate.Filter'>(wise_w1), <class 'sedpy.observate.Filter'>(wise_w2), <class 'sedpy.observate.Filter'>(wise_w3)], 'logify_spectrum': False, 'ndof': 7, 'objid': 'AT2018lni', 'spectrum': None, 'unc': None, 'wavelength': None} None

Detailed performance metrics for this job will be available at https://metrics.hpc.arizona.edu/#job_viewer?action=show&realm=SUPREMM&resource_id=73&local_job_id=8533475 by 8am on 2023/11/08.
